2026-03-15 03:16:56,262 - INFO - Original token_logprobs: {'9': -0.8829044699668884, '8': -1.6329045295715332, '5': -2.007904529571533, '7': -2.257904529571533, '6': -3.257904529571533, '3': -3.632904529571533, '4': -3.632904529571533, '0': -3.632904529571533, '1': -3.882904529571533, '2': -4.757904529571533}
2026-03-15 03:16:56,263 - INFO - [Step 0] score 9, accepted!
2026-03-15 03:16:56,263 - INFO - [Step 0] final step_str: Alright, so I've got this geometry problem here. Let me try to unpack it step by step. The problem is about triangle ABC inscribed in a circle ω. The tangents at B and C intersect at point D. Then, line AD intersects the circle ω again at point P. We're given the lengths of the sides: AB = 5, BC = 9, and AC = 10. We need to find the length of AP expressed as a fraction m/n where m and n are coprime, and then compute m + n.
2026-03-15 03:16:56,974 - INFO - Original token_logprobs: {'9': -1.42740797996521, '5': -1.55240797996521, '8': -1.80240797996521, '0': -2.30240797996521, '7': -2.55240797996521, '3': -2.92740797996521, '4': -3.05240797996521, '1': -3.30240797996521, '6': -3.30240797996521, '2': -3.67740797996521}
2026-03-15 03:16:56,974 - INFO - [Step 1] score 9, accepted!
2026-03-15 03:16:56,974 - INFO - [Step 1] final step_str: Okay, let's start by visualizing the problem. Triangle ABC with sides 5, 9, and 10. So, it's a scalene triangle. The circle ω is the circumcircle of triangle ABC. The tangents at B and C meet at D, which means D is the external point from which two tangents are drawn to the circle ω, touching it at B and C respectively. Then, connecting A to D gives us a line that intersects the circle again at P. So, AP is a chord of the circle.
2026-03-15 03:16:57,404 - INFO - Original token_logprobs: {'9': -1.4455547332763672, '5': -1.6955547332763672, '0': -1.9455547332763672, '8': -1.9455547332763672, '1': -2.695554733276367, '7': -2.695554733276367, '3': -2.945554733276367, '2': -3.195554733276367, '4': -3.445554733276367, '6': -3.570554733276367}
2026-03-15 03:16:57,404 - INFO - [Step 2] score 9, accepted!
2026-03-15 03:16:57,404 - INFO - [Step 2] final step_str: Hmm, so we need to find the length of AP. Since we have tangents and a triangle inscribed in a circle, maybe some properties of circle tangents and power of a point could be useful here.
2026-03-15 03:16:57,929 - INFO - Original token_logprobs: {'5': -1.5229836702346802, '9': -1.5229836702346802, '8': -1.8979836702346802, '0': -2.1479835510253906, '7': -2.3979835510253906, '1': -2.8979835510253906, '3': -3.1479835510253906, '4': -3.2729835510253906, '2': -3.3979835510253906, '6': -3.5229835510253906}
2026-03-15 03:16:57,929 - INFO - [Step 3] score 5 rejected, falling back to base model
2026-03-15 03:17:02,398 - INFO - [Step 3] final step_str: First, let me recall that the power of a point D with respect to circle ω is equal to the square of the length of the tangent from D to the circle. Since D is the intersection of the tangents at B and C, the power of D with respect to ω is DB² = DC². Also, the power of point D can be expressed as DA * DP, since AD is a secant line passing through D and intersecting the circle at A and P. Wait, actually, hold on: AD starts at A and goes through D, but since D is outside the circle, the power of D would be DA * DP = DB² = DC². That seems important.
2026-03-15 03:17:02,858 - INFO - Original token_logprobs: {'5': -1.7086055278778076, '8': -1.9586055278778076, '7': -2.2086055278778076, '9': -2.3336055278778076, '0': -2.3336055278778076, '3': -2.3336055278778076, '2': -2.5836055278778076, '1': -2.5836055278778076, '4': -2.8336055278778076, '6': -2.8336055278778076}
2026-03-15 03:17:02,859 - INFO - [Step 4] score 5 rejected, falling back to base model
2026-03-15 03:17:09,104 - INFO - [Step 4] final step_str: So, Power of a Point theorem states that for a point D outside a circle, the power is equal to the product of the lengths of the segments from D to the points of intersection with any secant line through D. In this case, since AD is a secant that intersects the circle at A and P, then the power of D is DA * DP. But since D is also the point where the tangents at B and C meet, the power is also equal to DB² (and DC²). Therefore, DA * DP = DB².
2026-03-15 03:17:09,526 - INFO - Original token_logprobs: {'7': -1.475353717803955, '8': -1.475353717803955, '5': -1.725353717803955, '6': -2.225353717803955, '9': -2.350353717803955, '4': -2.850353717803955, '3': -3.225353717803955, '2': -3.850353717803955, '1': -3.850353717803955, '0': -4.350353717803955}
2026-03-15 03:17:09,527 - INFO - [Step 5] score 7, accepted!
2026-03-15 03:17:09,527 - INFO - [Step 5] final step_str: So, if I can find the lengths of DB and DA, I can find AP. Alternatively, maybe there's a way to relate DA and DP using other properties.
2026-03-15 03:17:09,987 - INFO - Original token_logprobs: {'7': -1.3563096523284912, '5': -1.6063096523284912, '8': -1.7313096523284912, '6': -2.231309652328491, '9': -2.356309652328491, '4': -2.981309652328491, '3': -3.106309652328491, '2': -3.731309652328491, '1': -3.731309652328491, '0': -4.35630989074707}
2026-03-15 03:17:09,987 - INFO - [Step 6] score 7, accepted!
2026-03-15 03:17:09,987 - INFO - [Step 6] final step_str: Another thought: Since ABC is inscribed in ω, perhaps we can use some properties of cyclic quadrilaterals or inscribed angles. Also, since tangents are involved, maybe we can relate angles at D to those in triangle ABC.
2026-03-15 03:17:10,576 - INFO - Original token_logprobs: {'5': -1.468684434890747, '7': -1.468684434890747, '8': -1.843684434890747, '6': -2.093684434890747, '9': -2.343684434890747, '4': -2.843684434890747, '3': -3.218684434890747, '1': -3.843684434890747, '2': -3.968684434890747, '0': -4.093684196472168}
2026-03-15 03:17:10,576 - INFO - [Step 7] score 5 rejected, falling back to base model
2026-03-15 03:17:12,046 - INFO - [Step 7] final step_str: Alternatively, coordinate geometry? Hmm, that might get messy, but maybe manageable. Alternatively, using trigonometry with the Law of Sines or Cosines. Let me see.
2026-03-15 03:17:12,527 - INFO - Original token_logprobs: {'5': -1.6462478637695312, '8': -1.6462478637695312, '9': -1.7712478637695312, '7': -1.8962478637695312, '6': -2.7712478637695312, '3': -2.8962478637695312, '4': -3.0212478637695312, '1': -3.1462478637695312, '0': -3.2712478637695312, '2': -3.2712478637695312}
2026-03-15 03:17:12,528 - INFO - [Step 8] score 5 rejected, falling back to base model
2026-03-15 03:17:14,226 - INFO - [Step 8] final step_str: Alternatively, since we have the lengths of the sides of triangle ABC, perhaps we can compute the circumradius of triangle ABC first. Then, using some relations to find AP?
2026-03-15 03:17:14,597 - INFO - Original token_logprobs: {'5': -1.44330894947052, '7': -1.69330894947052, '8': -1.94330894947052, '6': -2.0683088302612305, '3': -2.4433088302612305, '4': -2.5683088302612305, '9': -2.6933088302612305, '2': -3.3183088302612305, '1': -3.6933088302612305, '0': -4.4433088302612305}
2026-03-15 03:17:14,597 - INFO - [Step 9] score 5 rejected, falling back to base model
2026-03-15 03:17:15,427 - INFO - [Step 9] final step_str: Let me recall the formula for the circumradius R of triangle ABC:
2026-03-15 03:17:15,769 - INFO - Original token_logprobs: {'7': -1.6868616342544556, '8': -1.8118616342544556, '5': -1.8118616342544556, '9': -2.186861515045166, '3': -2.436861515045166, '6': -2.436861515045166, '4': -2.561861515045166, '2': -2.936861515045166, '1': -3.186861515045166, '0': -3.811861515045166}
2026-03-15 03:17:15,769 - INFO - [Step 10] score 7, accepted!
2026-03-15 03:17:15,770 - INFO - [Step 10] final step_str: R = (a * b * c) / (4 * Δ)
2026-03-15 03:17:16,125 - INFO - Original token_logprobs: {'7': -1.5493881702423096, '8': -1.5493881702423096, '5': -1.7993881702423096, '9': -2.0493881702423096, '6': -2.4243881702423096, '4': -2.9243881702423096, '3': -3.0493881702423096, '1': -3.4243881702423096, '2': -3.5493881702423096, '0': -3.7993881702423096}
2026-03-15 03:17:16,126 - INFO - [Step 11] score 7, accepted!
2026-03-15 03:17:16,126 - INFO - [Step 11] final step_str: where a, b, c are the sides, and Δ is the area of the triangle.
2026-03-15 03:17:16,532 - INFO - Original token_logprobs: {'8': -1.2761173248291016, '9': -1.7761173248291016, '7': -1.7761173248291016, '5': -1.9011173248291016, '6': -2.9011173248291016, '4': -3.1511173248291016, '1': -3.2761173248291016, '3': -3.4011173248291016, '0': -3.6511173248291016, '2': -3.6511173248291016}
2026-03-15 03:17:16,532 - INFO - [Step 12] score 8, accepted!
2026-03-15 03:17:16,532 - INFO - [Step 12] final step_str: Given the sides AB = 5, BC = 9, AC = 10, so let's compute the area first using Heron's formula.
2026-03-15 03:17:16,836 - INFO - Original token_logprobs: {'8': -1.3752260208129883, '9': -1.5002260208129883, '5': -2.0002260208129883, '7': -2.3752260208129883, '0': -2.6252260208129883, '1': -2.8752260208129883, '3': -3.2502260208129883, '4': -3.2502260208129883, '6': -3.2502260208129883, '2': -3.3752260208129883}
2026-03-15 03:17:16,836 - INFO - [Step 13] score 8, accepted!
2026-03-15 03:17:16,836 - INFO - [Step 13] final step_str: First, compute the semi-perimeter:
2026-03-15 03:17:17,209 - INFO - Original token_logprobs: {'9': -1.2286704778671265, '8': -1.3536704778671265, '7': -1.8536704778671265, '5': -1.9786704778671265, '6': -3.228670597076416, '4': -3.478670597076416, '0': -3.728670597076416, '1': -3.791170597076416, '3': -4.228670597076416, '2': -4.603670597076416}
2026-03-15 03:17:17,209 - INFO - [Step 14] score 9, accepted!
2026-03-15 03:17:17,209 - INFO - [Step 14] final step_str: s = (5 + 9 + 10)/2 = (24)/2 = 12.
2026-03-15 03:17:17,802 - INFO - Original token_logprobs: {'7': -1.5610486268997192, '5': -1.6860486268997192, '8': -2.0610485076904297, '6': -2.3110485076904297, '1': -2.5610485076904297, '4': -2.6860485076904297, '3': -2.6860485076904297, '9': -2.8110485076904297, '2': -2.8110485076904297, '0': -3.3110485076904297}
2026-03-15 03:17:17,802 - INFO - [Step 15] score 7, accepted!
2026-03-15 03:17:17,802 - INFO - [Step 15] final step_str: Then, area Δ = sqrt[s(s - a)(s - b)(s - c)] = sqrt[12(12 - 5)(12 - 9)(12 - 10)] = sqrt[12 * 7 * 3 * 2] = sqrt[12 * 7 * 6] = sqrt[504].
2026-03-15 03:17:18,393 - INFO - Original token_logprobs: {'7': -1.5914366245269775, '5': -1.8414366245269775, '8': -1.9664366245269775, '9': -2.3414366245269775, '6': -2.4664366245269775, '3': -2.5914366245269775, '2': -2.8414366245269775, '4': -2.8414366245269775, '1': -2.8414366245269775, '0': -2.8414366245269775}
2026-03-15 03:17:18,393 - INFO - [Step 16] score 7, accepted!
2026-03-15 03:17:18,393 - INFO - [Step 16] final step_str: Simplify sqrt[504]: 504 = 16 * 31.5, but actually, 504 = 16 * 31.5 is not helpful. Wait, 504 ÷ 16 = 31.5, which isn't an integer. Let me factor 504.
2026-03-15 03:17:18,888 - INFO - Original token_logprobs: {'7': -1.3097984790802002, '5': -1.6847984790802002, '6': -2.0597984790802, '8': -2.3097984790802, '3': -2.5597984790802, '4': -2.6847984790802, '9': -2.8097984790802, '2': -3.1847984790802, '1': -3.3097984790802, '0': -3.5597984790802}
2026-03-15 03:17:18,888 - INFO - [Step 17] score 7, accepted!
2026-03-15 03:17:18,888 - INFO - [Step 17] final step_str: 504 = 16 * 31.5 = 16 * (63/2) = 8 * 63 = 8 * 9 * 7 = 2^3 * 3^2 * 7.
2026-03-15 03:17:19,428 - INFO - Original token_logprobs: {'5': -1.7199500799179077, '7': -1.8449500799179077, '3': -1.8449500799179077, '6': -2.0949501991271973, '4': -2.2199501991271973, '2': -2.5949501991271973, '8': -2.7199501991271973, '1': -2.9699501991271973, '9': -3.0949501991271973, '0': -3.4699501991271973}
2026-03-15 03:17:19,428 - INFO - [Step 18] score 5 rejected, falling back to base model
2026-03-15 03:17:22,183 - INFO - [Step 18] final step_str: Therefore sqrt(504) = sqrt(2^3 * 3^2 * 7) = 2^(1.5) * 3 * sqrt(7) = 2 * sqrt(2) * 3 * sqrt(7) = 6 * sqrt(14). Wait, let me check:
2026-03-15 03:17:22,888 - INFO - Original token_logprobs: {'7': -1.260130763053894, '5': -1.510130763053894, '6': -2.0101308822631836, '8': -2.0101308822631836, '9': -2.3851308822631836, '4': -2.8851308822631836, '3': -3.3851308822631836, '0': -4.135130882263184, '1': -4.260130882263184, '2': -4.635130882263184}
2026-03-15 03:17:22,889 - INFO - [Step 19] score 7, accepted!
2026-03-15 03:17:22,889 - INFO - [Step 19] final step_str: Wait, 504 = 16 * 31.5, but 16 * 31.5 is 504. Alternatively, 504 = 14 * 36, because 36 * 14 = 504. So, sqrt(504) = sqrt(36 * 14) = 6 * sqrt(14). Yes, that's correct.
2026-03-15 03:17:23,216 - INFO - Original token_logprobs: {'7': -1.1874116659164429, '5': -1.4374116659164429, '6': -1.9374116659164429, '8': -2.0624117851257324, '9': -2.5624117851257324, '4': -3.0624117851257324, '3': -3.6874117851257324, '1': -4.437411785125732, '0': -4.437411785125732, '2': -4.874911785125732}
2026-03-15 03:17:23,216 - INFO - [Step 20] score 7, accepted!
2026-03-15 03:17:23,216 - INFO - [Step 20] final step_str: So, the area Δ is 6 * sqrt(14).
2026-03-15 03:17:23,767 - INFO - Original token_logprobs: {'5': -1.58796226978302, '7': -1.71296226978302, '3': -1.96296226978302, '6': -2.0879621505737305, '4': -2.2129621505737305, '8': -2.3379621505737305, '2': -2.9629621505737305, '9': -3.0879621505737305, '1': -3.5879621505737305, '0': -4.0879621505737305}
2026-03-15 03:17:23,768 - INFO - [Step 21] score 5 rejected, falling back to base model
2026-03-15 03:17:25,829 - INFO - [Step 21] final step_str: Therefore, the circumradius R is (a*b*c)/(4Δ) = (5 * 9 * 10)/(4 * 6 * sqrt(14)).
2026-03-15 03:17:26,211 - INFO - Original token_logprobs: {'7': -1.2828251123428345, '5': -1.5328251123428345, '8': -1.9078251123428345, '6': -2.032824993133545, '9': -2.407824993133545, '4': -2.907824993133545, '3': -3.282824993133545, '0': -4.157824993133545, '1': -4.282824993133545, '2': -4.532824993133545}
2026-03-15 03:17:26,212 - INFO - [Step 22] score 7, accepted!
2026-03-15 03:17:26,212 - INFO - [Step 22] final step_str: Compute numerator: 5 * 9 = 45, 45 * 10 = 450.
2026-03-15 03:17:26,587 - INFO - Original token_logprobs: {'7': -1.2848132848739624, '5': -1.6598132848739624, '8': -1.7848132848739624, '6': -1.9098132848739624, '9': -2.534813404083252, '4': -2.784813404083252, '3': -3.159813404083252, '2': -4.534813404083252, '0': -4.659813404083252, '1': -4.659813404083252}
2026-03-15 03:17:26,587 - INFO - [Step 23] score 7, accepted!
2026-03-15 03:17:26,587 - INFO - [Step 23] final step_str: Denominator: 4 * 6 = 24, so 24 * sqrt(14).
2026-03-15 03:17:27,131 - INFO - Original token_logprobs: {'3': -1.4309710264205933, '5': -1.8059710264205933, '2': -2.055971145629883, '4': -2.180971145629883, '6': -2.305971145629883, '7': -2.430971145629883, '1': -2.680971145629883, '8': -3.055971145629883, '9': -3.555971145629883, '0': -3.805971145629883}
2026-03-15 03:17:27,132 - INFO - [Step 24] score 3 rejected, falling back to base model
2026-03-15 03:17:28,465 - INFO - [Step 24] final step_str: Thus, R = 450 / (24 sqrt(14)) = simplify numerator and denominator:
2026-03-15 03:17:28,881 - INFO - Original token_logprobs: {'5': -1.7527883052825928, '7': -1.8777883052825928, '8': -2.1277883052825928, '3': -2.1277883052825928, '9': -2.2527883052825928, '6': -2.3777883052825928, '4': -2.5027883052825928, '2': -2.8777883052825928, '1': -2.8777883052825928, '0': -3.2527883052825928}
2026-03-15 03:17:28,881 - INFO - [Step 25] score 5 rejected, falling back to base model
2026-03-15 03:17:32,145 - INFO - [Step 25] final step_str: Divide numerator and denominator by 6: 450 ÷ 6 = 75; 24 ÷6 =4. So, 75/(4 sqrt(14)). To rationalize the denominator, multiply numerator and denominator by sqrt(14):
2026-03-15 03:17:32,615 - INFO - Original token_logprobs: {'5': -1.5574581623077393, '6': -1.9324581623077393, '3': -1.9324581623077393, '7': -1.9324581623077393, '4': -2.1824581623077393, '8': -2.4324581623077393, '2': -2.9324581623077393, '9': -3.1824581623077393, '1': -3.3074581623077393, '0': -3.9324581623077393}
2026-03-15 03:17:32,615 - INFO - [Step 26] score 5 rejected, falling back to base model
2026-03-15 03:17:34,266 - INFO - [Step 26] final step_str: R = (75 sqrt(14)) / (4 *14) = (75 sqrt(14))/56.
2026-03-15 03:17:34,656 - INFO - Original token_logprobs: {'5': -1.444826364517212, '7': -1.694826364517212, '6': -1.944826364517212, '3': -2.194826364517212, '4': -2.319826364517212, '8': -2.319826364517212, '9': -2.819826364517212, '2': -3.569826364517212, '1': -3.819826364517212, '0': -4.069826126098633}
2026-03-15 03:17:34,656 - INFO - [Step 27] score 5 rejected, falling back to base model
2026-03-15 03:17:36,303 - INFO - [Step 27] final step_str: Hmm, okay, so R is (75 sqrt(14))/56. Not sure if that's useful yet, but maybe.
2026-03-15 03:17:36,653 - INFO - Original token_logprobs: {'7': -1.4896408319473267, '5': -1.6146408319473267, '6': -1.9896408319473267, '8': -2.114640712738037, '3': -2.364640712738037, '4': -2.614640712738037, '9': -2.989640712738037, '2': -3.364640712738037, '1': -3.364640712738037, '0': -3.614640712738037}
2026-03-15 03:17:36,653 - INFO - [Step 28] score 7, accepted!
2026-03-15 03:17:36,654 - INFO - [Step 28] final step_str: Alternatively, perhaps it's better to compute coordinates. Let me try that approach.
2026-03-15 03:17:37,134 - INFO - Original token_logprobs: {'5': -1.9589412212371826, '0': -2.0839412212371826, '9': -2.0839412212371826, '8': -2.0839412212371826, '1': -2.2089412212371826, '7': -2.2089412212371826, '3': -2.4589412212371826, '2': -2.8339412212371826, '4': -2.8339412212371826, '6': -2.9589412212371826}
2026-03-15 03:17:37,134 - INFO - [Step 29] score 5 rejected, falling back to base model
2026-03-15 03:17:40,164 - INFO - [Step 29] final step_str: Let me consider placing triangle ABC in coordinate system to compute coordinates of points, then find equations of the tangents, find point D, then find equation of AD, find intersection P with the circle, then compute AP. That might be a systematic approach, albeit computation-heavy.
2026-03-15 03:17:40,837 - INFO - Original token_logprobs: {'7': -1.4696769714355469, '5': -1.5946769714355469, '8': -1.8446769714355469, '9': -2.219676971435547, '6': -2.594676971435547, '3': -2.844676971435547, '4': -2.969676971435547, '1': -3.219676971435547, '0': -3.219676971435547, '2': -3.469676971435547}
2026-03-15 03:17:40,838 - INFO - [Step 30] score 7, accepted!
2026-03-15 03:17:40,838 - INFO - [Step 30] final step_str: So, let's set up coordinate system. Let me place point A at (0,0), point B at (5,0), but wait, but in reality, given sides AB=5, BC=9, AC=10, it's not a right triangle. So, perhaps better to place point A at (0,0), point B at (c,0), and point C somewhere in the plane.
2026-03-15 03:17:41,224 - INFO - Original token_logprobs: {'5': -1.8082036972045898, '8': -1.8082036972045898, '7': -1.9332036972045898, '9': -1.9332036972045898, '3': -2.43320369720459, '4': -2.68320369720459, '6': -2.80820369720459, '2': -2.93320369720459, '1': -2.93320369720459, '0': -2.93320369720459}
2026-03-15 03:17:41,224 - INFO - [Step 31] score 5 rejected, falling back to base model
2026-03-15 03:17:47,295 - INFO - [Step 31] final step_str: Wait, let's use coordinates with point A at (0,0), point B at (x, 0), and point C somewhere. Let me recall the coordinates can be set such that point A is at origin, and point B is at (AB, 0) but since AB is 5, so let me set point A at (0,0), point B at (5,0). Then point C is somewhere in the plane. Let me compute coordinates of point C such that AC =10 and BC=9.
2026-03-15 03:17:48,156 - INFO - Original token_logprobs: {'7': -1.2749913930892944, '5': -1.6499913930892944, '8': -1.7749913930892944, '9': -2.274991512298584, '6': -2.399991512298584, '4': -3.024991512298584, '3': -3.024991512298584, '1': -3.774991512298584, '0': -3.899991512298584, '2': -3.899991512298584}
2026-03-15 03:17:48,156 - INFO - [Step 32] score 7, accepted!
2026-03-15 03:17:48,156 - INFO - [Step 32] final step_str: So, coordinates: A(0,0), B(5,0), C(x,y). Then, distance from A to C is 10: sqrt(x² + y²) =10, so x² + y² =100.
2026-03-15 03:17:48,821 - INFO - Original token_logprobs: {'7': -1.1374361515045166, '8': -1.6374361515045166, '5': -1.8874361515045166, '9': -2.2624361515045166, '6': -2.3874361515045166, '4': -3.2624361515045166, '3': -3.3874361515045166, '0': -3.6374361515045166, '1': -3.8874361515045166, '2': -4.2624359130859375}
2026-03-15 03:17:48,822 - INFO - [Step 33] score 7, accepted!
2026-03-15 03:17:48,822 - INFO - [Step 33] final step_str: Distance from B to C is 9: sqrt( (x -5)^2 + y² ) =9, so (x -5)^2 + y² =81.
2026-03-15 03:17:49,497 - INFO - Original token_logprobs: {'7': -1.3513553142547607, '5': -1.6013553142547607, '8': -1.7263553142547607, '9': -2.1013553142547607, '6': -2.4763553142547607, '4': -3.1013553142547607, '3': -3.3513553142547607, '0': -3.4763553142547607, '1': -3.8513553142547607, '2': -4.22635555267334}
2026-03-15 03:17:49,498 - INFO - [Step 34] score 7, accepted!
2026-03-15 03:17:49,498 - INFO - [Step 34] final step_str: Subtract the first equation from the second: (x -5)^2 + y² - (x² + y²) =81 -100 => (x² -10x +25) + y² -x² - y² = -19 => -10x +25 = -19 => -10x = -44 => x=4.4=22/5.
2026-03-15 03:17:50,285 - INFO - Original token_logprobs: {'7': -1.3759734630584717, '9': -1.7509734630584717, '5': -1.7509734630584717, '8': -2.0009734630584717, '6': -2.7509734630584717, '0': -2.8759734630584717, '3': -3.1259734630584717, '4': -3.1259734630584717, '1': -3.6259734630584717, '2': -3.7509734630584717}
2026-03-15 03:17:50,286 - INFO - [Step 35] score 7, accepted!
2026-03-15 03:17:50,286 - INFO - [Step 35] final step_str: So, x=22/5, then from x² + y² =100: (22/5)^2 + y²=100 => 484/25 + y²=100 => y²=100 - 484/25= (2500 -484)/25=2016/25 => y= sqrt(2016/25)= (sqrt(2016))/5. Simplify sqrt(2016):
2026-03-15 03:17:50,837 - INFO - Original token_logprobs: {'7': -1.207229495048523, '8': -1.582229495048523, '5': -1.707229495048523, '9': -2.2072296142578125, '6': -2.2072296142578125, '4': -3.4572296142578125, '3': -3.7072296142578125, '0': -4.2072296142578125, '1': -4.4572296142578125, '2': -4.8322296142578125}
2026-03-15 03:17:50,837 - INFO - [Step 36] score 7, accepted!
2026-03-15 03:17:50,837 - INFO - [Step 36] final step_str: 2016=16*126=16*9*14=16*9*14. So sqrt(2016)=4*3*sqrt(14)=12 sqrt(14). Therefore, y=12 sqrt(14)/5.
2026-03-15 03:17:51,210 - INFO - Original token_logprobs: {'7': -1.1301493644714355, '8': -1.6301493644714355, '5': -1.7551493644714355, '6': -2.1301493644714355, '9': -2.2551493644714355, '4': -3.3801493644714355, '3': -3.7551493644714355, '0': -4.7551493644714355, '1': -4.8801493644714355, '2': -4.8801493644714355}
2026-03-15 03:17:51,211 - INFO - [Step 37] score 7, accepted!
2026-03-15 03:17:51,211 - INFO - [Step 37] final step_str: Thus, coordinates of C are (22/5, 12 sqrt(14)/5).
2026-03-15 03:17:51,501 - INFO - Original token_logprobs: {'7': -1.125889539718628, '8': -1.500889539718628, '9': -1.750889539718628, '5': -2.000889539718628, '6': -2.625889539718628, '4': -3.875889539718628, '0': -4.000889778137207, '3': -4.250889778137207, '1': -4.625889778137207, '2': -5.375889778137207}
2026-03-15 03:17:51,501 - INFO - [Step 38] score 7, accepted!
2026-03-15 03:17:51,501 - INFO - [Step 38] final step_str: So, points:
2026-03-15 03:17:51,803 - INFO - Original token_logprobs: {'7': -1.1320821046829224, '8': -1.5070821046829224, '9': -1.7570821046829224, '5': -2.007081985473633, '6': -2.632081985473633, '4': -3.757081985473633, '0': -4.007081985473633, '3': -4.132081985473633, '1': -4.632081985473633, '2': -5.132081985473633}
2026-03-15 03:17:51,804 - INFO - [Step 39] score 7, accepted!
2026-03-15 03:17:51,804 - INFO - [Step 39] final step_str: A(0,0)
2026-03-15 03:17:52,105 - INFO - Original token_logprobs: {'7': -1.1327612400054932, '8': -1.6327612400054932, '5': -1.7577612400054932, '9': -2.132761240005493, '6': -2.257761240005493, '4': -3.507761240005493, '3': -3.882761240005493, '0': -4.132761001586914, '1': -4.757761001586914, '2': -4.757761001586914}
2026-03-15 03:17:52,106 - INFO - [Step 40] score 7, accepted!
2026-03-15 03:17:52,106 - INFO - [Step 40] final step_str: B(5,0)
2026-03-15 03:17:52,462 - INFO - Original token_logprobs: {'7': -1.0296791791915894, '8': -1.4046791791915894, '9': -1.9046791791915894, '5': -2.154679298400879, '6': -2.404679298400879, '4': -4.154679298400879, '3': -4.779679298400879, '0': -4.904679298400879, '1': -5.279679298400879, '2': -5.904679298400879}
2026-03-15 03:17:52,462 - INFO - [Step 41] score 7, accepted!
2026-03-15 03:17:52,463 - INFO - [Step 41] final step_str: C(22/5, 12 sqrt(14)/5)
2026-03-15 03:17:52,888 - INFO - Original token_logprobs: {'7': -1.095672845840454, '8': -1.470672845840454, '9': -1.720672845840454, '5': -2.220672845840454, '6': -2.470672845840454, '4': -3.845672845840454, '3': -4.220672607421875, '0': -4.345672607421875, '1': -4.970672607421875, '2': -5.345672607421875}
2026-03-15 03:17:52,889 - INFO - [Step 42] score 7, accepted!
2026-03-15 03:17:52,889 - INFO - [Step 42] final step_str: Now, need to find the tangents at B and C to the circumcircle ω of triangle ABC. The point D is the intersection of these two tangents.
2026-03-15 03:17:53,300 - INFO - Original token_logprobs: {'7': -1.005263328552246, '8': -1.380263328552246, '5': -2.130263328552246, '9': -2.255263328552246, '6': -2.255263328552246, '4': -3.880263328552246, '3': -4.505263328552246, '0': -4.630263328552246, '1': -5.130263328552246, '2': -5.630263328552246}
2026-03-15 03:17:53,300 - INFO - [Step 43] score 7, accepted!
2026-03-15 03:17:53,300 - INFO - [Step 43] final step_str: Once we have D, we can find the equation of line AD, find its other intersection point P with ω, and then compute the distance AP.
2026-03-15 03:17:53,673 - INFO - Original token_logprobs: {'7': -1.3705775737762451, '9': -1.4955775737762451, '8': -1.4955775737762451, '5': -1.9955775737762451, '6': -2.620577573776245, '4': -3.620577573776245, '0': -3.870577573776245, '3': -3.995577573776245, '1': -4.370577812194824, '2': -4.995577812194824}
2026-03-15 03:17:53,673 - INFO - [Step 44] score 7, accepted!
2026-03-15 03:17:53,673 - INFO - [Step 44] final step_str: So, step 1: Find the equation of the tangent at point B(5,0).
2026-03-15 03:17:54,098 - INFO - Original token_logprobs: {'7': -1.2170888185501099, '8': -1.4670888185501099, '9': -1.7170888185501099, '5': -2.0920886993408203, '6': -2.4670886993408203, '4': -3.5920886993408203, '3': -3.8420886993408203, '0': -4.21708869934082, '1': -4.59208869934082, '2': -4.96708869934082}
2026-03-15 03:17:54,098 - INFO - [Step 45] score 7, accepted!
2026-03-15 03:17:54,098 - INFO - [Step 45] final step_str: To find the tangent at B, we need the equation of the tangent line to the circumcircle at point B. The circumcircle passes through A, B, C.
2026-03-15 03:17:54,467 - INFO - Original token_logprobs: {'7': -1.3415107727050781, '9': -1.4665107727050781, '8': -1.4665107727050781, '5': -2.091510772705078, '6': -2.591510772705078, '4': -3.716510772705078, '0': -4.091510772705078, '3': -4.216510772705078, '1': -4.466510772705078, '2': -4.966510772705078}
2026-03-15 03:17:54,467 - INFO - [Step 46] score 7, accepted!
2026-03-15 03:17:54,467 - INFO - [Step 46] final step_str: But to find the equation of the tangent, we need the slope of the tangent line at B.
2026-03-15 03:17:54,825 - INFO - Original token_logprobs: {'7': -1.3957014083862305, '8': -1.5207014083862305, '9': -1.6457014083862305, '5': -1.8957014083862305, '6': -2.5207014083862305, '4': -3.3957014083862305, '3': -3.6457014083862305, '0': -3.8957014083862305, '1': -4.2707014083862305, '2': -4.5207014083862305}
2026-03-15 03:17:54,825 - INFO - [Step 47] score 7, accepted!
2026-03-15 03:17:54,826 - INFO - [Step 47] final step_str: Alternatively, we can use the formula for the tangent at a point on a circle.
2026-03-15 03:17:55,378 - INFO - Original token_logprobs: {'7': -1.5361573696136475, '5': -1.6611573696136475, '8': -1.9111573696136475, '9': -2.2861573696136475, '6': -2.2861573696136475, '3': -2.6611573696136475, '4': -2.7861573696136475, '2': -3.2861573696136475, '0': -3.2861573696136475, '1': -3.4111573696136475}
2026-03-15 03:17:55,378 - INFO - [Step 48] score 7, accepted!
2026-03-15 03:17:55,378 - INFO - [Step 48] final step_str: Given that, the equation of the tangent at point (x1,y1) on circle with center (h,k) and radius r is (x1 - h)(x - h) + (y1 - k)(y - k) = r², but actually, no, that's the equation of the circle.
2026-03-15 03:17:55,895 - INFO - Original token_logprobs: {'5': -1.7321017980575562, '7': -1.9821017980575562, '8': -2.1071019172668457, '9': -2.1071019172668457, '3': -2.4821019172668457, '6': -2.4821019172668457, '0': -2.6071019172668457, '1': -2.6071019172668457, '4': -2.7321019172668457, '2': -2.8571019172668457}
2026-03-15 03:17:55,895 - INFO - [Step 49] score 5 rejected, falling back to base model
2026-03-15 03:17:58,813 - INFO - [Step 49] final step_str: Wait, better to recall that the tangent at a point on the circle is perpendicular to the radius at that point. So, if we can find the slope of the radius from the center of the circle to point B, then the tangent will have a slope perpendicular to that.
2026-03-15 03:17:59,235 - INFO - Original token_logprobs: {'9': -1.3485537767410278, '8': -1.4735537767410278, '7': -1.4735537767410278, '5': -2.0985536575317383, '6': -2.7235536575317383, '4': -3.5985536575317383, '3': -3.8485536575317383, '0': -3.9735536575317383, '1': -4.348553657531738, '2': -4.848553657531738}
2026-03-15 03:17:59,235 - INFO - [Step 50] score 9, accepted!
2026-03-15 03:17:59,235 - INFO - [Step 50] final step_str: So, first, we need to find the circumcircle center of triangle ABC. Let me find the circumradius center (circumcenter) first.
2026-03-15 03:17:59,618 - INFO - Original token_logprobs: {'8': -1.3951284885406494, '9': -1.5201284885406494, '7': -1.5201284885406494, '5': -2.0201284885406494, '6': -2.7701284885406494, '4': -3.3951284885406494, '0': -3.6451284885406494, '3': -3.6451284885406494, '1': -4.14512825012207, '2': -4.52012825012207}
2026-03-15 03:17:59,619 - INFO - [Step 51] score 8, accepted!
2026-03-15 03:17:59,619 - INFO - [Step 51] final step_str: To find the circumcenter, which is the intersection of the perpendicular bisectors of the sides of triangle ABC.
2026-03-15 03:18:00,038 - INFO - Original token_logprobs: {'7': -1.4197527170181274, '9': -1.5447527170181274, '8': -1.5447527170181274, '5': -1.9197527170181274, '6': -2.794752597808838, '4': -3.419752597808838, '0': -3.544752597808838, '3': -3.669752597808838, '1': -4.044752597808838, '2': -4.419752597808838}
2026-03-15 03:18:00,039 - INFO - [Step 52] score 7, accepted!
2026-03-15 03:18:00,039 - INFO - [Step 52] final step_str: Given points A(0,0), B(5,0), C(22/5, 12 sqrt(14)/5).
2026-03-15 03:18:00,400 - INFO - Original token_logprobs: {'7': -1.5357426404953003, '9': -1.6607426404953003, '8': -1.6607426404953003, '5': -1.7857426404953003, '6': -2.66074275970459, '3': -3.16074275970459, '4': -3.16074275970459, '0': -3.41074275970459, '1': -3.78574275970459, '2': -3.91074275970459}
2026-03-15 03:18:00,400 - INFO - [Step 53] score 7, accepted!
2026-03-15 03:18:00,400 - INFO - [Step 53] final step_str: Let me compute the perpendicular bisector of AB and AC, then find their intersection.
2026-03-15 03:18:00,834 - INFO - Original token_logprobs: {'7': -1.3969395160675049, '8': -1.6469395160675049, '5': -1.7719395160675049, '9': -1.8969395160675049, '6': -2.521939516067505, '4': -3.021939516067505, '3': -3.146939516067505, '0': -3.771939516067505, '1': -3.896939516067505, '2': -4.021939277648926}
2026-03-15 03:18:00,834 - INFO - [Step 54] score 7, accepted!
2026-03-15 03:18:00,834 - INFO - [Step 54] final step_str: First, find the midpoint of AB: midpoint M1 is ((0 +5)/2, (0 +0)/2) = (2.5,0).
2026-03-15 03:18:01,331 - INFO - Original token_logprobs: {'7': -1.3521010875701904, '8': -1.7271010875701904, '5': -1.8521010875701904, '9': -1.8521010875701904, '6': -2.6021010875701904, '4': -3.1021010875701904, '3': -3.2271010875701904, '1': -3.4771010875701904, '0': -3.4771010875701904, '2': -3.7271010875701904}
2026-03-15 03:18:01,332 - INFO - [Step 55] score 7, accepted!
2026-03-15 03:18:01,332 - INFO - [Step 55] final step_str: Slope of AB: since AB is from (0,0) to (5,0), it's a horizontal line, slope=0. Therefore, the perpendicular bisector is vertical, so its equation is x=2.5.
2026-03-15 03:18:01,861 - INFO - Original token_logprobs: {'7': -1.4154105186462402, '5': -1.6654105186462402, '8': -1.9154105186462402, '9': -2.0404105186462402, '6': -2.4154105186462402, '3': -2.7904105186462402, '4': -2.9154105186462402, '2': -3.5404105186462402, '0': -3.6654105186462402, '1': -3.6654105186462402}
2026-03-15 03:18:01,861 - INFO - [Step 56] score 7, accepted!
2026-03-15 03:18:01,862 - INFO - [Step 56] final step_str: Next, find the perpendicular bisector of AC. Midpoint M2 of AC: coordinates are ((0 +22/5)/2, (0 +12 sqrt(14)/5)/2) = (11/5, 6 sqrt(14)/5).
2026-03-15 03:18:02,387 - INFO - Original token_logprobs: {'7': -1.3653618097305298, '5': -1.6153618097305298, '8': -1.8653618097305298, '9': -2.1153616905212402, '6': -2.3653616905212402, '3': -2.9903616905212402, '4': -2.9903616905212402, '0': -3.6153616905212402, '2': -3.7403616905212402, '1': -3.8653616905212402}
2026-03-15 03:18:02,387 - INFO - [Step 57] score 7, accepted!
2026-03-15 03:18:02,387 - INFO - [Step 57] final step_str: Slope of AC: (12 sqrt(14)/5 -0)/(22/5 -0)= (12 sqrt(14)/5)/(22/5)=12 sqrt(14)/22=6 sqrt(14)/11.
2026-03-15 03:18:02,847 - INFO - Original token_logprobs: {'7': -1.3599354028701782, '5': -1.6099354028701782, '8': -1.8599354028701782, '9': -2.2349352836608887, '6': -2.3599352836608887, '3': -2.8599352836608887, '4': -2.9849352836608887, '2': -3.6099352836608887, '0': -3.7349352836608887, '1': -3.7349352836608887}
2026-03-15 03:18:02,847 - INFO - [Step 58] score 7, accepted!
2026-03-15 03:18:02,847 - INFO - [Step 58] final step_str: Therefore, the slope of AC is 6 sqrt(14)/11, so the slope of the perpendicular bisector is the negative reciprocal: -11/(6 sqrt(14)).
2026-03-15 03:18:03,192 - INFO - Original token_logprobs: {'7': -1.347754716873169, '8': -1.597754716873169, '9': -1.847754716873169, '5': -1.847754716873169, '6': -2.722754716873169, '4': -3.097754716873169, '3': -3.222754716873169, '0': -3.347754716873169, '1': -4.09775447845459, '2': -4.09775447845459}
2026-03-15 03:18:03,193 - INFO - [Step 59] score 7, accepted!
2026-03-15 03:18:03,193 - INFO - [Step 59] final step_str: Thus, the equation of the perpendicular bisector of AC is:
2026-03-15 03:18:03,614 - INFO - Original token_logprobs: {'7': -1.1903347969055176, '5': -1.5653347969055176, '8': -2.0653347969055176, '6': -2.1903347969055176, '9': -2.5653347969055176, '3': -2.8153347969055176, '4': -2.9403347969055176, '2': -3.6903347969055176, '1': -4.065334796905518, '0': -4.315334796905518}
2026-03-15 03:18:03,614 - INFO - [Step 60] score 7, accepted!
2026-03-15 03:18:03,614 - INFO - [Step 60] final step_str: (y - 6 sqrt(14)/5) = (-11)/(6 sqrt(14)) (x - 11/5)
2026-03-15 03:18:03,923 - INFO - Original token_logprobs: {'7': -1.4864126443862915, '5': -1.7364126443862915, '8': -1.8614126443862915, '9': -2.111412525177002, '6': -2.611412525177002, '3': -2.736412525177002, '4': -2.986412525177002, '1': -3.111412525177002, '0': -3.111412525177002, '2': -3.236412525177002}
2026-03-15 03:18:03,923 - INFO - [Step 61] score 7, accepted!
2026-03-15 03:18:03,923 - INFO - [Step 61] final step_str: Simplify this equation.
2026-03-15 03:18:04,241 - INFO - Original token_logprobs: {'5': -1.5833989381790161, '7': -1.7083989381790161, '8': -1.9583989381790161, '9': -1.9583989381790161, '3': -2.5833988189697266, '0': -2.7083988189697266, '4': -2.9583988189697266, '6': -2.9583988189697266, '1': -3.2083988189697266, '2': -3.2083988189697266}
2026-03-15 03:18:04,241 - INFO - [Step 62] score 5 rejected, falling back to base model
2026-03-15 03:18:04,784 - INFO - [Step 62] final step_str: Let me denote sqrt(14) as s for simplicity.
2026-03-15 03:18:05,091 - INFO - Original token_logprobs: {'5': -1.6985188722610474, '7': -1.9485188722610474, '8': -1.9485188722610474, '9': -1.9485188722610474, '0': -2.198518753051758, '3': -2.573518753051758, '4': -2.948518753051758, '1': -2.948518753051758, '2': -3.073518753051758, '6': -3.073518753051758}
2026-03-15 03:18:05,091 - INFO - [Step 63] score 5 rejected, falling back to base model
2026-03-15 03:18:05,756 - INFO - [Step 63] final step_str: Let s = sqrt(14). Then, the equation becomes:
2026-03-15 03:18:06,156 - INFO - Original token_logprobs: {'7': -1.2846179008483887, '5': -1.6596179008483887, '8': -1.7846179008483887, '9': -2.2846179008483887, '6': -2.5346179008483887, '3': -2.9096179008483887, '4': -3.0346179008483887, '2': -3.6596179008483887, '1': -3.6596179008483887, '0': -3.6596179008483887}
2026-03-15 03:18:06,156 - INFO - [Step 64] score 7, accepted!
2026-03-15 03:18:06,156 - INFO - [Step 64] final step_str: (y - 6s/5) = (-11)/(6s) (x - 11/5)
2026-03-15 03:18:06,509 - INFO - Original token_logprobs: {'5': -1.6968998908996582, '7': -1.6968998908996582, '9': -1.9468998908996582, '8': -1.9468998908996582, '3': -2.446899890899658, '0': -2.821899890899658, '4': -2.946899890899658, '2': -2.946899890899658, '1': -3.071899890899658, '6': -3.071899890899658}
2026-03-15 03:18:06,509 - INFO - [Step 65] score 5 rejected, falling back to base model
