2026-03-15 03:40:44,562 - INFO - Original token_logprobs: {'9': -0.9883878231048584, '5': -1.7383878231048584, '8': -1.9883878231048584, '7': -2.4883878231048584, '0': -2.8633878231048584, '3': -3.1133878231048584, '1': -3.2383878231048584, '6': -3.3633878231048584, '4': -3.4883878231048584, '2': -3.9883878231048584}
2026-03-15 03:40:44,562 - INFO - [Step 0] score 9, accepted!
2026-03-15 03:40:44,563 - INFO - [Step 0] final step_str: Okay, so I have this geometry problem here. Let me try to visualize it first. There's a triangle ABC inscribed in a circle ω. The tangents to ω at points B and C intersect at point D. Then, line AD intersects ω again at point P. We are given the lengths of the sides: AB is 5 units, BC is 9 units, and AC is 10 units. We need to find the length of AP expressed as a fraction m/n, where m and n are coprime, and then find m + n.
2026-03-15 03:40:45,243 - INFO - Original token_logprobs: {'0': -1.5304744243621826, '1': -1.6554744243621826, '9': -1.9054744243621826, '5': -2.0304744243621826, '2': -2.4054744243621826, '3': -2.5304744243621826, '8': -2.9054744243621826, '4': -3.5304744243621826, '7': -3.5304744243621826, '6': -3.9054744243621826}
2026-03-15 03:40:45,243 - INFO - [Step 1] score 0 rejected, falling back to base model
2026-03-15 03:40:48,856 - INFO - [Step 1] final step_str: Hmm, okay. Let me recall some geometry concepts that might help here. Since D is the intersection of the tangents at B and C, that makes D the exsymmedian point or maybe related to the symmedian? Wait, actually, the intersection of two tangents from a point to a circle is related to the pole-polar concepts. Alternatively, D is the exsimilicenter or something? Maybe not. Alternatively, the point where the tangents from B and C meet is called the symmedian point? Wait, maybe not exactly. Let me think again.
2026-03-15 03:40:49,274 - INFO - Original token_logprobs: {'0': -1.6085307598114014, '1': -1.6085307598114014, '5': -1.8585307598114014, '9': -1.9835307598114014, '2': -2.3585307598114014, '3': -2.6085307598114014, '8': -2.8585307598114014, '4': -3.6085307598114014, '7': -3.6085307598114014, '6': -3.9835307598114014}
2026-03-15 03:40:49,274 - INFO - [Step 2] score 0 rejected, falling back to base model
2026-03-15 03:40:53,021 - INFO - [Step 2] final step_str: Alternatively, since D lies on the tangents at B and C, that means DB = DC, because the lengths from the external point D to the points of tangency are equal. Wait, yes! The two tangent segments from a single external point to a circle are equal in length. So DB = DC. That might be useful.
2026-03-15 03:40:53,465 - INFO - Original token_logprobs: {'1': -1.3468053340911865, '0': -1.8468053340911865, '9': -1.8468053340911865, '5': -1.8468053340911865, '2': -2.4718053340911865, '3': -2.9718053340911865, '8': -2.9718053340911865, '7': -3.3468053340911865, '4': -3.8468053340911865, '6': -3.9718053340911865}
2026-03-15 03:40:53,465 - INFO - [Step 3] score 1 rejected, falling back to base model
2026-03-15 03:41:01,978 - INFO - [Step 3] final step_str: Now, since AD intersects the circle again at P, so AP is a chord passing through A and P, with AD being the secant. Maybe power of a point could be useful here? Let me recall the power of point D with respect to ω. The power of D would be equal to DB² (since DB is tangent) and also equal to DC². But also, power of D with respect to ω is equal to DA * DP, because AD is a secant line passing through D and intersecting the circle at A and P. Wait, actually, the power of point D with respect to ω is equal to DB² = DC² = DA * DP. So that gives us an equation: DB² = DA * DP. 
2026-03-15 03:41:02,690 - INFO - Original token_logprobs: {'3': -1.466119408607483, '5': -1.591119408607483, '2': -1.716119408607483, '1': -2.3411192893981934, '4': -2.4661192893981934, '9': -2.9661192893981934, '6': -2.9661192893981934, '7': -3.0911192893981934, '8': -3.4661192893981934, '0': -3.8411192893981934}
2026-03-15 03:41:02,690 - INFO - [Step 4] score 3 rejected, falling back to base model
2026-03-15 03:41:15,602 - INFO - [Step 4] final step_str: So if I can compute DB (or DC, since they are equal) and DA, then I can solve for DP, and then AP would be AD - DP? Wait, actually, AP is from A to P, so if AD is from A to D, then AP is a part of AD beyond A? Wait, no. Let me clarify the points. Let me think of the circle, triangle ABC inscribed in it. The point D is outside the circle because it's where the tangents at B and C meet. Then line AD starts at A, goes through D, and then intersects the circle again at P. Wait, actually, hold on. If D is outside the circle, then AD starts at A, goes through D, and then P is the second intersection point with the circle? Wait, but if D is outside, then the line AD would go from A through D, and since D is outside, the other intersection point P would be on the extension beyond D? Wait, but then AP would be from A through D to P, so AP would be longer than AD. Wait, maybe I need to draw a diagram mentally.
2026-03-15 03:41:16,897 - INFO - Original token_logprobs: {'5': -1.5510196685791016, '7': -1.6760196685791016, '8': -1.9260196685791016, '6': -2.1760196685791016, '9': -2.4260196685791016, '3': -2.6760196685791016, '4': -2.8010196685791016, '2': -3.0510196685791016, '1': -3.0510196685791016, '0': -3.8010196685791016}
2026-03-15 03:41:16,897 - INFO - [Step 5] score 5 rejected, falling back to base model
2026-03-15 03:41:27,438 - INFO - [Step 5] final step_str: Alternatively, perhaps the order is A-P-D along the line? Because if AD intersects the circle again at P, then starting from A, going along AD, you first hit the circle again at P before reaching D. Since D is outside the circle, the line AD must pass through the circle twice: once at A and again at P, then goes to D. So AP is from A to P, which is between A and D. Therefore, AP = AD - DP? Wait, but in terms of power of a point, the power of D is DB² = DA * DP. Wait, actually, the power of point D with respect to ω is equal to the product of the lengths from D to the points where any secant from D intersects the circle. Since D is outside, and the secant DAP goes through the circle at A and P, so power of D is DA * DP = DB².
2026-03-15 03:41:30,805 - INFO - Original token_logprobs: {'5': -1.760692834854126, '3': -1.885692834854126, '2': -2.135692834854126, '8': -2.385692834854126, '7': -2.385692834854126, '4': -2.510692834854126, '1': -2.510692834854126, '0': -2.635692834854126, '6': -2.635692834854126, '9': -2.760692834854126}
2026-03-15 03:41:30,805 - INFO - [Step 6] score 5 rejected, falling back to base model
2026-03-15 03:41:38,781 - INFO - [Step 6] final step_str: Therefore, DA * DP = DB². So if I can compute DA and DB, then I can solve for DP, and then AP is DA - DP? Wait, no, because AP is from A to P, and DP is from D to P, so actually, AP = AD - DP? Wait, let me think in terms of segments. Let me denote the length from A to D as AD, and then from D to P is DP. But since P is between A and D, then AP = AD - DP. So if I have DA * DP = DB², then DA*(DA - AP) = DB²? Wait, maybe I need to express AP in terms of DA and DP.
2026-03-15 03:41:39,485 - INFO - Original token_logprobs: {'5': -1.400742769241333, '7': -1.900742769241333, '6': -2.025742769241333, '3': -2.150742769241333, '4': -2.275742769241333, '8': -2.275742769241333, '9': -2.900742769241333, '2': -3.150742769241333, '1': -3.650742769241333, '0': -3.775742769241333}
2026-03-15 03:41:39,485 - INFO - [Step 7] score 5 rejected, falling back to base model
2026-03-15 03:41:51,161 - INFO - [Step 7] final step_str: Alternatively, perhaps I should assign variables here. Let me let AP = x, then PD would be DA + x? Wait, no, if P is between A and D, then AP = x and PD = AD - x. Wait, actually, if A---P---D, then AP = x, PD = AD - x. Then the power of point D gives DA * DP = DB². Wait, but DA is the length from D to A? Wait, hold on. Wait, DA is the entire length from D to A, so if AP is from A to P, then DP is from D to P, so DP = DA + AP? Wait, no, if the points are arranged as A---P---D, then DP would be the distance from D to P, which is DA minus AP? Wait, no, let me think of coordinates. Suppose A is at 0, P is at x, D is at some point beyond P. Wait, maybe I need to clarify the order.
2026-03-15 03:41:51,663 - INFO - Original token_logprobs: {'1': -1.8686354160308838, '5': -1.8686354160308838, '3': -2.243635416030884, '8': -2.243635416030884, '2': -2.243635416030884, '0': -2.368635416030884, '7': -2.368635416030884, '9': -2.618635416030884, '4': -2.868635416030884, '6': -2.993635416030884}
2026-03-15 03:41:51,664 - INFO - [Step 8] score 1 rejected, falling back to base model
2026-03-15 03:41:58,404 - INFO - [Step 8] final step_str: Alternatively, perhaps using directed lengths. Let me think of the line AD. Since D is outside the circle, the line AD passes through A (on the circle) and goes out to D. The other intersection point with the circle is P, so the points are arranged as A, then P, then D? Wait, if you start at D and go towards A, you first hit P, then A? Hmm, actually, since A is already on the circle, then the other intersection point P is on the extension beyond A? Wait, that can't be. Let me think again.
2026-03-15 03:41:59,423 - INFO - Original token_logprobs: {'5': -1.57142174243927, '7': -1.57142174243927, '8': -1.69642174243927, '6': -2.0714216232299805, '9': -2.3214216232299805, '4': -2.6964216232299805, '3': -2.9464216232299805, '2': -3.9464216232299805, '0': -4.0714216232299805, '1': -4.0714216232299805}
2026-03-15 03:41:59,423 - INFO - [Step 9] score 5 rejected, falling back to base model
2026-03-15 03:42:05,782 - INFO - [Step 9] final step_str: Wait, the tangent at B and tangent at C meet at D. So D is outside the circle. The line AD starts at A (on the circle), goes through D (outside), and then the other intersection with the circle is P. Wait, but if you go from A through D, which is outside, then the other intersection would be on the other side of D? Wait, that would mean P is on the extension beyond D? But then AP would be AD + DP? That complicates things. Hmm, maybe my initial assumption is wrong.
2026-03-15 03:42:07,004 - INFO - Original token_logprobs: {'5': -1.6220961809158325, '3': -1.9970961809158325, '2': -2.247096061706543, '7': -2.372096061706543, '6': -2.372096061706543, '1': -2.372096061706543, '4': -2.497096061706543, '8': -2.497096061706543, '0': -2.872096061706543, '9': -2.872096061706543}
2026-03-15 03:42:07,004 - INFO - [Step 10] score 5 rejected, falling back to base model
2026-03-15 03:42:33,110 - INFO - [Step 10] final step_str: Alternatively, perhaps P is between A and D? Let me think. Let me try to draw a rough sketch mentally. Suppose we have triangle ABC inscribed in a circle. The tangents at B and C meet at D. Then D is outside the circle. Then line AD connects A to D, passing through the circle again at P. Since D is outside, the line AD must pass through the circle at A and another point P between A and D. Wait, so the order would be A---P---D. Therefore, AP is part of AD from A to P, and PD is from P to D. Therefore, AD = AP + PD. So then, the power of point D with respect to ω is DP * DA = DB². Wait, power of a point says that for a point outside the circle, the product of the distances from the point to the intersection points of a secant line with the circle is equal to the square of the tangent length. So here, the secant is DP and DA? Wait, no. The secant is DA, which intersects the circle at A and P. So the power would be DA * DP = DB². Wait, but DA is from D to A, and DP is from D to P? Wait, actually, the power formula is that for a point outside the circle, if a secant goes through the circle at X and Y, then DX * DY = DB². So in this case, the secant is DP and DA? Wait, the points are A and P. So the distances from D to A and D to P? Wait, but A is closer to D than P? Wait, no, if the order is A---P---D, then DA is the distance from D to A, and DP is the distance from D to P, so the two segments would be DA and DP, but actually, the power formula is the product of the entire secant segment from D to the first intersection (A) times the entire secant segment from D through the first to the second? Wait, no, actually, it's the distance from D to A multiplied by the distance from D to P? Wait, no, that's not quite right. Let me recall the exact formula.
2026-03-15 03:42:34,679 - INFO - Original token_logprobs: {'3': -1.612527847290039, '5': -1.612527847290039, '2': -2.112527847290039, '7': -2.362527847290039, '4': -2.362527847290039, '6': -2.487527847290039, '1': -2.737527847290039, '0': -2.862527847290039, '8': -2.987527847290039, '9': -3.362527847290039}
2026-03-15 03:42:34,679 - INFO - [Step 11] score 3 rejected, falling back to base model
2026-03-15 03:42:42,843 - INFO - [Step 11] final step_str: Power of a point D with respect to circle ω is equal to the square of the tangent length: DB² = DC². It is also equal to, for any secant line through D intersecting the circle at X and Y, DX * DY. So in this case, the secant line AD intersects the circle at A and P. Therefore, the power is DA * DP = DB². Wait, but here, DA is the distance from D to A, and DP is the distance from D to P. Wait, but if A is between D and P, then DA * DP would be DA*(DA + AP). Wait, perhaps the confusion is arising from the order of the points.
2026-03-15 03:42:43,774 - INFO - Original token_logprobs: {'5': -1.6621694564819336, '3': -1.9121694564819336, '0': -2.0371694564819336, '2': -2.1621694564819336, '1': -2.2871694564819336, '7': -2.5371694564819336, '8': -2.6621694564819336, '9': -2.7871694564819336, '4': -2.9121694564819336, '6': -3.0371694564819336}
2026-03-15 03:42:43,774 - INFO - [Step 12] score 5 rejected, falling back to base model
2026-03-15 03:42:44,172 - INFO - [Step 12] final step_str: Let me try to clarify:
2026-03-15 03:42:47,343 - INFO - Original token_logprobs: {'7': -1.4521290063858032, '8': -1.5771290063858032, '5': -1.5771290063858032, '6': -2.0771288871765137, '9': -2.4521288871765137, '4': -2.9521288871765137, '3': -3.0771288871765137, '0': -4.202128887176514, '2': -4.327128887176514, '1': -4.452128887176514}
2026-03-15 03:42:47,343 - INFO - [Step 13] score 7, accepted!
2026-03-15 03:42:47,344 - INFO - [Step 13] final step_str: If D is outside the circle, and line AD intersects the circle at A and P, then the power of point D is equal to DA * DP, where DA is the distance from D to A, and DP is the distance from D to P. But if A is between D and P, then DP = DA + AP, so the power would be DA*(DA + AP) = DB². Alternatively, if P is between D and A, then DP = AP + DA, but then DA * DP would be DA*(AP + DA). Hmm, but in our case, since D is the intersection of the two tangents from B and C, which are on the circle, D is outside the circle, and the line AD connects A (on the circle) to D (outside), and intersects the circle again at P. So in this case, P is on the extension of AD beyond A. So the order is D---A---P. So then DA is the distance from D to A, which is outside the circle, and AP is the distance from A to P, which is inside the circle. So the power of point D with respect to ω is equal to DA * DP, where DP is the entire length from D to P, which is DA + AP. So that gives us DA*(DA + AP) = DB².
2026-03-15 03:42:47,749 - INFO - Original token_logprobs: {'7': -1.2947500944137573, '8': -1.6697500944137573, '5': -1.6697500944137573, '6': -1.9197500944137573, '9': -2.669750213623047, '4': -2.919750213623047, '3': -3.169750213623047, '2': -4.294750213623047, '1': -4.544750213623047, '0': -4.669750213623047}
2026-03-15 03:42:47,750 - INFO - [Step 14] score 7, accepted!
2026-03-15 03:42:47,750 - INFO - [Step 14] final step_str: But we need to find AP. So if I can find DA and DB, I can solve for AP.
2026-03-15 03:42:48,471 - INFO - Original token_logprobs: {'7': -1.4729220867156982, '8': -1.4729220867156982, '5': -1.7229220867156982, '9': -1.9729220867156982, '6': -2.5979220867156982, '3': -3.0979220867156982, '4': -3.2229220867156982, '0': -3.8479220867156982, '1': -3.9729220867156982, '2': -3.9729220867156982}
2026-03-15 03:42:48,472 - INFO - [Step 15] score 7, accepted!
2026-03-15 03:42:48,472 - INFO - [Step 15] final step_str: So let's see. We know AB = 5, BC = 9, and AC = 10. So triangle ABC has sides 5, 9, 10. Maybe we can compute some lengths related to the triangle, like the semiperimeter, area, circumradius, inradius, etc. Since ABC is inscribed in circle ω, maybe we can find the radius of ω.
2026-03-15 03:42:49,222 - INFO - Original token_logprobs: {'8': -1.2847042083740234, '9': -1.4097042083740234, '7': -1.7847042083740234, '5': -1.9097042083740234, '6': -2.7847042083740234, '4': -3.6597042083740234, '0': -3.7847042083740234, '3': -3.9097042083740234, '1': -4.284704208374023, '2': -4.659704208374023}
2026-03-15 03:42:49,222 - INFO - [Step 16] score 8, accepted!
2026-03-15 03:42:49,222 - INFO - [Step 16] final step_str: Yes, that seems promising. Let me compute the circumradius R of triangle ABC. The formula for the circumradius is R = (a*b*c)/(4*Δ), where a, b, c are the sides, and Δ is the area of the triangle. So first, let's compute the area Δ of triangle ABC.
2026-03-15 03:42:51,187 - INFO - Original token_logprobs: {'0': -1.5086729526519775, '3': -2.0086729526519775, '1': -2.0086729526519775, '2': -2.0086729526519775, '5': -2.1336729526519775, '7': -2.8836729526519775, '4': -2.8836729526519775, '9': -3.0086729526519775, '6': -3.0086729526519775, '8': -3.1336729526519775}
2026-03-15 03:42:51,187 - INFO - [Step 17] score 0 rejected, falling back to base model
2026-03-15 03:42:53,073 - INFO - [Step 17] final step_str: Using Heron's formula: semiperimeter s = (5 + 9 + 10)/2 = (24)/2 = 12.
2026-03-15 03:42:54,612 - INFO - Original token_logprobs: {'0': -1.8190202713012695, '2': -1.8190202713012695, '5': -1.9440202713012695, '3': -1.9440202713012695, '1': -2.0690202713012695, '7': -2.8190202713012695, '4': -2.8190202713012695, '6': -2.9440202713012695, '8': -3.0690202713012695, '9': -3.1940202713012695}
2026-03-15 03:42:54,612 - INFO - [Step 18] score 0 rejected, falling back to base model
2026-03-15 03:43:00,165 - INFO - [Step 18] final step_str: Then area Δ = √[s(s - a)(s - b)(s - c)] = √[12*(12 - 5)*(12 - 9)*(12 - 10)] = √[12*7*3*2] = √[12*7*6] = √[504] = √[16*31.5] Wait, let me compute that again.
2026-03-15 03:43:01,683 - INFO - Original token_logprobs: {'5': -1.6684061288833618, '7': -1.6684061288833618, '8': -1.7934061288833618, '9': -1.9184061288833618, '3': -2.6684060096740723, '6': -2.6684060096740723, '0': -2.9184060096740723, '4': -2.9184060096740723, '2': -3.5434060096740723, '1': -3.6684060096740723}
2026-03-15 03:43:01,683 - INFO - [Step 19] score 5 rejected, falling back to base model
2026-03-15 03:43:09,896 - INFO - [Step 19] final step_str: 12*7 is 84, 84*3 is 252, 252*2 is 504. So √504. Let's factor that: 504 = 16 * 31.5? Wait, actually 504 divided by 16 is 31.5, but better to factor into primes: 504 = 8 * 63 = 8 * 7 * 9 = 8 * 7 * 3^2. So √504 = √(16 * 31.5) is not helpful. Let's do prime factors:
2026-03-15 03:43:10,737 - INFO - Original token_logprobs: {'5': -1.343855381011963, '7': -1.468855381011963, '6': -1.968855381011963, '8': -2.218855381011963, '3': -2.718855381011963, '4': -2.718855381011963, '9': -2.968855381011963, '0': -3.593855381011963, '2': -3.718855381011963, '1': -3.843855381011963}
2026-03-15 03:43:10,737 - INFO - [Step 20] score 5 rejected, falling back to base model
2026-03-15 03:43:18,078 - INFO - [Step 20] final step_str: 504 = 2^3 * 3^2 * 7. Therefore, √504 = √(2^3 * 3^2 *7) = 2^(1.5)*3*√7 = 2*sqrt(2)*3*sqrt(7). Wait, maybe better to write as 2*3*sqrt(14) since 2^3 is 2^2 *2, so sqrt(2^2 *3^2 *14) = 2*3*sqrt(14) = 6√14. Wait:
2026-03-15 03:43:19,650 - INFO - Original token_logprobs: {'7': -1.2876698970794678, '5': -1.4126698970794678, '8': -2.0376698970794678, '6': -2.1626698970794678, '9': -2.2876698970794678, '4': -3.0376698970794678, '3': -3.2876698970794678, '0': -4.037670135498047, '1': -4.287670135498047, '2': -4.412670135498047}
2026-03-15 03:43:19,651 - INFO - [Step 21] score 7, accepted!
2026-03-15 03:43:19,651 - INFO - [Step 21] final step_str: Wait, 504 = 16 * 31.5, but 16 is 4^2, so √504 = √(16*31.5) = 4√31.5, but 31.5 is 63/2, so √(63/2) = (√63)/√2 = (3√7)/√2. Therefore, √504 = 4*(3√7)/√2 = (12√7)/√2 = 12√(7/2) = 6√14. Because 12/√2 = 6√2, so 6√2 * √7 = 6√14. Yes, that's correct. So Δ = 6√14.
2026-03-15 03:43:21,639 - INFO - Original token_logprobs: {'5': -1.4507014751434326, '3': -1.8257014751434326, '6': -2.2007014751434326, '7': -2.2007014751434326, '4': -2.3257014751434326, '2': -2.5757014751434326, '1': -2.8257014751434326, '8': -2.8257014751434326, '0': -2.9507014751434326, '9': -3.3257014751434326}
2026-03-15 03:43:21,640 - INFO - [Step 22] score 5 rejected, falling back to base model
2026-03-15 03:43:24,354 - INFO - [Step 22] final step_str: Therefore, the area is 6√14. Then the circumradius R = (a*b*c)/(4Δ) = (5*9*10)/(4*6√14). Let's compute numerator and denominator:
2026-03-15 03:43:24,920 - INFO - Original token_logprobs: {'7': -1.263768196105957, '5': -1.513768196105957, '8': -2.013768196105957, '9': -2.263768196105957, '6': -2.388768196105957, '4': -3.013768196105957, '3': -3.013768196105957, '0': -3.513768196105957, '1': -4.013768196105957, '2': -4.013768196105957}
2026-03-15 03:43:24,920 - INFO - [Step 23] score 7, accepted!
2026-03-15 03:43:24,920 - INFO - [Step 23] final step_str: Numerator: 5*9 = 45, 45*10 = 450.
2026-03-15 03:43:25,313 - INFO - Original token_logprobs: {'5': -1.3318383693695068, '7': -1.4568383693695068, '8': -1.9568383693695068, '9': -2.206838369369507, '6': -2.456838369369507, '3': -2.956838369369507, '4': -3.081838369369507, '0': -3.581838369369507, '2': -3.956838369369507, '1': -4.081838607788086}
2026-03-15 03:43:25,314 - INFO - [Step 24] score 5 rejected, falling back to base model
2026-03-15 03:43:26,062 - INFO - [Step 24] final step_str: Denominator: 4*6 = 24, so 24√14.
2026-03-15 03:43:26,711 - INFO - Original token_logprobs: {'5': -1.6351133584976196, '0': -2.01011323928833, '8': -2.26011323928833, '9': -2.26011323928833, '1': -2.38511323928833, '3': -2.38511323928833, '7': -2.51011323928833, '2': -2.63511323928833, '4': -2.63511323928833, '6': -3.01011323928833}
2026-03-15 03:43:26,712 - INFO - [Step 25] score 5 rejected, falling back to base model
2026-03-15 03:43:27,836 - INFO - [Step 25] final step_str: Therefore, R = 450/(24√14). Let's simplify:
2026-03-15 03:43:28,884 - INFO - Original token_logprobs: {'3': -1.5863914489746094, '5': -1.5863914489746094, '4': -2.3363914489746094, '7': -2.3363914489746094, '2': -2.3363914489746094, '6': -2.4613914489746094, '1': -2.5863914489746094, '8': -2.9613914489746094, '0': -3.0863914489746094, '9': -3.2113914489746094}
2026-03-15 03:43:28,885 - INFO - [Step 26] score 3 rejected, falling back to base model
2026-03-15 03:43:32,084 - INFO - [Step 26] final step_str: Divide numerator and denominator by 6: 450/6 = 75, 24/6 = 4. So R = 75/(4√14). Rationalizing the denominator: multiply numerator and denominator by √14:
2026-03-15 03:43:32,865 - INFO - Original token_logprobs: {'5': -1.4220077991485596, '7': -1.9220077991485596, '3': -1.9220077991485596, '6': -2.1720077991485596, '4': -2.4220077991485596, '8': -2.5470077991485596, '2': -2.7970077991485596, '9': -3.0470077991485596, '0': -3.2970077991485596, '1': -3.2970077991485596}
2026-03-15 03:43:32,865 - INFO - [Step 27] score 5 rejected, falling back to base model
2026-03-15 03:43:35,298 - INFO - [Step 27] final step_str: R = (75√14)/(4*14) = (75√14)/56. So R is 75√14 / 56. Hmm, okay.
2026-03-15 03:43:35,931 - INFO - Original token_logprobs: {'5': -1.2794151306152344, '7': -1.9044151306152344, '6': -2.2794151306152344, '3': -2.2794151306152344, '8': -2.4044151306152344, '4': -2.5294151306152344, '9': -2.6544151306152344, '2': -3.0294151306152344, '0': -3.1544151306152344, '1': -3.4044151306152344}
2026-03-15 03:43:35,931 - INFO - [Step 28] score 5 rejected, falling back to base model
2026-03-15 03:43:36,828 - INFO - [Step 28] final step_str: But not sure if I need R yet. Maybe another approach is better.
2026-03-15 03:43:37,871 - INFO - Original token_logprobs: {'5': -1.409719467163086, '7': -1.659719467163086, '6': -2.159719467163086, '8': -2.284719467163086, '3': -2.284719467163086, '4': -2.534719467163086, '9': -2.784719467163086, '2': -3.159719467163086, '0': -3.409719467163086, '1': -3.659719467163086}
2026-03-15 03:43:37,871 - INFO - [Step 29] score 5 rejected, falling back to base model
2026-03-15 03:43:44,748 - INFO - [Step 29] final step_str: Alternatively, since D is the intersection of the tangents at B and C, then D is the symmedian point? Wait, actually, the intersection point of the tangents at B and C is called the exsimilicenter of B and C with respect to the circle? Or maybe the Gergonne point? Wait, perhaps not. Alternatively, in triangle ABC, the intersection of the tangents at B and C is the symmedian point? Wait, the symmedian point is the intersection of the symmedians, which are reflections of the medians over the angle bisectors. Hmm, maybe not directly.
2026-03-15 03:43:45,233 - INFO - Original token_logprobs: {'5': -1.5585674047470093, '3': -1.6835674047470093, '2': -2.058567523956299, '0': -2.308567523956299, '4': -2.558567523956299, '1': -2.558567523956299, '7': -2.558567523956299, '6': -2.683567523956299, '8': -3.183567523956299, '9': -3.433567523956299}
2026-03-15 03:43:45,234 - INFO - [Step 30] score 5 rejected, falling back to base model
2026-03-15 03:43:51,336 - INFO - [Step 30] final step_str: Alternatively, D is the pole of side BC with respect to the circumcircle? Wait, the pole of BC would be the point where the tangents at B and C meet, yes! Because the polar of BC is the point where the tangents at B and C meet. So D is the pole of BC with respect to ω. Therefore, line AD is the line from A to the pole of BC, so perhaps there's some harmonic division or projective geometry properties here, but maybe that's overcomplicating.
2026-03-15 03:43:51,773 - INFO - Original token_logprobs: {'5': -1.4110591411590576, '7': -2.1610591411590576, '3': -2.1610591411590576, '8': -2.4110591411590576, '2': -2.5360591411590576, '0': -2.5360591411590576, '6': -2.5360591411590576, '1': -2.6610591411590576, '4': -2.6610591411590576, '9': -2.9110591411590576}
2026-03-15 03:43:51,774 - INFO - [Step 31] score 5 rejected, falling back to base model
2026-03-15 03:43:52,974 - INFO - [Step 31] final step_str: Alternatively, using coordinates. Maybe coordinate geometry would work here. Let me try to set up coordinate system.
2026-03-15 03:43:53,744 - INFO - Original token_logprobs: {'5': -1.609044075012207, '7': -1.734044075012207, '8': -2.109044075012207, '6': -2.359044075012207, '3': -2.484044075012207, '9': -2.609044075012207, '4': -2.609044075012207, '1': -2.734044075012207, '2': -2.859044075012207, '0': -2.984044075012207}
2026-03-15 03:43:53,744 - INFO - [Step 32] score 5 rejected, falling back to base model
2026-03-15 03:43:57,188 - INFO - [Step 32] final step_str: Let me place triangle ABC in coordinate plane. Let me let point B be at (0,0), point C at (9,0), since BC is 9 units. Then point A is somewhere such that AB =5 and AC=10. Let me find coordinates of point A.
2026-03-15 03:43:57,839 - INFO - Original token_logprobs: {'5': -1.6782732009887695, '7': -1.8032732009887695, '8': -2.1782732009887695, '3': -2.1782732009887695, '9': -2.4282732009887695, '6': -2.5532732009887695, '2': -2.6782732009887695, '4': -2.6782732009887695, '1': -2.8032732009887695, '0': -2.9282732009887695}
2026-03-15 03:43:57,840 - INFO - [Step 33] score 5 rejected, falling back to base model
2026-03-15 03:43:58,176 - INFO - [Step 33] final step_str: Let’s denote coordinates:
2026-03-15 03:43:59,577 - INFO - Original token_logprobs: {'7': -1.6330584287643433, '8': -1.7580584287643433, '5': -1.7580584287643433, '9': -2.008058547973633, '6': -2.508058547973633, '3': -2.633058547973633, '4': -2.883058547973633, '0': -3.133058547973633, '1': -3.383058547973633, '2': -3.383058547973633}
2026-03-15 03:43:59,578 - INFO - [Step 34] score 7, accepted!
2026-03-15 03:43:59,578 - INFO - [Step 34] final step_str: Let’s set point B at (0,0), point C at (9,0). Let point A be at (x,y). Then AB =5, AC=10. So distance from A to B is sqrt(x² + y²) =5, so x² + y²=25. Distance from A to C is sqrt((x-9)^2 + y²)=10, so (x-9)^2 + y²=100.
2026-03-15 03:43:59,937 - INFO - Original token_logprobs: {'5': -1.7536526918411255, '8': -2.003652572631836, '7': -2.003652572631836, '9': -2.128652572631836, '3': -2.128652572631836, '0': -2.628652572631836, '2': -2.753652572631836, '1': -2.753652572631836, '4': -2.878652572631836, '6': -2.878652572631836}
2026-03-15 03:43:59,937 - INFO - [Step 35] score 5 rejected, falling back to base model
2026-03-15 03:44:00,341 - INFO - [Step 35] final step_str: Subtract first equation from second:
2026-03-15 03:44:01,057 - INFO - Original token_logprobs: {'5': -1.6490260362625122, '7': -2.2740259170532227, '1': -2.2740259170532227, '3': -2.2740259170532227, '8': -2.2740259170532227, '9': -2.2740259170532227, '2': -2.5240259170532227, '0': -2.5240259170532227, '4': -2.7740259170532227, '6': -2.7740259170532227}
2026-03-15 03:44:01,057 - INFO - [Step 36] score 5 rejected, falling back to base model
2026-03-15 03:44:05,005 - INFO - [Step 36] final step_str: (x - 9)^2 + y² - (x² + y²) = 100 -25 => (x² -18x +81) -x² =75 => -18x +81=75 => -18x = -6 => x=1/3.
2026-03-15 03:44:05,915 - INFO - Original token_logprobs: {'7': -1.2662160396575928, '5': -1.5162160396575928, '8': -1.7662160396575928, '6': -2.1412160396575928, '9': -2.3912160396575928, '4': -3.1412160396575928, '3': -3.2662160396575928, '0': -4.141216278076172, '2': -4.516216278076172, '1': -4.891216278076172}
2026-03-15 03:44:05,915 - INFO - [Step 37] score 7, accepted!
2026-03-15 03:44:05,916 - INFO - [Step 37] final step_str: So x=1/3. Then from first equation, (1/3)^2 + y²=25 => 1/9 + y²=25 => y²=25 -1/9=225/9 -1/9=224/9. So y= sqrt(224/9)= (sqrt(224))/3= (16*14)^0.5 /3= (4√14)/3. So point A is at (1/3, 4√14/3).
2026-03-15 03:44:06,265 - INFO - Original token_logprobs: {'7': -1.342915415763855, '5': -1.592915415763855, '8': -1.842915415763855, '6': -2.2179155349731445, '9': -2.3429155349731445, '3': -2.9679155349731445, '4': -2.9679155349731445, '0': -3.4679155349731445, '2': -3.9679155349731445, '1': -4.0929155349731445}
2026-03-15 03:44:06,265 - INFO - [Step 38] score 7, accepted!
2026-03-15 03:44:06,265 - INFO - [Step 38] final step_str: Okay, so coordinates:
2026-03-15 03:44:06,654 - INFO - Original token_logprobs: {'7': -1.3636572360992432, '5': -1.4886572360992432, '8': -1.8636572360992432, '6': -2.238657236099243, '9': -2.363657236099243, '3': -2.988657236099243, '4': -2.988657236099243, '0': -3.738657236099243, '2': -3.863657236099243, '1': -4.238656997680664}
2026-03-15 03:44:06,654 - INFO - [Step 39] score 7, accepted!
2026-03-15 03:44:06,654 - INFO - [Step 39] final step_str: A: (1/3, 4√14/3)
2026-03-15 03:44:07,009 - INFO - Original token_logprobs: {'5': -1.486636996269226, '7': -1.486636996269226, '8': -1.861636996269226, '9': -1.986636996269226, '6': -2.6116371154785156, '3': -3.1116371154785156, '4': -3.1116371154785156, '0': -3.1116371154785156, '2': -3.7366371154785156, '1': -3.8616371154785156}
2026-03-15 03:44:07,009 - INFO - [Step 40] score 5 rejected, falling back to base model
2026-03-15 03:44:07,465 - INFO - [Step 40] final step_str: B: (0,0)
2026-03-15 03:44:07,825 - INFO - Original token_logprobs: {'7': -1.2538000345230103, '8': -1.6288000345230103, '5': -1.6288000345230103, '9': -2.0037999153137207, '6': -2.3787999153137207, '4': -3.3787999153137207, '3': -3.7537999153137207, '0': -4.003799915313721, '2': -4.753799915313721, '1': -4.878799915313721}
2026-03-15 03:44:07,825 - INFO - [Step 41] score 7, accepted!
2026-03-15 03:44:07,825 - INFO - [Step 41] final step_str: C: (9,0)
2026-03-15 03:44:08,366 - INFO - Original token_logprobs: {'7': -1.0010111331939697, '8': -1.5010111331939697, '9': -2.0010111331939697, '5': -2.1260111331939697, '6': -2.2510111331939697, '4': -3.8760111331939697, '3': -4.626010894775391, '0': -4.751010894775391, '1': -5.376010894775391, '2': -5.751010894775391}
2026-03-15 03:44:08,367 - INFO - [Step 42] score 7, accepted!
2026-03-15 03:44:08,367 - INFO - [Step 42] final step_str: Now, we need to find the equation of the tangents at B and C to the circumcircle ω. Then find their intersection point D. Then find equation of line AD, and then find its intersection P with ω. Then compute AP.
2026-03-15 03:44:08,961 - INFO - Original token_logprobs: {'7': -1.1506448984146118, '8': -1.5256448984146118, '9': -1.7756448984146118, '5': -2.0256447792053223, '6': -2.4006447792053223, '4': -3.6506447792053223, '3': -4.025644779205322, '0': -4.400644779205322, '1': -4.775644779205322, '2': -5.025644779205322}
2026-03-15 03:44:08,961 - INFO - [Step 43] score 7, accepted!
2026-03-15 03:44:08,961 - INFO - [Step 43] final step_str: Alright, let's compute the circumcircle ω. Since we have coordinates for A, B, C, we can find the equation of ω.
2026-03-15 03:44:09,385 - INFO - Original token_logprobs: {'7': -1.211974859237671, '8': -1.711974859237671, '5': -1.961974859237671, '9': -1.961974859237671, '6': -2.336974859237671, '4': -3.086974859237671, '3': -3.211974859237671, '0': -3.711974859237671, '2': -4.08697509765625, '1': -4.33697509765625}
2026-03-15 03:44:09,386 - INFO - [Step 44] score 7, accepted!
2026-03-15 03:44:09,386 - INFO - [Step 44] final step_str: General equation of circle: x² + y² + 2gx + 2fy + c =0.
2026-03-15 03:44:09,748 - INFO - Original token_logprobs: {'7': -1.2541595697402954, '8': -1.6291595697402954, '9': -1.8791595697402954, '5': -2.004159450531006, '6': -2.504159450531006, '3': -3.254159450531006, '4': -3.254159450531006, '0': -3.379159450531006, '2': -4.004159450531006, '1': -4.129159450531006}
2026-03-15 03:44:09,748 - INFO - [Step 45] score 7, accepted!
2026-03-15 03:44:09,748 - INFO - [Step 45] final step_str: Plug in points A, B, C.
2026-03-15 03:44:10,181 - INFO - Original token_logprobs: {'7': -1.3833636045455933, '5': -1.7583636045455933, '8': -1.8833636045455933, '9': -2.008363723754883, '6': -2.383363723754883, '3': -3.008363723754883, '4': -3.008363723754883, '0': -3.258363723754883, '2': -3.508363723754883, '1': -3.633363723754883}
2026-03-15 03:44:10,182 - INFO - [Step 46] score 7, accepted!
2026-03-15 03:44:10,182 - INFO - [Step 46] final step_str: For point B (0,0): 0 +0 +0 +0 +c=0 => c=0.
2026-03-15 03:44:10,792 - INFO - Original token_logprobs: {'7': -1.4760968685150146, '5': -1.7260968685150146, '8': -1.8510968685150146, '9': -1.9760968685150146, '6': -2.3510968685150146, '3': -2.8510968685150146, '4': -2.9760968685150146, '0': -3.3510968685150146, '2': -3.4760968685150146, '1': -3.7260968685150146}
2026-03-15 03:44:10,792 - INFO - [Step 47] score 7, accepted!
2026-03-15 03:44:10,792 - INFO - [Step 47] final step_str: For point C (9,0): 81 + 0 + 18g +0 +0=0 => 81 +18g=0 => 18g= -81 => g= -81/18= -9/2.
2026-03-15 03:44:11,355 - INFO - Original token_logprobs: {'7': -1.4728729724884033, '5': -1.7228729724884033, '8': -1.8478729724884033, '9': -2.0978729724884033, '6': -2.4728729724884033, '3': -2.7228729724884033, '4': -2.8478729724884033, '0': -3.0978729724884033, '2': -3.4728729724884033, '1': -3.7228729724884033}
2026-03-15 03:44:11,355 - INFO - [Step 48] score 7, accepted!
2026-03-15 03:44:11,355 - INFO - [Step 48] final step_str: For point A (1/3, 4√14/3): (1/3)^2 + (4√14/3)^2 + 2g*(1/3) + 2f*(4√14/3)=0.
2026-03-15 03:44:11,701 - INFO - Original token_logprobs: {'5': -1.6940096616744995, '8': -1.6940096616744995, '7': -1.8190096616744995, '9': -1.8190096616744995, '6': -2.694009780883789, '3': -2.819009780883789, '0': -2.819009780883789, '4': -2.944009780883789, '1': -3.444009780883789, '2': -3.444009780883789}
2026-03-15 03:44:11,701 - INFO - [Step 49] score 5 rejected, falling back to base model
2026-03-15 03:44:11,978 - INFO - [Step 49] final step_str: Compute each term:
2026-03-15 03:44:12,355 - INFO - Original token_logprobs: {'5': -1.70833158493042, '8': -1.70833158493042, '7': -1.70833158493042, '9': -1.83333158493042, '6': -2.70833158493042, '0': -2.83333158493042, '4': -2.95833158493042, '3': -2.95833158493042, '1': -3.45833158493042, '2': -3.45833158493042}
2026-03-15 03:44:12,355 - INFO - [Step 50] score 5 rejected, falling back to base model
2026-03-15 03:44:13,882 - INFO - [Step 50] final step_str: (1/9) + (16*14)/9 + 2*(-9/2)*(1/3) + 2f*(4√14/3) =0.
2026-03-15 03:44:14,236 - INFO - Original token_logprobs: {'5': -1.734970211982727, '7': -1.734970211982727, '8': -1.984970211982727, '9': -2.2349700927734375, '3': -2.3599700927734375, '0': -2.6099700927734375, '6': -2.6099700927734375, '4': -2.7349700927734375, '2': -2.8599700927734375, '1': -3.3599700927734375}
2026-03-15 03:44:14,237 - INFO - [Step 51] score 5 rejected, falling back to base model
2026-03-15 03:44:14,473 - INFO - [Step 51] final step_str: Simplify:
2026-03-15 03:44:14,941 - INFO - Original token_logprobs: {'7': -1.4410346746444702, '5': -1.5660346746444702, '8': -2.0660347938537598, '9': -2.3160347938537598, '6': -2.4410347938537598, '3': -2.5660347938537598, '4': -2.8160347938537598, '0': -3.1910347938537598, '2': -3.3160347938537598, '1': -3.6910347938537598}
2026-03-15 03:44:14,941 - INFO - [Step 52] score 7, accepted!
2026-03-15 03:44:14,941 - INFO - [Step 52] final step_str: 1/9 + 224/9 + (-9)*(1/3) + (8√14/3)f =0.
2026-03-15 03:44:15,279 - INFO - Original token_logprobs: {'5': -1.778581142425537, '8': -1.778581142425537, '7': -1.778581142425537, '9': -1.903581142425537, '0': -2.403581142425537, '3': -2.778581142425537, '6': -2.778581142425537, '4': -2.903581142425537, '2': -3.278581142425537, '1': -3.403581142425537}
2026-03-15 03:44:15,279 - INFO - [Step 53] score 5 rejected, falling back to base model
2026-03-15 03:44:15,567 - INFO - [Step 53] final step_str: Compute each part:
2026-03-15 03:44:15,988 - INFO - Original token_logprobs: {'5': -1.4790499210357666, '7': -1.6040499210357666, '8': -2.1040499210357666, '9': -2.3540499210357666, '3': -2.3540499210357666, '6': -2.6040499210357666, '4': -2.7290499210357666, '2': -3.1040499210357666, '0': -3.1040499210357666, '1': -3.6040499210357666}
2026-03-15 03:44:15,988 - INFO - [Step 54] score 5 rejected, falling back to base model
2026-03-15 03:44:17,222 - INFO - [Step 54] final step_str: 1/9 + 224/9 = 225/9 =25.
2026-03-15 03:44:17,605 - INFO - Original token_logprobs: {'5': -1.5073405504226685, '7': -1.6323405504226685, '8': -2.007340431213379, '9': -2.257340431213379, '0': -2.632340431213379, '3': -2.632340431213379, '6': -2.757340431213379, '4': -2.882340431213379, '2': -3.132340431213379, '1': -3.382340431213379}
2026-03-15 03:44:17,605 - INFO - [Step 55] score 5 rejected, falling back to base model
2026-03-15 03:44:18,247 - INFO - [Step 55] final step_str: -9*(1/3)= -3.
2026-03-15 03:44:19,074 - INFO - Original token_logprobs: {'5': -1.5138847827911377, '7': -1.5138847827911377, '8': -2.0138847827911377, '6': -2.2638847827911377, '3': -2.5138847827911377, '4': -2.6388847827911377, '9': -2.7638847827911377, '0': -3.1388847827911377, '2': -3.2638847827911377, '1': -3.7638847827911377}
2026-03-15 03:44:19,074 - INFO - [Step 56] score 5 rejected, falling back to base model
2026-03-15 03:44:21,226 - INFO - [Step 56] final step_str: So total so far: 25 -3 + (8√14/3)f =0 => 22 + (8√14/3)f =0.
2026-03-15 03:44:21,865 - INFO - Original token_logprobs: {'5': -1.491860270500183, '7': -1.491860270500183, '8': -2.1168603897094727, '6': -2.2418603897094727, '3': -2.3668603897094727, '4': -2.6168603897094727, '9': -2.8668603897094727, '0': -3.2418603897094727, '2': -3.3668603897094727, '1': -3.7418603897094727}
2026-03-15 03:44:21,865 - INFO - [Step 57] score 5 rejected, falling back to base model
2026-03-15 03:44:22,178 - INFO - [Step 57] final step_str: Solving for f:
2026-03-15 03:44:22,691 - INFO - Original token_logprobs: {'5': -1.4738423824310303, '7': -1.5988423824310303, '8': -2.0988423824310303, '6': -2.3488423824310303, '3': -2.4738423824310303, '4': -2.5988423824310303, '9': -2.7238423824310303, '0': -2.9738423824310303, '2': -3.0988423824310303, '1': -3.5988423824310303}
2026-03-15 03:44:22,692 - INFO - [Step 58] score 5 rejected, falling back to base model
2026-03-15 03:44:25,440 - INFO - [Step 58] final step_str: (8√14/3)f = -22 => f= (-22 *3)/(8√14)= (-66)/(8√14)= (-33)/(4√14). Rationalizing denominator:
2026-03-15 03:44:25,923 - INFO - Original token_logprobs: {'7': -1.208864688873291, '5': -1.583864688873291, '8': -1.958864688873291, '6': -2.083864688873291, '3': -2.833864688873291, '4': -2.833864688873291, '9': -2.958864688873291, '0': -3.708864688873291, '2': -3.833864688873291, '1': -4.333864688873291}
2026-03-15 03:44:25,923 - INFO - [Step 59] score 7, accepted!
2026-03-15 03:44:25,923 - INFO - [Step 59] final step_str: Multiply numerator and denominator by √14: (-33√14)/(4*14)= (-33√14)/56.
2026-03-15 03:44:26,313 - INFO - Original token_logprobs: {'7': -1.3452240228652954, '8': -1.5952240228652954, '5': -1.5952240228652954, '9': -2.345223903656006, '6': -2.595223903656006, '0': -3.095223903656006, '3': -3.220223903656006, '4': -3.220223903656006, '2': -3.970223903656006, '1': -4.095223903656006}
2026-03-15 03:44:26,313 - INFO - [Step 60] score 7, accepted!
2026-03-15 03:44:26,314 - INFO - [Step 60] final step_str: So f= -33√14/56.
2026-03-15 03:44:26,827 - INFO - Original token_logprobs: {'5': -1.5681121349334717, '7': -1.5681121349334717, '8': -1.8181121349334717, '9': -2.3181121349334717, '3': -2.5681121349334717, '6': -2.5681121349334717, '0': -2.9431121349334717, '4': -2.9431121349334717, '2': -3.3181121349334717, '1': -3.6931121349334717}
2026-03-15 03:44:26,828 - INFO - [Step 61] score 5 rejected, falling back to base model
2026-03-15 03:44:29,472 - INFO - [Step 61] final step_str: Therefore, the equation of the circle is x² + y² + 2gx + 2fy =0, with g= -9/2, f= -33√14/56, so:
2026-03-15 03:44:29,919 - INFO - Original token_logprobs: {'7': -1.5599086284637451, '5': -1.6849086284637451, '8': -1.8099086284637451, '9': -2.309908628463745, '3': -2.559908628463745, '0': -2.684908628463745, '6': -2.684908628463745, '4': -2.809908628463745, '2': -3.309908628463745, '1': -3.559908628463745}
2026-03-15 03:44:29,919 - INFO - [Step 62] score 7, accepted!
2026-03-15 03:44:29,919 - INFO - [Step 62] final step_str: x² + y² -9x + 2*(-33√14/56)y =0.
2026-03-15 03:44:30,264 - INFO - Original token_logprobs: {'7': -1.6003425121307373, '8': -1.7253425121307373, '5': -1.7253425121307373, '9': -2.2253425121307373, '0': -2.3503425121307373, '6': -2.7253425121307373, '3': -2.8503425121307373, '4': -2.9753425121307373, '1': -3.4753425121307373, '2': -3.4753425121307373}
2026-03-15 03:44:30,264 - INFO - [Step 63] score 7, accepted!
2026-03-15 03:44:30,264 - INFO - [Step 63] final step_str: Simplify:
2026-03-15 03:44:30,692 - INFO - Original token_logprobs: {'5': -1.597294807434082, '7': -1.597294807434082, '8': -1.972294807434082, '6': -2.347294807434082, '3': -2.347294807434082, '4': -2.597294807434082, '0': -2.847294807434082, '9': -2.847294807434082, '2': -3.097294807434082, '1': -3.597294807434082}
2026-03-15 03:44:30,692 - INFO - [Step 64] score 5 rejected, falling back to base model
2026-03-15 03:44:32,001 - INFO - [Step 64] final step_str: x² + y² -9x - (66√14/56)y =0.
2026-03-15 03:44:32,557 - INFO - Original token_logprobs: {'7': -1.4364328384399414, '5': -1.5614328384399414, '8': -2.0614328384399414, '6': -2.1864328384399414, '3': -2.4364328384399414, '4': -2.5614328384399414, '9': -2.9364328384399414, '0': -3.1864328384399414, '2': -3.4364328384399414, '1': -3.9364328384399414}
2026-03-15 03:44:32,557 - INFO - [Step 65] score 7, accepted!
2026-03-15 03:44:32,558 - INFO - [Step 65] final step_str: Simplify 66/56: divide numerator and denominator by 2: 33/28. So equation is x² + y² -9x - (33√14/28)y =0.
2026-03-15 03:44:33,172 - INFO - Original token_logprobs: {'5': -1.5843796730041504, '7': -1.5843796730041504, '8': -2.0843796730041504, '6': -2.2093796730041504, '3': -2.3343796730041504, '4': -2.5843796730041504, '9': -2.7093796730041504, '2': -3.0843796730041504, '0': -3.2093796730041504, '1': -3.5843796730041504}
2026-03-15 03:44:33,173 - INFO - [Step 66] score 5 rejected, falling back to base model
2026-03-15 03:44:33,927 - INFO - [Step 66] final step_str: Hmm, this seems a bit complicated, but maybe manageable.
2026-03-15 03:44:34,339 - INFO - Original token_logprobs: {'7': -1.3683102130889893, '8': -1.6183102130889893, '5': -1.7433102130889893, '9': -1.9933102130889893, '6': -2.4933102130889893, '4': -3.1183102130889893, '3': -3.2433102130889893, '0': -3.3683102130889893, '1': -4.11830997467041, '2': -4.11830997467041}
2026-03-15 03:44:34,339 - INFO - [Step 67] score 7, accepted!
2026-03-15 03:44:34,339 - INFO - [Step 67] final step_str: Now, we need to find the equations of the tangents at B and C.
2026-03-15 03:44:34,931 - INFO - Original token_logprobs: {'7': -1.330237865447998, '5': -1.580237865447998, '8': -1.955237865447998, '6': -2.205237865447998, '9': -2.455237865447998, '3': -2.830237865447998, '4': -2.830237865447998, '0': -3.455237865447998, '2': -3.705237865447998, '1': -4.205237865447998}
2026-03-15 03:44:34,932 - INFO - [Step 68] score 7, accepted!
2026-03-15 03:44:34,932 - INFO - [Step 68] final step_str: The tangent at a point (x1,y1) on the circle x² + y² + 2gx + 2fy + c=0 is given by xx1 + yy1 + g(x +x1) + f(y + y1) + c=0.
2026-03-15 03:44:35,313 - INFO - Original token_logprobs: {'7': -1.373652458190918, '5': -1.623652458190918, '8': -1.998652458190918, '6': -2.373652458190918, '9': -2.498652458190918, '3': -2.623652458190918, '4': -2.748652458190918, '0': -3.123652458190918, '2': -3.373652458190918, '1': -3.873652458190918}
2026-03-15 03:44:35,313 - INFO - [Step 69] score 7, accepted!
2026-03-15 03:44:35,314 - INFO - [Step 69] final step_str: But since c=0, the equation simplifies.
2026-03-15 03:44:35,681 - INFO - Original token_logprobs: {'5': -1.738066554069519, '3': -2.1130666732788086, '0': -2.1130666732788086, '7': -2.1130666732788086, '8': -2.2380666732788086, '2': -2.4880666732788086, '9': -2.6130666732788086, '6': -2.7380666732788086, '4': -2.7380666732788086, '1': -2.7380666732788086}
2026-03-15 03:44:35,682 - INFO - [Step 70] score 5 rejected, falling back to base model
2026-03-15 03:44:37,612 - INFO - [Step 70] final step_str: Wait, actually, the tangent at point P(x1,y1) on the circle x² + y² + 2gx + 2fy =0 is:
2026-03-15 03:44:38,047 - INFO - Original token_logprobs: {'7': -1.2475918531417847, '5': -1.6225918531417847, '8': -1.9975918531417847, '6': -2.247591972351074, '9': -2.372591972351074, '3': -2.747591972351074, '4': -2.872591972351074, '0': -3.747591972351074, '2': -3.872591972351074, '1': -4.372591972351074}
2026-03-15 03:44:38,047 - INFO - [Step 71] score 7, accepted!
2026-03-15 03:44:38,047 - INFO - [Step 71] final step_str: xx1 + yy1 + g(x + x1) + f(y + y1)=0.
2026-03-15 03:44:38,552 - INFO - Original token_logprobs: {'5': -1.4574106931686401, '7': -1.5824106931686401, '8': -2.2074108123779297, '6': -2.3324108123779297, '3': -2.3324108123779297, '9': -2.5824108123779297, '4': -2.5824108123779297, '2': -3.0824108123779297, '0': -3.3324108123779297, '1': -3.8324108123779297}
2026-03-15 03:44:38,553 - INFO - [Step 72] score 5 rejected, falling back to base model
2026-03-15 03:44:39,113 - INFO - [Step 72] final step_str: Yes, that's the standard tangent formula.
2026-03-15 03:44:39,496 - INFO - Original token_logprobs: {'5': -1.740804672241211, '7': -2.115804672241211, '3': -2.115804672241211, '0': -2.240804672241211, '8': -2.365804672241211, '9': -2.365804672241211, '2': -2.490804672241211, '1': -2.615804672241211, '4': -2.615804672241211, '6': -2.865804672241211}
2026-03-15 03:44:39,496 - INFO - [Step 73] score 5 rejected, falling back to base model
2026-03-15 03:44:40,231 - INFO - [Step 73] final step_str: So let's compute tangent at B(0,0):
2026-03-15 03:44:40,580 - INFO - Original token_logprobs: {'5': -1.5259853601455688, '7': -1.7759853601455688, '8': -2.1509852409362793, '9': -2.2759852409362793, '3': -2.2759852409362793, '6': -2.4009852409362793, '4': -2.6509852409362793, '2': -3.0259852409362793, '0': -3.0259852409362793, '1': -3.5259852409362793}
2026-03-15 03:44:40,581 - INFO - [Step 74] score 5 rejected, falling back to base model
2026-03-15 03:44:41,390 - INFO - [Step 74] final step_str: Plugging in x1=0, y1=0:
2026-03-15 03:44:41,863 - INFO - Original token_logprobs: {'5': -1.420272707939148, '7': -1.670272707939148, '8': -2.1702728271484375, '3': -2.2952728271484375, '9': -2.4202728271484375, '6': -2.5452728271484375, '4': -2.6702728271484375, '2': -3.0452728271484375, '0': -3.1702728271484375, '1': -3.6702728271484375}
2026-03-15 03:44:41,863 - INFO - [Step 75] score 5 rejected, falling back to base model
2026-03-15 03:44:43,436 - INFO - [Step 75] final step_str: x*0 + y*0 + g(x +0) + f(y +0)=0 => gx + fy=0.
2026-03-15 03:44:43,872 - INFO - Original token_logprobs: {'5': -1.510751724243164, '7': -1.885751724243164, '3': -2.135751724243164, '9': -2.385751724243164, '8': -2.385751724243164, '4': -2.635751724243164, '6': -2.635751724243164, '2': -2.635751724243164, '0': -2.760751724243164, '1': -3.135751724243164}
2026-03-15 03:44:43,872 - INFO - [Step 76] score 5 rejected, falling back to base model
2026-03-15 03:44:45,089 - INFO - [Step 76] final step_str: Given g= -9/2, f= -33√14/56,
2026-03-15 03:44:45,522 - INFO - Original token_logprobs: {'5': -1.4745001792907715, '7': -1.8495001792907715, '3': -1.8495001792907715, '6': -2.2245001792907715, '4': -2.3495001792907715, '2': -2.5995001792907715, '8': -2.7245001792907715, '9': -3.2245001792907715, '0': -3.2245001792907715, '1': -3.4745001792907715}
2026-03-15 03:44:45,522 - INFO - [Step 77] score 5 rejected, falling back to base model
2026-03-15 03:44:46,909 - INFO - [Step 77] final step_str: Thus tangent at B is (-9/2)x + (-33√14/56)y =0.
2026-03-15 03:44:47,300 - INFO - Original token_logprobs: {'5': -1.5246293544769287, '7': -1.6496293544769287, '3': -2.1496293544769287, '8': -2.2746293544769287, '6': -2.3996293544769287, '4': -2.6496293544769287, '2': -2.7746293544769287, '9': -2.7746293544769287, '0': -3.0246293544769287, '1': -3.3996293544769287}
2026-03-15 03:44:47,300 - INFO - [Step 78] score 5 rejected, falling back to base model
2026-03-15 03:44:48,042 - INFO - [Step 78] final step_str: Multiply both sides by 56 to eliminate denominators:
2026-03-15 03:44:48,516 - INFO - Original token_logprobs: {'3': -1.5882070064544678, '5': -1.5882070064544678, '2': -2.0882070064544678, '7': -2.2132070064544678, '4': -2.2132070064544678, '6': -2.4632070064544678, '0': -2.9632070064544678, '1': -3.0882070064544678, '8': -3.2132070064544678, '9': -3.7132070064544678}
2026-03-15 03:44:48,517 - INFO - [Step 79] score 3 rejected, falling back to base model
2026-03-15 03:44:50,467 - INFO - [Step 79] final step_str: -9/2 *56 x -33√14 y =0 => -252x -33√14 y =0.
2026-03-15 03:44:50,842 - INFO - Original token_logprobs: {'2': -1.4921220541000366, '3': -1.6171220541000366, '0': -1.9921220541000366, '1': -2.117122173309326, '5': -2.367122173309326, '4': -2.617122173309326, '7': -2.992122173309326, '6': -3.117122173309326, '8': -3.492122173309326, '9': -3.617122173309326}
2026-03-15 03:44:50,842 - INFO - [Step 80] score 2 rejected, falling back to base model
2026-03-15 03:44:51,422 - INFO - [Step 80] final step_str: Hmm, maybe leave as is for now.
2026-03-15 03:44:51,804 - INFO - Original token_logprobs: {'5': -1.7124626636505127, '3': -1.9624626636505127, '7': -2.0874626636505127, '2': -2.3374626636505127, '8': -2.4624626636505127, '0': -2.4624626636505127, '9': -2.4624626636505127, '4': -2.5874626636505127, '6': -2.7124626636505127, '1': -2.8374626636505127}
2026-03-15 03:44:51,805 - INFO - [Step 81] score 5 rejected, falling back to base model
2026-03-15 03:44:52,427 - INFO - [Step 81] final step_str: Similarly, tangent at C(9,0):
2026-03-15 03:44:52,803 - INFO - Original token_logprobs: {'5': -1.8575118780136108, '3': -1.9825118780136108, '2': -2.2325119972229004, '7': -2.2325119972229004, '0': -2.2325119972229004, '8': -2.4825119972229004, '9': -2.4825119972229004, '1': -2.4825119972229004, '4': -2.6075119972229004, '6': -2.8575119972229004}
2026-03-15 03:44:52,803 - INFO - [Step 82] score 5 rejected, falling back to base model
2026-03-15 03:44:53,103 - INFO - [Step 82] final step_str: Using tangent formula:
2026-03-15 03:44:53,531 - INFO - Original token_logprobs: {'5': -1.6537562608718872, '7': -1.7787562608718872, '3': -2.0287561416625977, '6': -2.4037561416625977, '4': -2.4037561416625977, '8': -2.4037561416625977, '2': -2.5287561416625977, '9': -2.7787561416625977, '0': -2.9037561416625977, '1': -3.2787561416625977}
2026-03-15 03:44:53,531 - INFO - [Step 83] score 5 rejected, falling back to base model
2026-03-15 03:44:54,741 - INFO - [Step 83] final step_str: x*9 + y*0 + g(x +9) + f(y +0)=0.
2026-03-15 03:44:55,151 - INFO - Original token_logprobs: {'5': -1.610630989074707, '7': -1.860630989074707, '3': -2.110630989074707, '4': -2.485630989074707, '9': -2.485630989074707, '2': -2.485630989074707, '8': -2.485630989074707, '6': -2.485630989074707, '0': -2.735630989074707, '1': -3.235630989074707}
2026-03-15 03:44:55,152 - INFO - [Step 84] score 5 rejected, falling back to base model
2026-03-15 03:44:56,126 - INFO - [Step 84] final step_str: So 9x + g(x +9) + f y =0.
2026-03-15 03:44:56,563 - INFO - Original token_logprobs: {'5': -1.7118353843688965, '3': -1.9618353843688965, '0': -2.2118353843688965, '7': -2.2118353843688965, '2': -2.3368353843688965, '9': -2.4618353843688965, '8': -2.5868353843688965, '4': -2.5868353843688965, '6': -2.7118353843688965, '1': -2.8368353843688965}
2026-03-15 03:44:56,564 - INFO - [Step 85] score 5 rejected, falling back to base model
2026-03-15 03:44:57,887 - INFO - [Step 85] final step_str: Substituting g= -9/2, f= -33√14/56,
2026-03-15 03:44:58,344 - INFO - Original token_logprobs: {'5': -1.5300400257110596, '7': -1.9050400257110596, '3': -1.9050400257110596, '6': -2.4050400257110596, '4': -2.4050400257110596, '2': -2.4050400257110596, '8': -2.6550400257110596, '9': -2.9050400257110596, '0': -2.9050400257110596, '1': -3.4050400257110596}
2026-03-15 03:44:58,344 - INFO - [Step 86] score 5 rejected, falling back to base model
2026-03-15 03:44:59,897 - INFO - [Step 86] final step_str: 9x - (9/2)(x +9) - (33√14/56)y =0.
2026-03-15 03:45:00,271 - INFO - Original token_logprobs: {'5': -1.6437368392944336, '7': -1.7687368392944336, '8': -2.1437368392944336, '3': -2.2687368392944336, '0': -2.5187368392944336, '6': -2.5187368392944336, '9': -2.5187368392944336, '4': -2.6437368392944336, '2': -2.7687368392944336, '1': -3.2687368392944336}
2026-03-15 03:45:00,271 - INFO - [Step 87] score 5 rejected, falling back to base model
2026-03-15 03:45:00,578 - INFO - [Step 87] final step_str: Let's expand:
2026-03-15 03:45:01,045 - INFO - Original token_logprobs: {'5': -1.4867829084396362, '7': -1.7367829084396362, '3': -1.8617829084396362, '6': -2.236783027648926, '4': -2.361783027648926, '8': -2.611783027648926, '2': -2.736783027648926, '9': -3.236783027648926, '0': -3.361783027648926, '1': -3.611783027648926}
2026-03-15 03:45:01,045 - INFO - [Step 88] score 5 rejected, falling back to base model
2026-03-15 03:45:02,754 - INFO - [Step 88] final step_str: 9x - (9/2)x - (81/2) - (33√14/56)y =0.
2026-03-15 03:45:03,112 - INFO - Original token_logprobs: {'5': -1.7660226821899414, '3': -1.8910226821899414, '7': -2.0160226821899414, '8': -2.3910226821899414, '2': -2.3910226821899414, '0': -2.5160226821899414, '4': -2.5160226821899414, '9': -2.6410226821899414, '6': -2.6410226821899414, '1': -2.8910226821899414}
2026-03-15 03:45:03,112 - INFO - [Step 89] score 5 rejected, falling back to base model
2026-03-15 03:45:03,418 - INFO - [Step 89] final step_str: Combine like terms:
2026-03-15 03:45:03,786 - WARNING - Score func: Context length maximum reached!
2026-03-15 03:45:03,786 - INFO - [Step 90] score 0 rejected, falling back to base model
2026-03-15 03:45:04,345 - INFO - [Step 90] final step_str: (9 - 9/2)x = (9/2)x,
2026-03-15 03:45:04,748 - WARNING - Score func: Context length maximum reached!
2026-03-15 03:45:04,748 - INFO - [Step 91] score 0 rejected, falling back to base model
2026-03-15 03:45:06,420 - INFO - [Step 91] final step_str: So (9/2)x - (81/2) - (33√14/56)y =0.
2026-03-15 03:45:06,619 - WARNING - Score func: Context length maximum reached!
2026-03-15 03:45:06,619 - INFO - [Step 92] score 0 rejected, falling back to base model
2026-03-15 03:45:07,379 - INFO - [Step 92] final step_str: Multiply all terms by 56 to eliminate denominators:
2026-03-15 03:45:07,664 - WARNING - Score func: Context length maximum reached!
2026-03-15 03:45:07,665 - INFO - [Step 93] score 0 rejected, falling back to base model
2026-03-15 03:45:08,419 - INFO - [Step 93] final step_str: (9/2)x *56 = 9*28x = 252x,
2026-03-15 03:45:08,772 - WARNING - Score func: Context length maximum reached!
2026-03-15 03:45:08,773 - INFO - [Step 94] score 0 rejected, falling back to base model
2026-03-15 03:45:09,876 - INFO - [Step 94] final step_str: - (81/2)*56 = -81*28,
2026-03-15 03:45:10,122 - WARNING - Score func: Context length maximum reached!
2026-03-15 03:45:10,122 - INFO - [Step 95] score 0 rejected, falling back to base model
2026-03-15 03:45:10,934 - INFO - [Step 95] final step_str: - (33√14/56)y *56 = -33√14 y.
2026-03-15 03:45:11,095 - WARNING - Score func: Context length maximum reached!
2026-03-15 03:45:11,096 - INFO - [Step 96] score 0 rejected, falling back to base model
2026-03-15 03:45:11,376 - INFO - [Step 96] final step_str: Thus equation becomes:
2026-03-15 03:45:11,612 - WARNING - Score func: Context length maximum reached!
2026-03-15 03:45:11,612 - INFO - [Step 97] score 0 rejected, falling back to base model
2026-03-15 03:45:12,909 - INFO - [Step 97] final step_str: 252x - 81*28 -33√14 y =0.
2026-03-15 03:45:13,163 - WARNING - Score func: Context length maximum reached!
2026-03-15 03:45:13,163 - INFO - [Step 98] score 0 rejected, falling back to base model
2026-03-15 03:45:14,573 - INFO - [Step 98] final step_str: Compute 81*28: 80*28=2240, 1*2
2026-03-15 03:45:14,754 - WARNING - Score func: Context length maximum reached!
2026-03-15 03:45:14,754 - INFO - [Step 99] score 0 rejected, falling back to base model
2026-03-15 03:45:15,298 - INFO - [Step 99] final step_str: Wait, 81*28
2026-03-15 03:45:15,444 - WARNING - Score func: Context length maximum reached!
2026-03-15 03:45:15,444 - INFO - [Step 100] score 0 rejected, falling back to base model
2026-03-15 03:45:15,634 - INFO - [Step 100] final step_str: 8
2026-03-15 03:45:15,634 - WARNING - Context length maximum reached! Truncating step execution.
2026-03-15 03:45:15,634 - WARNING - Score func: Context length maximum reached!
2026-03-15 03:45:15,635 - INFO - [Step 101] score 0 rejected, falling back to base model
2026-03-15 03:45:15,635 - WARNING - Context length maximum reached! Truncating step execution.
2026-03-15 03:45:15,635 - INFO - [Step 101] final step_str: 
