2026-03-15 02:59:12,855 - INFO - Original token_logprobs: {'8': -1.3181153535842896, '9': -1.4431153535842896, '7': -1.4431153535842896, '5': -2.068115234375, '6': -2.818115234375, '0': -3.568115234375, '4': -4.193115234375, '1': -4.443115234375, '3': -4.568115234375, '2': -5.630615234375}
2026-03-15 02:59:12,855 - INFO - [Step 0] score 8, accepted!
2026-03-15 02:59:12,856 - INFO - [Step 0] final step_str: Okay, so I have this math problem here, and I need to figure out how long Aya's walk will take if she walks at a speed of s + 1/2 kilometers per hour. Let me read the problem again and try to break it down step by step.
2026-03-15 02:59:13,591 - INFO - Original token_logprobs: {'8': -1.3120070695877075, '9': -1.3120070695877075, '7': -1.6870070695877075, '5': -2.062006950378418, '6': -2.937006950378418, '0': -3.437006950378418, '4': -3.687006950378418, '3': -4.062006950378418, '1': -4.437006950378418, '2': -5.374506950378418}
2026-03-15 02:59:13,591 - INFO - [Step 1] score 8, accepted!
2026-03-15 02:59:13,591 - INFO - [Step 1] final step_str: Alright, so Aya walks 9 kilometers every morning. When she walks at a constant speed of s kilometers per hour, it takes her 4 hours, including t minutes spent in the coffee shop. Then, when she increases her speed to s + 2 kilometers per hour, the total time becomes 2 hours and 24 minutes, including the same t minutes in the coffee shop. The question is asking, if she walks at s + 1/2 km/h, how long will her walk take, including the t minutes spent in the coffee shop.
2026-03-15 02:59:14,042 - INFO - Original token_logprobs: {'0': -1.5295085906982422, '5': -1.6545085906982422, '9': -1.7795085906982422, '8': -2.154508590698242, '3': -2.404508590698242, '7': -2.779508590698242, '4': -3.154508590698242, '1': -3.279508590698242, '2': -3.404508590698242, '6': -3.404508590698242}
2026-03-15 02:59:14,043 - INFO - [Step 2] score 0 rejected, falling back to base model
2026-03-15 02:59:15,237 - INFO - [Step 2] final step_str: Hmm, okay. Let me parse the information here. The total time includes both the walking time and the coffee shop time, which is t minutes. So, for each scenario, the total time is the time spent walking plus t minutes. 
2026-03-15 02:59:15,784 - INFO - Original token_logprobs: {'0': -1.7354273796081543, '5': -1.7354273796081543, '8': -1.8604273796081543, '9': -1.9854273796081543, '3': -2.4854273796081543, '7': -2.4854273796081543, '1': -2.8604273796081543, '2': -3.1104273796081543, '4': -3.2354273796081543, '6': -3.2354273796081543}
2026-03-15 02:59:15,784 - INFO - [Step 3] score 0 rejected, falling back to base model
2026-03-15 02:59:16,094 - INFO - [Step 3] final step_str: First, let me note down the given data:
2026-03-15 02:59:16,589 - INFO - Original token_logprobs: {'9': -1.5187301635742188, '8': -1.6437301635742188, '5': -1.6437301635742188, '7': -2.2687301635742188, '0': -2.3937301635742188, '3': -2.8937301635742188, '4': -3.0187301635742188, '6': -3.1437301635742188, '1': -3.6437301635742188, '2': -3.8937301635742188}
2026-03-15 02:59:16,589 - INFO - [Step 4] score 9, accepted!
2026-03-15 02:59:16,589 - INFO - [Step 4] final step_str: 1. When she walks at speed s km/h, the total time is 4 hours (including t minutes).
2. When she walks at speed s + 2 km/h, the total time is 2 hours and 24 minutes (including t minutes).
2026-03-15 02:59:16,957 - INFO - Original token_logprobs: {'8': -1.4367324113845825, '9': -1.5617324113845825, '5': -1.6867324113845825, '7': -2.186732292175293, '0': -2.311732292175293, '4': -3.186732292175293, '6': -3.311732292175293, '3': -3.311732292175293, '1': -3.811732292175293, '2': -4.561732292175293}
2026-03-15 02:59:16,957 - INFO - [Step 5] score 8, accepted!
2026-03-15 02:59:16,957 - INFO - [Step 5] final step_str: We need to find the total time when her speed is s + 1/2 km/h.
2026-03-15 02:59:17,297 - INFO - Original token_logprobs: {'0': -1.2624117136001587, '5': -1.6374117136001587, '9': -1.7624117136001587, '8': -2.387411594390869, '3': -2.762411594390869, '7': -3.012411594390869, '1': -3.012411594390869, '4': -3.262411594390869, '2': -3.512411594390869, '6': -3.887411594390869}
2026-03-15 02:59:17,297 - INFO - [Step 6] score 0 rejected, falling back to base model
2026-03-15 02:59:18,179 - INFO - [Step 6] final step_str: Let me convert all times to hours or all to minutes to avoid confusion. Since the problem mentions minutes in the coffee shop, maybe minutes would be better. Let me see.
2026-03-15 02:59:18,679 - INFO - Original token_logprobs: {'9': -1.5819555521011353, '8': -1.7069555521011353, '5': -1.8319555521011353, '0': -2.0819554328918457, '7': -2.3319554328918457, '3': -2.9569554328918457, '4': -2.9569554328918457, '2': -3.2069554328918457, '1': -3.2069554328918457, '6': -3.3319554328918457}
2026-03-15 02:59:18,679 - INFO - [Step 7] score 9, accepted!
2026-03-15 02:59:18,679 - INFO - [Step 7] final step_str: First, let's convert 2 hours and 24 minutes into hours. 24 minutes is 24/60 hours, which is 0.4 hours. So, 2 hours and 24 minutes is 2.4 hours.
2026-03-15 02:59:19,249 - INFO - Original token_logprobs: {'5': -1.732163429260254, '3': -1.857163429260254, '2': -2.232163429260254, '1': -2.232163429260254, '7': -2.357163429260254, '4': -2.482163429260254, '8': -2.607163429260254, '9': -2.732163429260254, '6': -2.732163429260254, '0': -2.732163429260254}
2026-03-15 02:59:19,249 - INFO - [Step 8] score 5 rejected, falling back to base model
2026-03-15 02:59:20,472 - INFO - [Step 8] final step_str: Alternatively, converting everything into minutes: 4 hours is 240 minutes, and 2 hours 24 minutes is 144 minutes. Maybe working in minutes is better here because t is in minutes. Let me try that.
2026-03-15 02:59:21,032 - INFO - Original token_logprobs: {'5': -1.5510525703430176, '9': -1.8010525703430176, '8': -1.8010525703430176, '0': -2.0510525703430176, '7': -2.1760525703430176, '3': -2.9260525703430176, '4': -3.0510525703430176, '1': -3.0510525703430176, '6': -3.4260525703430176, '2': -3.6760525703430176}
2026-03-15 02:59:21,032 - INFO - [Step 9] score 5 rejected, falling back to base model
2026-03-15 02:59:21,208 - INFO - [Step 9] final step_str: Let me denote:
2026-03-15 02:59:21,596 - INFO - Original token_logprobs: {'0': -1.1283016204833984, '9': -1.6283016204833984, '5': -2.0033016204833984, '8': -2.3783016204833984, '1': -2.7533016204833984, '3': -2.8783016204833984, '7': -3.1283016204833984, '2': -3.3783016204833984, '4': -3.5033016204833984, '6': -4.003301620483398}
2026-03-15 02:59:21,596 - INFO - [Step 10] score 0 rejected, falling back to base model
2026-03-15 02:59:23,655 - INFO - [Step 10] final step_str: Let’s denote the walking time at speed s as T1 minutes, and when she walks faster, the walking time is T2 minutes. The total time in each case is T1 + t = 240 minutes, and T2 + t = 144 minutes. Wait, but actually, the total time includes the coffee shop time, so maybe I need to separate the walking time from the coffee shop time.
2026-03-15 02:59:24,206 - INFO - Original token_logprobs: {'5': -1.6812175512313843, '8': -1.8062175512313843, '7': -1.9312175512313843, '9': -2.056217670440674, '0': -2.431217670440674, '1': -2.681217670440674, '3': -2.806217670440674, '4': -2.931217670440674, '6': -2.931217670440674, '2': -3.056217670440674}
2026-03-15 02:59:24,206 - INFO - [Step 11] score 5 rejected, falling back to base model
2026-03-15 02:59:24,522 - INFO - [Step 11] final step_str: Alternatively, let me think in terms of variables.
2026-03-15 02:59:24,815 - INFO - Original token_logprobs: {'0': -1.1649384498596191, '5': -1.9149384498596191, '9': -2.164938449859619, '3': -2.414938449859619, '8': -2.414938449859619, '1': -2.539938449859619, '2': -2.914938449859619, '7': -3.164938449859619, '4': -3.289938449859619, '6': -3.664938449859619}
2026-03-15 02:59:24,816 - INFO - [Step 12] score 0 rejected, falling back to base model
2026-03-15 02:59:24,997 - INFO - [Step 12] final step_str: Let me denote:
2026-03-15 02:59:25,545 - INFO - Original token_logprobs: {'5': -1.5860698223114014, '7': -1.7110698223114014, '8': -1.8360698223114014, '6': -2.2110698223114014, '3': -2.4610698223114014, '4': -2.4610698223114014, '9': -2.5860698223114014, '2': -3.3360698223114014, '1': -3.3360698223114014, '0': -3.7110698223114014}
2026-03-15 02:59:25,545 - INFO - [Step 13] score 5 rejected, falling back to base model
2026-03-15 02:59:26,268 - INFO - [Step 13] final step_str: Let’s denote the time she spends walking as t_walk. Then, the total time is t_walk + t (coffee shop time). 
2026-03-15 02:59:26,713 - INFO - Original token_logprobs: {'5': -1.6975350379943848, '8': -2.0725350379943848, '7': -2.1975350379943848, '3': -2.1975350379943848, '1': -2.1975350379943848, '4': -2.5725350379943848, '9': -2.5725350379943848, '2': -2.5725350379943848, '6': -2.5725350379943848, '0': -3.0725350379943848}
2026-03-15 02:59:26,714 - INFO - [Step 14] score 5 rejected, falling back to base model
2026-03-15 02:59:26,939 - INFO - [Step 14] final step_str: So for the first case:
2026-03-15 02:59:27,291 - INFO - Original token_logprobs: {'5': -1.752291202545166, '8': -1.752291202545166, '7': -2.002291202545166, '9': -2.377291202545166, '3': -2.502291202545166, '1': -2.502291202545166, '4': -2.752291202545166, '6': -2.752291202545166, '2': -2.752291202545166, '0': -2.752291202545166}
2026-03-15 02:59:27,292 - INFO - [Step 15] score 5 rejected, falling back to base model
2026-03-15 02:59:27,674 - INFO - [Step 15] final step_str: Total time: 4 hours = 240 minutes.
2026-03-15 02:59:27,999 - INFO - Original token_logprobs: {'5': -1.6624526977539062, '8': -2.0374526977539062, '7': -2.1624526977539062, '3': -2.2874526977539062, '1': -2.2874526977539062, '2': -2.4124526977539062, '9': -2.5374526977539062, '4': -2.6624526977539062, '6': -2.6624526977539062, '0': -3.0374526977539062}
2026-03-15 02:59:27,999 - INFO - [Step 16] score 5 rejected, falling back to base model
2026-03-15 02:59:28,449 - INFO - [Step 16] final step_str: So, walking time (in minutes) + t = 240.
2026-03-15 02:59:28,754 - INFO - Original token_logprobs: {'0': -1.4021896123886108, '5': -1.5271896123886108, '9': -2.1521897315979004, '8': -2.2771897315979004, '7': -2.5271897315979004, '3': -2.6521897315979004, '1': -2.7771897315979004, '2': -3.1521897315979004, '4': -3.4021897315979004, '6': -3.9021897315979004}
2026-03-15 02:59:28,754 - INFO - [Step 17] score 0 rejected, falling back to base model
2026-03-15 02:59:28,954 - INFO - [Step 17] final step_str: Similarly, second case:
2026-03-15 02:59:29,304 - INFO - Original token_logprobs: {'5': -1.3235549926757812, '9': -1.6985549926757812, '8': -1.9485549926757812, '7': -2.0735549926757812, '0': -2.8235549926757812, '4': -2.9485549926757812, '3': -2.9485549926757812, '1': -3.1985549926757812, '6': -3.1985549926757812, '2': -3.4485549926757812}
2026-03-15 02:59:29,304 - INFO - [Step 18] score 5 rejected, falling back to base model
2026-03-15 02:59:29,776 - INFO - [Step 18] final step_str: Total time: 2 hours 24 minutes = 144 minutes.
2026-03-15 02:59:30,113 - INFO - Original token_logprobs: {'5': -1.467895269393921, '7': -1.842895269393921, '8': -1.967895269393921, '9': -2.092895269393921, '3': -2.717895269393921, '4': -2.842895269393921, '6': -2.842895269393921, '1': -2.842895269393921, '0': -2.967895269393921, '2': -2.967895269393921}
2026-03-15 02:59:30,113 - INFO - [Step 19] score 5 rejected, falling back to base model
2026-03-15 02:59:30,611 - INFO - [Step 19] final step_str: So, walking time (at s+2) + t = 144.
2026-03-15 02:59:30,988 - INFO - Original token_logprobs: {'7': -1.4597569704055786, '8': -1.4597569704055786, '9': -1.8347569704055786, '5': -1.9597569704055786, '6': -2.709756851196289, '4': -3.084756851196289, '3': -3.334756851196289, '0': -3.459756851196289, '1': -3.584756851196289, '2': -3.834756851196289}
2026-03-15 02:59:30,988 - INFO - [Step 20] score 7, accepted!
2026-03-15 02:59:30,988 - INFO - [Step 20] final step_str: Given that walking time is the distance divided by speed, right? So, distance is 9 km.
2026-03-15 02:59:31,447 - INFO - Original token_logprobs: {'7': -1.173811674118042, '8': -1.423811674118042, '5': -1.923811674118042, '9': -2.048811674118042, '6': -2.173811674118042, '4': -3.673811674118042, '3': -4.548811912536621, '0': -4.673811912536621, '1': -4.798811912536621, '2': -5.798811912536621}
2026-03-15 02:59:31,448 - INFO - [Step 21] score 7, accepted!
2026-03-15 02:59:31,448 - INFO - [Step 21] final step_str: So, walking time at speed s is 9 / s hours. To convert that into minutes, we multiply by 60. So, t_walk1 = (9 / s) * 60 minutes.
2026-03-15 02:59:31,813 - INFO - Original token_logprobs: {'7': -1.260162591934204, '8': -1.260162591934204, '5': -1.885162591934204, '9': -2.010162591934204, '6': -2.385162591934204, '4': -3.885162591934204, '0': -4.510162353515625, '1': -4.635162353515625, '3': -5.010162353515625, '2': -6.197662353515625}
2026-03-15 02:59:31,814 - INFO - [Step 22] score 7, accepted!
2026-03-15 02:59:31,814 - INFO - [Step 22] final step_str: Similarly, t_walk2 = (9 / (s + 2)) * 60 minutes.
2026-03-15 02:59:32,114 - INFO - Original token_logprobs: {'7': -1.2971042394638062, '5': -1.5471042394638062, '8': -1.6721042394638062, '9': -2.1721043586730957, '6': -2.4221043586730957, '4': -3.1721043586730957, '0': -3.5471043586730957, '3': -3.7971043586730957, '1': -4.047104358673096, '2': -5.047104358673096}
2026-03-15 02:59:32,114 - INFO - [Step 23] score 7, accepted!
2026-03-15 02:59:32,114 - INFO - [Step 23] final step_str: So, from the first case:
2026-03-15 02:59:32,439 - INFO - Original token_logprobs: {'7': -1.156213402748108, '8': -1.656213402748108, '5': -1.656213402748108, '6': -2.1562132835388184, '9': -2.2812132835388184, '4': -3.2812132835388184, '0': -4.156213283538818, '3': -4.281213283538818, '1': -4.531213283538818, '2': -5.531213283538818}
2026-03-15 02:59:32,439 - INFO - [Step 24] score 7, accepted!
2026-03-15 02:59:32,439 - INFO - [Step 24] final step_str: t_walk1 + t = 240
2026-03-15 02:59:32,729 - INFO - Original token_logprobs: {'5': -1.3813745975494385, '7': -1.5063745975494385, '8': -1.7563745975494385, '9': -1.8813745975494385, '6': -2.7563745975494385, '4': -3.1313745975494385, '0': -3.3813745975494385, '3': -3.6313745975494385, '1': -4.006374359130859, '2': -4.631374359130859}
2026-03-15 02:59:32,729 - INFO - [Step 25] score 5 rejected, falling back to base model
2026-03-15 02:59:33,186 - INFO - [Step 25] final step_str: => (9 / s)*60 + t = 240
2026-03-15 02:59:33,478 - INFO - Original token_logprobs: {'7': -1.3468005657196045, '8': -1.4718005657196045, '5': -1.7218005657196045, '9': -1.8468005657196045, '6': -2.4718005657196045, '4': -3.4718005657196045, '0': -3.8468005657196045, '3': -4.221800804138184, '1': -4.471800804138184, '2': -5.346800804138184}
2026-03-15 02:59:33,478 - INFO - [Step 26] score 7, accepted!
2026-03-15 02:59:33,478 - INFO - [Step 26] final step_str: From the second case:
2026-03-15 02:59:33,803 - INFO - Original token_logprobs: {'8': -1.2671078443527222, '7': -1.3921078443527222, '9': -1.7671078443527222, '5': -1.8921078443527222, '6': -2.5171079635620117, '4': -3.7671079635620117, '0': -4.267107963562012, '3': -4.517107963562012, '1': -4.517107963562012, '2': -5.642107963562012}
2026-03-15 02:59:33,803 - INFO - [Step 27] score 8, accepted!
2026-03-15 02:59:33,804 - INFO - [Step 27] final step_str: t_walk2 + t = 144
2026-03-15 02:59:34,170 - INFO - Original token_logprobs: {'8': -0.8979426622390747, '7': -1.2729426622390747, '9': -2.022942543029785, '5': -2.522942543029785, '6': -2.647942543029785, '1': -4.897942543029785, '4': -4.897942543029785, '0': -5.147942543029785, '3': -5.772942543029785, '2': -6.897942543029785}
2026-03-15 02:59:34,170 - INFO - [Step 28] score 8, accepted!
2026-03-15 02:59:34,170 - INFO - [Step 28] final step_str: => (9 / (s + 2))*60 + t = 144
2026-03-15 02:59:34,475 - INFO - Original token_logprobs: {'7': -1.225059151649475, '8': -1.225059151649475, '9': -1.850059151649475, '5': -2.1000590324401855, '6': -2.4750590324401855, '4': -4.2250590324401855, '0': -4.3500590324401855, '1': -4.7250590324401855, '3': -5.2250590324401855, '2': -6.2875590324401855}
2026-03-15 02:59:34,475 - INFO - [Step 29] score 7, accepted!
2026-03-15 02:59:34,476 - INFO - [Step 29] final step_str: So now we have two equations:
2026-03-15 02:59:34,902 - INFO - Original token_logprobs: {'8': -0.7443917989730835, '7': -1.2443917989730835, '9': -1.9943917989730835, '6': -2.994391918182373, '5': -3.369391918182373, '1': -5.369391918182373, '0': -5.744391918182373, '4': -5.744391918182373, '3': -6.619391918182373, ' ': -7.306891918182373}
2026-03-15 02:59:34,903 - INFO - [Step 30] score 8, accepted!
2026-03-15 02:59:34,903 - INFO - [Step 30] final step_str: 1. (540 / s) + t = 240
2. (540 / (s + 2)) + t = 144
2026-03-15 02:59:35,241 - INFO - Original token_logprobs: {'7': -1.177040696144104, '8': -1.177040696144104, '9': -1.802040696144104, '5': -2.3020405769348145, '6': -2.4270405769348145, '4': -4.5520405769348145, '1': -5.0520405769348145, '0': -5.4270405769348145, '3': -5.5520405769348145, '2': -6.7395405769348145}
2026-03-15 02:59:35,241 - INFO - [Step 31] score 7, accepted!
2026-03-15 02:59:35,242 - INFO - [Step 31] final step_str: We can subtract the second equation from the first to eliminate t.
2026-03-15 02:59:35,677 - INFO - Original token_logprobs: {'7': -1.2207399606704712, '8': -1.3457399606704712, '9': -1.7207399606704712, '5': -2.0957398414611816, '6': -2.3457398414611816, '4': -4.220739841461182, '1': -4.470739841461182, '3': -4.970739841461182, '0': -5.095739841461182, '2': -6.033239841461182}
2026-03-15 02:59:35,677 - INFO - [Step 32] score 7, accepted!
2026-03-15 02:59:35,678 - INFO - [Step 32] final step_str: So, (540 / s) + t - [540 / (s + 2) + t] = 240 - 144
2026-03-15 02:59:35,960 - INFO - Original token_logprobs: {'7': -1.3723973035812378, '9': -1.4973973035812378, '8': -1.4973973035812378, '5': -1.8723973035812378, '6': -2.7473974227905273, '4': -3.7473974227905273, '0': -3.9973974227905273, '1': -4.122397422790527, '3': -4.372397422790527, '2': -5.372397422790527}
2026-03-15 02:59:35,960 - INFO - [Step 33] score 7, accepted!
2026-03-15 02:59:35,960 - INFO - [Step 33] final step_str: Simplify:
2026-03-15 02:59:36,331 - INFO - Original token_logprobs: {'7': -1.1214460134506226, '8': -1.1214460134506226, '9': -2.121446132659912, '6': -2.246446132659912, '5': -2.371446132659912, '4': -4.621446132659912, '1': -4.871446132659912, '3': -5.621446132659912, '0': -5.621446132659912, '2': -6.808946132659912}
2026-03-15 02:59:36,331 - INFO - [Step 34] score 7, accepted!
2026-03-15 02:59:36,331 - INFO - [Step 34] final step_str: 540 / s - 540 / (s + 2) = 96
2026-03-15 02:59:36,637 - INFO - Original token_logprobs: {'7': -1.2271045446395874, '8': -1.4771045446395874, '9': -1.7271045446395874, '5': -1.8521045446395874, '6': -2.477104663848877, '4': -3.852104663848877, '0': -4.477104663848877, '1': -4.602104663848877, '3': -4.727104663848877, '2': -5.914604663848877}
2026-03-15 02:59:36,637 - INFO - [Step 35] score 7, accepted!
2026-03-15 02:59:36,637 - INFO - [Step 35] final step_str: Factor out 540:
2026-03-15 02:59:36,999 - INFO - Original token_logprobs: {'7': -0.9598858952522278, '8': -1.209885835647583, '6': -2.209885835647583, '5': -2.334885835647583, '9': -2.459885835647583, '4': -4.709886074066162, '1': -4.959886074066162, '3': -5.772386074066162, '0': -5.834886074066162, '2': -6.959886074066162}
2026-03-15 02:59:36,999 - INFO - [Step 36] score 7, accepted!
2026-03-15 02:59:36,999 - INFO - [Step 36] final step_str: 540 [1/s - 1/(s + 2)] = 96
2026-03-15 02:59:37,334 - INFO - Original token_logprobs: {'7': -1.032060980796814, '8': -1.532060980796814, '5': -1.782060980796814, '9': -2.2820611000061035, '6': -2.2820611000061035, '4': -3.9070611000061035, '1': -4.6570611000061035, '3': -4.6570611000061035, '0': -4.7820611000061035, '2': -5.9070611000061035}
2026-03-15 02:59:37,335 - INFO - [Step 37] score 7, accepted!
2026-03-15 02:59:37,335 - INFO - [Step 37] final step_str: Compute 1/s - 1/(s + 2):
2026-03-15 02:59:37,736 - INFO - Original token_logprobs: {'7': -1.0946440696716309, '8': -1.2196440696716309, '5': -2.094644069671631, '9': -2.094644069671631, '6': -2.344644069671631, '4': -4.719644069671631, '1': -4.844644069671631, '3': -5.782144069671631, '0': -5.907144069671631, '2': -6.844644069671631}
2026-03-15 02:59:37,736 - INFO - [Step 38] score 7, accepted!
2026-03-15 02:59:37,736 - INFO - [Step 38] final step_str: That's (s + 2 - s) / [s(s + 2)] = 2 / [s(s + 2)]
2026-03-15 02:59:38,107 - INFO - Original token_logprobs: {'7': -0.9686020612716675, '8': -1.0936020612716675, '6': -2.343602180480957, '9': -2.468602180480957, '5': -2.468602180480957, '4': -5.093602180480957, '1': -5.218602180480957, '3': -6.156102180480957, '0': -6.156102180480957, '2': -7.031102180480957}
2026-03-15 02:59:38,108 - INFO - [Step 39] score 7, accepted!
2026-03-15 02:59:38,108 - INFO - [Step 39] final step_str: So, 540 * (2 / [s(s + 2)]) = 96
2026-03-15 02:59:38,390 - INFO - Original token_logprobs: {'7': -0.9935132265090942, '8': -1.3685132265090942, '5': -1.9935132265090942, '6': -2.1185131072998047, '9': -2.4935131072998047, '4': -4.368513107299805, '1': -4.868513107299805, '0': -5.243513107299805, '3': -5.306013107299805, '2': -6.493513107299805}
2026-03-15 02:59:38,390 - INFO - [Step 40] score 7, accepted!
2026-03-15 02:59:38,390 - INFO - [Step 40] final step_str: Simplify:
2026-03-15 02:59:38,750 - INFO - Original token_logprobs: {'7': -0.986702561378479, '8': -1.236702561378479, '6': -2.1117024421691895, '9': -2.3617024421691895, '5': -2.3617024421691895, '4': -4.6117024421691895, '1': -5.1117024421691895, '3': -5.7367024421691895, '0': -5.7367024421691895, '2': -6.8617024421691895}
2026-03-15 02:59:38,750 - INFO - [Step 41] score 7, accepted!
2026-03-15 02:59:38,751 - INFO - [Step 41] final step_str: (1080) / [s(s + 2)] = 96
2026-03-15 02:59:39,027 - INFO - Original token_logprobs: {'7': -1.0189244747161865, '8': -1.2689244747161865, '9': -2.1439244747161865, '5': -2.2689244747161865, '6': -2.2689244747161865, '4': -4.393924713134766, '1': -5.018924713134766, '3': -5.393924713134766, '0': -5.393924713134766, '2': -6.643924713134766}
2026-03-15 02:59:39,027 - INFO - [Step 42] score 7, accepted!
2026-03-15 02:59:39,027 - INFO - [Step 42] final step_str: Then,
2026-03-15 02:59:39,386 - INFO - Original token_logprobs: {'7': -1.098270058631897, '8': -1.598270058631897, '6': -1.723270058631897, '5': -1.973270058631897, '9': -2.5982699394226074, '4': -3.4732699394226074, '3': -4.348269939422607, '1': -4.598269939422607, '0': -4.723269939422607, '2': -5.348269939422607}
2026-03-15 02:59:39,386 - INFO - [Step 43] score 7, accepted!
2026-03-15 02:59:39,387 - INFO - [Step 43] final step_str: s(s + 2) = 1080 / 96
2026-03-15 02:59:39,725 - INFO - Original token_logprobs: {'7': -1.0878028869628906, '8': -1.4628028869628906, '6': -1.9628028869628906, '5': -2.0878028869628906, '9': -2.4628028869628906, '4': -3.4628028869628906, '3': -4.087802886962891, '0': -4.462802886962891, '1': -4.587802886962891, '2': -5.087802886962891}
2026-03-15 02:59:39,725 - INFO - [Step 44] score 7, accepted!
2026-03-15 02:59:39,725 - INFO - [Step 44] final step_str: Compute 1080 / 96:
2026-03-15 02:59:40,189 - INFO - Original token_logprobs: {'7': -1.1389933824539185, '6': -1.7639933824539185, '5': -1.7639933824539185, '8': -2.013993263244629, '9': -2.388993263244629, '4': -3.138993263244629, '3': -3.763993263244629, '0': -4.013993263244629, '1': -4.388993263244629, '2': -4.638993263244629}
2026-03-15 02:59:40,190 - INFO - [Step 45] score 7, accepted!
2026-03-15 02:59:40,190 - INFO - [Step 45] final step_str: Divide numerator and denominator by 24: 1080 ÷ 24 = 45, 96 ÷ 24 = 4. So, 45/4.
2026-03-15 02:59:40,464 - INFO - Original token_logprobs: {'7': -0.8910577297210693, '8': -1.7660577297210693, '5': -2.0160577297210693, '6': -2.1410577297210693, '9': -2.2660577297210693, '4': -3.7660577297210693, '0': -4.391057968139648, '3': -4.641057968139648, '1': -4.641057968139648, '2': -5.516057968139648}
2026-03-15 02:59:40,464 - INFO - [Step 46] score 7, accepted!
2026-03-15 02:59:40,464 - INFO - [Step 46] final step_str: So,
2026-03-15 02:59:40,800 - INFO - Original token_logprobs: {'7': -1.2344317436218262, '6': -1.7344317436218262, '5': -1.7344317436218262, '8': -1.8594317436218262, '9': -2.484431743621826, '4': -3.109431743621826, '3': -3.734431743621826, '1': -4.109431743621826, '0': -4.109431743621826, '2': -4.609431743621826}
2026-03-15 02:59:40,800 - INFO - [Step 47] score 7, accepted!
2026-03-15 02:59:40,800 - INFO - [Step 47] final step_str: s(s + 2) = 45/4
2026-03-15 02:59:41,102 - INFO - Original token_logprobs: {'7': -0.9191073179244995, '8': -1.5441073179244995, '5': -2.169107437133789, '6': -2.169107437133789, '9': -2.294107437133789, '4': -3.919107437133789, '0': -4.419107437133789, '1': -4.669107437133789, '3': -4.794107437133789, '2': -5.669107437133789}
2026-03-15 02:59:41,102 - INFO - [Step 48] score 7, accepted!
2026-03-15 02:59:41,103 - INFO - [Step 48] final step_str: That's a quadratic equation:
2026-03-15 02:59:41,450 - INFO - Original token_logprobs: {'5': -1.529598593711853, '7': -1.654598593711853, '6': -1.779598593711853, '8': -2.1545987129211426, '4': -2.4045987129211426, '3': -2.5295987129211426, '9': -3.0295987129211426, '2': -3.5295987129211426, '1': -3.5295987129211426, '0': -3.6545987129211426}
2026-03-15 02:59:41,450 - INFO - [Step 49] score 5 rejected, falling back to base model
2026-03-15 02:59:41,706 - INFO - [Step 49] final step_str: Multiply both sides by 4:
2026-03-15 02:59:42,068 - INFO - Original token_logprobs: {'7': -1.0918667316436768, '5': -1.8418667316436768, '6': -1.8418667316436768, '8': -1.8418667316436768, '9': -2.3418667316436768, '4': -3.3418667316436768, '0': -3.9668667316436768, '3': -4.341866493225098, '1': -4.341866493225098, '2': -5.154366493225098}
2026-03-15 02:59:42,068 - INFO - [Step 50] score 7, accepted!
2026-03-15 02:59:42,068 - INFO - [Step 50] final step_str: 4s^2 + 8s - 45 = 0
2026-03-15 02:59:42,389 - INFO - Original token_logprobs: {'7': -1.0563273429870605, '8': -1.8063273429870605, '5': -1.8063273429870605, '6': -1.9313273429870605, '9': -2.3063273429870605, '4': -3.4313273429870605, '0': -4.3063273429870605, '3': -4.4313273429870605, '1': -4.5563273429870605, '2': -5.3688273429870605}
2026-03-15 02:59:42,389 - INFO - [Step 51] score 7, accepted!
2026-03-15 02:59:42,389 - INFO - [Step 51] final step_str: Now, let's solve for s.
2026-03-15 02:59:42,771 - INFO - Original token_logprobs: {'7': -1.0094377994537354, '8': -1.7594377994537354, '5': -1.8844377994537354, '6': -2.0094377994537354, '9': -2.3844377994537354, '4': -3.3844377994537354, '3': -4.134437561035156, '0': -4.259437561035156, '1': -4.634437561035156, '2': -5.134437561035156}
2026-03-15 02:59:42,771 - INFO - [Step 52] score 7, accepted!
2026-03-15 02:59:42,771 - INFO - [Step 52] final step_str: Quadratic equation: 4s^2 + 8s - 45 = 0
2026-03-15 02:59:43,144 - INFO - Original token_logprobs: {'7': -1.0017303228378296, '8': -1.6267303228378296, '5': -2.001730442047119, '6': -2.001730442047119, '9': -2.251730442047119, '4': -3.751730442047119, '0': -4.501730442047119, '3': -4.626730442047119, '1': -4.876730442047119, '2': -5.751730442047119}
2026-03-15 02:59:43,144 - INFO - [Step 53] score 7, accepted!
2026-03-15 02:59:43,144 - INFO - [Step 53] final step_str: Using quadratic formula: s = [-b ± sqrt(b^2 - 4ac)] / (2a)
2026-03-15 02:59:43,503 - INFO - Original token_logprobs: {'7': -0.9432709217071533, '8': -1.5682709217071533, '5': -2.0682709217071533, '6': -2.0682709217071533, '9': -2.3182709217071533, '4': -3.9432709217071533, '0': -4.693270683288574, '1': -4.818270683288574, '3': -4.943270683288574, '2': -6.005770683288574}
2026-03-15 02:59:43,504 - INFO - [Step 54] score 7, accepted!
2026-03-15 02:59:43,504 - INFO - [Step 54] final step_str: Here, a = 4, b = 8, c = -45
2026-03-15 02:59:43,791 - INFO - Original token_logprobs: {'7': -1.1186959743499756, '8': -1.4936959743499756, '5': -1.8686959743499756, '6': -2.1186959743499756, '9': -2.3686959743499756, '4': -3.4936959743499756, '3': -4.118696212768555, '0': -4.368696212768555, '1': -4.493696212768555, '2': -5.243696212768555}
2026-03-15 02:59:43,791 - INFO - [Step 55] score 7, accepted!
2026-03-15 02:59:43,792 - INFO - [Step 55] final step_str: Compute discriminant:
2026-03-15 02:59:44,222 - INFO - Original token_logprobs: {'7': -1.1720911264419556, '8': -1.1720911264419556, '9': -1.5470911264419556, '5': -2.672091007232666, '6': -2.672091007232666, '4': -4.797091007232666, '1': -4.922091007232666, '0': -5.422091007232666, '3': -5.797091007232666, ' ': -6.734591007232666}
2026-03-15 02:59:44,223 - INFO - [Step 56] score 7, accepted!
2026-03-15 02:59:44,223 - INFO - [Step 56] final step_str: b^2 - 4ac = 64 - 4*4*(-45) = 64 + 720 = 784
2026-03-15 02:59:44,551 - INFO - Original token_logprobs: {'7': -1.1936850547790527, '8': -1.3186850547790527, '9': -1.5686850547790527, '5': -2.3186850547790527, '6': -2.4436850547790527, '4': -4.568685054779053, '1': -4.818685054779053, '0': -5.318685054779053, '3': -5.443685054779053, '2': -6.443685054779053}
2026-03-15 02:59:44,551 - INFO - [Step 57] score 7, accepted!
2026-03-15 02:59:44,551 - INFO - [Step 57] final step_str: sqrt(784) = 28
2026-03-15 02:59:44,830 - INFO - Original token_logprobs: {'7': -1.1353261470794678, '8': -1.2603261470794678, '9': -1.6353261470794678, '5': -2.3853261470794678, '6': -2.6353261470794678, '4': -4.635326385498047, '1': -4.760326385498047, '0': -5.135326385498047, '3': -5.385326385498047, '2': -6.447826385498047}
2026-03-15 02:59:44,831 - INFO - [Step 58] score 7, accepted!
2026-03-15 02:59:44,831 - INFO - [Step 58] final step_str: So,
2026-03-15 02:59:45,170 - INFO - Original token_logprobs: {'7': -1.0072095394134521, '8': -1.3822095394134521, '9': -2.007209539413452, '5': -2.257209539413452, '6': -2.257209539413452, '4': -4.382209777832031, '1': -4.757209777832031, '0': -5.132209777832031, '3': -5.382209777832031, '2': -6.319709777832031}
2026-03-15 02:59:45,170 - INFO - [Step 59] score 7, accepted!
2026-03-15 02:59:45,170 - INFO - [Step 59] final step_str: s = [-8 ± 28] / 8
2026-03-15 02:59:45,510 - INFO - Original token_logprobs: {'7': -1.073249101638794, '8': -1.573249101638794, '6': -1.948249101638794, '9': -2.073249101638794, '5': -2.073249101638794, '4': -3.948249101638794, '1': -4.448248863220215, '3': -4.823248863220215, '0': -4.948248863220215, '2': -5.698248863220215}
2026-03-15 02:59:45,511 - INFO - [Step 60] score 7, accepted!
2026-03-15 02:59:45,511 - INFO - [Step 60] final step_str: We can ignore the negative solution because speed can't be negative.
2026-03-15 02:59:45,790 - INFO - Original token_logprobs: {'7': -1.1003843545913696, '8': -1.3503843545913696, '9': -1.8503843545913696, '5': -2.22538423538208, '6': -2.35038423538208, '4': -4.22538423538208, '1': -4.60038423538208, '0': -4.97538423538208, '3': -5.10038423538208, '2': -5.97538423538208}
2026-03-15 02:59:45,790 - INFO - [Step 61] score 7, accepted!
2026-03-15 02:59:45,791 - INFO - [Step 61] final step_str: So,
2026-03-15 02:59:46,195 - INFO - Original token_logprobs: {'7': -0.9819828271865845, '8': -1.8569828271865845, '5': -1.9819828271865845, '9': -1.9819828271865845, '6': -1.9819828271865845, '4': -3.981982707977295, '1': -4.481982707977295, '0': -4.731982707977295, '3': -4.981982707977295, '2': -5.731982707977295}
2026-03-15 02:59:46,196 - INFO - [Step 62] score 7, accepted!
2026-03-15 02:59:46,196 - INFO - [Step 62] final step_str: s = ( -8 + 28 ) / 8 = 20 / 8 = 2.5 km/h
2026-03-15 02:59:46,526 - INFO - Original token_logprobs: {'7': -1.0032131671905518, '8': -1.6282131671905518, '6': -2.0032131671905518, '9': -2.0032131671905518, '5': -2.1282131671905518, '4': -4.128212928771973, '1': -4.628212928771973, '0': -4.878212928771973, '3': -5.128212928771973, '2': -5.940712928771973}
2026-03-15 02:59:46,526 - INFO - [Step 63] score 7, accepted!
2026-03-15 02:59:46,526 - INFO - [Step 63] final step_str: So, s is 2.5 km/h.
2026-03-15 02:59:46,971 - INFO - Original token_logprobs: {'7': -1.0887880325317383, '8': -1.5887880325317383, '9': -1.8387880325317383, '6': -2.0887880325317383, '5': -2.2137880325317383, '4': -3.8387880325317383, '1': -4.338788032531738, '3': -4.463788032531738, '0': -4.588788032531738, '2': -5.338788032531738}
2026-03-15 02:59:46,971 - INFO - [Step 64] score 7, accepted!
2026-03-15 02:59:46,971 - INFO - [Step 64] final step_str: Now, we need to find the total time when she walks at s + 1/2 km/h, which is 2.5 + 0.5 = 3 km/h.
2026-03-15 02:59:47,314 - INFO - Original token_logprobs: {'7': -1.16611647605896, '8': -1.54111647605896, '5': -1.91611647605896, '9': -2.04111647605896, '6': -2.16611647605896, '4': -3.54111647605896, '3': -4.166116714477539, '1': -4.416116714477539, '0': -4.416116714477539, '2': -5.291116714477539}
2026-03-15 02:59:47,315 - INFO - [Step 65] score 7, accepted!
2026-03-15 02:59:47,315 - INFO - [Step 65] final step_str: First, let me compute the walking time at 3 km/h.
2026-03-15 02:59:47,685 - INFO - Original token_logprobs: {'7': -1.3823686838150024, '5': -1.7573686838150024, '8': -1.8823686838150024, '9': -2.007368564605713, '6': -2.257368564605713, '4': -3.007368564605713, '3': -3.132368564605713, '1': -3.507368564605713, '0': -3.507368564605713, '2': -3.757368564605713}
2026-03-15 02:59:47,686 - INFO - [Step 66] score 7, accepted!
2026-03-15 02:59:47,686 - INFO - [Step 66] final step_str: Walking time = distance / speed = 9 km / 3 km/h = 3 hours.
2026-03-15 02:59:48,061 - INFO - Original token_logprobs: {'7': -1.263885498046875, '5': -1.888885498046875, '9': -1.888885498046875, '8': -1.888885498046875, '6': -2.263885498046875, '4': -3.263885498046875, '0': -3.388885498046875, '3': -3.388885498046875, '1': -3.638885498046875, '2': -4.013885498046875}
2026-03-15 02:59:48,061 - INFO - [Step 67] score 7, accepted!
2026-03-15 02:59:48,061 - INFO - [Step 67] final step_str: Convert that to minutes: 3 * 60 = 180 minutes.
2026-03-15 02:59:48,389 - INFO - Original token_logprobs: {'5': -1.755113959312439, '3': -2.0051140785217285, '7': -2.1301140785217285, '6': -2.3801140785217285, '8': -2.3801140785217285, '1': -2.5051140785217285, '9': -2.5051140785217285, '4': -2.5051140785217285, '2': -2.6301140785217285, '0': -2.7551140785217285}
2026-03-15 02:59:48,389 - INFO - [Step 68] score 5 rejected, falling back to base model
2026-03-15 02:59:48,989 - INFO - [Step 68] final step_str: Then, add the coffee shop time t minutes. So total time is 180 + t minutes.
2026-03-15 02:59:49,359 - INFO - Original token_logprobs: {'7': -1.3569939136505127, '8': -1.7319939136505127, '5': -1.8569939136505127, '6': -1.8569939136505127, '9': -2.2319939136505127, '4': -2.9819939136505127, '3': -3.3569939136505127, '1': -3.8569939136505127, '0': -3.9819939136505127, '2': -4.356993675231934}
2026-03-15 02:59:49,360 - INFO - [Step 69] score 7, accepted!
2026-03-15 02:59:49,360 - INFO - [Step 69] final step_str: Wait, but we need to find the total time, so we need to find t first.
2026-03-15 02:59:49,673 - INFO - Original token_logprobs: {'7': -1.1104434728622437, '8': -1.4854434728622437, '9': -1.8604434728622437, '5': -2.235443592071533, '6': -2.235443592071533, '4': -3.735443592071533, '0': -4.235443592071533, '1': -4.360443592071533, '3': -4.485443592071533, '2': -5.547943592071533}
2026-03-15 02:59:49,674 - INFO - [Step 70] score 7, accepted!
2026-03-15 02:59:49,674 - INFO - [Step 70] final step_str: Earlier, from the first equation:
2026-03-15 02:59:50,016 - INFO - Original token_logprobs: {'7': -1.2726160287857056, '8': -1.5226160287857056, '9': -1.8976160287857056, '5': -2.022615909576416, '6': -2.147615909576416, '4': -3.397615909576416, '3': -3.897615909576416, '0': -4.022615909576416, '1': -4.272615909576416, '2': -4.897615909576416}
2026-03-15 02:59:50,017 - INFO - [Step 71] score 7, accepted!
2026-03-15 02:59:50,017 - INFO - [Step 71] final step_str: 540 / s + t = 240
2026-03-15 02:59:50,363 - INFO - Original token_logprobs: {'7': -1.2009363174438477, '8': -1.3259363174438477, '9': -1.7009363174438477, '5': -2.3259363174438477, '6': -2.3259363174438477, '4': -4.075936317443848, '0': -4.575936317443848, '1': -4.700936317443848, '3': -4.825936317443848, '2': -5.950936317443848}
2026-03-15 02:59:50,363 - INFO - [Step 72] score 7, accepted!
2026-03-15 02:59:50,364 - INFO - [Step 72] final step_str: We can plug s = 2.5 km/h into this:
2026-03-15 02:59:50,722 - INFO - Original token_logprobs: {'7': -1.191640853881836, '8': -1.441640853881836, '9': -1.566640853881836, '6': -2.316640853881836, '5': -2.441640853881836, '4': -3.941640853881836, '0': -4.316640853881836, '3': -4.566640853881836, '1': -4.566640853881836, '2': -5.441640853881836}
2026-03-15 02:59:50,723 - INFO - [Step 73] score 7, accepted!
2026-03-15 02:59:50,723 - INFO - [Step 73] final step_str: 540 / 2.5 + t = 240
2026-03-15 02:59:51,214 - INFO - Original token_logprobs: {'7': -1.1410622596740723, '8': -1.2660622596740723, '9': -1.6410622596740723, '5': -2.5160622596740723, '6': -2.5160622596740723, '4': -4.391062259674072, '1': -4.641062259674072, '0': -4.891062259674072, '3': -5.141062259674072, '2': -6.078562259674072}
2026-03-15 02:59:51,214 - INFO - [Step 74] score 7, accepted!
2026-03-15 02:59:51,214 - INFO - [Step 74] final step_str: Compute 540 / 2.5: 540 divided by 2.5 is the same as 540 * 2 / 5 = 1080 / 5 = 216.
2026-03-15 02:59:51,559 - INFO - Original token_logprobs: {'8': -1.1133627891540527, '7': -1.2383627891540527, '9': -1.6133627891540527, '6': -2.6133627891540527, '5': -2.7383627891540527, '4': -4.363362789154053, '1': -4.488362789154053, '3': -5.113362789154053, '0': -5.113362789154053, '2': -6.050862789154053}
2026-03-15 02:59:51,560 - INFO - [Step 75] score 8, accepted!
2026-03-15 02:59:51,560 - INFO - [Step 75] final step_str: So, 216 + t = 240
2026-03-15 02:59:51,931 - INFO - Original token_logprobs: {'8': -1.0223793983459473, '7': -1.2723793983459473, '9': -1.6473793983459473, '6': -2.6473793983459473, '5': -2.7723793983459473, '1': -4.647379398345947, '4': -4.772379398345947, '0': -5.334879398345947, '3': -5.522379398345947, '2': -6.209879398345947}
2026-03-15 02:59:51,931 - INFO - [Step 76] score 8, accepted!
2026-03-15 02:59:51,931 - INFO - [Step 76] final step_str: Thus, t = 240 - 216 = 24 minutes.
2026-03-15 02:59:52,269 - INFO - Original token_logprobs: {'8': -0.9812573790550232, '7': -1.356257438659668, '9': -1.606257438659668, '5': -2.731257438659668, '6': -2.731257438659668, '1': -4.481257438659668, '4': -4.731257438659668, '3': -5.418757438659668, '0': -5.606257438659668, '2': -6.168757438659668}
2026-03-15 02:59:52,269 - INFO - [Step 77] score 8, accepted!
2026-03-15 02:59:52,270 - INFO - [Step 77] final step_str: So, the coffee shop time is 24 minutes.
2026-03-15 02:59:52,718 - INFO - Original token_logprobs: {'8': -0.9783504009246826, '7': -1.3533504009246826, '9': -1.4783504009246826, '6': -2.8533504009246826, '5': -2.9783504009246826, '1': -4.728350639343262, '4': -4.978350639343262, '0': -5.540850639343262, '3': -5.728350639343262, '2': -6.415850639343262}
2026-03-15 02:59:52,718 - INFO - [Step 78] score 8, accepted!
2026-03-15 02:59:52,718 - INFO - [Step 78] final step_str: Therefore, when Aya walks at 3 km/h, the walking time is 180 minutes, and adding 24 minutes gives a total of 204 minutes.
2026-03-15 02:59:53,055 - INFO - Original token_logprobs: {'8': -1.0559362173080444, '9': -1.1809362173080444, '7': -1.5559362173080444, '5': -2.930936336517334, '6': -3.055936336517334, '1': -4.430936336517334, '4': -4.930936336517334, '3': -5.430936336517334, '0': -5.805936336517334, '2': -6.243436336517334}
2026-03-15 02:59:53,056 - INFO - [Step 79] score 8, accepted!
2026-03-15 02:59:53,056 - INFO - [Step 79] final step_str: So, the answer is 204 minutes.
2026-03-15 02:59:53,387 - INFO - Original token_logprobs: {'8': -0.7479807138442993, '9': -1.3729807138442993, '7': -1.7479807138442993, '6': -3.2479805946350098, '5': -3.3729805946350098, '1': -4.74798059463501, '4': -5.24798059463501, '3': -5.74798059463501, '0': -5.99798059463501, '2': -6.56048059463501}
2026-03-15 02:59:53,387 - INFO - [Step 80] score 8, accepted!
2026-03-15 02:59:53,387 - INFO - [Step 80] final step_str: But let me verify the calculations to make sure.
2026-03-15 02:59:53,731 - INFO - Original token_logprobs: {'8': -0.9116959571838379, '9': -1.286695957183838, '7': -1.661695957183838, '5': -2.911695957183838, '6': -3.036695957183838, '1': -4.786695957183838, '4': -4.911695957183838, '3': -5.599195957183838, '0': -5.974195957183838, '2': -6.536695957183838}
2026-03-15 02:59:53,731 - INFO - [Step 81] score 8, accepted!
2026-03-15 02:59:53,731 - INFO - [Step 81] final step_str: First, s was found as 2.5 km/h.
2026-03-15 02:59:54,150 - INFO - Original token_logprobs: {'8': -1.078141212463379, '7': -1.328141212463379, '9': -1.578141212463379, '5': -2.453141212463379, '6': -2.703141212463379, '4': -4.578141212463379, '1': -4.703141212463379, '3': -5.328141212463379, '0': -5.765641212463379, '2': -6.203141212463379}
2026-03-15 02:59:54,151 - INFO - [Step 82] score 8, accepted!
2026-03-15 02:59:54,151 - INFO - [Step 82] final step_str: Then, when walking at 3 km/h, the walking time is 9/3 = 3 hours, which is 180 minutes.
2026-03-15 02:59:54,477 - INFO - Original token_logprobs: {'8': -1.082356333732605, '9': -1.207356333732605, '7': -1.582356333732605, '5': -2.5823564529418945, '6': -3.0823564529418945, '1': -4.4573564529418945, '4': -4.8323564529418945, '3': -5.4573564529418945, '0': -5.5198564529418945, '2': -6.2073564529418945}
2026-03-15 02:59:54,477 - INFO - [Step 83] score 8, accepted!
2026-03-15 02:59:54,478 - INFO - [Step 83] final step_str: Coffee shop time is 24 minutes.
2026-03-15 02:59:54,844 - INFO - Original token_logprobs: {'8': -1.0815881490707397, '7': -1.3315881490707397, '9': -1.4565881490707397, '5': -2.5815882682800293, '6': -2.9565882682800293, '1': -4.456588268280029, '4': -4.706588268280029, '3': -5.331588268280029, '0': -5.644088268280029, '2': -6.081588268280029}
2026-03-15 02:59:54,844 - INFO - [Step 84] score 8, accepted!
2026-03-15 02:59:54,844 - INFO - [Step 84] final step_str: Total time: 180 + 24 = 204 minutes.
2026-03-15 02:59:55,178 - INFO - Original token_logprobs: {'8': -0.8827604055404663, '7': -1.3827604055404663, '9': -1.6327604055404663, '5': -2.757760524749756, '6': -3.007760524749756, '1': -4.757760524749756, '4': -5.007760524749756, '3': -5.632760524749756, '0': -6.195260524749756, '2': -6.570260524749756}
2026-03-15 02:59:55,178 - INFO - [Step 85] score 8, accepted!
2026-03-15 02:59:55,178 - INFO - [Step 85] final step_str: Alternatively, let's verify using the other equation.
2026-03-15 02:59:55,474 - INFO - Original token_logprobs: {'8': -0.8018092513084412, '7': -1.426809310913086, '9': -1.551809310913086, '5': -3.301809310913086, '6': -3.301809310913086, '1': -4.676809310913086, '4': -5.301809310913086, '3': -5.926809310913086, '0': -6.051809310913086, '2': -6.614309310913086}
2026-03-15 02:59:55,474 - INFO - [Step 86] score 8, accepted!
2026-03-15 02:59:55,474 - INFO - [Step 86] final step_str: Second equation:
2026-03-15 02:59:55,844 - INFO - Original token_logprobs: {'8': -0.9572411179542542, '9': -1.4572410583496094, '7': -1.4572410583496094, '5': -2.7072410583496094, '6': -2.9572410583496094, '1': -4.582241058349609, '4': -4.957241058349609, '3': -5.582241058349609, '0': -5.644741058349609, '2': -6.394741058349609}
2026-03-15 02:59:55,844 - INFO - [Step 87] score 8, accepted!
2026-03-15 02:59:55,844 - INFO - [Step 87] final step_str: 540 / (s + 2) + t = 144
2026-03-15 02:59:56,226 - INFO - Original token_logprobs: {'8': -0.9771945476531982, '7': -1.3521945476531982, '9': -1.4771945476531982, '5': -2.7271945476531982, '6': -3.1021945476531982, '1': -4.727194786071777, '4': -5.102194786071777, '3': -5.789694786071777, '0': -6.039694786071777, '2': -6.539694786071777}
2026-03-15 02:59:56,226 - INFO - [Step 88] score 8, accepted!
2026-03-15 02:59:56,226 - INFO - [Step 88] final step_str: s + 2 = 2.5 + 2 = 4.5 km/h.
2026-03-15 02:59:56,595 - INFO - Original token_logprobs: {'8': -1.029102087020874, '7': -1.404102087020874, '9': -1.529102087020874, '5': -2.404102087020874, '6': -2.904102087020874, '1': -4.404102325439453, '4': -4.779102325439453, '3': -5.404102325439453, '0': -5.716602325439453, '2': -6.279102325439453}
2026-03-15 02:59:56,595 - INFO - [Step 89] score 8, accepted!
2026-03-15 02:59:56,595 - INFO - [Step 89] final step_str: So, 540 / 4.5 = 120 minutes.
2026-03-15 02:59:56,993 - INFO - Original token_logprobs: {'8': -0.8692262172698975, '9': -1.4942262172698975, '7': -1.4942262172698975, '5': -2.8692262172698975, '6': -3.1192262172698975, '1': -4.369226455688477, '4': -5.119226455688477, '3': -5.619226455688477, '0': -6.181726455688477, '2': -6.431726455688477}
2026-03-15 02:59:56,993 - INFO - [Step 90] score 8, accepted!
2026-03-15 02:59:56,993 - INFO - [Step 90] final step_str: Then, 120 + t = 144 => t = 24 minutes. That's consistent.
2026-03-15 02:59:57,337 - INFO - Original token_logprobs: {'8': -0.9343628883361816, '7': -1.4343628883361816, '9': -1.5593628883361816, '5': -2.5593628883361816, '6': -3.0593628883361816, '1': -4.309362888336182, '4': -4.934362888336182, '3': -5.559362888336182, '0': -5.996862888336182, '2': -6.309362888336182}
2026-03-15 02:59:57,338 - INFO - [Step 91] score 8, accepted!
2026-03-15 02:59:57,338 - INFO - [Step 91] final step_str: So, yes, t is 24 minutes.
2026-03-15 02:59:57,782 - INFO - Original token_logprobs: {'8': -1.0073089599609375, '7': -1.3823089599609375, '9': -1.5073089599609375, '5': -2.5073089599609375, '6': -3.0073089599609375, '1': -4.3823089599609375, '4': -5.0073089599609375, '3': -5.6948089599609375, '0': -5.9448089599609375, '2': -6.5073089599609375}
2026-03-15 02:59:57,783 - INFO - [Step 92] score 8, accepted!
2026-03-15 02:59:57,783 - INFO - [Step 92] final step_str: Thus, at 3 km/h, walking time is 180 minutes, so total time is 180 + 24 = 204 minutes.
2026-03-15 02:59:58,121 - INFO - Original token_logprobs: {'8': -0.9775044918060303, '9': -1.3525044918060303, '7': -1.6025044918060303, '5': -2.3525044918060303, '6': -3.3525044918060303, '1': -4.352504730224609, '4': -4.852504730224609, '3': -5.540004730224609, '0': -6.040004730224609, '2': -6.415004730224609}
2026-03-15 02:59:58,121 - INFO - [Step 93] score 8, accepted!
2026-03-15 02:59:58,121 - INFO - [Step 93] final step_str: Therefore, the answer is 204 minutes.
2026-03-15 02:59:58,506 - INFO - Original token_logprobs: {'8': -1.1272404193878174, '9': -1.1272404193878174, '7': -1.8772404193878174, '5': -2.3772404193878174, '0': -3.2522404193878174, '6': -3.5022404193878174, '1': -4.127240180969238, '4': -4.502240180969238, '3': -5.252240180969238, '2': -6.564740180969238}
2026-03-15 02:59:58,507 - INFO - [Step 94] score 8, accepted!
2026-03-15 02:59:58,507 - INFO - [Step 94] final step_str: **Final Answer**
The walk takes Aya \boxed{204} minutes, including the coffee shop time.

2026-03-15 02:59:58,507 - INFO - [Step 94] Found candidate answer \boxed{204}. Verifying with base model...
2026-03-15 02:59:58,947 - INFO - [Step 94] Base model rejected answer (NO). Continuing generation.
2026-03-15 02:59:59,264 - INFO - Original token_logprobs: {'8': -1.1272404193878174, '9': -1.1272404193878174, '7': -1.8772404193878174, '5': -2.3772404193878174, '0': -3.2522404193878174, '6': -3.5022404193878174, '1': -4.127240180969238, '4': -4.502240180969238, '3': -5.252240180969238, '2': -6.564740180969238}
2026-03-15 02:59:59,264 - INFO - [Step 95] score 8, accepted!
2026-03-15 02:59:59,264 - INFO - [Step 95] final step_str: \boxed{204}

2026-03-15 02:59:59,264 - INFO - [Step 95] Found candidate answer \boxed{204}. Verifying with base model...
2026-03-15 02:59:59,703 - INFO - [Step 95] Base model rejected answer (NO). Continuing generation.
2026-03-15 03:00:00,038 - INFO - Original token_logprobs: {'8': -1.1272404193878174, '9': -1.1272404193878174, '7': -1.8772404193878174, '5': -2.3772404193878174, '0': -3.2522404193878174, '6': -3.5022404193878174, '1': -4.127240180969238, '4': -4.502240180969238, '3': -5.252240180969238, '2': -6.564740180969238}
2026-03-15 03:00:00,039 - INFO - [Step 96] score 8, accepted!
2026-03-15 03:00:00,039 - INFO - [Step 96] final step_str: **Final Answer**
\boxed{204}

2026-03-15 03:00:00,039 - INFO - [Step 96] Found candidate answer \boxed{204}. Verifying with base model...
2026-03-15 03:00:00,501 - INFO - [Step 96] Base model rejected answer (NO). Continuing generation.
2026-03-15 03:00:00,833 - INFO - Original token_logprobs: {'8': -1.1272404193878174, '9': -1.1272404193878174, '7': -1.8772404193878174, '5': -2.3772404193878174, '0': -3.2522404193878174, '6': -3.5022404193878174, '1': -4.127240180969238, '4': -4.502240180969238, '3': -5.252240180969238, '2': -6.564740180969238}
2026-03-15 03:00:00,833 - INFO - [Step 97] score 8, accepted!
2026-03-15 03:00:00,834 - INFO - [Step 97] final step_str: **Final Answer**
\boxed{204}

2026-03-15 03:00:00,834 - INFO - [Step 97] Found candidate answer \boxed{204}. Verifying with base model...
2026-03-15 03:00:01,273 - INFO - [Step 97] Base model rejected answer (NO). Continuing generation.
