2026-03-15 03:00:07,059 - INFO - Original token_logprobs: {'8': -1.242534875869751, '9': -1.367534875869751, '5': -1.867534875869751, '7': -1.992534875869751, '0': -3.117534875869751, '6': -3.117534875869751, '3': -3.617534875869751, '4': -3.617534875869751, '1': -4.242534637451172, '2': -4.992534637451172}
2026-03-15 03:00:07,059 - INFO - [Step 0] score 8, accepted!
2026-03-15 03:00:07,059 - INFO - [Step 0] final step_str: Okay, let's try to solve this problem. Hmm, Aya walks 9 kilometers every morning and stops at a coffee shop. The problem gives us two scenarios with different speeds and times, and we need to find the time it takes when she walks at a slightly different speed. 
2026-03-15 03:00:07,369 - INFO - Original token_logprobs: {'7': -1.3339530229568481, '8': -1.3339530229568481, '9': -1.4589530229568481, '5': -2.2089529037475586, '6': -2.8339529037475586, '0': -3.5839529037475586, '1': -4.333952903747559, '4': -4.333952903747559, '3': -4.458952903747559, '2': -5.458952903747559}
2026-03-15 03:00:07,369 - INFO - [Step 1] score 7, accepted!
2026-03-15 03:00:07,369 - INFO - [Step 1] final step_str: First, let me parse the problem carefully. 
2026-03-15 03:00:08,017 - INFO - Original token_logprobs: {'9': -1.4255132675170898, '5': -1.8005132675170898, '0': -1.9255132675170898, '8': -2.05051326751709, '3': -2.42551326751709, '7': -2.67551326751709, '1': -3.05051326751709, '4': -3.17551326751709, '6': -3.30051326751709, '2': -3.42551326751709}
2026-03-15 03:00:08,018 - INFO - [Step 2] score 9, accepted!
2026-03-15 03:00:08,018 - INFO - [Step 2] final step_str: When Aya walks at s kilometers per hour, the total time taken is 4 hours, including t minutes spent in the coffee shop. So, the walking time plus the coffee shop time equals 4 hours. Similarly, when her speed increases to s + 2 km/h, the total time is 2 hours and 24 minutes, again including t minutes in the coffee shop. We need to find the time when her speed is s + 0.5 km/h.
2026-03-15 03:00:08,321 - INFO - Original token_logprobs: {'8': -1.2738358974456787, '7': -1.6488358974456787, '9': -1.7738358974456787, '5': -1.8988358974456787, '6': -2.7738358974456787, '0': -3.0238358974456787, '4': -3.2738358974456787, '3': -3.5238358974456787, '1': -4.148836135864258, '2': -4.773836135864258}
2026-03-15 03:00:08,321 - INFO - [Step 3] score 8, accepted!
2026-03-15 03:00:08,321 - INFO - [Step 3] final step_str: Alright, so let's break this down. 
2026-03-15 03:00:08,609 - INFO - Original token_logprobs: {'8': -1.1487351655960083, '7': -1.5237351655960083, '9': -1.8987351655960083, '5': -2.1487350463867188, '6': -2.6487350463867188, '0': -3.1487350463867188, '4': -3.6487350463867188, '3': -3.7737350463867188, '1': -3.8987350463867188, '2': -4.773735046386719}
2026-03-15 03:00:08,609 - INFO - [Step 4] score 8, accepted!
2026-03-15 03:00:08,610 - INFO - [Step 4] final step_str: Let me define the variables:
2026-03-15 03:00:09,364 - INFO - Original token_logprobs: {'8': -1.352164387702942, '7': -1.727164387702942, '5': -1.852164387702942, '9': -2.1021642684936523, '6': -2.6021642684936523, '3': -2.9771642684936523, '4': -2.9771642684936523, '0': -3.1021642684936523, '1': -3.3521642684936523, '2': -3.7271642684936523}
2026-03-15 03:00:09,364 - INFO - [Step 5] score 8, accepted!
2026-03-15 03:00:09,364 - INFO - [Step 5] final step_str: - Let t be the time she spends in the coffee shop in minutes.
- When she walks at speed s km/h, the total time is 4 hours, which is 4*60 = 240 minutes. So, the time spent walking plus t equals 240 minutes.
- When she walks at s + 2 km/h, the total time is 2 hours and 24 minutes. 2 hours is 120 minutes, plus 24 minutes is 144 minutes. So, the walking time plus t equals 144 minutes.
2026-03-15 03:00:09,764 - INFO - Original token_logprobs: {'8': -1.3899507522583008, '7': -1.7649507522583008, '5': -1.8899507522583008, '9': -2.139950752258301, '3': -2.764950752258301, '6': -2.764950752258301, '0': -2.889950752258301, '4': -2.889950752258301, '1': -3.264950752258301, '2': -3.514950752258301}
2026-03-15 03:00:09,764 - INFO - [Step 6] score 8, accepted!
2026-03-15 03:00:09,764 - INFO - [Step 6] final step_str: We need to find the walking time when she walks at s + 0.5 km/h, and then add t to that to get the total time.
2026-03-15 03:00:10,259 - INFO - Original token_logprobs: {'8': -1.335740089416504, '5': -1.710740089416504, '7': -1.835740089416504, '9': -2.085740089416504, '6': -2.585740089416504, '4': -2.960740089416504, '3': -3.210740089416504, '1': -3.335740089416504, '0': -3.335740089416504, '2': -3.710740089416504}
2026-03-15 03:00:10,259 - INFO - [Step 7] score 8, accepted!
2026-03-15 03:00:10,259 - INFO - [Step 7] final step_str: Wait, actually, the problem says "including t minutes spent in the coffee shop." So, the total time is walking time + t. So, the walking time is total time minus t. So, if we can find the walking time at each speed, we can relate them.
2026-03-15 03:00:10,537 - INFO - Original token_logprobs: {'5': -1.790339708328247, '8': -1.790339708328247, '3': -2.040339708328247, '9': -2.290339708328247, '7': -2.290339708328247, '2': -2.665339708328247, '4': -2.665339708328247, '0': -2.665339708328247, '1': -2.790339708328247, '6': -2.915339708328247}
2026-03-15 03:00:10,538 - INFO - [Step 8] score 5 rejected, falling back to base model
2026-03-15 03:00:11,485 - INFO - [Step 8] final step_str: But first, maybe I need to convert everything into hours or minutes? Hmm, since the speeds are in km per hour, maybe it's better to work in hours. Let me see.
2026-03-15 03:00:11,763 - INFO - Original token_logprobs: {'3': -1.743208408355713, '0': -1.868208408355713, '5': -1.993208408355713, '2': -2.118208408355713, '1': -2.243208408355713, '9': -2.368208408355713, '8': -2.618208408355713, '4': -2.868208408355713, '7': -3.118208408355713, '6': -3.493208408355713}
2026-03-15 03:00:11,764 - INFO - [Step 9] score 3 rejected, falling back to base model
2026-03-15 03:00:12,097 - INFO - [Step 9] final step_str: Let me re-express the given information in equations.
2026-03-15 03:00:12,587 - INFO - Original token_logprobs: {'5': -1.7339396476745605, '8': -1.7339396476745605, '7': -2.2339396476745605, '3': -2.3589396476745605, '1': -2.3589396476745605, '9': -2.4839396476745605, '2': -2.4839396476745605, '4': -2.7339396476745605, '6': -2.7339396476745605, '0': -3.1089396476745605}
2026-03-15 03:00:12,587 - INFO - [Step 10] score 5 rejected, falling back to base model
2026-03-15 03:00:14,149 - INFO - [Step 10] final step_str: First scenario: speed = s km/h, total time = 4 hours. The total time includes t minutes. Let's convert t minutes to hours because the speed is in km/h. Since t minutes is t/60 hours. So, the walking time is (4 - t/60) hours. 
2026-03-15 03:00:14,666 - INFO - Original token_logprobs: {'8': -1.3655836582183838, '7': -1.4905836582183838, '5': -1.7405836582183838, '9': -2.115583658218384, '6': -2.240583658218384, '4': -3.115583658218384, '0': -3.865583658218384, '3': -3.865583658218384, '1': -4.115583419799805, '2': -4.615583419799805}
2026-03-15 03:00:14,666 - INFO - [Step 11] score 8, accepted!
2026-03-15 03:00:14,666 - INFO - [Step 11] final step_str: Similarly, in the second scenario: speed = s + 2 km/h, total time = 2 hours 24 minutes, which is 2 + 24/60 = 2.4 hours. So, the walking time is 2.4 - t/60 hours.
2026-03-15 03:00:15,164 - INFO - Original token_logprobs: {'8': -1.1061077117919922, '7': -1.3561077117919922, '9': -1.8561077117919922, '5': -2.231107711791992, '6': -2.356107711791992, '4': -3.856107711791992, '0': -4.731107711791992, '1': -4.731107711791992, '3': -4.981107711791992, '2': -6.106107711791992}
2026-03-15 03:00:15,164 - INFO - [Step 12] score 8, accepted!
2026-03-15 03:00:15,164 - INFO - [Step 12] final step_str: Now, the walking time can also be expressed as distance divided by speed. Since the distance is 9 km in both cases, the walking time is 9 / s hours in the first case, and 9 / (s + 2) hours in the second case.
2026-03-15 03:00:15,457 - INFO - Original token_logprobs: {'8': -0.9975118041038513, '7': -1.247511863708496, '9': -1.997511863708496, '5': -2.372511863708496, '6': -2.747511863708496, '4': -3.997511863708496, '1': -4.622511863708496, '0': -4.747511863708496, '3': -4.997511863708496, '2': -6.060011863708496}
2026-03-15 03:00:15,457 - INFO - [Step 13] score 8, accepted!
2026-03-15 03:00:15,457 - INFO - [Step 13] final step_str: So, putting it together:
2026-03-15 03:00:15,794 - INFO - Original token_logprobs: {'7': -1.221929907798767, '8': -1.596929907798767, '5': -1.846929907798767, '6': -1.971929907798767, '9': -2.4719300270080566, '4': -2.9719300270080566, '3': -3.7219300270080566, '0': -3.9719300270080566, '1': -4.221930027008057, '2': -4.846930027008057}
2026-03-15 03:00:15,794 - INFO - [Step 14] score 7, accepted!
2026-03-15 03:00:15,794 - INFO - [Step 14] final step_str: First equation:
9 / s = 4 - t/60
2026-03-15 03:00:16,160 - INFO - Original token_logprobs: {'8': -0.915058970451355, '7': -1.165058970451355, '9': -1.915058970451355, '6': -2.6650590896606445, '5': -3.0400590896606445, '4': -5.0400590896606445, '0': -5.2900590896606445, '1': -5.2900590896606445, '3': -6.2275590896606445, ' ': -7.2900590896606445}
2026-03-15 03:00:16,160 - INFO - [Step 15] score 8, accepted!
2026-03-15 03:00:16,161 - INFO - [Step 15] final step_str: Second equation:
9 / (s + 2) = 2.4 - t/60
2026-03-15 03:00:16,642 - INFO - Original token_logprobs: {'8': -0.9555039405822754, '7': -1.4555039405822754, '9': -1.7055039405822754, '6': -2.4555039405822754, '5': -2.5805039405822754, '4': -4.330503940582275, '1': -4.830503940582275, '3': -5.205503940582275, '0': -5.205503940582275, '2': -6.143003940582275}
2026-03-15 03:00:16,643 - INFO - [Step 16] score 8, accepted!
2026-03-15 03:00:16,643 - INFO - [Step 16] final step_str: So, now we have two equations with two variables: s and t. We can solve these equations to find s and t, and then compute the walking time at s + 0.5 km/h, and add t to get the total time.
2026-03-15 03:00:16,938 - INFO - Original token_logprobs: {'8': -0.9366100430488586, '7': -1.0616099834442139, '9': -2.311609983444214, '6': -2.686609983444214, '5': -2.811609983444214, '4': -4.436610221862793, '1': -4.811610221862793, '0': -5.186610221862793, '3': -5.561610221862793, '2': -6.436610221862793}
2026-03-15 03:00:16,939 - INFO - [Step 17] score 8, accepted!
2026-03-15 03:00:16,939 - INFO - [Step 17] final step_str: Let me write the equations again:
2026-03-15 03:00:17,361 - INFO - Original token_logprobs: {'8': -0.6923492550849915, '9': -1.5673491954803467, '7': -1.6923491954803467, '6': -3.0673491954803467, '5': -3.3173491954803467, '1': -5.067349433898926, '4': -5.067349433898926, '0': -5.442349433898926, '3': -5.942349433898926, '2': -6.879849433898926}
2026-03-15 03:00:17,361 - INFO - [Step 18] score 8, accepted!
2026-03-15 03:00:17,361 - INFO - [Step 18] final step_str: 1) 9/s = 4 - t/60
2) 9/(s + 2) = 2.4 - t/60
2026-03-15 03:00:17,863 - INFO - Original token_logprobs: {'8': -1.0177228450775146, '7': -1.3927228450775146, '9': -1.6427228450775146, '5': -2.5177228450775146, '6': -2.5177228450775146, '4': -4.517723083496094, '0': -4.892723083496094, '1': -4.892723083496094, '3': -5.517723083496094, '2': -6.517723083496094}
2026-03-15 03:00:17,864 - INFO - [Step 19] score 8, accepted!
2026-03-15 03:00:17,864 - INFO - [Step 19] final step_str: Hmm, so we have two equations. Let me denote t/60 as x for simplicity. Then, equation 1 becomes 9/s = 4 - x, and equation 2 becomes 9/(s + 2) = 2.4 - x.
2026-03-15 03:00:18,154 - INFO - Original token_logprobs: {'7': -1.0935834646224976, '8': -1.0935834646224976, '9': -1.9685834646224976, '5': -2.593583583831787, '6': -2.718583583831787, '4': -4.218583583831787, '0': -4.468583583831787, '1': -4.593583583831787, '3': -5.093583583831787, '2': -6.031083583831787}
2026-03-15 03:00:18,154 - INFO - [Step 20] score 7, accepted!
2026-03-15 03:00:18,155 - INFO - [Step 20] final step_str: Let me write that:
2026-03-15 03:00:18,580 - INFO - Original token_logprobs: {'8': -0.7888798117637634, '9': -1.5388798713684082, '7': -1.5388798713684082, '6': -3.038879871368408, '5': -3.163879871368408, '1': -4.913879871368408, '4': -5.038879871368408, '0': -5.288879871368408, '3': -5.788879871368408, '2': -6.726379871368408}
2026-03-15 03:00:18,580 - INFO - [Step 21] score 8, accepted!
2026-03-15 03:00:18,580 - INFO - [Step 21] final step_str: Equation 1: 9/s = 4 - x
Equation 2: 9/(s + 2) = 2.4 - x
2026-03-15 03:00:18,925 - INFO - Original token_logprobs: {'5': -1.6183536052703857, '8': -1.8683536052703857, '7': -1.9933536052703857, '9': -1.9933536052703857, '0': -2.4933536052703857, '3': -2.4933536052703857, '4': -2.8683536052703857, '1': -2.8683536052703857, '2': -2.9933536052703857, '6': -3.2433536052703857}
2026-03-15 03:00:18,925 - INFO - [Step 22] score 5 rejected, falling back to base model
2026-03-15 03:00:19,541 - INFO - [Step 22] final step_str: Now, subtract equation 2 from equation 1? Or maybe express x from both equations and set them equal?
2026-03-15 03:00:19,883 - INFO - Original token_logprobs: {'8': -1.4276089668273926, '9': -1.5526089668273926, '7': -1.5526089668273926, '5': -1.8026089668273926, '6': -2.5526089668273926, '4': -3.4276089668273926, '1': -4.052608966827393, '3': -4.052608966827393, '0': -4.427608966827393, '2': -4.802608966827393}
2026-03-15 03:00:19,883 - INFO - [Step 23] score 8, accepted!
2026-03-15 03:00:19,883 - INFO - [Step 23] final step_str: From equation 1: x = 4 - 9/s
2026-03-15 03:00:20,246 - INFO - Original token_logprobs: {'8': -1.2502391338348389, '9': -1.2502391338348389, '7': -1.6252391338348389, '5': -2.125239133834839, '6': -2.750239133834839, '4': -4.125239372253418, '1': -4.625239372253418, '3': -5.000239372253418, '0': -5.125239372253418, '2': -6.062739372253418}
2026-03-15 03:00:20,246 - INFO - [Step 24] score 8, accepted!
2026-03-15 03:00:20,246 - INFO - [Step 24] final step_str: From equation 2: x = 2.4 - 9/(s + 2)
2026-03-15 03:00:20,545 - INFO - Original token_logprobs: {'9': -1.1290792226791382, '8': -1.5040792226791382, '5': -1.7540792226791382, '7': -1.7540792226791382, '6': -3.1290793418884277, '4': -3.8790793418884277, '0': -4.379079341888428, '1': -4.379079341888428, '3': -4.754079341888428, '2': -5.816579341888428}
2026-03-15 03:00:20,545 - INFO - [Step 25] score 9, accepted!
2026-03-15 03:00:20,546 - INFO - [Step 25] final step_str: So, set them equal:
2026-03-15 03:00:20,905 - INFO - Original token_logprobs: {'8': -0.9920916557312012, '9': -0.9920916557312012, '7': -1.8670916557312012, '5': -3.117091655731201, '6': -3.367091655731201, '1': -4.867091655731201, '4': -4.992091655731201, '3': -5.867091655731201, '0': -6.117091655731201, '2': -6.929591655731201}
2026-03-15 03:00:20,906 - INFO - [Step 26] score 8, accepted!
2026-03-15 03:00:20,906 - INFO - [Step 26] final step_str: 4 - 9/s = 2.4 - 9/(s + 2)
2026-03-15 03:00:21,203 - INFO - Original token_logprobs: {'9': -0.9555517435073853, '8': -1.2055517435073853, '7': -1.8305517435073853, '5': -2.5805516242980957, '6': -3.0805516242980957, '4': -4.455551624298096, '1': -4.830551624298096, '3': -5.330551624298096, '0': -5.893051624298096, '2': -6.518051624298096}
2026-03-15 03:00:21,203 - INFO - [Step 27] score 9, accepted!
2026-03-15 03:00:21,203 - INFO - [Step 27] final step_str: Let me solve for s.
2026-03-15 03:00:21,575 - INFO - Original token_logprobs: {'8': -0.9962542057037354, '9': -1.2462542057037354, '7': -1.6212542057037354, '5': -2.7462542057037354, '6': -2.9962542057037354, '4': -4.496253967285156, '1': -4.871253967285156, '3': -5.496253967285156, '0': -5.871253967285156, '2': -6.496253967285156}
2026-03-15 03:00:21,576 - INFO - [Step 28] score 8, accepted!
2026-03-15 03:00:21,576 - INFO - [Step 28] final step_str: So, 4 - 9/s = 2.4 - 9/(s + 2)
2026-03-15 03:00:21,895 - INFO - Original token_logprobs: {'7': -1.3645074367523193, '8': -1.3645074367523193, '9': -1.6145074367523193, '5': -1.9895074367523193, '6': -2.6145074367523193, '4': -3.6145074367523193, '1': -4.114507675170898, '0': -4.239507675170898, '3': -4.364507675170898, '2': -5.489507675170898}
2026-03-15 03:00:21,895 - INFO - [Step 29] score 7, accepted!
2026-03-15 03:00:21,895 - INFO - [Step 29] final step_str: Let me move all terms to the left side:
2026-03-15 03:00:22,276 - INFO - Original token_logprobs: {'8': -1.1997473239898682, '7': -1.3247473239898682, '9': -1.6997473239898682, '5': -2.199747323989868, '6': -2.449747323989868, '4': -3.824747323989868, '1': -4.449747085571289, '3': -4.949747085571289, '0': -5.199747085571289, '2': -6.012247085571289}
2026-03-15 03:00:22,277 - INFO - [Step 30] score 8, accepted!
2026-03-15 03:00:22,277 - INFO - [Step 30] final step_str: 4 - 9/s - 2.4 + 9/(s + 2) = 0
2026-03-15 03:00:22,559 - INFO - Original token_logprobs: {'7': -1.2981268167495728, '8': -1.5481268167495728, '5': -1.7981268167495728, '9': -1.7981268167495728, '6': -2.673126697540283, '4': -3.298126697540283, '0': -3.798126697540283, '3': -3.798126697540283, '1': -3.923126697540283, '2': -4.923126697540283}
2026-03-15 03:00:22,559 - INFO - [Step 31] score 7, accepted!
2026-03-15 03:00:22,560 - INFO - [Step 31] final step_str: Simplify:
2026-03-15 03:00:22,945 - INFO - Original token_logprobs: {'7': -1.1846476793289185, '8': -1.1846476793289185, '5': -2.184647560119629, '9': -2.184647560119629, '6': -2.184647560119629, '4': -3.934647560119629, '1': -4.559647560119629, '3': -4.809647560119629, '0': -5.184647560119629, '2': -5.934647560119629}
2026-03-15 03:00:22,945 - INFO - [Step 32] score 7, accepted!
2026-03-15 03:00:22,945 - INFO - [Step 32] final step_str: (4 - 2.4) - 9/s + 9/(s + 2) = 0
2026-03-15 03:00:23,312 - INFO - Original token_logprobs: {'7': -1.139066219329834, '8': -1.139066219329834, '9': -2.014066219329834, '5': -2.389066219329834, '6': -2.389066219329834, '4': -4.139066219329834, '1': -4.639066219329834, '3': -5.139066219329834, '0': -5.264066219329834, '2': -6.326566219329834}
2026-03-15 03:00:23,312 - INFO - [Step 33] score 7, accepted!
2026-03-15 03:00:23,312 - INFO - [Step 33] final step_str: 1.6 - 9/s + 9/(s + 2) = 0
2026-03-15 03:00:23,664 - INFO - Original token_logprobs: {'5': -1.5176279544830322, '7': -1.6426279544830322, '8': -1.7676279544830322, '9': -2.0176279544830322, '6': -2.5176279544830322, '4': -2.7676279544830322, '3': -2.8926279544830322, '1': -3.5176279544830322, '0': -3.6426279544830322, '2': -3.8926279544830322}
2026-03-15 03:00:23,665 - INFO - [Step 34] score 5 rejected, falling back to base model
2026-03-15 03:00:24,214 - INFO - [Step 34] final step_str: Hmm, so 1.6 = 9/s - 9/(s + 2)
2026-03-15 03:00:24,564 - INFO - Original token_logprobs: {'7': -1.1696988344192505, '8': -1.4196988344192505, '9': -1.7946988344192505, '5': -2.044698715209961, '6': -2.294698715209961, '4': -4.044698715209961, '0': -4.669698715209961, '1': -4.669698715209961, '3': -4.919698715209961, '2': -6.169698715209961}
2026-03-15 03:00:24,564 - INFO - [Step 35] score 7, accepted!
2026-03-15 03:00:24,564 - INFO - [Step 35] final step_str: Let me compute 9/s - 9/(s + 2):
2026-03-15 03:00:25,088 - INFO - Original token_logprobs: {'8': -1.0157470703125, '7': -1.2657470703125, '9': -1.6407470703125, '6': -2.6407470703125, '5': -2.7657470703125, '1': -4.6407470703125, '4': -5.0157470703125, '0': -5.5782470703125, '3': -6.0782470703125, '2': -7.0157470703125}
2026-03-15 03:00:25,089 - INFO - [Step 36] score 8, accepted!
2026-03-15 03:00:25,089 - INFO - [Step 36] final step_str: Factor out 9: 9*(1/s - 1/(s + 2)) = 9*( (s + 2 - s)/(s(s + 2)) ) = 9*(2)/(s(s + 2)) = 18/(s(s + 2))
2026-03-15 03:00:25,443 - INFO - Original token_logprobs: {'7': -1.0787608623504639, '8': -1.2037608623504639, '9': -1.8287608623504639, '6': -2.328760862350464, '5': -2.578760862350464, '4': -4.828761100769043, '1': -4.953761100769043, '0': -5.641261100769043, '3': -6.078761100769043, ' ': -7.078761100769043}
2026-03-15 03:00:25,443 - INFO - [Step 37] score 7, accepted!
2026-03-15 03:00:25,443 - INFO - [Step 37] final step_str: So, 1.6 = 18/(s(s + 2))
2026-03-15 03:00:25,797 - INFO - Original token_logprobs: {'7': -1.1001129150390625, '8': -1.1001129150390625, '9': -1.9751129150390625, '6': -2.3501129150390625, '5': -2.6001129150390625, '4': -4.8501129150390625, '1': -4.9751129150390625, '0': -5.6001129150390625, '3': -5.9751129150390625, '2': -7.1001129150390625}
2026-03-15 03:00:25,797 - INFO - [Step 38] score 7, accepted!
2026-03-15 03:00:25,797 - INFO - [Step 38] final step_str: So, 18/(s(s + 2)) = 1.6
2026-03-15 03:00:26,119 - INFO - Original token_logprobs: {'7': -1.0455578565597534, '8': -1.2955578565597534, '5': -2.170557975769043, '9': -2.170557975769043, '6': -2.295557975769043, '4': -4.170557975769043, '1': -4.545557975769043, '0': -4.858057975769043, '3': -5.170557975769043, '2': -6.295557975769043}
2026-03-15 03:00:26,119 - INFO - [Step 39] score 7, accepted!
2026-03-15 03:00:26,119 - INFO - [Step 39] final step_str: Multiply both sides by s(s + 2):
2026-03-15 03:00:26,462 - INFO - Original token_logprobs: {'7': -1.0586934089660645, '8': -1.1836934089660645, '9': -2.0586934089660645, '6': -2.1836934089660645, '5': -2.5586934089660645, '4': -4.5586934089660645, '1': -5.1836934089660645, '0': -5.3086934089660645, '3': -5.6836934089660645, '2': -6.8711934089660645}
2026-03-15 03:00:26,463 - INFO - [Step 40] score 7, accepted!
2026-03-15 03:00:26,463 - INFO - [Step 40] final step_str: 18 = 1.6 * s(s + 2)
2026-03-15 03:00:26,796 - INFO - Original token_logprobs: {'7': -1.0715441703796387, '8': -1.4465441703796387, '5': -2.0715441703796387, '9': -2.0715441703796387, '6': -2.0715441703796387, '4': -4.196544170379639, '1': -4.696544170379639, '0': -4.821544170379639, '3': -5.196544170379639, '2': -6.384044170379639}
2026-03-15 03:00:26,796 - INFO - [Step 41] score 7, accepted!
2026-03-15 03:00:26,796 - INFO - [Step 41] final step_str: Compute 1.6 * s(s + 2):
2026-03-15 03:00:27,150 - INFO - Original token_logprobs: {'7': -0.898036003112793, '8': -1.648036003112793, '6': -1.898036003112793, '5': -2.148036003112793, '9': -2.398036003112793, '4': -4.148036003112793, '0': -4.773036003112793, '1': -5.023036003112793, '3': -5.148036003112793, '2': -6.398036003112793}
2026-03-15 03:00:27,151 - INFO - [Step 42] score 7, accepted!
2026-03-15 03:00:27,151 - INFO - [Step 42] final step_str: 1.6 s^2 + 3.2 s = 18
2026-03-15 03:00:27,459 - INFO - Original token_logprobs: {'7': -0.9110274910926819, '8': -1.661027431488037, '5': -2.036027431488037, '6': -2.036027431488037, '9': -2.411027431488037, '4': -3.911027431488037, '0': -4.536027431488037, '3': -4.536027431488037, '1': -4.786027431488037, '2': -5.848527431488037}
2026-03-15 03:00:27,460 - INFO - [Step 43] score 7, accepted!
2026-03-15 03:00:27,460 - INFO - [Step 43] final step_str: Bring all terms to one side:
2026-03-15 03:00:27,828 - INFO - Original token_logprobs: {'7': -0.9572668075561523, '8': -1.3322668075561523, '9': -2.0822668075561523, '6': -2.2072668075561523, '5': -2.4572668075561523, '4': -4.457266807556152, '0': -5.207266807556152, '1': -5.207266807556152, '3': -5.519766807556152, '2': -6.769766807556152}
2026-03-15 03:00:27,828 - INFO - [Step 44] score 7, accepted!
2026-03-15 03:00:27,829 - INFO - [Step 44] final step_str: 1.6 s^2 + 3.2 s - 18 = 0
2026-03-15 03:00:28,094 - INFO - Original token_logprobs: {'7': -0.9825832843780518, '8': -1.6075832843780518, '9': -1.8575832843780518, '5': -2.2325832843780518, '6': -2.2325832843780518, '4': -3.9825832843780518, '0': -4.482583045959473, '1': -4.732583045959473, '3': -4.857583045959473, '2': -6.045083045959473}
2026-03-15 03:00:28,094 - INFO - [Step 45] score 7, accepted!
2026-03-15 03:00:28,094 - INFO - [Step 45] final step_str: Multiply both sides by 10 to eliminate decimals:
2026-03-15 03:00:28,439 - INFO - Original token_logprobs: {'7': -1.079979419708252, '8': -1.454979419708252, '6': -1.954979419708252, '9': -2.079979419708252, '5': -2.204979419708252, '4': -3.954979419708252, '0': -4.704979419708252, '3': -4.954979419708252, '1': -4.954979419708252, '2': -6.079979419708252}
2026-03-15 03:00:28,439 - INFO - [Step 46] score 7, accepted!
2026-03-15 03:00:28,439 - INFO - [Step 46] final step_str: 16 s^2 + 32 s - 180 = 0
2026-03-15 03:00:28,742 - INFO - Original token_logprobs: {'7': -0.8647183179855347, '8': -1.8647183179855347, '6': -1.9897183179855347, '5': -2.114718437194824, '9': -2.364718437194824, '4': -3.739718437194824, '0': -4.114718437194824, '3': -4.489718437194824, '1': -4.489718437194824, '2': -5.614718437194824}
2026-03-15 03:00:28,743 - INFO - [Step 47] score 7, accepted!
2026-03-15 03:00:28,743 - INFO - [Step 47] final step_str: Simplify by dividing by 4:
2026-03-15 03:00:29,085 - INFO - Original token_logprobs: {'7': -1.0616427659988403, '8': -1.3116427659988403, '9': -1.8116427659988403, '6': -2.186642646789551, '5': -2.561642646789551, '4': -4.561642646789551, '1': -5.061642646789551, '0': -5.186642646789551, '3': -5.811642646789551, ' ': -6.561642646789551}
2026-03-15 03:00:29,086 - INFO - [Step 48] score 7, accepted!
2026-03-15 03:00:29,086 - INFO - [Step 48] final step_str: 4 s^2 + 8 s - 45 = 0
2026-03-15 03:00:29,463 - INFO - Original token_logprobs: {'7': -1.0361387729644775, '8': -1.2861387729644775, '9': -1.7861387729644775, '6': -2.2861387729644775, '5': -2.6611387729644775, '4': -4.786138534545898, '0': -5.036138534545898, '1': -5.036138534545898, '3': -5.911138534545898, ' ': -6.661138534545898}
2026-03-15 03:00:29,463 - INFO - [Step 49] score 7, accepted!
2026-03-15 03:00:29,463 - INFO - [Step 49] final step_str: So, quadratic equation: 4 s^2 + 8 s - 45 = 0
2026-03-15 03:00:29,776 - INFO - Original token_logprobs: {'7': -1.0876688957214355, '8': -1.2126688957214355, '9': -1.5876688957214355, '6': -2.5876688957214355, '5': -2.9626688957214355, '1': -4.7126688957214355, '0': -4.8376688957214355, '4': -4.8376688957214355, '3': -5.7126688957214355, '2': -6.7751688957214355}
2026-03-15 03:00:29,776 - INFO - [Step 50] score 7, accepted!
2026-03-15 03:00:29,776 - INFO - [Step 50] final step_str: Let me solve for s using quadratic formula.
2026-03-15 03:00:30,153 - INFO - Original token_logprobs: {'7': -1.0225558280944824, '8': -1.1475558280944824, '9': -2.1475558280944824, '6': -2.2725558280944824, '5': -2.6475558280944824, '4': -4.647555828094482, '1': -4.897555828094482, '0': -5.272555828094482, '3': -5.647555828094482, '2': -6.710055828094482}
2026-03-15 03:00:30,153 - INFO - [Step 51] score 7, accepted!
2026-03-15 03:00:30,153 - INFO - [Step 51] final step_str: s = [-8 ± sqrt(8^2 - 4*4*(-45))]/(2*4)
2026-03-15 03:00:30,440 - INFO - Original token_logprobs: {'7': -1.0185768604278564, '8': -1.2685768604278564, '9': -1.7685768604278564, '6': -2.5185768604278564, '5': -2.6435768604278564, '4': -4.643576622009277, '1': -4.831076622009277, '0': -5.018576622009277, '3': -5.518576622009277, '2': -6.706076622009277}
2026-03-15 03:00:30,441 - INFO - [Step 52] score 7, accepted!
2026-03-15 03:00:30,441 - INFO - [Step 52] final step_str: Compute discriminant:
2026-03-15 03:00:30,747 - INFO - Original token_logprobs: {'7': -0.9497588872909546, '8': -1.4497588872909546, '9': -1.9497588872909546, '6': -2.199759006500244, '5': -2.449759006500244, '4': -4.324759006500244, '0': -4.949759006500244, '1': -5.074759006500244, '3': -5.199759006500244, '2': -6.449759006500244}
2026-03-15 03:00:30,747 - INFO - [Step 53] score 7, accepted!
2026-03-15 03:00:30,747 - INFO - [Step 53] final step_str: 8^2 = 64
2026-03-15 03:00:31,122 - INFO - Original token_logprobs: {'7': -0.8594581484794617, '8': -1.4844582080841064, '9': -2.1094582080841064, '6': -2.2344582080841064, '5': -2.4844582080841064, '4': -4.484457969665527, '0': -4.734457969665527, '1': -4.984457969665527, '3': -5.359457969665527, '2': -6.546957969665527}
2026-03-15 03:00:31,123 - INFO - [Step 54] score 7, accepted!
2026-03-15 03:00:31,123 - INFO - [Step 54] final step_str: 4*4*45 = 16*45 = 720
2026-03-15 03:00:31,493 - INFO - Original token_logprobs: {'8': -1.2111619710922241, '9': -1.2111619710922241, '7': -1.3361619710922241, '6': -2.8361620903015137, '5': -2.9611620903015137, '1': -4.711162090301514, '4': -5.086162090301514, '0': -5.211162090301514, '3': -5.898662090301514, ' ': -6.336162090301514}
2026-03-15 03:00:31,493 - INFO - [Step 55] score 8, accepted!
2026-03-15 03:00:31,493 - INFO - [Step 55] final step_str: So, discriminant is 64 + 720 = 784
2026-03-15 03:00:31,824 - INFO - Original token_logprobs: {'9': -1.123718023300171, '8': -1.248718023300171, '7': -1.498718023300171, '5': -2.748718023300171, '6': -2.748718023300171, '4': -4.62371826171875, '1': -4.74871826171875, '0': -5.24871826171875, '3': -5.49871826171875, ' ': -6.24871826171875}
2026-03-15 03:00:31,824 - INFO - [Step 56] score 9, accepted!
2026-03-15 03:00:31,824 - INFO - [Step 56] final step_str: sqrt(784) = 28
2026-03-15 03:00:32,164 - INFO - Original token_logprobs: {'7': -1.16010582447052, '8': -1.16010582447052, '9': -1.53510582447052, '6': -2.6601057052612305, '5': -2.9101057052612305, '1': -4.5351057052612305, '4': -4.9101057052612305, '0': -5.4101057052612305, '3': -5.7851057052612305, ' ': -6.4101057052612305}
2026-03-15 03:00:32,164 - INFO - [Step 57] score 7, accepted!
2026-03-15 03:00:32,164 - INFO - [Step 57] final step_str: So, s = [-8 ± 28]/8
2026-03-15 03:00:32,461 - INFO - Original token_logprobs: {'8': -1.154924750328064, '7': -1.279924750328064, '9': -1.529924750328064, '5': -2.5299248695373535, '6': -2.6549248695373535, '4': -4.4049248695373535, '1': -4.7799248695373535, '0': -5.0299248695373535, '3': -5.2799248695373535, ' ': -6.4674248695373535}
2026-03-15 03:00:32,461 - INFO - [Step 58] score 8, accepted!
2026-03-15 03:00:32,461 - INFO - [Step 58] final step_str: We have two solutions:
2026-03-15 03:00:32,844 - INFO - Original token_logprobs: {'7': -1.3505669832229614, '9': -1.3505669832229614, '8': -1.4755669832229614, '5': -2.225566864013672, '6': -2.475566864013672, '4': -3.975566864013672, '1': -4.350566864013672, '0': -4.600566864013672, '3': -4.725566864013672, '2': -5.788066864013672}
2026-03-15 03:00:32,844 - INFO - [Step 59] score 7, accepted!
2026-03-15 03:00:32,844 - INFO - [Step 59] final step_str: s = (-8 + 28)/8 = 20/8 = 2.5
2026-03-15 03:00:33,227 - INFO - Original token_logprobs: {'8': -1.1913986206054688, '9': -1.1913986206054688, '7': -1.4413986206054688, '5': -2.8163986206054688, '6': -2.8163986206054688, '4': -4.566398620605469, '1': -4.691398620605469, '0': -5.191398620605469, '3': -5.441398620605469, '2': -6.628898620605469}
2026-03-15 03:00:33,227 - INFO - [Step 60] score 8, accepted!
2026-03-15 03:00:33,227 - INFO - [Step 60] final step_str: s = (-8 - 28)/8 = -36/8 = -4.5
2026-03-15 03:00:33,581 - INFO - Original token_logprobs: {'8': -1.2112513780593872, '7': -1.3362513780593872, '9': -1.5862513780593872, '5': -2.3362512588500977, '6': -2.3362512588500977, '4': -4.211251258850098, '1': -4.711251258850098, '3': -5.211251258850098, '0': -5.211251258850098, '2': -6.398751258850098}
2026-03-15 03:00:33,581 - INFO - [Step 61] score 8, accepted!
2026-03-15 03:00:33,582 - INFO - [Step 61] final step_str: Since speed can't be negative, s = 2.5 km/h.
2026-03-15 03:00:33,915 - INFO - Original token_logprobs: {'7': -1.3057867288589478, '8': -1.3057867288589478, '9': -1.4307867288589478, '5': -2.430786609649658, '6': -2.430786609649658, '4': -4.305786609649658, '1': -4.555786609649658, '0': -5.055786609649658, '3': -5.180786609649658, '2': -6.243286609649658}
2026-03-15 03:00:33,916 - INFO - [Step 62] score 7, accepted!
2026-03-15 03:00:33,916 - INFO - [Step 62] final step_str: So, s is 2.5 km/h.
2026-03-15 03:00:34,231 - INFO - Original token_logprobs: {'7': -1.369403600692749, '8': -1.369403600692749, '9': -1.494403600692749, '5': -2.119403600692749, '6': -2.369403600692749, '4': -3.994403600692749, '1': -4.619403839111328, '0': -4.744403839111328, '3': -4.869403839111328, '2': -5.994403839111328}
2026-03-15 03:00:34,231 - INFO - [Step 63] score 7, accepted!
2026-03-15 03:00:34,231 - INFO - [Step 63] final step_str: Now, let's find t.
2026-03-15 03:00:34,568 - INFO - Original token_logprobs: {'9': -1.2568206787109375, '8': -1.5068206787109375, '5': -1.7568206787109375, '7': -1.7568206787109375, '6': -2.7568206787109375, '4': -3.6318206787109375, '0': -3.8818206787109375, '1': -4.2568206787109375, '3': -4.5068206787109375, '2': -5.5068206787109375}
2026-03-15 03:00:34,569 - INFO - [Step 64] score 9, accepted!
2026-03-15 03:00:34,569 - INFO - [Step 64] final step_str: From equation 1: 9/s = 4 - x
2026-03-15 03:00:34,927 - INFO - Original token_logprobs: {'7': -1.4078079462051392, '8': -1.5328079462051392, '9': -1.6578079462051392, '5': -1.7828079462051392, '6': -2.5328078269958496, '4': -3.5328078269958496, '0': -3.7828078269958496, '3': -4.03280782699585, '1': -4.15780782699585, '2': -4.78280782699585}
2026-03-15 03:00:34,928 - INFO - [Step 65] score 7, accepted!
2026-03-15 03:00:34,928 - INFO - [Step 65] final step_str: x = 4 - 9/s = 4 - 9/2.5
2026-03-15 03:00:35,316 - INFO - Original token_logprobs: {'7': -1.2418190240859985, '9': -1.4918190240859985, '8': -1.7418190240859985, '5': -1.9918190240859985, '6': -2.366818904876709, '4': -3.616818904876709, '0': -3.991818904876709, '3': -4.366818904876709, '1': -4.491818904876709, '2': -5.366818904876709}
2026-03-15 03:00:35,316 - INFO - [Step 66] score 7, accepted!
2026-03-15 03:00:35,316 - INFO - [Step 66] final step_str: Compute 9/2.5: 9 divided by 2.5 is 3.6
2026-03-15 03:00:35,671 - INFO - Original token_logprobs: {'7': -1.2118817567825317, '8': -1.5868817567825317, '9': -1.7118817567825317, '5': -2.086881637573242, '6': -2.086881637573242, '4': -3.711881637573242, '0': -4.336881637573242, '3': -4.461881637573242, '1': -4.461881637573242, '2': -5.524381637573242}
2026-03-15 03:00:35,671 - INFO - [Step 67] score 7, accepted!
2026-03-15 03:00:35,671 - INFO - [Step 67] final step_str: So, x = 4 - 3.6 = 0.4 hours
2026-03-15 03:00:36,051 - INFO - Original token_logprobs: {'7': -1.2688918113708496, '8': -1.3938918113708496, '9': -1.5188918113708496, '5': -2.2688918113708496, '6': -2.2688918113708496, '4': -4.26889181137085, '1': -4.51889181137085, '0': -4.89389181137085, '3': -5.14389181137085, '2': -6.08139181137085}
2026-03-15 03:00:36,051 - INFO - [Step 68] score 7, accepted!
2026-03-15 03:00:36,051 - INFO - [Step 68] final step_str: x is t/60, so t = 0.4 * 60 = 24 minutes.
2026-03-15 03:00:36,367 - INFO - Original token_logprobs: {'7': -1.3393608331680298, '8': -1.3393608331680298, '9': -1.4643608331680298, '5': -2.2143607139587402, '6': -2.4643607139587402, '4': -4.21436071395874, '1': -4.33936071395874, '0': -4.71436071395874, '3': -5.08936071395874, '2': -6.02686071395874}
2026-03-15 03:00:36,367 - INFO - [Step 69] score 7, accepted!
2026-03-15 03:00:36,367 - INFO - [Step 69] final step_str: So, t is 24 minutes.
2026-03-15 03:00:36,830 - INFO - Original token_logprobs: {'8': -1.210208773612976, '9': -1.460208773612976, '7': -1.460208773612976, '5': -2.2102088928222656, '6': -2.5852088928222656, '4': -4.085208892822266, '1': -4.335208892822266, '0': -4.835208892822266, '3': -4.960208892822266, '2': -6.085208892822266}
2026-03-15 03:00:36,830 - INFO - [Step 70] score 8, accepted!
2026-03-15 03:00:36,830 - INFO - [Step 70] final step_str: Now, the question is, when she walks at s + 0.5 km/h, which is 2.5 + 0.5 = 3 km/h, the total time is walking time plus t.
2026-03-15 03:00:37,230 - INFO - Original token_logprobs: {'7': -1.5908831357955933, '5': -1.7158831357955933, '9': -1.8408831357955933, '8': -2.090883255004883, '6': -2.340883255004883, '0': -2.840883255004883, '3': -2.840883255004883, '4': -2.965883255004883, '1': -3.340883255004883, '2': -3.590883255004883}
2026-03-15 03:00:37,230 - INFO - [Step 71] score 7, accepted!
2026-03-15 03:00:37,230 - INFO - [Step 71] final step_str: Walking time at 3 km/h: distance is 9 km, so time = 9 / 3 = 3 hours.
2026-03-15 03:00:37,603 - INFO - Original token_logprobs: {'7': -1.431316614151001, '9': -1.681316614151001, '5': -1.931316614151001, '8': -1.931316614151001, '6': -2.431316614151001, '0': -3.056316614151001, '4': -3.056316614151001, '3': -3.181316614151001, '1': -3.431316614151001, '2': -3.806316614151001}
2026-03-15 03:00:37,603 - INFO - [Step 72] score 7, accepted!
2026-03-15 03:00:37,604 - INFO - [Step 72] final step_str: Convert 3 hours to minutes: 3*60 = 180 minutes.
2026-03-15 03:00:37,988 - INFO - Original token_logprobs: {'7': -1.245365023612976, '8': -1.245365023612976, '9': -1.370365023612976, '5': -2.7453651428222656, '6': -2.7453651428222656, '1': -4.620365142822266, '4': -4.620365142822266, '0': -4.745365142822266, '3': -5.120365142822266, '2': -5.932865142822266}
2026-03-15 03:00:37,988 - INFO - [Step 73] score 7, accepted!
2026-03-15 03:00:37,989 - INFO - [Step 73] final step_str: Add t (24 minutes): 180 + 24 = 204 minutes.
2026-03-15 03:00:38,330 - INFO - Original token_logprobs: {'9': -1.1493040323257446, '8': -1.2743040323257446, '7': -1.3993040323257446, '5': -2.774303913116455, '6': -2.899303913116455, '1': -4.399303913116455, '4': -4.774303913116455, '0': -5.024303913116455, '3': -5.274303913116455, '2': -6.024303913116455}
2026-03-15 03:00:38,330 - INFO - [Step 74] score 9, accepted!
2026-03-15 03:00:38,330 - INFO - [Step 74] final step_str: So, the total time is 204 minutes.
2026-03-15 03:00:38,646 - INFO - Original token_logprobs: {'8': -1.0353591442108154, '9': -1.0353591442108154, '7': -1.7853591442108154, '5': -2.9103591442108154, '6': -3.2853591442108154, '1': -4.7853593826293945, '4': -4.9103593826293945, '3': -5.5353593826293945, '0': -5.5353593826293945, '2': -6.4728593826293945}
2026-03-15 03:00:38,646 - INFO - [Step 75] score 8, accepted!
2026-03-15 03:00:38,646 - INFO - [Step 75] final step_str: Wait, let me verify.
2026-03-15 03:00:39,363 - INFO - Original token_logprobs: {'7': -1.5419087409973145, '8': -1.6669087409973145, '9': -1.7919087409973145, '5': -1.9169087409973145, '6': -2.2919087409973145, '0': -2.7919087409973145, '4': -3.1669087409973145, '3': -3.4169087409973145, '1': -3.6669087409973145, '2': -4.1669087409973145}
2026-03-15 03:00:39,364 - INFO - [Step 76] score 7, accepted!
2026-03-15 03:00:39,364 - INFO - [Step 76] final step_str: Wait, but in the first scenario, when she walks at 2.5 km/h, the total time was 4 hours, which is 240 minutes. Walking time was 240 - 24 = 216 minutes, which is 216/2.5 = 86.4 km/h? Wait, no, 216 minutes divided by 2.5 km/h is 86.4 km/h? Wait, no, wait.
2026-03-15 03:00:39,713 - INFO - Original token_logprobs: {'8': -1.4000027179718018, '9': -1.4000027179718018, '7': -1.5250027179718018, '5': -2.1500027179718018, '6': -2.5250027179718018, '0': -3.5250027179718018, '4': -3.7750027179718018, '1': -4.025002479553223, '3': -4.400002479553223, '2': -5.462502479553223}
2026-03-15 03:00:39,713 - INFO - [Step 77] score 8, accepted!
2026-03-15 03:00:39,713 - INFO - [Step 77] final step_str: Wait, hold on, this might be a confusion point.
2026-03-15 03:00:40,295 - INFO - Original token_logprobs: {'9': -1.321089267730713, '7': -1.446089267730713, '8': -1.571089267730713, '5': -2.196089267730713, '6': -2.446089267730713, '0': -3.571089267730713, '4': -3.696089267730713, '1': -4.196089267730713, '3': -4.321089267730713, '2': -5.196089267730713}
2026-03-15 03:00:40,295 - INFO - [Step 78] score 9, accepted!
2026-03-15 03:00:40,295 - INFO - [Step 78] final step_str: Wait, when she walks at s km/h, total time is 4 hours, which includes t minutes. So, walking time is 4 hours minus t minutes. So, if t is 24 minutes, walking time is 4 - 24/60 = 4 - 0.4 = 3.6 hours.
2026-03-15 03:00:40,731 - INFO - Original token_logprobs: {'8': -1.2265912294387817, '7': -1.3515912294387817, '9': -1.4765912294387817, '5': -2.351591110229492, '6': -2.601591110229492, '4': -4.226591110229492, '1': -4.476591110229492, '0': -4.726591110229492, '3': -4.976591110229492, '2': -5.664091110229492}
2026-03-15 03:00:40,731 - INFO - [Step 79] score 8, accepted!
2026-03-15 03:00:40,731 - INFO - [Step 79] final step_str: So, 3.6 hours walking at 2.5 km/h: 2.5 * 3.6 = 9 km, which is correct.
2026-03-15 03:00:41,342 - INFO - Original token_logprobs: {'8': -1.1146132946014404, '7': -1.3646132946014404, '9': -1.4896132946014404, '5': -2.4896132946014404, '6': -2.7396132946014404, '4': -4.3646135330200195, '1': -4.4896135330200195, '0': -4.9896135330200195, '3': -5.3646135330200195, '2': -6.1146135330200195}
2026-03-15 03:00:41,343 - INFO - [Step 80] score 8, accepted!
2026-03-15 03:00:41,343 - INFO - [Step 80] final step_str: Similarly, when walking at s + 2 = 4.5 km/h, the total time is 2.4 hours, which is 144 minutes. Walking time is 144 - 24 = 120 minutes, which is 2 hours. 4.5 km/h * 2 hours = 9 km, which is correct.
2026-03-15 03:00:41,892 - INFO - Original token_logprobs: {'8': -0.9560175538063049, '9': -1.3310174942016602, '7': -1.4560174942016602, '5': -2.95601749420166, '6': -3.20601749420166, '1': -4.83101749420166, '4': -5.08101749420166, '3': -5.83101749420166, '0': -5.83101749420166, '2': -6.45601749420166}
2026-03-15 03:00:41,893 - INFO - [Step 81] score 8, accepted!
2026-03-15 03:00:41,893 - INFO - [Step 81] final step_str: So, then when walking at 3 km/h, total time is walking time + 24 minutes. Walking time is 9 / 3 = 3 hours = 180 minutes. So, total time is 180 + 24 = 204 minutes.
2026-03-15 03:00:42,245 - INFO - Original token_logprobs: {'8': -0.9642543196678162, '9': -1.214254379272461, '7': -1.589254379272461, '5': -3.089254379272461, '6': -3.214254379272461, '1': -4.589254379272461, '4': -4.964254379272461, '3': -5.464254379272461, '0': -5.464254379272461, '2': -6.026754379272461}
2026-03-15 03:00:42,246 - INFO - [Step 82] score 8, accepted!
2026-03-15 03:00:42,246 - INFO - [Step 82] final step_str: Wait, so 204 minutes is the answer.
2026-03-15 03:00:42,602 - INFO - Original token_logprobs: {'8': -0.800134003162384, '9': -1.1751339435577393, '7': -1.8001339435577393, '6': -3.5501339435577393, '5': -3.6751339435577393, '1': -4.800134181976318, '4': -5.612634181976318, '0': -5.862634181976318, '3': -6.050134181976318, '2': -6.550134181976318}
2026-03-15 03:00:42,602 - INFO - [Step 83] score 8, accepted!
2026-03-15 03:00:42,602 - INFO - [Step 83] final step_str: Let me just make sure I didn't make any calculation errors.
2026-03-15 03:00:42,980 - INFO - Original token_logprobs: {'8': -0.8602859377861023, '9': -1.360285997390747, '7': -1.485285997390747, '5': -3.360285997390747, '6': -3.360285997390747, '1': -4.735285758972168, '4': -5.422785758972168, '3': -5.922785758972168, '0': -6.047785758972168, '2': -6.422785758972168}
2026-03-15 03:00:42,980 - INFO - [Step 84] score 8, accepted!
2026-03-15 03:00:42,980 - INFO - [Step 84] final step_str: So, s = 2.5 km/h, t = 24 minutes.
2026-03-15 03:00:43,455 - INFO - Original token_logprobs: {'8': -0.9851455688476562, '9': -1.1101455688476562, '7': -1.6101455688476562, '5': -3.2351455688476562, '6': -3.4851455688476562, '1': -4.610145568847656, '4': -5.360145568847656, '3': -5.735145568847656, '0': -5.735145568847656, '2': -6.297645568847656}
2026-03-15 03:00:43,456 - INFO - [Step 85] score 8, accepted!
2026-03-15 03:00:43,456 - INFO - [Step 85] final step_str: Walking at 3 km/h: time = 9 / 3 = 3 hours, which is 180 minutes. Adding t = 24 minutes, total is 204 minutes.
2026-03-15 03:00:43,778 - INFO - Original token_logprobs: {'8': -1.0440534353256226, '9': -1.1690534353256226, '7': -1.5440534353256226, '5': -2.919053554534912, '6': -3.294053554534912, '1': -4.294053554534912, '4': -5.169053554534912, '3': -5.606553554534912, '0': -5.669053554534912, '2': -6.169053554534912}
2026-03-15 03:00:43,778 - INFO - [Step 86] score 8, accepted!
2026-03-15 03:00:43,778 - INFO - [Step 86] final step_str: Yes, that seems consistent.
2026-03-15 03:00:44,143 - INFO - Original token_logprobs: {'9': -1.0219509601593018, '8': -1.1469509601593018, '7': -1.6469509601593018, '5': -2.8969509601593018, '6': -3.2719509601593018, '1': -4.271950721740723, '4': -4.959450721740723, '0': -5.459450721740723, '3': -5.521950721740723, '2': -6.084450721740723}
2026-03-15 03:00:44,144 - INFO - [Step 87] score 9, accepted!
2026-03-15 03:00:44,144 - INFO - [Step 87] final step_str: So, I think 204 minutes is the correct answer.
2026-03-15 03:00:44,501 - INFO - Original token_logprobs: {'8': -1.1272404193878174, '9': -1.1272404193878174, '7': -1.8772404193878174, '5': -2.3772404193878174, '0': -3.2522404193878174, '6': -3.5022404193878174, '1': -4.127240180969238, '4': -4.502240180969238, '3': -5.252240180969238, '2': -6.564740180969238}
2026-03-15 03:00:44,501 - INFO - [Step 88] score 8, accepted!
2026-03-15 03:00:44,501 - INFO - [Step 88] final step_str: **Final Answer**
The walk takes \boxed{204} minutes.

2026-03-15 03:00:44,501 - INFO - [Step 88] Found candidate answer \boxed{204}. Verifying with base model...
2026-03-15 03:00:44,941 - INFO - [Step 88] Base model rejected answer (NO). Continuing generation.
2026-03-15 03:00:45,253 - INFO - Original token_logprobs: {'8': -1.1272404193878174, '9': -1.1272404193878174, '7': -1.8772404193878174, '5': -2.3772404193878174, '0': -3.2522404193878174, '6': -3.5022404193878174, '1': -4.127240180969238, '4': -4.502240180969238, '3': -5.252240180969238, '2': -6.564740180969238}
2026-03-15 03:00:45,253 - INFO - [Step 89] score 8, accepted!
2026-03-15 03:00:45,254 - INFO - [Step 89] final step_str: \boxed{204}

2026-03-15 03:00:45,254 - INFO - [Step 89] Found candidate answer \boxed{204}. Verifying with base model...
2026-03-15 03:00:45,692 - INFO - [Step 89] Base model rejected answer (NO). Continuing generation.
2026-03-15 03:00:46,023 - INFO - Original token_logprobs: {'8': -1.1272404193878174, '9': -1.1272404193878174, '7': -1.8772404193878174, '5': -2.3772404193878174, '0': -3.2522404193878174, '6': -3.5022404193878174, '1': -4.127240180969238, '4': -4.502240180969238, '3': -5.252240180969238, '2': -6.564740180969238}
2026-03-15 03:00:46,023 - INFO - [Step 90] score 8, accepted!
2026-03-15 03:00:46,024 - INFO - [Step 90] final step_str: **Final Answer**
\boxed{204}

2026-03-15 03:00:46,024 - INFO - [Step 90] Found candidate answer \boxed{204}. Verifying with base model...
2026-03-15 03:00:46,460 - INFO - [Step 90] Base model rejected answer (NO). Continuing generation.
2026-03-15 03:00:46,792 - INFO - Original token_logprobs: {'8': -1.1272404193878174, '9': -1.1272404193878174, '7': -1.8772404193878174, '5': -2.3772404193878174, '0': -3.2522404193878174, '6': -3.5022404193878174, '1': -4.127240180969238, '4': -4.502240180969238, '3': -5.252240180969238, '2': -6.564740180969238}
2026-03-15 03:00:46,792 - INFO - [Step 91] score 8, accepted!
2026-03-15 03:00:46,792 - INFO - [Step 91] final step_str: **Final Answer**
\boxed{204}

2026-03-15 03:00:46,793 - INFO - [Step 91] Found candidate answer \boxed{204}. Verifying with base model...
2026-03-15 03:00:47,245 - INFO - [Step 91] Base model rejected answer (NO). Continuing generation.
