2026-03-15 03:10:43,266 - INFO - Original token_logprobs: {'9': -1.5722869634628296, '8': -1.6972869634628296, '5': -1.6972869634628296, '7': -2.322287082672119, '0': -2.322287082672119, '3': -2.572287082672119, '6': -3.072287082672119, '4': -3.197287082672119, '1': -3.322287082672119, '2': -3.697287082672119}
2026-03-15 03:10:43,267 - INFO - [Step 0] score 9, accepted!
2026-03-15 03:10:43,267 - INFO - [Step 0] final step_str: Okay, let me try to figure out this problem step by step. It seems like Aya walks a certain distance and spends some time in a coffee shop. We have two different walking speeds, and the time she takes changes accordingly. We need to find the time it takes when she walks at a slightly different speed.
2026-03-15 03:10:43,594 - INFO - Original token_logprobs: {'8': -1.4421006441116333, '9': -1.4421006441116333, '7': -1.5671006441116333, '5': -1.9421006441116333, '6': -2.8171005249023438, '0': -3.1921005249023438, '1': -3.6921005249023438, '4': -3.8171005249023438, '3': -4.067100524902344, '2': -5.067100524902344}
2026-03-15 03:10:43,594 - INFO - [Step 1] score 8, accepted!
2026-03-15 03:10:43,595 - INFO - [Step 1] final step_str: First, let me parse the problem again to make sure I understand all the details.
2026-03-15 03:10:44,231 - INFO - Original token_logprobs: {'9': -1.5696280002593994, '8': -1.6946280002593994, '5': -1.9446280002593994, '0': -2.0696280002593994, '7': -2.3196280002593994, '3': -2.5696280002593994, '6': -3.0696280002593994, '4': -3.0696280002593994, '1': -3.3196280002593994, '2': -3.5696280002593994}
2026-03-15 03:10:44,231 - INFO - [Step 2] score 9, accepted!
2026-03-15 03:10:44,231 - INFO - [Step 2] final step_str: Aya walks 9 kilometers every morning. When she walks at a speed of s kilometers per hour, it takes her 4 hours, including t minutes spent in the coffee shop. Then, when she increases her speed to s + 2 kilometers per hour, the total time, including the coffee shop time, becomes 2 hours and 24 minutes. We need to find how long it takes her when she walks at s + 0.5 kilometers per hour.
2026-03-15 03:10:44,716 - INFO - Original token_logprobs: {'8': -1.569510579109192, '5': -1.694510579109192, '9': -1.819510579109192, '0': -2.0695104598999023, '7': -2.1945104598999023, '3': -2.8195104598999023, '1': -3.0695104598999023, '4': -3.1945104598999023, '6': -3.5695104598999023, '2': -3.6945104598999023}
2026-03-15 03:10:44,716 - INFO - [Step 3] score 8, accepted!
2026-03-15 03:10:44,717 - INFO - [Step 3] final step_str: Alright, so we have two different speeds and corresponding total times (including the coffee shop time). The coffee shop time t is the same in both cases. So, t is consistent regardless of her walking speed. That means t is a fixed value that we can determine from the given information.
2026-03-15 03:10:44,978 - INFO - Original token_logprobs: {'8': -1.2545621395111084, '9': -1.7545621395111084, '7': -2.0045621395111084, '5': -2.1295621395111084, '0': -2.5045621395111084, '6': -2.8795621395111084, '3': -3.0045621395111084, '4': -3.3795621395111084, '1': -3.3795621395111084, '2': -3.7545621395111084}
2026-03-15 03:10:44,979 - INFO - [Step 4] score 8, accepted!
2026-03-15 03:10:44,979 - INFO - [Step 4] final step_str: Let me denote:
2026-03-15 03:10:45,609 - INFO - Original token_logprobs: {'8': -1.3901939392089844, '5': -1.5151939392089844, '9': -1.6401939392089844, '7': -2.1401939392089844, '0': -3.0151939392089844, '4': -3.1401939392089844, '6': -3.2651939392089844, '3': -3.2651939392089844, '1': -3.6401939392089844, '2': -4.015193939208984}
2026-03-15 03:10:45,610 - INFO - [Step 5] score 8, accepted!
2026-03-15 03:10:45,610 - INFO - [Step 5] final step_str: - Walking speed: s (km/h)
- Increased walking speed: s + 2 (km/h)
- Increased walking speed: s + 0.5 (km/h)
- Total time at s km/h: 4 hours (includes t minutes)
- Total time at s + 2 km/h: 2 hours and 24 minutes (includes t minutes)
- We need to find total time at s + 0.5 km/h.
2026-03-15 03:10:45,964 - INFO - Original token_logprobs: {'5': -1.3342188596725464, '8': -1.3342188596725464, '9': -1.9592188596725464, '7': -2.084218978881836, '4': -2.959218978881836, '6': -3.084218978881836, '3': -3.334218978881836, '1': -3.709218978881836, '0': -3.709218978881836, '2': -3.959218978881836}
2026-03-15 03:10:45,964 - INFO - [Step 6] score 5 rejected, falling back to base model
2026-03-15 03:10:47,456 - INFO - [Step 6] final step_str: First, let's convert all times into the same units to make calculations easier. The problem asks for the answer in minutes, so perhaps converting hours into minutes would be better. Alternatively, since speed is in km/h, maybe working in hours is okay, but let's see.
2026-03-15 03:10:48,276 - INFO - Original token_logprobs: {'8': -1.4174867868423462, '7': -1.6674867868423462, '5': -1.7924867868423462, '9': -2.2924866676330566, '6': -2.4174866676330566, '4': -2.7924866676330566, '3': -2.9174866676330566, '1': -3.4174866676330566, '0': -3.5424866676330566, '2': -3.5424866676330566}
2026-03-15 03:10:48,277 - INFO - [Step 7] score 8, accepted!
2026-03-15 03:10:48,277 - INFO - [Step 7] final step_str: Wait, actually, let's think about the structure of the problem. The total time is the sum of the walking time and the coffee shop time. So, for the first case, when she walks at s km/h, the total time is 4 hours, which includes t minutes in the coffee shop. So, the walking time is 4 hours minus t minutes. Similarly, when she walks at s + 2 km/h, the total time is 2 hours and 24 minutes, which includes t minutes in the coffee shop. So, the walking time in that case is (2 + 24/60) hours minus t minutes.
2026-03-15 03:10:48,555 - INFO - Original token_logprobs: {'8': -1.1882717609405518, '7': -1.8132717609405518, '5': -1.9382717609405518, '9': -1.9382717609405518, '6': -2.8132717609405518, '0': -3.0632717609405518, '3': -3.1882717609405518, '4': -3.1882717609405518, '1': -3.5632717609405518, '2': -3.9382717609405518}
2026-03-15 03:10:48,555 - INFO - [Step 8] score 8, accepted!
2026-03-15 03:10:48,555 - INFO - [Step 8] final step_str: Let me note down the equations.
2026-03-15 03:10:48,822 - INFO - Original token_logprobs: {'8': -1.660441517829895, '9': -1.910441517829895, '5': -1.910441517829895, '0': -2.0354413986206055, '3': -2.4104413986206055, '7': -2.4104413986206055, '1': -2.7854413986206055, '2': -3.0354413986206055, '4': -3.1604413986206055, '6': -3.1604413986206055}
2026-03-15 03:10:48,823 - INFO - [Step 9] score 8, accepted!
2026-03-15 03:10:48,823 - INFO - [Step 9] final step_str: Let’s denote:
2026-03-15 03:10:49,266 - INFO - Original token_logprobs: {'8': -1.2295691967010498, '7': -1.4795691967010498, '5': -1.9795691967010498, '9': -2.10456919670105, '6': -2.47956919670105, '4': -3.22956919670105, '0': -3.47956919670105, '3': -3.72956919670105, '1': -3.72956919670105, '2': -4.354569435119629}
2026-03-15 03:10:49,267 - INFO - [Step 10] score 8, accepted!
2026-03-15 03:10:49,267 - INFO - [Step 10] final step_str: - Let walking time at s km/h be T1 hours.
- Walking time at s + 2 km/h be T2 hours.
- Walking time at s + 0.5 km/h be T3 hours.
2026-03-15 03:10:49,602 - INFO - Original token_logprobs: {'8': -1.3103582859039307, '7': -1.5603582859039307, '5': -1.9353582859039307, '9': -1.9353582859039307, '6': -2.5603582859039307, '4': -3.0603582859039307, '0': -3.4353582859039307, '3': -3.5603582859039307, '1': -3.5603582859039307, '2': -4.310358047485352}
2026-03-15 03:10:49,602 - INFO - [Step 11] score 8, accepted!
2026-03-15 03:10:49,602 - INFO - [Step 11] final step_str: Then, total time at s km/h is T1 + t = 4 hours.
2026-03-15 03:10:49,987 - INFO - Original token_logprobs: {'8': -1.2134366035461426, '7': -1.4634366035461426, '5': -1.9634366035461426, '9': -1.9634366035461426, '6': -2.4634366035461426, '4': -3.3384366035461426, '0': -3.8384366035461426, '3': -3.9634366035461426, '1': -4.088436603546143, '2': -4.838436603546143}
2026-03-15 03:10:49,987 - INFO - [Step 12] score 8, accepted!
2026-03-15 03:10:49,988 - INFO - [Step 12] final step_str: Similarly, total time at (s + 2) km/h is T2 + t = 2 + 24/60 hours.
2026-03-15 03:10:50,344 - INFO - Original token_logprobs: {'8': -1.0588960647583008, '7': -1.6838960647583008, '9': -1.8088960647583008, '5': -1.9338960647583008, '6': -2.683896064758301, '4': -3.558896064758301, '0': -3.933896064758301, '1': -4.058896064758301, '3': -4.308896064758301, '2': -5.058896064758301}
2026-03-15 03:10:50,344 - INFO - [Step 13] score 8, accepted!
2026-03-15 03:10:50,344 - INFO - [Step 13] final step_str: And we need to find T3 + t when her walking speed is s + 0.5 km/h.
2026-03-15 03:10:50,993 - INFO - Original token_logprobs: {'8': -0.9121780395507812, '9': -1.4121780395507812, '7': -1.7871780395507812, '5': -2.4121780395507812, '6': -2.9121780395507812, '4': -4.412178039550781, '0': -4.662178039550781, '1': -4.662178039550781, '3': -5.287178039550781, '2': -6.287178039550781}
2026-03-15 03:10:50,993 - INFO - [Step 14] score 8, accepted!
2026-03-15 03:10:50,994 - INFO - [Step 14] final step_str: But wait, the walking time depends on speed and distance. Since the distance is fixed at 9 km, the walking time can be calculated as distance divided by speed. So, walking time at s km/h is 9 / s hours, and at s + 2 km/h it is 9 / (s + 2) hours. Similarly, at s + 0.5 km/h, it is 9 / (s + 0.5) hours.
2026-03-15 03:10:51,354 - INFO - Original token_logprobs: {'8': -1.1199572086334229, '7': -1.4949572086334229, '9': -1.8699572086334229, '5': -1.9949572086334229, '6': -2.744957208633423, '0': -3.494957208633423, '4': -3.744957208633423, '1': -3.994957208633423, '3': -4.619956970214844, '2': -5.369956970214844}
2026-03-15 03:10:51,354 - INFO - [Step 15] score 8, accepted!
2026-03-15 03:10:51,354 - INFO - [Step 15] final step_str: But in both cases, the total time is walking time plus t minutes. So, we can write equations:
2026-03-15 03:10:51,663 - INFO - Original token_logprobs: {'5': -1.676942229270935, '7': -1.801942229270935, '8': -1.926942229270935, '6': -2.1769423484802246, '4': -2.3019423484802246, '3': -2.4269423484802246, '9': -2.5519423484802246, '2': -3.1769423484802246, '0': -3.3019423484802246, '1': -3.3019423484802246}
2026-03-15 03:10:51,663 - INFO - [Step 16] score 5 rejected, falling back to base model
2026-03-15 03:10:52,126 - INFO - [Step 16] final step_str: First case:
Walking time (hours) + t minutes = 4 hours.
2026-03-15 03:10:52,485 - INFO - Original token_logprobs: {'7': -1.4482322931289673, '8': -1.4482322931289673, '5': -1.9482322931289673, '9': -1.9482322931289673, '6': -2.3232321739196777, '4': -3.0732321739196777, '0': -3.5732321739196777, '3': -3.5732321739196777, '1': -3.6982321739196777, '2': -4.448232173919678}
2026-03-15 03:10:52,486 - INFO - [Step 17] score 7, accepted!
2026-03-15 03:10:52,486 - INFO - [Step 17] final step_str: But wait, t is in minutes. So, we need to convert the walking time into minutes as well.
2026-03-15 03:10:52,823 - INFO - Original token_logprobs: {'8': -1.3482105731964111, '7': -1.5982105731964111, '5': -1.8482105731964111, '9': -2.223210573196411, '6': -2.473210573196411, '4': -2.973210573196411, '3': -3.098210573196411, '0': -3.473210573196411, '1': -3.598210573196411, '2': -3.723210573196411}
2026-03-15 03:10:52,824 - INFO - [Step 18] score 8, accepted!
2026-03-15 03:10:52,824 - INFO - [Step 18] final step_str: Alternatively, perhaps it's better to convert everything into hours or minutes. Let me think.
2026-03-15 03:10:53,186 - INFO - Original token_logprobs: {'8': -1.2427769899368286, '7': -1.7427769899368286, '5': -1.8677769899368286, '9': -2.242776870727539, '6': -2.492776870727539, '4': -2.992776870727539, '3': -3.117776870727539, '1': -3.367776870727539, '0': -3.617776870727539, '2': -3.617776870727539}
2026-03-15 03:10:53,186 - INFO - [Step 19] score 8, accepted!
2026-03-15 03:10:53,186 - INFO - [Step 19] final step_str: Let me consider that t is in minutes, so we can write the equations in terms of hours plus t minutes.
2026-03-15 03:10:53,538 - INFO - Original token_logprobs: {'8': -1.544118881225586, '7': -1.669118881225586, '5': -1.794118881225586, '9': -2.169118881225586, '6': -2.419118881225586, '4': -2.794118881225586, '3': -2.919118881225586, '1': -3.294118881225586, '0': -3.294118881225586, '2': -3.419118881225586}
2026-03-15 03:10:53,538 - INFO - [Step 20] score 8, accepted!
2026-03-15 03:10:53,538 - INFO - [Step 20] final step_str: So, for the first case:
Walking time (in hours) + t minutes = 4 hours.
2026-03-15 03:10:53,981 - INFO - Original token_logprobs: {'8': -1.3461558818817139, '5': -1.7211558818817139, '9': -1.7211558818817139, '7': -1.7211558818817139, '6': -2.471155881881714, '4': -3.096155881881714, '3': -3.721155881881714, '0': -3.971155881881714, '1': -4.221156120300293, '2': -4.596156120300293}
2026-03-15 03:10:53,981 - INFO - [Step 21] score 8, accepted!
2026-03-15 03:10:53,981 - INFO - [Step 21] final step_str: But t is in minutes, so we can write t minutes as t/60 hours. So, total time is (walking time in hours) + (t/60) hours = 4 hours.
2026-03-15 03:10:54,365 - INFO - Original token_logprobs: {'8': -1.2130022048950195, '9': -1.4630022048950195, '7': -1.7130022048950195, '5': -1.9630022048950195, '6': -2.7130022048950195, '4': -3.4630022048950195, '3': -4.0880022048950195, '0': -4.3380022048950195, '1': -4.4630022048950195, '2': -5.0880022048950195}
2026-03-15 03:10:54,365 - INFO - [Step 22] score 8, accepted!
2026-03-15 03:10:54,365 - INFO - [Step 22] final step_str: Similarly, for the second case:
Walking time (in hours) + t minutes = 2 + 24/60 hours.
2026-03-15 03:10:54,665 - INFO - Original token_logprobs: {'8': -1.2538177967071533, '7': -1.6288177967071533, '9': -1.7538177967071533, '5': -1.8788177967071533, '6': -2.6288177967071533, '4': -3.3788177967071533, '0': -3.6288177967071533, '3': -3.8788177967071533, '1': -3.8788177967071533, '2': -4.628817558288574}
2026-03-15 03:10:54,665 - INFO - [Step 23] score 8, accepted!
2026-03-15 03:10:54,665 - INFO - [Step 23] final step_str: So, let me formalize this.
2026-03-15 03:10:54,939 - INFO - Original token_logprobs: {'8': -1.4587526321411133, '7': -1.7087526321411133, '5': -1.8337526321411133, '9': -1.8337526321411133, '0': -2.8337526321411133, '6': -2.8337526321411133, '4': -3.0837526321411133, '3': -3.2087526321411133, '1': -3.5837526321411133, '2': -3.7087526321411133}
2026-03-15 03:10:54,939 - INFO - [Step 24] score 8, accepted!
2026-03-15 03:10:54,939 - INFO - [Step 24] final step_str: Let’s denote:
2026-03-15 03:10:55,225 - INFO - Original token_logprobs: {'8': -1.3857507705688477, '5': -1.6357507705688477, '7': -1.8857507705688477, '9': -1.8857507705688477, '6': -2.7607507705688477, '4': -3.0107507705688477, '0': -3.1357507705688477, '3': -3.2607507705688477, '1': -3.6357507705688477, '2': -3.8857507705688477}
2026-03-15 03:10:55,225 - INFO - [Step 25] score 8, accepted!
2026-03-15 03:10:55,225 - INFO - [Step 25] final step_str: Let walking time at s km/h be W1 hours. Then,
2026-03-15 03:10:55,536 - INFO - Original token_logprobs: {'8': -1.3248436450958252, '7': -1.4498436450958252, '5': -1.8248436450958252, '9': -2.074843645095825, '6': -2.199843645095825, '4': -3.324843645095825, '0': -3.949843645095825, '3': -4.074843406677246, '1': -4.199843406677246, '2': -4.949843406677246}
2026-03-15 03:10:55,536 - INFO - [Step 26] score 8, accepted!
2026-03-15 03:10:55,536 - INFO - [Step 26] final step_str: W1 + t/60 = 4
2026-03-15 03:10:55,880 - INFO - Original token_logprobs: {'5': -1.4182569980621338, '8': -1.4182569980621338, '9': -1.7932569980621338, '7': -1.9182569980621338, '0': -3.043256998062134, '4': -3.168256998062134, '6': -3.168256998062134, '3': -3.543256998062134, '1': -3.918256998062134, '2': -4.293256759643555}
2026-03-15 03:10:55,880 - INFO - [Step 27] score 5 rejected, falling back to base model
2026-03-15 03:10:56,352 - INFO - [Step 27] final step_str: Similarly, walking time at s + 2 km/h is W2 hours,
2026-03-15 03:10:56,697 - INFO - Original token_logprobs: {'8': -1.116798996925354, '7': -1.366798996925354, '9': -1.866798996925354, '5': -2.1167988777160645, '6': -2.4917988777160645, '4': -3.8667988777160645, '3': -4.6167988777160645, '1': -4.6167988777160645, '0': -4.6167988777160645, '2': -5.7417988777160645}
2026-03-15 03:10:56,697 - INFO - [Step 28] score 8, accepted!
2026-03-15 03:10:56,697 - INFO - [Step 28] final step_str: W2 + t/60 = 2 + 24/60
2026-03-15 03:10:57,084 - INFO - Original token_logprobs: {'8': -0.9274618029594421, '7': -1.552461862564087, '9': -1.802461862564087, '5': -2.302461862564087, '6': -2.552461862564087, '4': -4.052461624145508, '1': -4.802461624145508, '3': -4.802461624145508, '0': -4.927461624145508, '2': -5.927461624145508}
2026-03-15 03:10:57,084 - INFO - [Step 29] score 8, accepted!
2026-03-15 03:10:57,085 - INFO - [Step 29] final step_str: And we need to find W3 + t/60, where W3 is walking time at s + 0.5 km/h.
2026-03-15 03:10:57,444 - INFO - Original token_logprobs: {'8': -1.025842308998108, '7': -1.525842308998108, '9': -1.900842308998108, '5': -2.0258421897888184, '6': -2.5258421897888184, '4': -3.5258421897888184, '3': -4.400842189788818, '1': -5.025842189788818, '0': -5.150842189788818, '2': -5.650842189788818}
2026-03-15 03:10:57,444 - INFO - [Step 30] score 8, accepted!
2026-03-15 03:10:57,445 - INFO - [Step 30] final step_str: But since the distance is fixed, we can relate W1, W2, W3 through the speed.
2026-03-15 03:10:57,759 - INFO - Original token_logprobs: {'8': -1.0948591232299805, '7': -1.4698591232299805, '9': -1.5948591232299805, '5': -2.2198591232299805, '6': -2.5948591232299805, '4': -3.9698591232299805, '0': -4.8448591232299805, '3': -4.9698591232299805, '1': -4.9698591232299805, '2': -6.2198591232299805}
2026-03-15 03:10:57,759 - INFO - [Step 31] score 8, accepted!
2026-03-15 03:10:57,760 - INFO - [Step 31] final step_str: We know that W1 = 9 / s
2026-03-15 03:10:58,087 - INFO - Original token_logprobs: {'8': -0.9124060273170471, '7': -1.5374059677124023, '9': -1.6624059677124023, '5': -2.4124059677124023, '6': -2.6624059677124023, '4': -4.412405967712402, '0': -5.162405967712402, '1': -5.162405967712402, '3': -5.537405967712402, ' ': -6.599905967712402}
2026-03-15 03:10:58,088 - INFO - [Step 32] score 8, accepted!
2026-03-15 03:10:58,088 - INFO - [Step 32] final step_str: Similarly, W2 = 9 / (s + 2)
2026-03-15 03:10:58,420 - INFO - Original token_logprobs: {'8': -0.7868532538414001, '9': -1.536853313446045, '7': -1.786853313446045, '5': -2.661853313446045, '6': -2.786853313446045, '4': -4.661853313446045, '1': -5.036853313446045, '3': -5.536853313446045, '0': -5.661853313446045, ' ': -6.286853313446045}
2026-03-15 03:10:58,420 - INFO - [Step 33] score 8, accepted!
2026-03-15 03:10:58,420 - INFO - [Step 33] final step_str: And W3 = 9 / (s + 0.5)
2026-03-15 03:10:58,799 - INFO - Original token_logprobs: {'8': -1.0592581033706665, '9': -1.4342581033706665, '7': -1.8092581033706665, '5': -2.059257984161377, '6': -2.684257984161377, '4': -3.809257984161377, '1': -4.684257984161377, '3': -4.809257984161377, '0': -5.059257984161377, '2': -5.871757984161377}
2026-03-15 03:10:58,800 - INFO - [Step 34] score 8, accepted!
2026-03-15 03:10:58,800 - INFO - [Step 34] final step_str: So, if we can find s, we can find W3 and then add t/60 to get the total time.
2026-03-15 03:10:59,094 - INFO - Original token_logprobs: {'8': -1.0255167484283447, '7': -1.4005167484283447, '9': -1.9005167484283447, '5': -2.1505167484283447, '6': -2.6505167484283447, '4': -3.9005167484283447, '1': -4.275516510009766, '3': -4.775516510009766, '0': -4.900516510009766, '2': -5.713016510009766}
2026-03-15 03:10:59,094 - INFO - [Step 35] score 8, accepted!
2026-03-15 03:10:59,095 - INFO - [Step 35] final step_str: Therefore, the plan is:
2026-03-15 03:10:59,459 - INFO - Original token_logprobs: {'8': -0.9840656518936157, '7': -1.4840656518936157, '9': -1.8590656518936157, '5': -2.234065532684326, '6': -2.359065532684326, '4': -3.984065532684326, '1': -5.109065532684326, '3': -5.109065532684326, '0': -5.671565532684326, '2': -6.171565532684326}
2026-03-15 03:10:59,460 - INFO - [Step 36] score 8, accepted!
2026-03-15 03:10:59,460 - INFO - [Step 36] final step_str: 1. Convert the given total times into equations involving W1, W2, W3, and t.
2026-03-15 03:10:59,792 - INFO - Original token_logprobs: {'8': -1.1827356815338135, '7': -1.5577356815338135, '5': -1.8077356815338135, '9': -1.9327356815338135, '6': -2.1827356815338135, '4': -3.5577356815338135, '3': -4.432735443115234, '1': -4.932735443115234, '2': -5.495235443115234, '0': -5.620235443115234}
2026-03-15 03:10:59,792 - INFO - [Step 37] score 8, accepted!
2026-03-15 03:10:59,792 - INFO - [Step 37] final step_str: 2. Find t using the two equations involving W1 and W2.
2026-03-15 03:11:00,124 - INFO - Original token_logprobs: {'8': -1.2513293027877808, '7': -1.5013293027877808, '5': -1.7513293027877808, '9': -2.1263294219970703, '6': -2.1263294219970703, '4': -3.2513294219970703, '3': -4.25132942199707, '1': -4.87632942199707, '0': -5.12632942199707, '2': -5.25132942199707}
2026-03-15 03:11:00,124 - INFO - [Step 38] score 8, accepted!
2026-03-15 03:11:00,124 - INFO - [Step 38] final step_str: 3. Once t is known, use the equations to find W3.
2026-03-15 03:11:00,466 - INFO - Original token_logprobs: {'8': -0.9607149362564087, '7': -1.3357149362564087, '9': -2.085714817047119, '6': -2.210714817047119, '5': -2.460714817047119, '4': -4.210714817047119, '1': -5.210714817047119, '3': -5.335714817047119, '0': -5.835714817047119, '2': -6.335714817047119}
2026-03-15 03:11:00,466 - INFO - [Step 39] score 8, accepted!
2026-03-15 03:11:00,466 - INFO - [Step 39] final step_str: 4. Then, compute the total time as W3 + t/60.
2026-03-15 03:11:00,762 - INFO - Original token_logprobs: {'8': -0.9944826364517212, '7': -1.4944826364517212, '9': -1.9944826364517212, '5': -2.1194825172424316, '6': -2.3694825172424316, '4': -3.8694825172424316, '1': -4.744482517242432, '3': -4.744482517242432, '0': -4.994482517242432, '2': -5.744482517242432}
2026-03-15 03:11:00,762 - INFO - [Step 40] score 8, accepted!
2026-03-15 03:11:00,762 - INFO - [Step 40] final step_str: Let me proceed step by step.
2026-03-15 03:11:01,059 - INFO - Original token_logprobs: {'8': -1.1398736238479614, '7': -1.6398736238479614, '9': -1.7648736238479614, '5': -2.014873504638672, '6': -2.639873504638672, '4': -3.389873504638672, '3': -3.764873504638672, '0': -3.889873504638672, '1': -4.264873504638672, '2': -4.514873504638672}
2026-03-15 03:11:01,060 - INFO - [Step 41] score 8, accepted!
2026-03-15 03:11:01,060 - INFO - [Step 41] final step_str: First, from the first case:
2026-03-15 03:11:01,376 - INFO - Original token_logprobs: {'8': -1.3334954977035522, '5': -1.7084954977035522, '7': -1.8334954977035522, '9': -1.8334954977035522, '6': -2.583495616912842, '4': -2.833495616912842, '3': -3.333495616912842, '2': -3.833495616912842, '0': -3.958495616912842, '1': -4.208495616912842}
2026-03-15 03:11:01,377 - INFO - [Step 42] score 8, accepted!
2026-03-15 03:11:01,377 - INFO - [Step 42] final step_str: W1 + t/60 = 4
2026-03-15 03:11:01,683 - INFO - Original token_logprobs: {'8': -1.341195821762085, '5': -1.591195821762085, '7': -1.716195821762085, '9': -1.966195821762085, '6': -2.341195821762085, '4': -3.091195821762085, '3': -3.591195821762085, '1': -4.341196060180664, '0': -4.341196060180664, '2': -4.466196060180664}
2026-03-15 03:11:01,683 - INFO - [Step 43] score 8, accepted!
2026-03-15 03:11:01,683 - INFO - [Step 43] final step_str: But W1 = 9 / s
2026-03-15 03:11:01,951 - INFO - Original token_logprobs: {'8': -1.3694541454315186, '5': -1.4944541454315186, '7': -1.8694541454315186, '9': -1.8694541454315186, '6': -2.7444541454315186, '4': -2.9944541454315186, '3': -3.4944541454315186, '0': -3.7444541454315186, '1': -3.9944541454315186, '2': -4.119454383850098}
2026-03-15 03:11:01,952 - INFO - [Step 44] score 8, accepted!
2026-03-15 03:11:01,952 - INFO - [Step 44] final step_str: So,
2026-03-15 03:11:02,267 - INFO - Original token_logprobs: {'8': -1.2900829315185547, '7': -1.4150829315185547, '5': -1.6650829315185547, '9': -2.1650829315185547, '6': -2.1650829315185547, '4': -3.5400829315185547, '3': -4.540082931518555, '1': -4.790082931518555, '0': -5.165082931518555, '2': -5.665082931518555}
2026-03-15 03:11:02,267 - INFO - [Step 45] score 8, accepted!
2026-03-15 03:11:02,267 - INFO - [Step 45] final step_str: 9/s + t/60 = 4
2026-03-15 03:11:02,565 - INFO - Original token_logprobs: {'8': -1.2032819986343384, '7': -1.7032819986343384, '5': -1.8282819986343384, '9': -1.8282819986343384, '6': -2.703281879425049, '4': -3.078281879425049, '0': -3.703281879425049, '3': -3.703281879425049, '1': -4.328281879425049, '2': -4.578281879425049}
2026-03-15 03:11:02,565 - INFO - [Step 46] score 8, accepted!
2026-03-15 03:11:02,565 - INFO - [Step 46] final step_str: Similarly, from the second case:
2026-03-15 03:11:02,912 - INFO - Original token_logprobs: {'8': -1.2506730556488037, '7': -1.6256730556488037, '5': -1.6256730556488037, '9': -1.7506730556488037, '6': -2.6256730556488037, '4': -3.3756730556488037, '3': -4.250673294067383, '1': -4.875673294067383, '0': -5.000673294067383, '2': -5.500673294067383}
2026-03-15 03:11:02,913 - INFO - [Step 47] score 8, accepted!
2026-03-15 03:11:02,913 - INFO - [Step 47] final step_str: W2 + t/60 = 2 + 24/60
2026-03-15 03:11:03,247 - INFO - Original token_logprobs: {'8': -1.238932728767395, '9': -1.613932728767395, '7': -1.613932728767395, '5': -1.738932728767395, '6': -2.6139326095581055, '4': -3.6139326095581055, '3': -4.6139326095581055, '1': -4.7389326095581055, '0': -4.8639326095581055, '2': -5.8639326095581055}
2026-03-15 03:11:03,247 - INFO - [Step 48] score 8, accepted!
2026-03-15 03:11:03,247 - INFO - [Step 48] final step_str: But W2 = 9 / (s + 2)
2026-03-15 03:11:03,517 - INFO - Original token_logprobs: {'8': -1.3819760084152222, '5': -1.5069760084152222, '9': -1.6319760084152222, '7': -1.7569760084152222, '6': -2.8819761276245117, '4': -3.2569761276245117, '0': -4.006976127624512, '3': -4.006976127624512, '1': -4.381976127624512, '2': -5.006976127624512}
2026-03-15 03:11:03,518 - INFO - [Step 49] score 8, accepted!
2026-03-15 03:11:03,518 - INFO - [Step 49] final step_str: So,
2026-03-15 03:11:03,888 - INFO - Original token_logprobs: {'8': -1.04054856300354, '9': -1.41554856300354, '7': -1.66554856300354, '5': -2.29054856300354, '6': -2.66554856300354, '4': -4.165548324584961, '1': -4.915548324584961, '3': -4.915548324584961, '0': -5.165548324584961, '2': -6.103048324584961}
2026-03-15 03:11:03,888 - INFO - [Step 50] score 8, accepted!
2026-03-15 03:11:03,888 - INFO - [Step 50] final step_str: 9/(s + 2) + t/60 = 2 + 24/60
2026-03-15 03:11:04,402 - INFO - Original token_logprobs: {'7': -1.4925857782363892, '8': -1.4925857782363892, '5': -1.6175857782363892, '9': -1.8675857782363892, '6': -2.2425856590270996, '4': -3.3675856590270996, '3': -3.9925856590270996, '1': -4.3675856590271, '0': -4.3675856590271, '2': -5.1175856590271}
2026-03-15 03:11:04,402 - INFO - [Step 51] score 7, accepted!
2026-03-15 03:11:04,402 - INFO - [Step 51] final step_str: Simplify 2 + 24/60: 2 is 120/60, so 120/60 + 24/60 = 144/60 = 12/5 = 2.4 hours.
2026-03-15 03:11:04,786 - INFO - Original token_logprobs: {'7': -1.503370761871338, '8': -1.503370761871338, '5': -1.753370761871338, '9': -1.753370761871338, '6': -2.503370761871338, '4': -3.128370761871338, '3': -3.628370761871338, '1': -4.003370761871338, '0': -4.003370761871338, '2': -4.378370761871338}
2026-03-15 03:11:04,786 - INFO - [Step 52] score 7, accepted!
2026-03-15 03:11:04,786 - INFO - [Step 52] final step_str: Wait, 144/60 is 2.4, yes. So, 2.4 hours.
2026-03-15 03:11:05,119 - INFO - Original token_logprobs: {'8': -1.3475638628005981, '9': -1.4725638628005981, '5': -1.7225638628005981, '7': -1.7225638628005981, '6': -2.5975637435913086, '4': -3.4725637435913086, '3': -4.222563743591309, '1': -4.597563743591309, '0': -4.597563743591309, '2': -5.347563743591309}
2026-03-15 03:11:05,119 - INFO - [Step 53] score 8, accepted!
2026-03-15 03:11:05,119 - INFO - [Step 53] final step_str: Similarly, 9/s + t/60 = 4
2026-03-15 03:11:05,420 - INFO - Original token_logprobs: {'9': -1.3846403360366821, '8': -1.5096403360366821, '5': -1.7596403360366821, '7': -1.7596403360366821, '6': -2.8846402168273926, '4': -3.1346402168273926, '0': -3.6346402168273926, '3': -3.6346402168273926, '1': -4.259640216827393, '2': -4.634640216827393}
2026-03-15 03:11:05,420 - INFO - [Step 54] score 9, accepted!
2026-03-15 03:11:05,421 - INFO - [Step 54] final step_str: So, we have two equations:
2026-03-15 03:11:05,753 - INFO - Original token_logprobs: {'8': -1.4185142517089844, '7': -1.5435142517089844, '5': -1.6685142517089844, '9': -1.7935142517089844, '6': -2.1685142517089844, '4': -3.4185142517089844, '3': -4.418514251708984, '1': -4.668514251708984, '0': -4.793514251708984, '2': -5.543514251708984}
2026-03-15 03:11:05,754 - INFO - [Step 55] score 8, accepted!
2026-03-15 03:11:05,754 - INFO - [Step 55] final step_str: 1) 9/s + t/60 = 4
2026-03-15 03:11:06,117 - INFO - Original token_logprobs: {'8': -1.071556806564331, '7': -1.446556806564331, '9': -1.571556806564331, '5': -2.321556806564331, '6': -2.571556806564331, '4': -4.19655704498291, '1': -4.94655704498291, '3': -5.19655704498291, '0': -5.32155704498291, '2': -6.44655704498291}
2026-03-15 03:11:06,117 - INFO - [Step 56] score 8, accepted!
2026-03-15 03:11:06,117 - INFO - [Step 56] final step_str: 2) 9/(s + 2) + t/60 = 2.4
2026-03-15 03:11:06,456 - INFO - Original token_logprobs: {'8': -1.3082072734832764, '9': -1.3082072734832764, '7': -1.6832072734832764, '5': -2.0582072734832764, '6': -2.5582072734832764, '4': -3.5582072734832764, '3': -4.4332075119018555, '1': -4.6832075119018555, '0': -4.9332075119018555, '2': -5.6832075119018555}
2026-03-15 03:11:06,457 - INFO - [Step 57] score 8, accepted!
2026-03-15 03:11:06,457 - INFO - [Step 57] final step_str: We can subtract the second equation from the first to eliminate t/60.
2026-03-15 03:11:06,728 - INFO - Original token_logprobs: {'9': -1.373004674911499, '8': -1.498004674911499, '7': -1.623004674911499, '5': -1.748004674911499, '6': -2.748004674911499, '4': -3.498004674911499, '0': -3.998004674911499, '3': -4.248004913330078, '1': -4.373004913330078, '2': -5.435504913330078}
2026-03-15 03:11:06,728 - INFO - [Step 58] score 9, accepted!
2026-03-15 03:11:06,728 - INFO - [Step 58] final step_str: So,
2026-03-15 03:11:07,141 - INFO - Original token_logprobs: {'9': -1.278247356414795, '8': -1.403247356414795, '7': -1.403247356414795, '5': -2.278247356414795, '6': -2.528247356414795, '4': -4.028247356414795, '1': -4.653247356414795, '3': -4.903247356414795, '0': -5.278247356414795, '2': -6.153247356414795}
2026-03-15 03:11:07,141 - INFO - [Step 59] score 9, accepted!
2026-03-15 03:11:07,142 - INFO - [Step 59] final step_str: (9/s + t/60) - (9/(s + 2) + t/60) = 4 - 2.4
2026-03-15 03:11:07,420 - INFO - Original token_logprobs: {'7': -1.4556732177734375, '9': -1.4556732177734375, '8': -1.5806732177734375, '5': -1.8306732177734375, '6': -2.7056732177734375, '4': -3.3306732177734375, '0': -3.8306732177734375, '3': -4.0806732177734375, '1': -4.3306732177734375, '2': -5.2681732177734375}
2026-03-15 03:11:07,421 - INFO - [Step 60] score 7, accepted!
2026-03-15 03:11:07,421 - INFO - [Step 60] final step_str: Simplify:
2026-03-15 03:11:07,769 - INFO - Original token_logprobs: {'9': -1.102344036102295, '8': -1.227344036102295, '7': -1.602344036102295, '5': -2.602344036102295, '6': -2.727344036102295, '4': -4.477344036102295, '1': -4.852344036102295, '3': -5.352344036102295, '0': -5.727344036102295, ' ': -6.602344036102295}
2026-03-15 03:11:07,769 - INFO - [Step 61] score 9, accepted!
2026-03-15 03:11:07,769 - INFO - [Step 61] final step_str: 9/s - 9/(s + 2) = 1.6
2026-03-15 03:11:08,059 - INFO - Original token_logprobs: {'9': -1.2921792268753052, '8': -1.5421792268753052, '7': -1.5421792268753052, '5': -1.9171792268753052, '6': -2.6671791076660156, '4': -3.5421791076660156, '0': -4.167179107666016, '1': -4.292179107666016, '3': -4.417179107666016, '2': -5.729679107666016}
2026-03-15 03:11:08,060 - INFO - [Step 62] score 9, accepted!
2026-03-15 03:11:08,060 - INFO - [Step 62] final step_str: Factor out 9:
2026-03-15 03:11:08,415 - INFO - Original token_logprobs: {'8': -1.1151151657104492, '7': -1.2401151657104492, '9': -1.6151151657104492, '6': -2.490115165710449, '5': -2.615115165710449, '4': -4.615115165710449, '1': -5.115115165710449, '3': -5.615115165710449, '0': -5.865115165710449, ' ': -6.802615165710449}
2026-03-15 03:11:08,416 - INFO - [Step 63] score 8, accepted!
2026-03-15 03:11:08,416 - INFO - [Step 63] final step_str: 9 [1/s - 1/(s + 2)] = 1.6
2026-03-15 03:11:08,744 - INFO - Original token_logprobs: {'7': -1.4388641119003296, '8': -1.4388641119003296, '9': -1.5638641119003296, '5': -1.6888641119003296, '6': -2.688864231109619, '4': -3.688864231109619, '3': -4.438864231109619, '0': -4.563864231109619, '1': -4.813864231109619, '2': -6.001364231109619}
2026-03-15 03:11:08,745 - INFO - [Step 64] score 7, accepted!
2026-03-15 03:11:08,745 - INFO - [Step 64] final step_str: Compute 1/s - 1/(s + 2):
2026-03-15 03:11:09,137 - INFO - Original token_logprobs: {'8': -1.0572786331176758, '7': -1.3072786331176758, '9': -1.5572786331176758, '5': -2.557278633117676, '6': -2.682278633117676, '1': -4.932278633117676, '4': -4.932278633117676, '3': -5.807278633117676, '0': -5.807278633117676, '2': -6.994778633117676}
2026-03-15 03:11:09,137 - INFO - [Step 65] score 8, accepted!
2026-03-15 03:11:09,138 - INFO - [Step 65] final step_str: = (s + 2 - s) / [s(s + 2)] = 2 / [s(s + 2)]
2026-03-15 03:11:09,413 - INFO - Original token_logprobs: {'8': -1.2046574354171753, '9': -1.2046574354171753, '7': -1.5796574354171753, '5': -2.329657554626465, '6': -2.829657554626465, '4': -4.454657554626465, '1': -4.829657554626465, '0': -5.079657554626465, '3': -5.329657554626465, '2': -6.392157554626465}
2026-03-15 03:11:09,413 - INFO - [Step 66] score 8, accepted!
2026-03-15 03:11:09,413 - INFO - [Step 66] final step_str: So,
2026-03-15 03:11:09,767 - INFO - Original token_logprobs: {'8': -0.9163786768913269, '7': -1.2913787364959717, '9': -1.6663787364959717, '6': -2.7913787364959717, '5': -2.9163787364959717, '1': -5.166378498077393, '4': -5.166378498077393, '0': -6.041378498077393, '3': -6.103878498077393, ' ': -7.103878498077393}
2026-03-15 03:11:09,767 - INFO - [Step 67] score 8, accepted!
2026-03-15 03:11:09,768 - INFO - [Step 67] final step_str: 9 * [2 / (s(s + 2))] = 1.6
2026-03-15 03:11:10,047 - INFO - Original token_logprobs: {'7': -1.2856758832931519, '8': -1.2856758832931519, '9': -1.6606758832931519, '5': -2.0356760025024414, '6': -2.5356760025024414, '4': -4.160676002502441, '1': -4.660676002502441, '0': -4.785676002502441, '3': -5.035676002502441, '2': -6.348176002502441}
2026-03-15 03:11:10,047 - INFO - [Step 68] score 7, accepted!
2026-03-15 03:11:10,048 - INFO - [Step 68] final step_str: Simplify:
2026-03-15 03:11:10,392 - INFO - Original token_logprobs: {'8': -0.9274104237556458, '7': -1.302410364151001, '9': -1.677410364151001, '6': -2.677410364151001, '5': -2.927410364151001, '1': -5.05241060256958, '4': -5.05241060256958, '0': -5.73991060256958, '3': -5.98991060256958, '2': -7.05241060256958}
2026-03-15 03:11:10,393 - INFO - [Step 69] score 8, accepted!
2026-03-15 03:11:10,393 - INFO - [Step 69] final step_str: 18 / [s(s + 2)] = 1.6
2026-03-15 03:11:10,709 - INFO - Original token_logprobs: {'8': -1.2531075477600098, '7': -1.3781075477600098, '9': -1.5031075477600098, '5': -2.2531075477600098, '6': -2.5031075477600098, '4': -4.00310754776001, '1': -4.50310754776001, '0': -4.62810754776001, '3': -5.00310754776001, '2': -6.25310754776001}
2026-03-15 03:11:10,709 - INFO - [Step 70] score 8, accepted!
2026-03-15 03:11:10,709 - INFO - [Step 70] final step_str: Multiply both sides by s(s + 2):
2026-03-15 03:11:11,047 - INFO - Original token_logprobs: {'8': -1.119370460510254, '7': -1.244370460510254, '9': -1.619370460510254, '6': -2.369370460510254, '5': -2.744370460510254, '4': -4.619370460510254, '1': -4.994370460510254, '0': -5.494370460510254, '3': -5.681870460510254, '2': -6.869370460510254}
2026-03-15 03:11:11,047 - INFO - [Step 71] score 8, accepted!
2026-03-15 03:11:11,047 - INFO - [Step 71] final step_str: 18 = 1.6 * s(s + 2)
2026-03-15 03:11:11,437 - INFO - Original token_logprobs: {'7': -1.0774333477020264, '8': -1.3274333477020264, '6': -1.9524333477020264, '9': -2.2024333477020264, '5': -2.3274333477020264, '4': -3.9524333477020264, '0': -4.9524335861206055, '3': -5.0774335861206055, '1': -5.0774335861206055, '2': -6.3274335861206055}
2026-03-15 03:11:11,437 - INFO - [Step 72] score 7, accepted!
2026-03-15 03:11:11,437 - INFO - [Step 72] final step_str: Compute 1.6 * s(s + 2) = 1.6 s^2 + 3.2 s
2026-03-15 03:11:11,800 - INFO - Original token_logprobs: {'7': -1.075088620185852, '8': -1.325088620185852, '6': -1.950088620185852, '9': -2.2000885009765625, '5': -2.3250885009765625, '4': -4.0750885009765625, '0': -4.9500885009765625, '3': -5.0750885009765625, '1': -5.0750885009765625, '2': -6.4500885009765625}
2026-03-15 03:11:11,800 - INFO - [Step 73] score 7, accepted!
2026-03-15 03:11:11,801 - INFO - [Step 73] final step_str: So, 18 = 1.6 s^2 + 3.2 s
2026-03-15 03:11:12,104 - INFO - Original token_logprobs: {'7': -1.1833314895629883, '8': -1.4333314895629883, '9': -1.9333314895629883, '5': -2.0583314895629883, '6': -2.1833314895629883, '4': -3.5583314895629883, '0': -4.433331489562988, '3': -4.433331489562988, '1': -4.683331489562988, '2': -5.620831489562988}
2026-03-15 03:11:12,105 - INFO - [Step 74] score 7, accepted!
2026-03-15 03:11:12,105 - INFO - [Step 74] final step_str: Bring all terms to one side:
2026-03-15 03:11:12,466 - INFO - Original token_logprobs: {'7': -1.0677311420440674, '8': -1.3177311420440674, '6': -2.0677311420440674, '9': -2.0677311420440674, '5': -2.3177311420440674, '4': -4.192730903625488, '0': -5.192730903625488, '1': -5.192730903625488, '3': -5.317730903625488, '2': -6.630230903625488}
2026-03-15 03:11:12,466 - INFO - [Step 75] score 7, accepted!
2026-03-15 03:11:12,466 - INFO - [Step 75] final step_str: 1.6 s^2 + 3.2 s - 18 = 0
2026-03-15 03:11:12,766 - INFO - Original token_logprobs: {'7': -1.0673578977584839, '8': -1.5673578977584839, '9': -1.9423578977584839, '5': -2.0673580169677734, '6': -2.1923580169677734, '4': -3.8173580169677734, '0': -4.192358016967773, '3': -4.567358016967773, '1': -4.567358016967773, '2': -5.879858016967773}
2026-03-15 03:11:12,766 - INFO - [Step 76] score 7, accepted!
2026-03-15 03:11:12,767 - INFO - [Step 76] final step_str: Let me write this as:
2026-03-15 03:11:13,134 - INFO - Original token_logprobs: {'7': -1.1267248392105103, '8': -1.2517248392105103, '9': -2.0017247200012207, '6': -2.1267247200012207, '5': -2.3767247200012207, '4': -4.126724720001221, '0': -4.876724720001221, '3': -5.001724720001221, '1': -5.126724720001221, '2': -6.376724720001221}
2026-03-15 03:11:13,135 - INFO - [Step 77] score 7, accepted!
2026-03-15 03:11:13,135 - INFO - [Step 77] final step_str: 1.6 s^2 + 3.2 s - 18 = 0
2026-03-15 03:11:13,488 - INFO - Original token_logprobs: {'7': -1.2152001857757568, '8': -1.4652001857757568, '9': -1.7152001857757568, '5': -2.090200185775757, '6': -2.340200185775757, '4': -3.715200185775757, '0': -4.090200424194336, '3': -4.465200424194336, '1': -4.590200424194336, '2': -5.652700424194336}
2026-03-15 03:11:13,488 - INFO - [Step 78] score 7, accepted!
2026-03-15 03:11:13,489 - INFO - [Step 78] final step_str: To make it easier, let's multiply both sides by 10 to eliminate decimals:
2026-03-15 03:11:13,849 - INFO - Original token_logprobs: {'7': -1.098055124282837, '8': -1.473055124282837, '6': -1.973055124282837, '5': -2.098055124282837, '9': -2.223055124282837, '4': -3.598055124282837, '3': -4.473054885864258, '0': -4.598054885864258, '1': -4.848054885864258, '2': -5.598054885864258}
2026-03-15 03:11:13,850 - INFO - [Step 79] score 7, accepted!
2026-03-15 03:11:13,850 - INFO - [Step 79] final step_str: 16 s^2 + 32 s - 180 = 0
2026-03-15 03:11:14,174 - INFO - Original token_logprobs: {'7': -1.012934923171997, '8': -1.637934923171997, '5': -2.137934923171997, '9': -2.137934923171997, '6': -2.137934923171997, '4': -3.512934923171997, '0': -4.012934684753418, '3': -4.137934684753418, '1': -4.387934684753418, '2': -5.262934684753418}
2026-03-15 03:11:14,174 - INFO - [Step 80] score 7, accepted!
2026-03-15 03:11:14,175 - INFO - [Step 80] final step_str: Simplify further by dividing all terms by 4:
2026-03-15 03:11:14,522 - INFO - Original token_logprobs: {'8': -1.09904146194458, '7': -1.22404146194458, '9': -1.59904146194458, '6': -2.47404146194458, '5': -2.84904146194458, '4': -4.84904146194458, '1': -4.97404146194458, '0': -5.22404146194458, '3': -5.91154146194458, ' ': -6.78654146194458}
2026-03-15 03:11:14,523 - INFO - [Step 81] score 8, accepted!
2026-03-15 03:11:14,523 - INFO - [Step 81] final step_str: 4 s^2 + 8 s - 45 = 0
2026-03-15 03:11:14,899 - INFO - Original token_logprobs: {'7': -1.1451383829116821, '8': -1.1451383829116821, '9': -1.7701383829116821, '6': -2.3951382637023926, '5': -2.6451382637023926, '4': -4.645138263702393, '1': -5.020138263702393, '0': -5.145138263702393, '3': -5.770138263702393, ' ': -6.707638263702393}
2026-03-15 03:11:14,899 - INFO - [Step 82] score 7, accepted!
2026-03-15 03:11:14,899 - INFO - [Step 82] final step_str: So, quadratic equation: 4 s^2 + 8 s - 45 = 0
2026-03-15 03:11:15,204 - INFO - Original token_logprobs: {'7': -1.3349701166152954, '8': -1.3349701166152954, '9': -1.4599701166152954, '5': -2.334969997406006, '6': -2.459969997406006, '4': -3.959969997406006, '0': -4.209969997406006, '1': -4.709969997406006, '3': -4.834969997406006, '2': -6.147469997406006}
2026-03-15 03:11:15,205 - INFO - [Step 83] score 7, accepted!
2026-03-15 03:11:15,205 - INFO - [Step 83] final step_str: Let me solve this quadratic equation.
2026-03-15 03:11:15,622 - INFO - Original token_logprobs: {'8': -1.225715160369873, '7': -1.350715160369873, '9': -1.475715160369873, '5': -2.350715160369873, '6': -2.475715160369873, '4': -4.225715160369873, '0': -4.975715160369873, '1': -4.975715160369873, '3': -5.350715160369873, '2': -6.663215160369873}
2026-03-15 03:11:15,622 - INFO - [Step 84] score 8, accepted!
2026-03-15 03:11:15,622 - INFO - [Step 84] final step_str: The quadratic is of the form ax² + bx + c = 0, where a = 4, b = 8, c = -45.
2026-03-15 03:11:15,927 - INFO - Original token_logprobs: {'9': -1.2664116621017456, '8': -1.6414116621017456, '7': -1.6414116621017456, '5': -1.7664116621017456, '6': -2.766411781311035, '4': -3.391411781311035, '0': -3.766411781311035, '3': -4.016411781311035, '1': -4.641411781311035, '2': -5.266411781311035}
2026-03-15 03:11:15,928 - INFO - [Step 85] score 9, accepted!
2026-03-15 03:11:15,928 - INFO - [Step 85] final step_str: We can use the quadratic formula:
2026-03-15 03:11:16,286 - INFO - Original token_logprobs: {'8': -0.8986715078353882, '9': -1.5236715078353882, '7': -1.5236715078353882, '5': -2.7736716270446777, '6': -2.7736716270446777, '4': -4.648671627044678, '1': -5.023671627044678, '0': -5.148671627044678, '3': -5.523671627044678, '2': -6.773671627044678}
2026-03-15 03:11:16,286 - INFO - [Step 86] score 8, accepted!
2026-03-15 03:11:16,286 - INFO - [Step 86] final step_str: s = [-b ± sqrt(b² - 4ac)] / (2a)
2026-03-15 03:11:16,581 - INFO - Original token_logprobs: {'8': -1.247695803642273, '9': -1.372695803642273, '7': -1.497695803642273, '5': -2.1226959228515625, '6': -2.7476959228515625, '4': -4.1226959228515625, '0': -4.3726959228515625, '1': -4.8726959228515625, '3': -4.9351959228515625, '2': -6.2476959228515625}
2026-03-15 03:11:16,581 - INFO - [Step 87] score 8, accepted!
2026-03-15 03:11:16,582 - INFO - [Step 87] final step_str: Compute discriminant D:
2026-03-15 03:11:17,017 - INFO - Original token_logprobs: {'9': -0.9363609552383423, '8': -1.0613609552383423, '7': -1.8113609552383423, '5': -3.1863608360290527, '6': -3.4363608360290527, '1': -4.811360836029053, '4': -5.436360836029053, '0': -5.623860836029053, '3': -6.123860836029053, ' ': -6.561360836029053}
2026-03-15 03:11:17,018 - INFO - [Step 88] score 9, accepted!
2026-03-15 03:11:17,018 - INFO - [Step 88] final step_str: D = b² - 4ac = 8² - 4 * 4 * (-45) = 64 + 720 = 784
2026-03-15 03:11:17,361 - INFO - Original token_logprobs: {'9': -0.9994450807571411, '8': -1.1244450807571411, '7': -1.7494450807571411, '5': -2.8744449615478516, '6': -3.1244449615478516, '1': -4.624444961547852, '4': -4.999444961547852, '0': -5.374444961547852, '3': -5.686944961547852, ' ': -6.311944961547852}
2026-03-15 03:11:17,362 - INFO - [Step 89] score 9, accepted!
2026-03-15 03:11:17,362 - INFO - [Step 89] final step_str: sqrt(D) = sqrt(784) = 28
2026-03-15 03:11:17,641 - INFO - Original token_logprobs: {'9': -0.8715927600860596, '8': -1.3715927600860596, '7': -1.7465927600860596, '5': -2.6215927600860596, '6': -3.2465927600860596, '1': -4.6215925216674805, '4': -4.6215925216674805, '0': -4.6215925216674805, '3': -5.4965925216674805, '2': -6.4340925216674805}
2026-03-15 03:11:17,641 - INFO - [Step 90] score 9, accepted!
2026-03-15 03:11:17,641 - INFO - [Step 90] final step_str: So,
2026-03-15 03:11:18,032 - INFO - Original token_logprobs: {'8': -1.011707067489624, '7': -1.261707067489624, '9': -1.636707067489624, '5': -2.761707067489624, '6': -2.761707067489624, '1': -4.761707305908203, '4': -4.761707305908203, '0': -5.511707305908203, '3': -5.636707305908203, ' ': -6.449207305908203}
2026-03-15 03:11:18,032 - INFO - [Step 91] score 8, accepted!
2026-03-15 03:11:18,032 - INFO - [Step 91] final step_str: s = [-8 ± 28] / (2 * 4) = (-8 ± 28)/8
2026-03-15 03:11:18,322 - INFO - Original token_logprobs: {'8': -1.1257004737854004, '9': -1.3757004737854004, '7': -1.3757004737854004, '5': -2.6257004737854004, '6': -2.8757004737854004, '4': -4.3757004737854, '0': -4.7507004737854, '1': -4.8757004737854, '3': -5.2507004737854, '2': -6.2507004737854}
2026-03-15 03:11:18,323 - INFO - [Step 92] score 8, accepted!
2026-03-15 03:11:18,323 - INFO - [Step 92] final step_str: Compute both possibilities:
2026-03-15 03:11:18,700 - INFO - Original token_logprobs: {'9': -1.130548119544983, '8': -1.255548119544983, '7': -1.630548119544983, '5': -2.3805480003356934, '6': -2.8805480003356934, '4': -4.255548000335693, '1': -4.630548000335693, '0': -5.005548000335693, '3': -5.130548000335693, '2': -6.068048000335693}
2026-03-15 03:11:18,700 - INFO - [Step 93] score 9, accepted!
2026-03-15 03:11:18,700 - INFO - [Step 93] final step_str: First solution: (-8 + 28)/8 = 20/8 = 2.5
2026-03-15 03:11:19,078 - INFO - Original token_logprobs: {'8': -1.0168991088867188, '9': -1.1418991088867188, '7': -1.6418991088867188, '5': -3.0168991088867188, '6': -3.0168991088867188, '1': -5.016899108886719, '4': -5.016899108886719, '0': -5.516899108886719, '3': -5.766899108886719, ' ': -6.329399108886719}
2026-03-15 03:11:19,078 - INFO - [Step 94] score 8, accepted!
2026-03-15 03:11:19,078 - INFO - [Step 94] final step_str: Second solution: (-8 - 28)/8 = -36/8 = -4.5
2026-03-15 03:11:19,423 - INFO - Original token_logprobs: {'8': -1.1439412832260132, '9': -1.3939412832260132, '7': -1.3939412832260132, '5': -2.5189414024353027, '6': -2.6439414024353027, '4': -4.518941402435303, '1': -4.893941402435303, '3': -5.518941402435303, '0': -5.643941402435303, ' ': -6.206441402435303}
2026-03-15 03:11:19,423 - INFO - [Step 95] score 8, accepted!
2026-03-15 03:11:19,423 - INFO - [Step 95] final step_str: Since speed cannot be negative, s = 2.5 km/h
2026-03-15 03:11:19,761 - INFO - Original token_logprobs: {'8': -1.2285305261611938, '9': -1.3535305261611938, '7': -1.4785305261611938, '5': -2.3535304069519043, '6': -2.4785304069519043, '4': -4.228530406951904, '1': -4.728530406951904, '3': -5.228530406951904, '0': -5.228530406951904, '2': -6.291030406951904}
2026-03-15 03:11:19,761 - INFO - [Step 96] score 8, accepted!
2026-03-15 03:11:19,761 - INFO - [Step 96] final step_str: So, Aya walks at 2.5 km/h.
2026-03-15 03:11:20,070 - INFO - Original token_logprobs: {'8': -1.1522414684295654, '9': -1.4022414684295654, '7': -1.5272414684295654, '5': -2.2772414684295654, '6': -2.6522414684295654, '4': -4.1522417068481445, '1': -4.7772417068481445, '0': -4.9022417068481445, '3': -5.0272417068481445, '2': -6.0272417068481445}
2026-03-15 03:11:20,071 - INFO - [Step 97] score 8, accepted!
2026-03-15 03:11:20,071 - INFO - [Step 97] final step_str: Now, let's find t.
2026-03-15 03:11:20,369 - INFO - Original token_logprobs: {'8': -1.1562423706054688, '9': -1.4062423706054688, '7': -1.4062423706054688, '5': -2.4062423706054688, '6': -2.7812423706054688, '4': -4.406242370605469, '1': -4.781242370605469, '0': -4.906242370605469, '3': -5.343742370605469, ' ': -6.156242370605469}
2026-03-15 03:11:20,370 - INFO - [Step 98] score 8, accepted!
2026-03-15 03:11:20,370 - INFO - [Step 98] final step_str: From equation 1:
2026-03-15 03:11:20,700 - INFO - Original token_logprobs: {'8': -1.1215124130249023, '9': -1.1215124130249023, '7': -1.7465124130249023, '5': -2.6215124130249023, '6': -2.8715124130249023, '4': -4.371512413024902, '0': -4.746512413024902, '1': -4.871512413024902, '3': -5.121512413024902, '2': -6.184012413024902}
2026-03-15 03:11:20,700 - INFO - [Step 99] score 8, accepted!
2026-03-15 03:11:20,700 - INFO - [Step 99] final step_str: 9/s + t/60 = 4
2026-03-15 03:11:21,020 - INFO - Original token_logprobs: {'8': -1.21427321434021, '9': -1.21427321434021, '7': -1.71427321434021, '5': -2.33927321434021, '6': -2.58927321434021, '4': -4.089273452758789, '0': -4.464273452758789, '3': -4.839273452758789, '1': -4.839273452758789, '2': -5.901773452758789}
2026-03-15 03:11:21,020 - INFO - [Step 100] score 8, accepted!
2026-03-15 03:11:21,020 - INFO - [Step 100] final step_str: We know s = 2.5,
2026-03-15 03:11:21,303 - INFO - Original token_logprobs: {'8': -1.1929460763931274, '9': -1.3179460763931274, '7': -1.4429460763931274, '5': -2.442945957183838, '6': -2.817945957183838, '4': -4.317945957183838, '0': -4.567945957183838, '1': -4.817945957183838, '3': -5.192945957183838, '2': -6.255445957183838}
2026-03-15 03:11:21,303 - INFO - [Step 101] score 8, accepted!
2026-03-15 03:11:21,303 - INFO - [Step 101] final step_str: So,
2026-03-15 03:11:21,651 - INFO - Original token_logprobs: {'8': -1.2692222595214844, '9': -1.2692222595214844, '7': -1.5192222595214844, '5': -2.3942222595214844, '6': -2.6442222595214844, '4': -4.019222259521484, '0': -4.519222259521484, '3': -4.769222259521484, '1': -4.769222259521484, '2': -5.769222259521484}
2026-03-15 03:11:21,651 - INFO - [Step 102] score 8, accepted!
2026-03-15 03:11:21,651 - INFO - [Step 102] final step_str: 9 / 2.5 + t/60 = 4
2026-03-15 03:11:21,980 - INFO - Original token_logprobs: {'9': -1.028266191482544, '8': -1.528266191482544, '5': -1.903266191482544, '7': -2.028266191482544, '6': -2.903266191482544, '4': -3.653266191482544, '0': -3.778266191482544, '3': -4.153265953063965, '1': -4.528265953063965, '2': -5.028265953063965}
2026-03-15 03:11:21,980 - INFO - [Step 103] score 9, accepted!
2026-03-15 03:11:21,981 - INFO - [Step 103] final step_str: Compute 9 / 2.5:
2026-03-15 03:11:22,393 - INFO - Original token_logprobs: {'5': -1.6314876079559326, '7': -1.6314876079559326, '8': -1.7564876079559326, '9': -2.0064876079559326, '6': -2.3814876079559326, '4': -3.0064876079559326, '0': -3.1314876079559326, '3': -3.1314876079559326, '1': -3.2564876079559326, '2': -3.6314876079559326}
2026-03-15 03:11:22,394 - INFO - [Step 104] score 5 rejected, falling back to base model
2026-03-15 03:11:23,689 - INFO - [Step 104] final step_str: 2.5 goes into 9: 2.5 * 3 = 7.5, so 9 - 7.5 = 1.5 left. 1.5 /2.5 = 0.6
2026-03-15 03:11:24,047 - INFO - Original token_logprobs: {'7': -1.280713438987732, '8': -1.780713438987732, '5': -1.780713438987732, '9': -1.905713438987732, '6': -2.0307135581970215, '4': -3.2807135581970215, '3': -3.7807135581970215, '0': -4.0307135581970215, '1': -4.4057135581970215, '2': -4.6557135581970215}
2026-03-15 03:11:24,048 - INFO - [Step 105] score 7, accepted!
2026-03-15 03:11:24,048 - INFO - [Step 105] final step_str: So, 9 / 2.5 = 3.6
2026-03-15 03:11:24,332 - INFO - Original token_logprobs: {'7': -1.3183680772781372, '8': -1.4433680772781372, '5': -1.8183680772781372, '9': -1.8183680772781372, '6': -2.1933679580688477, '4': -3.6933679580688477, '3': -4.568367958068848, '0': -4.693367958068848, '1': -4.943367958068848, '2': -5.880867958068848}
2026-03-15 03:11:24,333 - INFO - [Step 106] score 7, accepted!
2026-03-15 03:11:24,333 - INFO - [Step 106] final step_str: Thus,
2026-03-15 03:11:24,671 - INFO - Original token_logprobs: {'7': -1.2974941730499268, '8': -1.4224941730499268, '9': -1.6724941730499268, '5': -2.0474941730499268, '6': -2.2974941730499268, '4': -3.6724941730499268, '3': -4.297493934631348, '0': -4.547493934631348, '1': -4.797493934631348, '2': -5.297493934631348}
2026-03-15 03:11:24,672 - INFO - [Step 107] score 7, accepted!
2026-03-15 03:11:24,672 - INFO - [Step 107] final step_str: 3.6 + t/60 = 4
2026-03-15 03:11:24,985 - INFO - Original token_logprobs: {'8': -1.1702402830123901, '7': -1.4202402830123901, '9': -1.5452402830123901, '5': -2.2952404022216797, '6': -2.5452404022216797, '4': -4.04524040222168, '1': -4.54524040222168, '0': -4.67024040222168, '3': -4.79524040222168, '2': -5.67024040222168}
2026-03-15 03:11:24,985 - INFO - [Step 108] score 8, accepted!
2026-03-15 03:11:24,985 - INFO - [Step 108] final step_str: Subtract 3.6:
2026-03-15 03:11:25,349 - INFO - Original token_logprobs: {'7': -1.3239648342132568, '8': -1.4489648342132568, '9': -1.5739648342132568, '5': -2.073964834213257, '6': -2.323964834213257, '4': -3.698964834213257, '1': -4.448965072631836, '3': -4.448965072631836, '0': -4.573965072631836, '2': -5.448965072631836}
2026-03-15 03:11:25,349 - INFO - [Step 109] score 7, accepted!
2026-03-15 03:11:25,349 - INFO - [Step 109] final step_str: t/60 = 4 - 3.6 = 0.4
2026-03-15 03:11:25,669 - INFO - Original token_logprobs: {'8': -1.2423814535140991, '9': -1.2423814535140991, '7': -1.6173814535140991, '5': -2.2423815727233887, '6': -2.7423815727233887, '4': -4.117381572723389, '0': -4.554881572723389, '1': -4.554881572723389, '3': -4.992381572723389, '2': -5.929881572723389}
2026-03-15 03:11:25,669 - INFO - [Step 110] score 8, accepted!
2026-03-15 03:11:25,669 - INFO - [Step 110] final step_str: Multiply both sides by 60:
2026-03-15 03:11:26,027 - INFO - Original token_logprobs: {'9': -1.2438437938690186, '8': -1.4938437938690186, '7': -1.6188437938690186, '5': -1.9938437938690186, '6': -2.3688437938690186, '4': -3.8688437938690186, '1': -4.618844032287598, '3': -4.618844032287598, '0': -4.931344032287598, '2': -5.681344032287598}
2026-03-15 03:11:26,028 - INFO - [Step 111] score 9, accepted!
2026-03-15 03:11:26,028 - INFO - [Step 111] final step_str: t = 0.4 * 60 = 24 minutes
2026-03-15 03:11:26,350 - INFO - Original token_logprobs: {'8': -1.3883777856826782, '9': -1.3883777856826782, '7': -1.5133777856826782, '5': -2.0133776664733887, '6': -2.3883776664733887, '4': -3.8883776664733887, '1': -4.513377666473389, '3': -4.763377666473389, '0': -5.138377666473389, '2': -5.825877666473389}
2026-03-15 03:11:26,350 - INFO - [Step 112] score 8, accepted!
2026-03-15 03:11:26,350 - INFO - [Step 112] final step_str: So, t = 24 minutes.
2026-03-15 03:11:26,809 - INFO - Original token_logprobs: {'9': -1.1834297180175781, '8': -1.3084297180175781, '7': -1.6834297180175781, '5': -2.058429718017578, '6': -2.808429718017578, '4': -4.058429718017578, '1': -4.558429718017578, '3': -4.808429718017578, '0': -5.308429718017578, '2': -5.870929718017578}
2026-03-15 03:11:26,809 - INFO - [Step 113] score 9, accepted!
2026-03-15 03:11:26,809 - INFO - [Step 113] final step_str: Now, we need to find the time it takes her when she walks at s + 0.5 km/h, which is 2.5 + 0.5 = 3 km/h.
2026-03-15 03:11:27,146 - INFO - Original token_logprobs: {'8': -1.1118355989456177, '9': -1.1118355989456177, '7': -1.8618355989456177, '5': -2.361835479736328, '6': -2.986835479736328, '4': -4.236835479736328, '1': -4.861835479736328, '3': -4.861835479736328, '0': -5.424335479736328, '2': -6.049335479736328}
2026-03-15 03:11:27,146 - INFO - [Step 114] score 8, accepted!
2026-03-15 03:11:27,146 - INFO - [Step 114] final step_str: Let me compute the walking time at 3 km/h.
2026-03-15 03:11:27,497 - INFO - Original token_logprobs: {'9': -1.2711505889892578, '7': -1.3961505889892578, '8': -1.5211505889892578, '5': -2.271150588989258, '6': -2.521150588989258, '4': -3.896150588989258, '3': -4.271150588989258, '1': -4.396150588989258, '0': -4.521150588989258, '2': -5.146150588989258}
2026-03-15 03:11:27,498 - INFO - [Step 115] score 9, accepted!
2026-03-15 03:11:27,498 - INFO - [Step 115] final step_str: Walking time W3 = 9 / 3 = 3 hours.
2026-03-15 03:11:27,881 - INFO - Original token_logprobs: {'7': -1.3259596824645996, '9': -1.4509596824645996, '8': -1.4509596824645996, '5': -2.2009596824645996, '6': -2.4509596824645996, '4': -3.8259596824645996, '3': -4.3259596824646, '1': -4.4509596824646, '0': -4.5759596824646, '2': -5.1384596824646}
2026-03-15 03:11:27,881 - INFO - [Step 116] score 7, accepted!
2026-03-15 03:11:27,881 - INFO - [Step 116] final step_str: But the total time is walking time plus t minutes, which is 3 hours + 24 minutes.
2026-03-15 03:11:28,224 - INFO - Original token_logprobs: {'7': -1.5111750364303589, '9': -1.5111750364303589, '8': -1.6361750364303589, '5': -2.0111751556396484, '6': -2.3861751556396484, '4': -3.2611751556396484, '3': -3.5111751556396484, '0': -3.6361751556396484, '1': -3.8861751556396484, '2': -4.136175155639648}
2026-03-15 03:11:28,225 - INFO - [Step 117] score 7, accepted!
2026-03-15 03:11:28,225 - INFO - [Step 117] final step_str: Convert 3 hours to minutes: 180 minutes.
2026-03-15 03:11:28,596 - INFO - Original token_logprobs: {'9': -1.0361227989196777, '8': -1.2861227989196777, '7': -1.5361227989196777, '5': -2.7861227989196777, '6': -2.9111227989196777, '1': -4.536122798919678, '4': -4.661122798919678, '0': -5.161122798919678, '3': -5.286122798919678, '2': -6.036122798919678}
2026-03-15 03:11:28,596 - INFO - [Step 118] score 9, accepted!
2026-03-15 03:11:28,596 - INFO - [Step 118] final step_str: So, total time = 180 + 24 = 204 minutes.
2026-03-15 03:11:28,918 - INFO - Original token_logprobs: {'9': -0.88332200050354, '8': -1.13332200050354, '7': -2.00832200050354, '5': -2.88332200050354, '6': -3.25832200050354, '1': -4.633321762084961, '4': -4.883321762084961, '0': -5.008321762084961, '3': -5.383321762084961, '2': -6.258321762084961}
2026-03-15 03:11:28,918 - INFO - [Step 119] score 9, accepted!
2026-03-15 03:11:28,918 - INFO - [Step 119] final step_str: But wait, let me confirm:
2026-03-15 03:11:29,271 - INFO - Original token_logprobs: {'9': -1.0144684314727783, '8': -1.1394684314727783, '7': -1.7644684314727783, '5': -2.7644684314727783, '6': -3.0144684314727783, '4': -4.639468193054199, '1': -4.889468193054199, '3': -5.264468193054199, '0': -5.326968193054199, '2': -6.264468193054199}
2026-03-15 03:11:29,271 - INFO - [Step 120] score 9, accepted!
2026-03-15 03:11:29,271 - INFO - [Step 120] final step_str: Alternatively, we can compute W3 in hours and then convert to minutes.
2026-03-15 03:11:29,650 - INFO - Original token_logprobs: {'9': -1.049180030822754, '8': -1.174180030822754, '7': -1.799180030822754, '5': -2.549180030822754, '6': -2.924180030822754, '4': -4.424180030822754, '1': -4.549180030822754, '3': -5.049180030822754, '0': -5.174180030822754, '2': -5.924180030822754}
2026-03-15 03:11:29,650 - INFO - [Step 121] score 9, accepted!
2026-03-15 03:11:29,650 - INFO - [Step 121] final step_str: Walking speed is 3 km/h, so time is 9 / 3 = 3 hours.
2026-03-15 03:11:30,055 - INFO - Original token_logprobs: {'9': -0.8585129380226135, '8': -1.2335128784179688, '7': -1.8585128784179688, '5': -2.8585128784179688, '6': -3.2335128784179688, '1': -4.733512878417969, '4': -4.858512878417969, '3': -5.421012878417969, '0': -5.483512878417969, '2': -6.171012878417969}
2026-03-15 03:11:30,056 - INFO - [Step 122] score 9, accepted!
2026-03-15 03:11:30,056 - INFO - [Step 122] final step_str: Add t minutes: 3 hours + 24 minutes = 180 + 24 = 204 minutes.
2026-03-15 03:11:30,396 - INFO - Original token_logprobs: {'9': -0.9037336111068726, '8': -1.1537336111068726, '7': -1.9037336111068726, '5': -2.778733730316162, '6': -3.278733730316162, '1': -4.653733730316162, '4': -4.903733730316162, '3': -5.528733730316162, '0': -5.653733730316162, '2': -6.403733730316162}
2026-03-15 03:11:30,397 - INFO - [Step 123] score 9, accepted!
2026-03-15 03:11:30,397 - INFO - [Step 123] final step_str: So, the total time is 204 minutes.
2026-03-15 03:11:30,737 - INFO - Original token_logprobs: {'8': -0.9192590117454529, '9': -0.9192590117454529, '7': -2.1692590713500977, '5': -3.2942590713500977, '6': -3.5442590713500977, '1': -5.044259071350098, '4': -5.294259071350098, '3': -5.856759071350098, '0': -6.231759071350098, '2': -6.731759071350098}
2026-03-15 03:11:30,737 - INFO - [Step 124] score 8, accepted!
2026-03-15 03:11:30,737 - INFO - [Step 124] final step_str: But just to make sure, let me verify my calculations.
2026-03-15 03:11:31,240 - INFO - Original token_logprobs: {'9': -0.9769590497016907, '8': -1.101958990097046, '7': -1.851958990097046, '5': -2.726958990097046, '6': -3.226958990097046, '1': -4.851959228515625, '4': -4.851959228515625, '3': -5.476959228515625, '0': -5.601959228515625, '2': -6.351959228515625}
2026-03-15 03:11:31,240 - INFO - [Step 125] score 9, accepted!
2026-03-15 03:11:31,240 - INFO - [Step 125] final step_str: Wait, hold on: when she walks at 3 km/h, the walking time is 3 hours. Then, adding t minutes (24 minutes) gives 3 hours and 24 minutes, which is indeed 204 minutes.
2026-03-15 03:11:31,584 - INFO - Original token_logprobs: {'8': -0.8765749931335449, '9': -1.126574993133545, '7': -1.876574993133545, '5': -3.126574993133545, '6': -3.251574993133545, '1': -5.001574993133545, '4': -5.126574993133545, '3': -5.689074993133545, '0': -5.876574993133545, '2': -6.564074993133545}
2026-03-15 03:11:31,585 - INFO - [Step 126] score 8, accepted!
2026-03-15 03:11:31,585 - INFO - [Step 126] final step_str: But let me cross-verify this with the earlier approach.
2026-03-15 03:11:31,991 - INFO - Original token_logprobs: {'8': -0.8543837070465088, '9': -1.3543837070465088, '7': -1.6043837070465088, '5': -3.104383707046509, '6': -3.104383707046509, '1': -4.85438346862793, '4': -5.16688346862793, '3': -5.72938346862793, '0': -5.85438346862793, '2': -6.60438346862793}
2026-03-15 03:11:31,992 - INFO - [Step 127] score 8, accepted!
2026-03-15 03:11:31,992 - INFO - [Step 127] final step_str: We can also compute the walking times at s, s + 2, and s + 0.5, then add t.
2026-03-15 03:11:32,431 - INFO - Original token_logprobs: {'8': -1.0089870691299438, '9': -1.1339870691299438, '7': -1.6339870691299438, '5': -3.0089869499206543, '6': -3.1339869499206543, '1': -4.883986949920654, '4': -5.133986949920654, '3': -5.633986949920654, '0': -5.758986949920654, '2': -6.508986949920654}
2026-03-15 03:11:32,431 - INFO - [Step 128] score 8, accepted!
2026-03-15 03:11:32,431 - INFO - [Step 128] final step_str: From above, s = 2.5 km/h, s + 2 = 4.5 km/h, s + 0.5 = 3 km/h.
2026-03-15 03:11:32,736 - INFO - Original token_logprobs: {'8': -0.9876284003257751, '9': -1.11262845993042, '7': -1.73762845993042, '5': -2.86262845993042, '6': -3.23762845993042, '1': -4.86262845993042, '4': -5.11262845993042, '0': -5.61262845993042, '3': -5.73762845993042, '2': -6.73762845993042}
2026-03-15 03:11:32,736 - INFO - [Step 129] score 8, accepted!
2026-03-15 03:11:32,736 - INFO - [Step 129] final step_str: Compute walking times:
2026-03-15 03:11:33,148 - INFO - Original token_logprobs: {'8': -1.174697995185852, '9': -1.299697995185852, '7': -1.549697995185852, '5': -2.4246978759765625, '6': -2.6746978759765625, '4': -4.1746978759765625, '1': -4.6746978759765625, '3': -4.7996978759765625, '0': -4.7996978759765625, '2': -5.7371978759765625}
2026-03-15 03:11:33,148 - INFO - [Step 130] score 8, accepted!
2026-03-15 03:11:33,148 - INFO - [Step 130] final step_str: At 2.5 km/h: 9 / 2.5 = 3.6 hours = 216 minutes.
2026-03-15 03:11:33,551 - INFO - Original token_logprobs: {'9': -1.235927939414978, '8': -1.360927939414978, '7': -1.485927939414978, '5': -2.2359280586242676, '6': -2.6109280586242676, '4': -4.235928058624268, '0': -4.735928058624268, '3': -4.860928058624268, '1': -4.860928058624268, '2': -5.860928058624268}
2026-03-15 03:11:33,552 - INFO - [Step 131] score 9, accepted!
2026-03-15 03:11:33,552 - INFO - [Step 131] final step_str: At 4.5 km/h: 9 / 4.5 = 2 hours = 120 minutes.
2026-03-15 03:11:33,939 - INFO - Original token_logprobs: {'8': -1.2074763774871826, '9': -1.3324763774871826, '7': -1.4574763774871826, '5': -2.3324763774871826, '6': -2.5824763774871826, '4': -4.582476615905762, '1': -5.082476615905762, '3': -5.332476615905762, '0': -5.519976615905762, '2': -6.457476615905762}
2026-03-15 03:11:33,940 - INFO - [Step 132] score 8, accepted!
2026-03-15 03:11:33,940 - INFO - [Step 132] final step_str: At 3 km/h: 9 / 3 = 3 hours = 180 minutes.
2026-03-15 03:11:34,381 - INFO - Original token_logprobs: {'7': -1.5572344064712524, '9': -1.6822344064712524, '8': -1.6822344064712524, '5': -1.8072344064712524, '6': -2.432234287261963, '0': -3.057234287261963, '4': -3.182234287261963, '3': -3.432234287261963, '1': -3.807234287261963, '2': -4.057234287261963}
2026-03-15 03:11:34,381 - INFO - [Step 133] score 7, accepted!
2026-03-15 03:11:34,381 - INFO - [Step 133] final step_str: But in the first case, total time is 216 + 24 = 240 minutes. Wait, that's not matching the given 4 hours.
2026-03-15 03:11:34,728 - INFO - Original token_logprobs: {'7': -1.4689840078353882, '8': -1.5939840078353882, '9': -1.7189840078353882, '5': -1.8439840078353882, '6': -2.3439841270446777, '4': -3.2189841270446777, '0': -3.3439841270446777, '3': -3.5939841270446777, '1': -4.218984127044678, '2': -4.468984127044678}
2026-03-15 03:11:34,728 - INFO - [Step 134] score 7, accepted!
2026-03-15 03:11:34,728 - INFO - [Step 134] final step_str: Wait, hold on, perhaps I made a mistake here.
2026-03-15 03:11:35,211 - INFO - Original token_logprobs: {'7': -1.5436789989471436, '9': -1.5436789989471436, '8': -1.6686789989471436, '5': -1.9186789989471436, '6': -2.4186789989471436, '4': -3.1686789989471436, '0': -3.1686789989471436, '3': -3.5436789989471436, '1': -4.168679237365723, '2': -4.168679237365723}
2026-03-15 03:11:35,211 - INFO - [Step 135] score 7, accepted!
2026-03-15 03:11:35,211 - INFO - [Step 135] final step_str: Wait, 9 / 2.5 is 3.6 hours, which is 216 minutes. But in the first case, total time is 4 hours, which is 240 minutes.
2026-03-15 03:11:35,535 - INFO - Original token_logprobs: {'5': -1.7833644151687622, '7': -1.9083644151687622, '9': -2.0333642959594727, '8': -2.1583642959594727, '0': -2.1583642959594727, '3': -2.5333642959594727, '6': -2.5333642959594727, '4': -2.7833642959594727, '1': -3.0333642959594727, '2': -3.0333642959594727}
2026-03-15 03:11:35,536 - INFO - [Step 136] score 5 rejected, falling back to base model
2026-03-15 03:11:37,824 - INFO - [Step 136] final step_str: So, walking time (216 minutes) plus t minutes (24) gives 240 minutes, which matches. Similarly, walking time at 4.5 km/h is 2 hours (120 minutes) plus 24 minutes gives 144 minutes, which is 2 hours 24 minutes, which matches the problem's second case. So that's correct.
2026-03-15 03:11:38,334 - INFO - Original token_logprobs: {'8': -1.0915096998214722, '9': -1.2165096998214722, '7': -1.4665096998214722, '5': -2.7165098190307617, '6': -3.0915098190307617, '1': -4.716509819030762, '4': -5.091509819030762, '3': -5.779009819030762, '0': -6.091509819030762, '2': -6.466509819030762}
2026-03-15 03:11:38,335 - INFO - [Step 137] score 8, accepted!
2026-03-15 03:11:38,335 - INFO - [Step 137] final step_str: Now, for s + 0.5 km/h, walking time is 3 hours (180 minutes) plus t minutes (24) gives 204 minutes, which is 3 hours 24 minutes. So, that's correct.
2026-03-15 03:11:38,839 - INFO - Original token_logprobs: {'9': -1.0404574871063232, '8': -1.1654574871063232, '7': -1.7904574871063232, '5': -2.4154574871063232, '6': -3.0404574871063232, '4': -4.665457725524902, '1': -4.915457725524902, '3': -5.415457725524902, '0': -5.540457725524902, '2': -6.352957725524902}
2026-03-15 03:11:38,839 - INFO - [Step 138] score 9, accepted!
2026-03-15 03:11:38,839 - INFO - [Step 138] final step_str: Wait, but why when I converted 3.6 hours to minutes, I thought 3.6 hours is 216 minutes, but in the problem, the total time is 4 hours, which is 240 minutes.
2026-03-15 03:11:39,271 - INFO - Original token_logprobs: {'8': -1.056424856185913, '9': -1.306424856185913, '7': -1.556424856185913, '5': -2.431424856185913, '6': -2.931424856185913, '4': -4.681425094604492, '1': -4.931425094604492, '3': -5.431425094604492, '0': -5.806425094604492, '2': -6.306425094604492}
2026-03-15 03:11:39,271 - INFO - [Step 139] score 8, accepted!
2026-03-15 03:11:39,272 - INFO - [Step 139] final step_str: Wait, so 216 minutes is walking time, and 24 minutes is t, which gives 240 minutes, which is correct.
2026-03-15 03:11:39,748 - INFO - Original token_logprobs: {'8': -1.1219544410705566, '9': -1.1219544410705566, '7': -1.6219544410705566, '5': -2.6219544410705566, '6': -2.9969544410705566, '1': -4.746954441070557, '4': -4.871954441070557, '3': -5.496954441070557, '0': -5.809454441070557, '2': -6.371954441070557}
2026-03-15 03:11:39,748 - INFO - [Step 140] score 8, accepted!
2026-03-15 03:11:39,749 - INFO - [Step 140] final step_str: Similarly, 120 minutes (walking time at 4.5 km/h) plus 24 minutes t gives 144 minutes, which is 2 hours 24 minutes, as given.
2026-03-15 03:11:40,067 - INFO - Original token_logprobs: {'8': -1.055153250694275, '9': -1.180153250694275, '7': -1.555153250694275, '5': -2.8051533699035645, '6': -3.0551533699035645, '1': -4.8051533699035645, '4': -5.1176533699035645, '3': -5.8051533699035645, '0': -5.8676533699035645, '2': -6.4926533699035645}
2026-03-15 03:11:40,067 - INFO - [Step 141] score 8, accepted!
2026-03-15 03:11:40,067 - INFO - [Step 141] final step_str: So, seems consistent.
2026-03-15 03:11:40,496 - INFO - Original token_logprobs: {'8': -1.0878355503082275, '9': -1.0878355503082275, '7': -1.5878355503082275, '5': -2.8378355503082275, '6': -3.2128355503082275, '1': -4.962835311889648, '4': -5.212835311889648, '3': -5.837835311889648, '0': -6.025335311889648, '2': -6.587835311889648}
2026-03-15 03:11:40,496 - INFO - [Step 142] score 8, accepted!
2026-03-15 03:11:40,496 - INFO - [Step 142] final step_str: Therefore, at 3 km/h, walking time is 180 minutes, plus 24 minutes, total 204 minutes.
2026-03-15 03:11:40,843 - INFO - Original token_logprobs: {'9': -0.8758070468902588, '8': -1.1258070468902588, '7': -1.8758070468902588, '5': -3.000807046890259, '6': -3.500807046890259, '1': -4.75080680847168, '4': -5.25080680847168, '3': -5.68830680847168, '0': -5.93830680847168, '2': -6.31330680847168}
2026-03-15 03:11:40,844 - INFO - [Step 143] score 9, accepted!
2026-03-15 03:11:40,844 - INFO - [Step 143] final step_str: So, the answer is 204 minutes.
2026-03-15 03:11:41,212 - INFO - Original token_logprobs: {'9': -0.8893122673034668, '8': -1.0143122673034668, '7': -2.014312267303467, '5': -3.139312267303467, '6': -3.639312267303467, '1': -4.889312267303467, '4': -5.264312267303467, '3': -5.826812267303467, '0': -6.014312267303467, '2': -6.576812267303467}
2026-03-15 03:11:41,212 - INFO - [Step 144] score 9, accepted!
2026-03-15 03:11:41,212 - INFO - [Step 144] final step_str: Wait, but to make sure, let me compute the walking times again.
2026-03-15 03:11:41,627 - INFO - Original token_logprobs: {'9': -0.9299789667129517, '8': -1.0549789667129517, '7': -1.9299789667129517, '5': -2.929978847503662, '6': -3.429978847503662, '1': -4.929978847503662, '4': -5.054978847503662, '3': -5.554978847503662, '0': -5.867478847503662, '2': -6.304978847503662}
2026-03-15 03:11:41,628 - INFO - [Step 145] score 9, accepted!
2026-03-15 03:11:41,628 - INFO - [Step 145] final step_str: Walking time at 3 km/h: 9 / 3 = 3 hours, which is 180 minutes.
2026-03-15 03:11:42,005 - INFO - Original token_logprobs: {'9': -0.8832607269287109, '8': -1.008260726928711, '7': -2.008260726928711, '5': -3.258260726928711, '6': -3.633260726928711, '1': -4.758260726928711, '4': -5.508260726928711, '3': -5.945760726928711, '0': -6.133260726928711, '2': -6.633260726928711}
2026-03-15 03:11:42,005 - INFO - [Step 146] score 9, accepted!
2026-03-15 03:11:42,005 - INFO - [Step 146] final step_str: Plus t = 24 minutes, so total time is 204 minutes.
2026-03-15 03:11:42,333 - INFO - Original token_logprobs: {'9': -0.9864964485168457, '8': -1.1114964485168457, '7': -1.7364964485168457, '5': -2.8614964485168457, '6': -3.3614964485168457, '1': -4.486496448516846, '4': -5.173996448516846, '3': -5.673996448516846, '0': -5.798996448516846, '2': -6.236496448516846}
2026-03-15 03:11:42,333 - INFO - [Step 147] score 9, accepted!
2026-03-15 03:11:42,333 - INFO - [Step 147] final step_str: Yes, that seems correct.
2026-03-15 03:11:42,690 - INFO - Original token_logprobs: {'8': -1.0248005390167236, '9': -1.0248005390167236, '7': -1.7748005390167236, '5': -3.0248005390167236, '6': -3.3998005390167236, '1': -4.5248003005981445, '4': -5.1498003005981445, '3': -5.6498003005981445, '0': -5.6498003005981445, '2': -6.2123003005981445}
2026-03-15 03:11:42,690 - INFO - [Step 148] score 8, accepted!
2026-03-15 03:11:42,690 - INFO - [Step 148] final step_str: So, I think the answer is 204 minutes.
2026-03-15 03:11:43,140 - INFO - Original token_logprobs: {'9': -0.7823640704154968, '8': -1.1573641300201416, '7': -2.0323641300201416, '5': -3.1573641300201416, '6': -3.6573641300201416, '1': -4.5323638916015625, '4': -5.2823638916015625, '3': -5.6573638916015625, '0': -5.6573638916015625, '2': -6.2198638916015625}
2026-03-15 03:11:43,141 - INFO - [Step 149] score 9, accepted!
2026-03-15 03:11:43,141 - INFO - [Step 149] final step_str: Therefore, I can confidently say that when Aya walks at s + 0.5 km/h, the total time including t minutes is 204 minutes.
2026-03-15 03:11:43,535 - INFO - Original token_logprobs: {'8': -1.1272404193878174, '9': -1.1272404193878174, '7': -1.8772404193878174, '5': -2.3772404193878174, '0': -3.2522404193878174, '6': -3.5022404193878174, '1': -4.127240180969238, '4': -4.502240180969238, '3': -5.252240180969238, '2': -6.564740180969238}
2026-03-15 03:11:43,536 - INFO - [Step 150] score 8, accepted!
2026-03-15 03:11:43,536 - INFO - [Step 150] final step_str: **Final Answer**
The number of minutes the walk takes her, including the coffee shop time, is \boxed{204}.

2026-03-15 03:11:43,536 - INFO - [Step 150] Found candidate answer \boxed{204}. Verifying with base model...
2026-03-15 03:11:43,970 - INFO - [Step 150] Base model rejected answer (NO). Continuing generation.
2026-03-15 03:11:44,576 - INFO - Original token_logprobs: {'9': -0.4311615526676178, '8': -1.4311615228652954, '7': -2.806161642074585, '5': -4.306161403656006, '6': -4.306161403656006, '1': -4.681161403656006, '0': -5.368661403656006, '4': -6.056161403656006, '3': -6.243661403656006, '2': -6.618661403656006}
2026-03-15 03:11:44,576 - INFO - [Step 151] score 9, accepted!
2026-03-15 03:11:44,577 - INFO - [Step 151] final step_str: Wait, hold on, let me just think once more. So, when she walks at 3 km/h, the walking time is 3 hours, which is 180 minutes. Then, adding t = 24 minutes, the total time is 180 + 24 = 204 minutes. Yes, that's correct.
2026-03-15 03:11:44,953 - INFO - Original token_logprobs: {'9': -0.5105732679367065, '8': -1.2605732679367065, '7': -2.760573387145996, '5': -4.010573387145996, '6': -4.260573387145996, '1': -4.885573387145996, '0': -5.635573387145996, '4': -5.885573387145996, '3': -6.323073387145996, '2': -6.760573387145996}
2026-03-15 03:11:44,954 - INFO - [Step 152] score 9, accepted!
2026-03-15 03:11:44,954 - INFO - [Step 152] final step_str: But just to make sure, let me cross-verify with the first case.
2026-03-15 03:11:45,457 - INFO - Original token_logprobs: {'9': -0.5257893800735474, '8': -1.2757893800735474, '7': -2.650789260864258, '5': -4.025789260864258, '6': -4.150789260864258, '1': -4.650789260864258, '0': -5.400789260864258, '4': -5.838289260864258, '3': -6.213289260864258, '2': -6.650789260864258}
2026-03-15 03:11:45,458 - INFO - [Step 153] score 9, accepted!
2026-03-15 03:11:45,458 - INFO - [Step 153] final step_str: At 2.5 km/h, walking time is 3.6 hours, which is 216 minutes. Then, adding t = 24 minutes gives 240 minutes, which is 4 hours. Correct.
2026-03-15 03:11:45,967 - INFO - Original token_logprobs: {'9': -0.6239945292472839, '8': -1.1239945888519287, '7': -2.4989945888519287, '5': -3.9989945888519287, '6': -4.12399435043335, '1': -4.74899435043335, '0': -5.56149435043335, '4': -5.93649435043335, '3': -6.37399435043335, '2': -6.81149435043335}
2026-03-15 03:11:45,968 - INFO - [Step 154] score 9, accepted!
2026-03-15 03:11:45,968 - INFO - [Step 154] final step_str: Similarly, at 4.5 km/h, walking time is 2 hours, which is 120 minutes. Adding 24 minutes gives 144 minutes, which is 2 hours 24 minutes. Correct.
2026-03-15 03:11:46,299 - INFO - Original token_logprobs: {'9': -0.6693215370178223, '8': -1.1693215370178223, '7': -2.2943215370178223, '5': -3.5443215370178223, '6': -3.7943215370178223, '1': -4.669321537017822, '0': -5.606821537017822, '4': -5.606821537017822, '3': -6.106821537017822, '2': -6.606821537017822}
2026-03-15 03:11:46,299 - INFO - [Step 155] score 9, accepted!
2026-03-15 03:11:46,299 - INFO - [Step 155] final step_str: So, everything seems consistent.
2026-03-15 03:11:46,722 - INFO - Original token_logprobs: {'9': -0.6800008416175842, '8': -1.1800007820129395, '7': -2.3050007820129395, '5': -3.3050007820129395, '6': -3.8050007820129395, '1': -4.6800007820129395, '4': -5.4300007820129395, '0': -5.4925007820129395, '3': -5.8675007820129395, '2': -6.4925007820129395}
2026-03-15 03:11:46,723 - INFO - [Step 156] score 9, accepted!
2026-03-15 03:11:46,723 - INFO - [Step 156] final step_str: Therefore, when walking at 3 km/h, total time is 3 hours + 24 minutes = 204 minutes.
2026-03-15 03:11:47,117 - INFO - Original token_logprobs: {'8': -1.1272404193878174, '9': -1.1272404193878174, '7': -1.8772404193878174, '5': -2.3772404193878174, '0': -3.2522404193878174, '6': -3.5022404193878174, '1': -4.127240180969238, '4': -4.502240180969238, '3': -5.252240180969238, '2': -6.564740180969238}
2026-03-15 03:11:47,118 - INFO - [Step 157] score 8, accepted!
2026-03-15 03:11:47,118 - INFO - [Step 157] final step_str: **Final Answer**
The number of minutes the walk takes her, including the coffee shop time, is \boxed{204}.

2026-03-15 03:11:47,118 - INFO - [Step 157] Found candidate answer \boxed{204}. Verifying with base model...
2026-03-15 03:11:47,563 - INFO - [Step 157] Base model rejected answer (NO). Continuing generation.
2026-03-15 03:11:47,890 - INFO - Original token_logprobs: {'8': -1.1272404193878174, '9': -1.1272404193878174, '7': -1.8772404193878174, '5': -2.3772404193878174, '0': -3.2522404193878174, '6': -3.5022404193878174, '1': -4.127240180969238, '4': -4.502240180969238, '3': -5.252240180969238, '2': -6.564740180969238}
2026-03-15 03:11:47,890 - INFO - [Step 158] score 8, accepted!
2026-03-15 03:11:47,890 - INFO - [Step 158] final step_str: **Final Answer**
\boxed{204}

2026-03-15 03:11:47,891 - INFO - [Step 158] Found candidate answer \boxed{204}. Verifying with base model...
2026-03-15 03:11:48,320 - INFO - [Step 158] Base model rejected answer (NO). Continuing generation.
2026-03-15 03:11:48,644 - INFO - Original token_logprobs: {'8': -1.1272404193878174, '9': -1.1272404193878174, '7': -1.8772404193878174, '5': -2.3772404193878174, '0': -3.2522404193878174, '6': -3.5022404193878174, '1': -4.127240180969238, '4': -4.502240180969238, '3': -5.252240180969238, '2': -6.564740180969238}
2026-03-15 03:11:48,644 - INFO - [Step 159] score 8, accepted!
2026-03-15 03:11:48,644 - INFO - [Step 159] final step_str: **Final Answer**
\boxed{204}

2026-03-15 03:11:48,644 - INFO - [Step 159] Found candidate answer \boxed{204}. Verifying with base model...
2026-03-15 03:11:49,084 - INFO - [Step 159] Base model rejected answer (NO). Continuing generation.
