2026-03-15 03:11:55,251 - INFO - Original token_logprobs: {'9': -1.3216201066970825, '8': -1.8216201066970825, '5': -1.8216201066970825, '0': -2.321619987487793, '7': -2.446619987487793, '3': -2.696619987487793, '6': -3.071619987487793, '4': -3.071619987487793, '1': -3.321619987487793, '2': -3.696619987487793}
2026-03-15 03:11:55,251 - INFO - [Step 0] score 9, accepted!
2026-03-15 03:11:55,251 - INFO - [Step 0] final step_str: Okay, so I have this problem where Aya walks 9 kilometers every morning and spends some time in a coffee shop. The problem gives me two different walking speeds and the corresponding times she takes, including the time in the shop. Then, it asks me to find out how long her walk would take if she walks at a speed of s + 1/2 kilometers per hour.
2026-03-15 03:11:55,586 - INFO - Original token_logprobs: {'7': -1.3456201553344727, '8': -1.3456201553344727, '9': -1.4706201553344727, '5': -2.3456201553344727, '6': -2.5956201553344727, '0': -3.7206201553344727, '1': -3.9706201553344727, '4': -4.095620155334473, '3': -4.470620155334473, '2': -5.408120155334473}
2026-03-15 03:11:55,586 - INFO - [Step 1] score 7, accepted!
2026-03-15 03:11:55,586 - INFO - [Step 1] final step_str: Let me break this down step by step. First, let's understand the given information:
2026-03-15 03:11:56,114 - INFO - Original token_logprobs: {'8': -1.2935385704040527, '7': -1.5435385704040527, '9': -1.6685385704040527, '5': -1.9185385704040527, '6': -2.6685385704040527, '0': -3.4185385704040527, '4': -3.4185385704040527, '3': -3.9185385704040527, '1': -4.418538570404053, '2': -5.356038570404053}
2026-03-15 03:11:56,114 - INFO - [Step 2] score 8, accepted!
2026-03-15 03:11:56,114 - INFO - [Step 2] final step_str: 1. When Aya walks at s km/h, the total time taken is 4 hours, which includes t minutes spent in the coffee shop.
2. When she increases her speed to s + 2 km/h, the total time becomes 2 hours and 24 minutes, still including the same t minutes in the shop.
2026-03-15 03:11:56,466 - INFO - Original token_logprobs: {'9': -1.4788525104522705, '8': -1.8538525104522705, '5': -1.8538525104522705, '0': -1.9788525104522705, '3': -2.6038525104522705, '7': -2.6038525104522705, '1': -2.9788525104522705, '4': -3.1038525104522705, '6': -3.2288525104522705, '2': -3.4788525104522705}
2026-03-15 03:11:56,466 - INFO - [Step 3] score 9, accepted!
2026-03-15 03:11:56,466 - INFO - [Step 3] final step_str: From this, I need to find the time it takes when she walks at s + 1/2 km/h.
2026-03-15 03:11:56,929 - INFO - Original token_logprobs: {'5': -1.7852916717529297, '3': -1.9102916717529297, '0': -2.0352916717529297, '9': -2.1602916717529297, '2': -2.2852916717529297, '1': -2.4102916717529297, '8': -2.4102916717529297, '7': -2.7852916717529297, '4': -3.0352916717529297, '6': -3.2852916717529297}
2026-03-15 03:11:56,930 - INFO - [Step 4] score 5 rejected, falling back to base model
2026-03-15 03:11:58,312 - INFO - [Step 4] final step_str: Hmm, okay. Let's denote the walking time (excluding the coffee shop) when she walks at speed s as T1, and when she walks at s + 2 as T2. The total time includes the walking time plus the t minutes in the coffee shop. 
2026-03-15 03:11:58,659 - INFO - Original token_logprobs: {'1': -1.7558493614196777, '3': -1.8808493614196777, '2': -1.8808493614196777, '5': -2.0058493614196777, '0': -2.1308493614196777, '9': -2.3808493614196777, '8': -2.7558493614196777, '4': -3.1308493614196777, '7': -3.3808493614196777, '6': -3.5058493614196777}
2026-03-15 03:11:58,659 - INFO - [Step 5] score 1 rejected, falling back to base model
2026-03-15 03:12:00,425 - INFO - [Step 5] final step_str: Wait, but actually, since the problem states that the "walk takes her" the given time, including the t minutes. So the total time is the time taken for walking plus the time spent in the coffee shop. So, for the first scenario:
2026-03-15 03:12:00,719 - INFO - Original token_logprobs: {'1': -1.7926523685455322, '5': -1.7926523685455322, '8': -2.1676523685455322, '9': -2.2926523685455322, '2': -2.2926523685455322, '3': -2.2926523685455322, '0': -2.4176523685455322, '7': -2.7926523685455322, '4': -2.9176523685455322, '6': -3.2926523685455322}
2026-03-15 03:12:00,719 - INFO - [Step 6] score 1 rejected, falling back to base model
2026-03-15 03:12:01,221 - INFO - [Step 6] final step_str: Total time = (walking time) + t = 4 hours.
2026-03-15 03:12:01,495 - INFO - Original token_logprobs: {'8': -1.568094253540039, '5': -1.693094253540039, '7': -1.818094253540039, '9': -2.068094253540039, '3': -2.693094253540039, '0': -2.818094253540039, '6': -2.818094253540039, '4': -3.193094253540039, '2': -3.193094253540039, '1': -3.193094253540039}
2026-03-15 03:12:01,495 - INFO - [Step 7] score 8, accepted!
2026-03-15 03:12:01,495 - INFO - [Step 7] final step_str: Similarly, for the second scenario:
2026-03-15 03:12:01,833 - INFO - Original token_logprobs: {'8': -1.3357092142105103, '5': -1.4607092142105103, '9': -1.5857092142105103, '7': -2.0857090950012207, '0': -2.9607090950012207, '4': -3.3357090950012207, '6': -3.4607090950012207, '3': -3.7107090950012207, '1': -4.210709095001221, '2': -4.460709095001221}
2026-03-15 03:12:01,834 - INFO - [Step 8] score 8, accepted!
2026-03-15 03:12:01,834 - INFO - [Step 8] final step_str: Total time = (walking time) + t = 2 hours and 24 minutes.
2026-03-15 03:12:02,193 - INFO - Original token_logprobs: {'5': -1.5239341259002686, '8': -1.6489341259002686, '9': -1.8989341259002686, '7': -2.0239341259002686, '0': -2.3989341259002686, '4': -3.0239341259002686, '3': -3.0239341259002686, '6': -3.1489341259002686, '1': -3.2739341259002686, '2': -3.3989341259002686}
2026-03-15 03:12:02,193 - INFO - [Step 9] score 5 rejected, falling back to base model
2026-03-15 03:12:03,551 - INFO - [Step 9] final step_str: But t is the same in both cases, right? The problem says "including t minutes spent in the coffee shop" in both cases, so t doesn't change. So the difference between the two total times is due to the difference in walking time.
2026-03-15 03:12:04,056 - INFO - Original token_logprobs: {'9': -1.4044080972671509, '8': -1.6544080972671509, '5': -1.6544080972671509, '7': -2.0294079780578613, '0': -2.6544079780578613, '4': -3.1544079780578613, '6': -3.1544079780578613, '3': -3.4044079780578613, '1': -3.6544079780578613, '2': -3.9044079780578613}
2026-03-15 03:12:04,056 - INFO - [Step 10] score 9, accepted!
2026-03-15 03:12:04,056 - INFO - [Step 10] final step_str: Let me convert everything into hours to make it consistent. 4 hours is already in hours, and 2 hours and 24 minutes is equal to 2 + 24/60 hours, which is 2 + 0.4 = 2.4 hours.
2026-03-15 03:12:04,343 - INFO - Original token_logprobs: {'9': -1.3439691066741943, '8': -1.4689691066741943, '5': -1.5939691066741943, '7': -2.2189691066741943, '0': -2.8439691066741943, '4': -3.3439691066741943, '6': -3.3439691066741943, '3': -3.7189691066741943, '1': -3.8439691066741943, '2': -4.218969345092773}
2026-03-15 03:12:04,344 - INFO - [Step 11] score 9, accepted!
2026-03-15 03:12:04,344 - INFO - [Step 11] final step_str: So, let's set up equations.
2026-03-15 03:12:04,610 - INFO - Original token_logprobs: {'8': -1.388819694519043, '9': -1.763819694519043, '5': -1.888819694519043, '7': -2.138819694519043, '0': -2.388819694519043, '3': -2.888819694519043, '1': -3.013819694519043, '6': -3.138819694519043, '4': -3.388819694519043, '2': -3.638819694519043}
2026-03-15 03:12:04,610 - INFO - [Step 12] score 8, accepted!
2026-03-15 03:12:04,611 - INFO - [Step 12] final step_str: Let me denote:
2026-03-15 03:12:04,892 - INFO - Original token_logprobs: {'8': -1.5467190742492676, '9': -1.7967190742492676, '5': -1.9217190742492676, '7': -2.1717190742492676, '0': -2.4217190742492676, '1': -2.6717190742492676, '2': -2.9217190742492676, '3': -2.9217190742492676, '4': -3.1717190742492676, '6': -3.1717190742492676}
2026-03-15 03:12:04,892 - INFO - [Step 13] score 8, accepted!
2026-03-15 03:12:04,892 - INFO - [Step 13] final step_str: Walking speed: s km/h
2026-03-15 03:12:05,208 - INFO - Original token_logprobs: {'8': -1.4513356685638428, '9': -1.7013356685638428, '5': -1.7013356685638428, '7': -2.2013356685638428, '0': -2.7013356685638428, '4': -3.0763356685638428, '6': -3.0763356685638428, '1': -3.0763356685638428, '3': -3.2013356685638428, '2': -3.3263356685638428}
2026-03-15 03:12:05,208 - INFO - [Step 14] score 8, accepted!
2026-03-15 03:12:05,208 - INFO - [Step 14] final step_str: Walking speed in the second case: s + 2 km/h
2026-03-15 03:12:05,533 - INFO - Original token_logprobs: {'5': -1.5926257371902466, '9': -1.5926257371902466, '8': -1.7176257371902466, '7': -2.217625617980957, '0': -2.592625617980957, '4': -2.967625617980957, '3': -2.967625617980957, '1': -3.092625617980957, '6': -3.217625617980957, '2': -3.342625617980957}
2026-03-15 03:12:05,533 - INFO - [Step 15] score 5 rejected, falling back to base model
2026-03-15 03:12:05,874 - INFO - [Step 15] final step_str: Distance walked each time: 9 km
2026-03-15 03:12:06,200 - INFO - Original token_logprobs: {'5': -1.527627944946289, '8': -1.777627944946289, '7': -1.902627944946289, '9': -2.152627944946289, '3': -2.652627944946289, '6': -2.652627944946289, '4': -2.777627944946289, '2': -2.902627944946289, '1': -2.902627944946289, '0': -3.527627944946289}
2026-03-15 03:12:06,200 - INFO - [Step 16] score 5 rejected, falling back to base model
2026-03-15 03:12:07,011 - INFO - [Step 16] final step_str: Time spent walking at speed s: let's call that t1. Then total time is t1 + t = 4 hours.
2026-03-15 03:12:07,400 - INFO - Original token_logprobs: {'8': -1.166391134262085, '7': -1.416391134262085, '5': -1.916391134262085, '9': -1.916391134262085, '6': -2.416391134262085, '4': -3.791391134262085, '0': -4.541391372680664, '1': -4.541391372680664, '3': -4.666391372680664, '2': -5.541391372680664}
2026-03-15 03:12:07,400 - INFO - [Step 17] score 8, accepted!
2026-03-15 03:12:07,400 - INFO - [Step 17] final step_str: Similarly, time spent walking at speed s + 2: t2. Total time is t2 + t = 2.4 hours.
2026-03-15 03:12:07,677 - INFO - Original token_logprobs: {'8': -1.2084189653396606, '7': -1.5834189653396606, '5': -1.8334189653396606, '9': -1.9584189653396606, '6': -2.708418846130371, '4': -3.333418846130371, '0': -3.708418846130371, '3': -3.708418846130371, '1': -3.833418846130371, '2': -4.083418846130371}
2026-03-15 03:12:07,678 - INFO - [Step 18] score 8, accepted!
2026-03-15 03:12:07,678 - INFO - [Step 18] final step_str: So, we have:
2026-03-15 03:12:07,990 - INFO - Original token_logprobs: {'8': -1.5193555355072021, '7': -1.6443555355072021, '5': -1.8943555355072021, '9': -1.8943555355072021, '6': -2.394355535507202, '4': -2.894355535507202, '1': -3.144355535507202, '3': -3.394355535507202, '0': -3.394355535507202, '2': -3.769355535507202}
2026-03-15 03:12:07,990 - INFO - [Step 19] score 8, accepted!
2026-03-15 03:12:07,990 - INFO - [Step 19] final step_str: t1 + t = 4  ...(1)
2026-03-15 03:12:08,299 - INFO - Original token_logprobs: {'8': -1.3586558103561401, '7': -1.4836558103561401, '5': -1.7336558103561401, '9': -2.1086559295654297, '6': -2.2336559295654297, '4': -2.9836559295654297, '3': -3.8586559295654297, '1': -4.35865592956543, '0': -4.48365592956543, '2': -4.48365592956543}
2026-03-15 03:12:08,299 - INFO - [Step 20] score 8, accepted!
2026-03-15 03:12:08,299 - INFO - [Step 20] final step_str: t2 + t = 2.4 ...(2)
2026-03-15 03:12:08,600 - INFO - Original token_logprobs: {'8': -1.2245161533355713, '7': -1.7245161533355713, '5': -1.7245161533355713, '9': -1.8495161533355713, '6': -2.8495161533355713, '4': -3.0995161533355713, '0': -3.7245161533355713, '3': -3.7245161533355713, '1': -3.9745161533355713, '2': -4.099515914916992}
2026-03-15 03:12:08,600 - INFO - [Step 21] score 8, accepted!
2026-03-15 03:12:08,601 - INFO - [Step 21] final step_str: We can solve for t1 and t2:
2026-03-15 03:12:08,910 - INFO - Original token_logprobs: {'7': -1.583084225654602, '8': -1.583084225654602, '5': -1.708084225654602, '9': -1.833084225654602, '6': -2.7080841064453125, '4': -3.0830841064453125, '1': -3.0830841064453125, '3': -3.3330841064453125, '0': -3.7080841064453125, '2': -3.7080841064453125}
2026-03-15 03:12:08,910 - INFO - [Step 22] score 7, accepted!
2026-03-15 03:12:08,911 - INFO - [Step 22] final step_str: From (1): t1 = 4 - t
2026-03-15 03:12:09,232 - INFO - Original token_logprobs: {'8': -1.0688738822937012, '7': -1.4438738822937012, '9': -1.9438738822937012, '5': -2.068873882293701, '6': -2.443873882293701, '4': -3.818873882293701, '3': -4.443873882293701, '1': -4.568873882293701, '0': -4.568873882293701, '2': -5.068873882293701}
2026-03-15 03:12:09,233 - INFO - [Step 23] score 8, accepted!
2026-03-15 03:12:09,233 - INFO - [Step 23] final step_str: From (2): t2 = 2.4 - t
2026-03-15 03:12:09,568 - INFO - Original token_logprobs: {'5': -1.4927793741226196, '9': -1.6177793741226196, '8': -1.6177793741226196, '7': -1.7427793741226196, '6': -2.99277925491333, '0': -3.11777925491333, '4': -3.11777925491333, '3': -3.74277925491333, '1': -3.99277925491333, '2': -4.24277925491333}
2026-03-15 03:12:09,568 - INFO - [Step 24] score 5 rejected, falling back to base model
2026-03-15 03:12:10,315 - INFO - [Step 24] final step_str: But also, the walking time t1 is equal to distance divided by speed, so:
2026-03-15 03:12:10,612 - INFO - Original token_logprobs: {'7': -1.2389600276947021, '8': -1.3639600276947021, '5': -1.8639600276947021, '9': -2.113960027694702, '6': -2.113960027694702, '4': -3.738960027694702, '0': -4.613960266113281, '1': -4.613960266113281, '3': -4.863960266113281, '2': -6.051460266113281}
2026-03-15 03:12:10,612 - INFO - [Step 25] score 7, accepted!
2026-03-15 03:12:10,612 - INFO - [Step 25] final step_str: t1 = 9 / s
2026-03-15 03:12:10,934 - INFO - Original token_logprobs: {'8': -0.913852334022522, '7': -1.288852334022522, '9': -1.913852334022522, '5': -2.5388522148132324, '6': -2.6638522148132324, '4': -4.788852214813232, '1': -4.913852214813232, '0': -5.538852214813232, '3': -5.976352214813232, '2': -6.976352214813232}
2026-03-15 03:12:10,935 - INFO - [Step 26] score 8, accepted!
2026-03-15 03:12:10,935 - INFO - [Step 26] final step_str: Similarly, t2 = 9 / (s + 2)
2026-03-15 03:12:11,212 - INFO - Original token_logprobs: {'8': -1.274994134902954, '7': -1.399994134902954, '9': -1.649994134902954, '5': -1.899994134902954, '6': -2.774994134902954, '4': -3.774994134902954, '0': -4.149993896484375, '1': -4.399993896484375, '3': -4.837493896484375, '2': -5.774993896484375}
2026-03-15 03:12:11,212 - INFO - [Step 27] score 8, accepted!
2026-03-15 03:12:11,212 - INFO - [Step 27] final step_str: So, substituting:
2026-03-15 03:12:11,524 - INFO - Original token_logprobs: {'7': -1.1533441543579102, '8': -1.5283441543579102, '5': -1.9033441543579102, '6': -1.9033441543579102, '9': -2.40334415435791, '4': -3.27834415435791, '3': -4.27834415435791, '0': -4.52834415435791, '1': -4.77834415435791, '2': -5.40334415435791}
2026-03-15 03:12:11,524 - INFO - [Step 28] score 7, accepted!
2026-03-15 03:12:11,524 - INFO - [Step 28] final step_str: 9 / s = 4 - t ...(3)
2026-03-15 03:12:11,864 - INFO - Original token_logprobs: {'8': -0.96311354637146, '7': -1.08811354637146, '6': -2.33811354637146, '9': -2.33811354637146, '5': -2.71311354637146, '4': -4.838113784790039, '1': -5.463113784790039, '0': -5.588113784790039, '3': -6.150613784790039, '2': -7.213113784790039}
2026-03-15 03:12:11,865 - INFO - [Step 29] score 8, accepted!
2026-03-15 03:12:11,865 - INFO - [Step 29] final step_str: 9 / (s + 2) = 2.4 - t ...(4)
2026-03-15 03:12:12,223 - INFO - Original token_logprobs: {'8': -1.1627612113952637, '7': -1.4127612113952637, '9': -1.9127612113952637, '5': -2.0377612113952637, '6': -2.2877612113952637, '4': -3.5377612113952637, '3': -4.537761211395264, '1': -4.787761211395264, '0': -4.912761211395264, '2': -5.537761211395264}
2026-03-15 03:12:12,223 - INFO - [Step 30] score 8, accepted!
2026-03-15 03:12:12,223 - INFO - [Step 30] final step_str: Now, we have two equations with two variables, t and s. Let me try to solve these equations.
2026-03-15 03:12:12,592 - INFO - Original token_logprobs: {'7': -1.2286123037338257, '8': -1.2286123037338257, '9': -1.9786123037338257, '5': -2.1036124229431152, '6': -2.2286124229431152, '4': -4.103612422943115, '1': -4.603612422943115, '0': -4.978612422943115, '3': -5.103612422943115, '2': -6.041112422943115}
2026-03-15 03:12:12,593 - INFO - [Step 31] score 7, accepted!
2026-03-15 03:12:12,593 - INFO - [Step 31] final step_str: From equation (3): 9 / s = 4 - t => t = 4 - 9/s
2026-03-15 03:12:13,020 - INFO - Original token_logprobs: {'8': -1.0899357795715332, '7': -1.2149357795715332, '9': -1.9649357795715332, '5': -2.214935779571533, '6': -2.464935779571533, '4': -4.464935779571533, '1': -4.964935779571533, '0': -5.214935779571533, '3': -5.652435779571533, '2': -6.652435779571533}
2026-03-15 03:12:13,020 - INFO - [Step 32] score 8, accepted!
2026-03-15 03:12:13,020 - INFO - [Step 32] final step_str: From equation (4): 9 / (s + 2) = 2.4 - t => t = 2.4 - 9 / (s + 2)
2026-03-15 03:12:13,325 - INFO - Original token_logprobs: {'5': -1.478968620300293, '9': -1.478968620300293, '7': -1.603968620300293, '8': -1.603968620300293, '6': -2.978968620300293, '4': -3.478968620300293, '0': -3.853968620300293, '1': -4.103968620300293, '3': -4.478968620300293, '2': -5.353968620300293}
2026-03-15 03:12:13,326 - INFO - [Step 33] score 5 rejected, falling back to base model
2026-03-15 03:12:13,834 - INFO - [Step 33] final step_str: Since both expressions equal t, set them equal to each other:
2026-03-15 03:12:14,188 - INFO - Original token_logprobs: {'8': -0.8531776070594788, '7': -1.353177547454834, '9': -1.728177547454834, '5': -2.853177547454834, '6': -2.853177547454834, '4': -4.978177547454834, '1': -5.103177547454834, '0': -5.978177547454834, '3': -6.165677547454834, ' ': -7.103177547454834}
2026-03-15 03:12:14,189 - INFO - [Step 34] score 8, accepted!
2026-03-15 03:12:14,189 - INFO - [Step 34] final step_str: 4 - 9/s = 2.4 - 9 / (s + 2)
2026-03-15 03:12:14,482 - INFO - Original token_logprobs: {'7': -1.3771318197250366, '8': -1.3771318197250366, '9': -1.5021318197250366, '5': -2.002131938934326, '6': -2.627131938934326, '4': -3.627131938934326, '1': -4.502131938934326, '3': -4.627131938934326, '0': -4.627131938934326, '2': -5.939631938934326}
2026-03-15 03:12:14,483 - INFO - [Step 35] score 7, accepted!
2026-03-15 03:12:14,483 - INFO - [Step 35] final step_str: Let me rearrange this equation:
2026-03-15 03:12:14,825 - INFO - Original token_logprobs: {'7': -1.1165103912353516, '8': -1.2415103912353516, '6': -2.1165103912353516, '9': -2.1165103912353516, '5': -2.2415103912353516, '4': -4.241510391235352, '1': -4.866510391235352, '3': -5.491510391235352, '0': -5.491510391235352, '2': -6.741510391235352}
2026-03-15 03:12:14,826 - INFO - [Step 36] score 7, accepted!
2026-03-15 03:12:14,826 - INFO - [Step 36] final step_str: 4 - 2.4 = 9/s - 9/(s + 2)
2026-03-15 03:12:15,160 - INFO - Original token_logprobs: {'7': -1.1954762935638428, '9': -1.5704762935638428, '8': -1.5704762935638428, '5': -1.9454762935638428, '6': -2.3204762935638428, '4': -4.195476531982422, '1': -4.695476531982422, '3': -5.195476531982422, '0': -5.570476531982422, '2': -6.382976531982422}
2026-03-15 03:12:15,160 - INFO - [Step 37] score 7, accepted!
2026-03-15 03:12:15,160 - INFO - [Step 37] final step_str: Compute 4 - 2.4: that's 1.6
2026-03-15 03:12:15,504 - INFO - Original token_logprobs: {'7': -1.1003119945526123, '8': -1.2253119945526123, '9': -1.9753119945526123, '6': -2.2253119945526123, '5': -2.3503119945526123, '4': -4.475312232971191, '1': -4.725312232971191, '3': -5.600312232971191, '0': -5.912812232971191, '2': -6.850312232971191}
2026-03-15 03:12:15,504 - INFO - [Step 38] score 7, accepted!
2026-03-15 03:12:15,504 - INFO - [Step 38] final step_str: So, 1.6 = 9/s - 9/(s + 2)
2026-03-15 03:12:15,798 - INFO - Original token_logprobs: {'7': -1.0341875553131104, '8': -1.5341875553131104, '5': -2.0341875553131104, '9': -2.0341875553131104, '6': -2.1591875553131104, '4': -3.9091875553131104, '1': -4.534187316894531, '3': -4.971687316894531, '0': -4.971687316894531, '2': -6.284187316894531}
2026-03-15 03:12:15,798 - INFO - [Step 39] score 7, accepted!
2026-03-15 03:12:15,799 - INFO - [Step 39] final step_str: Let me factor out the 9:
2026-03-15 03:12:16,138 - INFO - Original token_logprobs: {'7': -0.9969222545623779, '8': -1.371922254562378, '5': -2.121922254562378, '6': -2.121922254562378, '9': -2.246922254562378, '4': -4.371922492980957, '1': -4.996922492980957, '3': -5.559422492980957, '0': -5.809422492980957, '2': -6.871922492980957}
2026-03-15 03:12:16,138 - INFO - [Step 40] score 7, accepted!
2026-03-15 03:12:16,138 - INFO - [Step 40] final step_str: 1.6 = 9(1/s - 1/(s + 2))
2026-03-15 03:12:16,422 - INFO - Original token_logprobs: {'7': -1.0733156204223633, '8': -1.5733156204223633, '5': -1.8233156204223633, '6': -2.0733156204223633, '9': -2.1983156204223633, '4': -3.8233156204223633, '1': -4.698315620422363, '3': -4.823315620422363, '0': -4.948315620422363, '2': -6.135815620422363}
2026-03-15 03:12:16,422 - INFO - [Step 41] score 7, accepted!
2026-03-15 03:12:16,422 - INFO - [Step 41] final step_str: Let me combine the fractions:
2026-03-15 03:12:16,855 - INFO - Original token_logprobs: {'7': -1.1637895107269287, '8': -1.1637895107269287, '9': -1.9137895107269287, '5': -2.1637895107269287, '6': -2.4137895107269287, '1': -4.788789749145508, '4': -5.038789749145508, '0': -6.101289749145508, '3': -6.226289749145508, '2': -7.288789749145508}
2026-03-15 03:12:16,855 - INFO - [Step 42] score 7, accepted!
2026-03-15 03:12:16,855 - INFO - [Step 42] final step_str: 1/s - 1/(s + 2) = ( (s + 2) - s ) / [s(s + 2)] = 2 / [s(s + 2)]
2026-03-15 03:12:17,203 - INFO - Original token_logprobs: {'7': -0.9725494384765625, '8': -1.3475494384765625, '6': -2.0975494384765625, '9': -2.2225494384765625, '5': -2.2225494384765625, '4': -4.8475494384765625, '1': -5.0975494384765625, '0': -6.0350494384765625, '3': -6.0975494384765625, '2': -7.4100494384765625}
2026-03-15 03:12:17,203 - INFO - [Step 43] score 7, accepted!
2026-03-15 03:12:17,204 - INFO - [Step 43] final step_str: So, 1.6 = 9 * (2 / [s(s + 2)])
2026-03-15 03:12:17,515 - INFO - Original token_logprobs: {'7': -1.025801658630371, '8': -1.400801658630371, '6': -2.025801658630371, '9': -2.025801658630371, '5': -2.275801658630371, '4': -4.650801658630371, '1': -4.900801658630371, '0': -5.588301658630371, '3': -5.963301658630371, '2': -7.150801658630371}
2026-03-15 03:12:17,515 - INFO - [Step 44] score 7, accepted!
2026-03-15 03:12:17,515 - INFO - [Step 44] final step_str: Compute 9 * 2 = 18
2026-03-15 03:12:17,858 - INFO - Original token_logprobs: {'7': -1.081723690032959, '8': -1.081723690032959, '9': -2.081723690032959, '6': -2.331723690032959, '5': -2.581723690032959, '4': -4.831723690032959, '1': -5.081723690032959, '0': -5.769223690032959, '3': -6.081723690032959, '2': -7.144223690032959}
2026-03-15 03:12:17,858 - INFO - [Step 45] score 7, accepted!
2026-03-15 03:12:17,858 - INFO - [Step 45] final step_str: So, 1.6 = 18 / [s(s + 2)]
2026-03-15 03:12:18,204 - INFO - Original token_logprobs: {'7': -0.9537104368209839, '8': -1.3287104368209839, '9': -2.0787105560302734, '6': -2.2037105560302734, '5': -2.4537105560302734, '4': -4.703710556030273, '1': -4.828710556030273, '0': -5.516210556030273, '3': -6.016210556030273, '2': -6.953710556030273}
2026-03-15 03:12:18,205 - INFO - [Step 46] score 7, accepted!
2026-03-15 03:12:18,205 - INFO - [Step 46] final step_str: Therefore, 1.6 * s(s + 2) = 18
2026-03-15 03:12:18,548 - INFO - Original token_logprobs: {'7': -0.9714517593383789, '8': -1.346451759338379, '6': -1.971451759338379, '9': -2.346451759338379, '5': -2.346451759338379, '4': -4.346451759338379, '1': -5.221451759338379, '3': -5.596451759338379, '0': -5.658951759338379, '2': -6.846451759338379}
2026-03-15 03:12:18,549 - INFO - [Step 47] score 7, accepted!
2026-03-15 03:12:18,549 - INFO - [Step 47] final step_str: Compute 1.6 * s(s + 2) = 18
2026-03-15 03:12:18,897 - INFO - Original token_logprobs: {'7': -1.2134593725204468, '8': -1.3384593725204468, '9': -1.8384593725204468, '5': -2.0884594917297363, '6': -2.3384594917297363, '4': -3.8384594917297363, '0': -4.463459491729736, '1': -4.588459491729736, '3': -4.838459491729736, '2': -6.025959491729736}
2026-03-15 03:12:18,898 - INFO - [Step 48] score 7, accepted!
2026-03-15 03:12:18,898 - INFO - [Step 48] final step_str: Let me write 1.6 as 8/5 to make it easier:
2026-03-15 03:12:19,242 - INFO - Original token_logprobs: {'7': -1.0933196544647217, '8': -1.2183196544647217, '6': -2.0933196544647217, '9': -2.2183196544647217, '5': -2.3433196544647217, '4': -4.093319892883301, '1': -4.968319892883301, '0': -5.218319892883301, '3': -5.343319892883301, '2': -6.468319892883301}
2026-03-15 03:12:19,243 - INFO - [Step 49] score 7, accepted!
2026-03-15 03:12:19,243 - INFO - [Step 49] final step_str: (8/5) * s(s + 2) = 18
2026-03-15 03:12:19,538 - INFO - Original token_logprobs: {'7': -0.9995795488357544, '8': -1.3745795488357544, '9': -2.124579429626465, '5': -2.249579429626465, '6': -2.249579429626465, '4': -4.124579429626465, '1': -4.624579429626465, '0': -4.749579429626465, '3': -5.187079429626465, '2': -6.249579429626465}
2026-03-15 03:12:19,539 - INFO - [Step 50] score 7, accepted!
2026-03-15 03:12:19,539 - INFO - [Step 50] final step_str: Multiply both sides by 5:
2026-03-15 03:12:19,868 - INFO - Original token_logprobs: {'7': -1.1069591045379639, '8': -1.2319591045379639, '9': -1.8569591045379639, '6': -2.231959104537964, '5': -2.481959104537964, '4': -4.481959342956543, '1': -5.106959342956543, '0': -5.481959342956543, '3': -5.794459342956543, ' ': -6.794459342956543}
2026-03-15 03:12:19,869 - INFO - [Step 51] score 7, accepted!
2026-03-15 03:12:19,869 - INFO - [Step 51] final step_str: 8 * s(s + 2) = 90
2026-03-15 03:12:20,179 - INFO - Original token_logprobs: {'5': -1.5471073389053345, '7': -1.6721073389053345, '6': -2.047107219696045, '8': -2.172107219696045, '3': -2.172107219696045, '4': -2.422107219696045, '9': -2.547107219696045, '2': -3.547107219696045, '0': -3.797107219696045, '1': -4.047107219696045}
2026-03-15 03:12:20,179 - INFO - [Step 52] score 5 rejected, falling back to base model
2026-03-15 03:12:20,491 - INFO - [Step 52] final step_str: Divide both sides by 2:
2026-03-15 03:12:20,812 - INFO - Original token_logprobs: {'7': -1.2868568897247314, '5': -1.6618568897247314, '6': -1.7868568897247314, '8': -2.0368568897247314, '9': -2.2868568897247314, '4': -2.7868568897247314, '3': -3.5368568897247314, '0': -3.9118568897247314, '2': -4.661856651306152, '1': -4.786856651306152}
2026-03-15 03:12:20,812 - INFO - [Step 53] score 7, accepted!
2026-03-15 03:12:20,812 - INFO - [Step 53] final step_str: 4 * s(s + 2) = 45
2026-03-15 03:12:21,165 - INFO - Original token_logprobs: {'7': -1.1084792613983154, '8': -1.6084792613983154, '6': -1.8584792613983154, '5': -1.9834792613983154, '9': -2.2334792613983154, '4': -3.6084792613983154, '0': -4.2334794998168945, '3': -4.7334794998168945, '1': -4.7334794998168945, '2': -5.7334794998168945}
2026-03-15 03:12:21,166 - INFO - [Step 54] score 7, accepted!
2026-03-15 03:12:21,166 - INFO - [Step 54] final step_str: So, 4s^2 + 8s - 45 = 0
2026-03-15 03:12:21,535 - INFO - Original token_logprobs: {'7': -0.990938663482666, '8': -1.615938663482666, '6': -1.990938663482666, '9': -2.115938663482666, '5': -2.115938663482666, '4': -3.865938663482666, '0': -4.678438663482666, '1': -4.865938663482666, '3': -5.115938663482666, '2': -6.303438663482666}
2026-03-15 03:12:21,536 - INFO - [Step 55] score 7, accepted!
2026-03-15 03:12:21,536 - INFO - [Step 55] final step_str: That's a quadratic equation: 4s^2 + 8s - 45 = 0
2026-03-15 03:12:21,844 - INFO - Original token_logprobs: {'7': -0.9607208967208862, '8': -1.4607208967208862, '9': -1.9607208967208862, '6': -2.210721015930176, '5': -2.335721015930176, '4': -4.335721015930176, '0': -4.960721015930176, '1': -4.960721015930176, '3': -5.460721015930176, '2': -6.585721015930176}
2026-03-15 03:12:21,845 - INFO - [Step 56] score 7, accepted!
2026-03-15 03:12:21,845 - INFO - [Step 56] final step_str: Let me solve for s using the quadratic formula.
2026-03-15 03:12:22,202 - INFO - Original token_logprobs: {'7': -1.0468617677688599, '8': -1.5468617677688599, '5': -2.0468616485595703, '9': -2.0468616485595703, '6': -2.0468616485595703, '4': -3.9218616485595703, '0': -4.67186164855957, '1': -4.98436164855957, '3': -5.17186164855957, '2': -6.48436164855957}
2026-03-15 03:12:22,202 - INFO - [Step 57] score 7, accepted!
2026-03-15 03:12:22,202 - INFO - [Step 57] final step_str: The quadratic is: 4s^2 + 8s - 45 = 0
2026-03-15 03:12:22,547 - INFO - Original token_logprobs: {'7': -0.9304091930389404, '8': -1.4304091930389404, '5': -2.1804091930389404, '6': -2.1804091930389404, '9': -2.3054091930389404, '4': -4.1804094314575195, '0': -4.9929094314575195, '1': -5.0554094314575195, '3': -5.3054094314575195, '2': -6.5554094314575195}
2026-03-15 03:12:22,547 - INFO - [Step 58] score 7, accepted!
2026-03-15 03:12:22,547 - INFO - [Step 58] final step_str: So, a = 4, b = 8, c = -45
2026-03-15 03:12:22,982 - INFO - Original token_logprobs: {'7': -1.1164096593856812, '8': -1.3664096593856812, '9': -1.6164096593856812, '5': -2.2414097785949707, '6': -2.4914097785949707, '4': -4.616409778594971, '1': -5.241409778594971, '0': -5.366409778594971, '3': -5.741409778594971, ' ': -6.553909778594971}
2026-03-15 03:12:22,982 - INFO - [Step 59] score 7, accepted!
2026-03-15 03:12:22,982 - INFO - [Step 59] final step_str: Discriminant D = b^2 - 4ac = 64 - 4*4*(-45) = 64 + 720 = 784
2026-03-15 03:12:23,322 - INFO - Original token_logprobs: {'7': -1.0920907258987427, '9': -1.5920907258987427, '8': -1.5920907258987427, '5': -2.092090606689453, '6': -2.342090606689453, '4': -4.217090606689453, '0': -5.217090606689453, '1': -5.217090606689453, '3': -5.342090606689453, ' ': -6.592090606689453}
2026-03-15 03:12:23,322 - INFO - [Step 60] score 7, accepted!
2026-03-15 03:12:23,322 - INFO - [Step 60] final step_str: Square root of D is sqrt(784) = 28
2026-03-15 03:12:23,717 - INFO - Original token_logprobs: {'7': -1.0431452989578247, '8': -1.2931452989578247, '9': -1.9181452989578247, '6': -2.293145179748535, '5': -2.418145179748535, '4': -4.418145179748535, '1': -5.043145179748535, '0': -5.168145179748535, '3': -5.418145179748535, '2': -6.543145179748535}
2026-03-15 03:12:23,717 - INFO - [Step 61] score 7, accepted!
2026-03-15 03:12:23,717 - INFO - [Step 61] final step_str: So, s = [ -b ± sqrt(D) ] / (2a) = [ -8 ± 28 ] / 8
2026-03-15 03:12:24,002 - INFO - Original token_logprobs: {'7': -1.2125318050384521, '8': -1.2125318050384521, '9': -1.7125318050384521, '5': -2.337531805038452, '6': -2.462531805038452, '4': -4.212532043457031, '0': -4.837532043457031, '1': -4.962532043457031, '3': -5.337532043457031, '2': -6.525032043457031}
2026-03-15 03:12:24,003 - INFO - [Step 62] score 7, accepted!
2026-03-15 03:12:24,003 - INFO - [Step 62] final step_str: We have two solutions:
2026-03-15 03:12:24,382 - INFO - Original token_logprobs: {'7': -1.279341220855713, '9': -1.529341220855713, '8': -1.654341220855713, '5': -1.904341220855713, '6': -2.279341220855713, '4': -3.779341220855713, '0': -4.529341220855713, '1': -4.654341220855713, '3': -4.779341220855713, '2': -5.779341220855713}
2026-03-15 03:12:24,382 - INFO - [Step 63] score 7, accepted!
2026-03-15 03:12:24,382 - INFO - [Step 63] final step_str: s = ( -8 + 28 ) / 8 = 20 / 8 = 2.5
2026-03-15 03:12:24,769 - INFO - Original token_logprobs: {'7': -1.1506452560424805, '8': -1.4006452560424805, '9': -1.6506452560424805, '5': -2.2756452560424805, '6': -2.2756452560424805, '4': -4.2756452560424805, '0': -5.0256452560424805, '1': -5.0256452560424805, '3': -5.2756452560424805, '2': -6.4631452560424805}
2026-03-15 03:12:24,769 - INFO - [Step 64] score 7, accepted!
2026-03-15 03:12:24,770 - INFO - [Step 64] final step_str: s = ( -8 - 28 ) / 8 = -36 / 8 = -4.5
2026-03-15 03:12:25,103 - INFO - Original token_logprobs: {'7': -1.2566773891448975, '8': -1.3816773891448975, '9': -1.7566773891448975, '5': -2.0066773891448975, '6': -2.1316773891448975, '4': -4.256677627563477, '1': -4.881677627563477, '3': -5.319177627563477, '0': -5.444177627563477, '2': -6.444177627563477}
2026-03-15 03:12:25,103 - INFO - [Step 65] score 7, accepted!
2026-03-15 03:12:25,103 - INFO - [Step 65] final step_str: Since speed cannot be negative, s = 2.5 km/h
2026-03-15 03:12:25,437 - INFO - Original token_logprobs: {'7': -1.1939860582351685, '8': -1.4439860582351685, '6': -1.9439860582351685, '9': -1.9439860582351685, '5': -2.068985939025879, '4': -3.943985939025879, '1': -4.693985939025879, '3': -4.943985939025879, '0': -5.193985939025879, '2': -6.131485939025879}
2026-03-15 03:12:25,438 - INFO - [Step 66] score 7, accepted!
2026-03-15 03:12:25,438 - INFO - [Step 66] final step_str: So, Aya's walking speed is 2.5 km/h.
2026-03-15 03:12:25,771 - INFO - Original token_logprobs: {'7': -1.295649766921997, '8': -1.420649766921997, '9': -1.795649766921997, '5': -1.920649766921997, '6': -2.170649766921997, '4': -3.920649766921997, '1': -4.420649528503418, '0': -4.858149528503418, '3': -4.920649528503418, '2': -5.858149528503418}
2026-03-15 03:12:25,771 - INFO - [Step 67] score 7, accepted!
2026-03-15 03:12:25,771 - INFO - [Step 67] final step_str: Now, we can find t, the time spent in the coffee shop.
2026-03-15 03:12:26,144 - INFO - Original token_logprobs: {'7': -1.2559127807617188, '8': -1.5059127807617188, '5': -1.8809127807617188, '9': -1.8809127807617188, '6': -2.2559127807617188, '4': -3.6309127807617188, '3': -4.255912780761719, '1': -4.255912780761719, '0': -4.255912780761719, '2': -4.943412780761719}
2026-03-15 03:12:26,144 - INFO - [Step 68] score 7, accepted!
2026-03-15 03:12:26,144 - INFO - [Step 68] final step_str: From equation (3): t = 4 - 9/s = 4 - 9/2.5
2026-03-15 03:12:26,520 - INFO - Original token_logprobs: {'7': -1.3081955909729004, '5': -1.6831955909729004, '8': -1.8081955909729004, '9': -1.8081955909729004, '6': -2.1831955909729004, '4': -3.3081955909729004, '0': -3.9331955909729004, '3': -3.9331955909729004, '1': -4.3081955909729, '2': -4.8081955909729}
2026-03-15 03:12:26,520 - INFO - [Step 69] score 7, accepted!
2026-03-15 03:12:26,520 - INFO - [Step 69] final step_str: Compute 9/2.5: 9 divided by 2.5 is equal to 3.6
2026-03-15 03:12:26,869 - INFO - Original token_logprobs: {'7': -1.2268023490905762, '8': -1.6018023490905762, '5': -1.8518023490905762, '9': -1.9768023490905762, '6': -1.9768023490905762, '4': -3.601802349090576, '0': -4.476802349090576, '3': -4.476802349090576, '1': -4.539302349090576, '2': -5.476802349090576}
2026-03-15 03:12:26,869 - INFO - [Step 70] score 7, accepted!
2026-03-15 03:12:26,869 - INFO - [Step 70] final step_str: So, t = 4 - 3.6 = 0.4 hours
2026-03-15 03:12:27,239 - INFO - Original token_logprobs: {'7': -1.285819172859192, '8': -1.410819172859192, '9': -1.785819172859192, '5': -1.910819172859192, '6': -2.1608190536499023, '4': -4.035819053649902, '1': -4.660819053649902, '3': -4.910819053649902, '0': -5.098319053649902, '2': -5.910819053649902}
2026-03-15 03:12:27,239 - INFO - [Step 71] score 7, accepted!
2026-03-15 03:12:27,239 - INFO - [Step 71] final step_str: Convert 0.4 hours to minutes: 0.4 * 60 = 24 minutes
2026-03-15 03:12:27,547 - INFO - Original token_logprobs: {'7': -1.2853739261627197, '8': -1.4103739261627197, '9': -1.7853739261627197, '5': -1.9103739261627197, '6': -2.1603739261627197, '4': -4.035373687744141, '1': -4.660373687744141, '3': -4.910373687744141, '0': -5.035373687744141, '2': -5.910373687744141}
2026-03-15 03:12:27,548 - INFO - [Step 72] score 7, accepted!
2026-03-15 03:12:27,548 - INFO - [Step 72] final step_str: So, t = 24 minutes.
2026-03-15 03:12:28,053 - INFO - Original token_logprobs: {'8': -1.2866953611373901, '9': -1.5366953611373901, '7': -1.5366953611373901, '5': -1.7866953611373901, '6': -2.6616954803466797, '4': -3.9116954803466797, '1': -4.66169548034668, '3': -4.66169548034668, '0': -4.91169548034668, '2': -5.66169548034668}
2026-03-15 03:12:28,053 - INFO - [Step 73] score 8, accepted!
2026-03-15 03:12:28,053 - INFO - [Step 73] final step_str: Now, the question is: Suppose Aya walks at s + 1/2 km/h, which is 2.5 + 0.5 = 3 km/h. Find the number of minutes the walk takes her, including the t minutes spent in the coffee shop.
2026-03-15 03:12:28,400 - INFO - Original token_logprobs: {'8': -1.1148332357406616, '9': -1.4898332357406616, '7': -1.6148332357406616, '5': -1.9898332357406616, '6': -2.739833354949951, '4': -4.114833354949951, '3': -4.802333354949951, '1': -4.864833354949951, '0': -5.239833354949951, '2': -6.052333354949951}
2026-03-15 03:12:28,400 - INFO - [Step 74] score 8, accepted!
2026-03-15 03:12:28,401 - INFO - [Step 74] final step_str: So, let's compute the total time when she walks at 3 km/h.
2026-03-15 03:12:28,707 - INFO - Original token_logprobs: {'8': -1.1390830278396606, '9': -1.3890830278396606, '7': -1.6390830278396606, '5': -2.139082908630371, '6': -2.639082908630371, '4': -4.014082908630371, '3': -4.764082908630371, '1': -4.889082908630371, '0': -5.451582908630371, '2': -5.951582908630371}
2026-03-15 03:12:28,707 - INFO - [Step 75] score 8, accepted!
2026-03-15 03:12:28,708 - INFO - [Step 75] final step_str: Total time = walking time + t
2026-03-15 03:12:29,050 - INFO - Original token_logprobs: {'7': -1.3411147594451904, '8': -1.4661147594451904, '9': -1.5911147594451904, '5': -2.0911147594451904, '6': -2.3411147594451904, '4': -3.7161147594451904, '0': -4.0911149978637695, '3': -4.2161149978637695, '1': -4.3411149978637695, '2': -5.0286149978637695}
2026-03-15 03:12:29,051 - INFO - [Step 76] score 7, accepted!
2026-03-15 03:12:29,051 - INFO - [Step 76] final step_str: Walking time is 9 km / 3 km/h = 3 hours.
2026-03-15 03:12:29,380 - INFO - Original token_logprobs: {'7': -1.274762511253357, '8': -1.399762511253357, '9': -1.649762511253357, '5': -2.1497626304626465, '6': -2.2747626304626465, '4': -3.8997626304626465, '1': -4.5247626304626465, '3': -4.5247626304626465, '0': -4.7122626304626465, '2': -5.3372626304626465}
2026-03-15 03:12:29,380 - INFO - [Step 77] score 7, accepted!
2026-03-15 03:12:29,381 - INFO - [Step 77] final step_str: Total time = 3 hours + 24 minutes.
2026-03-15 03:12:29,741 - INFO - Original token_logprobs: {'7': -1.1465739011764526, '8': -1.5215739011764526, '9': -1.6465739011764526, '5': -2.271574020385742, '6': -2.271574020385742, '4': -3.896574020385742, '1': -4.396574020385742, '3': -4.521574020385742, '0': -4.646574020385742, '2': -5.146574020385742}
2026-03-15 03:12:29,741 - INFO - [Step 78] score 7, accepted!
2026-03-15 03:12:29,741 - INFO - [Step 78] final step_str: Convert 3 hours to minutes: 3 * 60 = 180 minutes.
2026-03-15 03:12:30,091 - INFO - Original token_logprobs: {'8': -1.1057839393615723, '9': -1.2307839393615723, '7': -1.4807839393615723, '5': -2.8557839393615723, '6': -2.8557839393615723, '1': -4.480783939361572, '4': -4.855783939361572, '3': -5.418283939361572, '0': -5.605783939361572, '2': -6.168283939361572}
2026-03-15 03:12:30,091 - INFO - [Step 79] score 8, accepted!
2026-03-15 03:12:30,091 - INFO - [Step 79] final step_str: Adding t: 180 + 24 = 204 minutes.
2026-03-15 03:12:30,453 - INFO - Original token_logprobs: {'8': -1.1750544309616089, '9': -1.1750544309616089, '7': -1.4250544309616089, '5': -2.9250545501708984, '6': -2.9250545501708984, '1': -4.425054550170898, '4': -4.925054550170898, '3': -5.550054550170898, '0': -5.675054550170898, '2': -6.237554550170898}
2026-03-15 03:12:30,454 - INFO - [Step 80] score 8, accepted!
2026-03-15 03:12:30,454 - INFO - [Step 80] final step_str: So, the walk takes her 204 minutes, including the t minutes in the coffee shop.
2026-03-15 03:12:30,766 - INFO - Original token_logprobs: {'8': -0.8256127834320068, '9': -1.3256127834320068, '7': -1.7006127834320068, '5': -3.075612783432007, '6': -3.200612783432007, '1': -4.825613021850586, '4': -5.075613021850586, '3': -5.763113021850586, '0': -5.950613021850586, '2': -6.575613021850586}
2026-03-15 03:12:30,767 - INFO - [Step 81] score 8, accepted!
2026-03-15 03:12:30,767 - INFO - [Step 81] final step_str: Wait, let me double-check the calculations.
2026-03-15 03:12:31,135 - INFO - Original token_logprobs: {'8': -0.916779637336731, '9': -1.166779637336731, '7': -1.791779637336731, '5': -2.9167795181274414, '6': -3.2917795181274414, '1': -4.541779518127441, '4': -5.041779518127441, '3': -5.729279518127441, '0': -6.041779518127441, '2': -6.604279518127441}
2026-03-15 03:12:31,135 - INFO - [Step 82] score 8, accepted!
2026-03-15 03:12:31,135 - INFO - [Step 82] final step_str: First, s was found to be 2.5 km/h, and t was 24 minutes.
2026-03-15 03:12:31,595 - INFO - Original token_logprobs: {'8': -0.9740946888923645, '9': -1.2240946292877197, '7': -1.5990946292877197, '5': -2.8490946292877197, '6': -3.2240946292877197, '1': -4.724094867706299, '4': -4.974094867706299, '3': -5.599094867706299, '0': -5.911594867706299, '2': -6.474094867706299}
2026-03-15 03:12:31,595 - INFO - [Step 83] score 8, accepted!
2026-03-15 03:12:31,595 - INFO - [Step 83] final step_str: When she walks at 3 km/h, the walking time is 9 / 3 = 3 hours, which is 180 minutes. Adding 24 minutes, total is 204 minutes.
2026-03-15 03:12:31,898 - INFO - Original token_logprobs: {'8': -0.9691776037216187, '9': -1.3441776037216187, '7': -1.4691776037216187, '5': -2.844177722930908, '6': -3.219177722930908, '1': -4.469177722930908, '4': -4.969177722930908, '3': -5.531677722930908, '0': -6.094177722930908, '2': -6.281677722930908}
2026-03-15 03:12:31,898 - INFO - [Step 84] score 8, accepted!
2026-03-15 03:12:31,899 - INFO - [Step 84] final step_str: Yes, that seems correct.
2026-03-15 03:12:32,274 - INFO - Original token_logprobs: {'8': -0.8371685743331909, '7': -1.337168574333191, '9': -1.712168574333191, '6': -2.9621686935424805, '5': -3.0871686935424805, '1': -4.5871686935424805, '4': -5.2746686935424805, '3': -5.9621686935424805, '0': -6.3371686935424805, '2': -6.7121686935424805}
2026-03-15 03:12:32,274 - INFO - [Step 85] score 8, accepted!
2026-03-15 03:12:32,274 - INFO - [Step 85] final step_str: Alternatively, maybe I can verify the initial equations with s = 2.5 and t = 24.
2026-03-15 03:12:32,553 - INFO - Original token_logprobs: {'8': -0.9168086051940918, '7': -1.2918086051940918, '9': -1.6668086051940918, '5': -2.916808605194092, '6': -2.916808605194092, '1': -4.666808605194092, '4': -5.041808605194092, '3': -5.791808605194092, '0': -6.229308605194092, '2': -6.729308605194092}
2026-03-15 03:12:32,553 - INFO - [Step 86] score 8, accepted!
2026-03-15 03:12:32,553 - INFO - [Step 86] final step_str: First scenario:
2026-03-15 03:12:32,956 - INFO - Original token_logprobs: {'8': -0.9503610134124756, '9': -1.4503610134124756, '7': -1.4503610134124756, '5': -2.8253610134124756, '6': -3.0753610134124756, '1': -4.325361251831055, '4': -4.825361251831055, '3': -5.325361251831055, '0': -5.637861251831055, '2': -6.137861251831055}
2026-03-15 03:12:32,957 - INFO - [Step 87] score 8, accepted!
2026-03-15 03:12:32,957 - INFO - [Step 87] final step_str: Walking time at 2.5 km/h: 9 / 2.5 = 3.6 hours = 216 minutes.
2026-03-15 03:12:33,330 - INFO - Original token_logprobs: {'8': -1.00664484500885, '7': -1.25664484500885, '9': -1.63164484500885, '5': -2.7566447257995605, '6': -2.8816447257995605, '1': -4.2566447257995605, '4': -5.0066447257995605, '3': -5.6941447257995605, '0': -5.8816447257995605, '2': -6.3191447257995605}
2026-03-15 03:12:33,330 - INFO - [Step 88] score 8, accepted!
2026-03-15 03:12:33,330 - INFO - [Step 88] final step_str: Plus t = 24 minutes: total 240 minutes, which is 4 hours. Correct.
2026-03-15 03:12:33,613 - INFO - Original token_logprobs: {'8': -0.9232519268989563, '7': -1.2982518672943115, '9': -1.5482518672943115, '5': -3.1732518672943115, '6': -3.1732518672943115, '1': -4.298252105712891, '4': -5.298252105712891, '0': -5.610752105712891, '3': -5.798252105712891, '2': -6.360752105712891}
2026-03-15 03:12:33,613 - INFO - [Step 89] score 8, accepted!
2026-03-15 03:12:33,613 - INFO - [Step 89] final step_str: Second scenario:
2026-03-15 03:12:34,008 - INFO - Original token_logprobs: {'8': -1.151073694229126, '7': -1.276073694229126, '9': -1.526073694229126, '5': -2.401073694229126, '6': -2.776073694229126, '1': -4.526073455810547, '4': -4.776073455810547, '3': -5.588573455810547, '0': -5.651073455810547, '2': -6.338573455810547}
2026-03-15 03:12:34,008 - INFO - [Step 90] score 8, accepted!
2026-03-15 03:12:34,008 - INFO - [Step 90] final step_str: Walking time at 4.5 km/h: 9 / 4.5 = 2 hours = 120 minutes.
2026-03-15 03:12:34,390 - INFO - Original token_logprobs: {'8': -0.9851473569869995, '7': -1.3601473569869995, '9': -1.4851473569869995, '5': -2.735147476196289, '6': -2.985147476196289, '1': -4.610147476196289, '4': -4.985147476196289, '3': -5.797647476196289, '0': -6.360147476196289, '2': -6.610147476196289}
2026-03-15 03:12:34,390 - INFO - [Step 91] score 8, accepted!
2026-03-15 03:12:34,390 - INFO - [Step 91] final step_str: Plus t = 24 minutes: total 144 minutes, which is 2.4 hours. Correct.
2026-03-15 03:12:34,690 - INFO - Original token_logprobs: {'8': -1.1180694103240967, '9': -1.2430694103240967, '7': -1.4930694103240967, '5': -2.4930694103240967, '6': -3.1180694103240967, '1': -4.368069648742676, '4': -4.868069648742676, '3': -5.618069648742676, '0': -6.180569648742676, '2': -6.430569648742676}
2026-03-15 03:12:34,690 - INFO - [Step 92] score 8, accepted!
2026-03-15 03:12:34,690 - INFO - [Step 92] final step_str: So, all checks out.
2026-03-15 03:12:35,122 - INFO - Original token_logprobs: {'8': -0.9691227674484253, '9': -1.2191227674484253, '7': -1.5941227674484253, '5': -2.844122886657715, '6': -3.344122886657715, '1': -4.469122886657715, '4': -5.094122886657715, '3': -5.781622886657715, '0': -6.281622886657715, '2': -6.531622886657715}
2026-03-15 03:12:35,122 - INFO - [Step 93] score 8, accepted!
2026-03-15 03:12:35,122 - INFO - [Step 93] final step_str: Therefore, when walking at 3 km/h, total time is 3 hours + 24 minutes = 180 + 24 = 204 minutes.
2026-03-15 03:12:35,461 - INFO - Original token_logprobs: {'8': -1.1272404193878174, '9': -1.1272404193878174, '7': -1.8772404193878174, '5': -2.3772404193878174, '0': -3.2522404193878174, '6': -3.5022404193878174, '1': -4.127240180969238, '4': -4.502240180969238, '3': -5.252240180969238, '2': -6.564740180969238}
2026-03-15 03:12:35,461 - INFO - [Step 94] score 8, accepted!
2026-03-15 03:12:35,461 - INFO - [Step 94] final step_str: **Final Answer**
The walk takes her \boxed{204} minutes.

2026-03-15 03:12:35,461 - INFO - [Step 94] Found candidate answer \boxed{204}. Verifying with base model...
2026-03-15 03:12:35,868 - INFO - [Step 94] Base model rejected answer (NO). Continuing generation.
2026-03-15 03:12:36,159 - INFO - Original token_logprobs: {'8': -1.1272404193878174, '9': -1.1272404193878174, '7': -1.8772404193878174, '5': -2.3772404193878174, '0': -3.2522404193878174, '6': -3.5022404193878174, '1': -4.127240180969238, '4': -4.502240180969238, '3': -5.252240180969238, '2': -6.564740180969238}
2026-03-15 03:12:36,160 - INFO - [Step 95] score 8, accepted!
2026-03-15 03:12:36,160 - INFO - [Step 95] final step_str: \boxed{204}

2026-03-15 03:12:36,160 - INFO - [Step 95] Found candidate answer \boxed{204}. Verifying with base model...
2026-03-15 03:12:36,571 - INFO - [Step 95] Base model rejected answer (NO). Continuing generation.
2026-03-15 03:12:36,887 - INFO - Original token_logprobs: {'8': -1.1272404193878174, '9': -1.1272404193878174, '7': -1.8772404193878174, '5': -2.3772404193878174, '0': -3.2522404193878174, '6': -3.5022404193878174, '1': -4.127240180969238, '4': -4.502240180969238, '3': -5.252240180969238, '2': -6.564740180969238}
2026-03-15 03:12:36,887 - INFO - [Step 96] score 8, accepted!
2026-03-15 03:12:36,888 - INFO - [Step 96] final step_str: **Final Answer**
\boxed{204}

2026-03-15 03:12:36,888 - INFO - [Step 96] Found candidate answer \boxed{204}. Verifying with base model...
2026-03-15 03:12:37,312 - INFO - [Step 96] Base model rejected answer (NO). Continuing generation.
2026-03-15 03:12:37,623 - INFO - Original token_logprobs: {'8': -1.1272404193878174, '9': -1.1272404193878174, '7': -1.8772404193878174, '5': -2.3772404193878174, '0': -3.2522404193878174, '6': -3.5022404193878174, '1': -4.127240180969238, '4': -4.502240180969238, '3': -5.252240180969238, '2': -6.564740180969238}
2026-03-15 03:12:37,623 - INFO - [Step 97] score 8, accepted!
2026-03-15 03:12:37,623 - INFO - [Step 97] final step_str: **Final Answer**
\boxed{204}

2026-03-15 03:12:37,624 - INFO - [Step 97] Found candidate answer \boxed{204}. Verifying with base model...
2026-03-15 03:12:38,051 - INFO - [Step 97] Base model rejected answer (NO). Continuing generation.
