2026-03-15 03:12:44,058 - INFO - Original token_logprobs: {'8': -1.2863740921020508, '9': -1.4113740921020508, '5': -1.9113740921020508, '7': -1.9113740921020508, '6': -2.786374092102051, '0': -3.161374092102051, '4': -3.536374092102051, '3': -3.786374092102051, '1': -4.161374092102051, '2': -4.911374092102051}
2026-03-15 03:12:44,059 - INFO - [Step 0] score 8, accepted!
2026-03-15 03:12:44,059 - INFO - [Step 0] final step_str: Okay, let me try to solve this problem step by step. So, Aya walks 9 kilometers every morning. When she walks at a speed of s kilometers per hour, it takes her 4 hours, which includes time in the coffee shop. Then, when she increases her speed to s + 2 kilometers per hour, it takes her 2 hours and 24 minutes, still including the same t minutes in the coffee shop. The question is, if she walks at s + 1/2 km/h, how many minutes will her walk take, including the t minutes in the coffee shop.
2026-03-15 03:12:44,666 - INFO - Original token_logprobs: {'5': -1.7733999490737915, '3': -1.8983999490737915, '1': -1.8983999490737915, '2': -2.148399829864502, '0': -2.398399829864502, '8': -2.523399829864502, '4': -2.648399829864502, '7': -2.648399829864502, '6': -3.023399829864502, '9': -3.023399829864502}
2026-03-15 03:12:44,666 - INFO - [Step 1] score 5 rejected, falling back to base model
2026-03-15 03:12:46,933 - INFO - [Step 1] final step_str: Hmm, so first, let me parse the problem again to make sure I understand all the details. The key points here are that the total time includes both the walking time and the time spent in the coffee shop (t minutes). The distance of the walk is fixed at 9 km. The two different speeds given result in different total times (including t). We need to find the total time when her speed is s + 1/2.
2026-03-15 03:12:47,268 - INFO - Original token_logprobs: {'8': -1.300970196723938, '7': -1.675970196723938, '9': -1.800970196723938, '5': -1.925970196723938, '0': -2.5509700775146484, '6': -2.6759700775146484, '1': -3.6759700775146484, '4': -3.8009700775146484, '3': -4.050970077514648, '2': -4.675970077514648}
2026-03-15 03:12:47,268 - INFO - [Step 2] score 8, accepted!
2026-03-15 03:12:47,269 - INFO - [Step 2] final step_str: Alright, so let's break it down. Let me define some variables. Let’s denote:
2026-03-15 03:12:47,656 - INFO - Original token_logprobs: {'0': -1.5511372089385986, '9': -1.5511372089385986, '5': -1.6761372089385986, '8': -2.0511372089385986, '1': -2.8011372089385986, '3': -2.9261372089385986, '7': -3.0511372089385986, '2': -3.3011372089385986, '4': -3.4261372089385986, '6': -3.8011372089385986}
2026-03-15 03:12:47,656 - INFO - [Step 3] score 0 rejected, falling back to base model
2026-03-15 03:12:51,309 - INFO - [Step 3] final step_str: - s = Aya's walking speed in km/h when she takes 4 hours total.
- t = time spent in the coffee shop, in minutes. Wait, but in the problem statement, t is in minutes, so maybe I should convert everything to hours or minutes to be consistent? Hmm, that's an important point. Since time is given in hours and minutes, perhaps converting everything into hours might be better, or maybe minutes. Let me see.
2026-03-15 03:12:51,866 - INFO - Original token_logprobs: {'5': -1.4815679788589478, '9': -1.4815679788589478, '0': -1.6065679788589478, '8': -1.9815679788589478, '7': -2.731567859649658, '4': -3.356567859649658, '3': -3.481567859649658, '1': -3.481567859649658, '6': -3.981567859649658, '2': -4.106567859649658}
2026-03-15 03:12:51,867 - INFO - [Step 4] score 5 rejected, falling back to base model
2026-03-15 03:12:57,229 - INFO - [Step 4] final step_str: Let me think in terms of hours first. The problem mentions 4 hours total, which is straightforward, and 2 hours and 24 minutes, which is 2.4 hours. Wait, 24 minutes is 0.4 hours? Wait, 24 minutes is 24/60 = 0.4 hours, yes. So 2 hours 24 minutes is 2.4 hours. Alternatively, maybe working in minutes would be better? Let's see.
2026-03-15 03:12:57,871 - INFO - Original token_logprobs: {'0': -1.5601853132247925, '5': -1.6851853132247925, '8': -2.060185432434082, '9': -2.060185432434082, '7': -2.560185432434082, '3': -2.685185432434082, '1': -2.685185432434082, '2': -2.935185432434082, '4': -3.060185432434082, '6': -3.560185432434082}
2026-03-15 03:12:57,871 - INFO - [Step 5] score 0 rejected, falling back to base model
2026-03-15 03:13:02,420 - INFO - [Step 5] final step_str: Alternatively, maybe it's better to use hours for the time taken to walk, since speed is in km per hour, so time to walk would be distance divided by speed, which is in hours. Then, adding the t minutes as a separate component. But then, since t is in minutes, we need to convert it to hours or convert the walking time to minutes? Hmm, maybe converting all time to hours is better. Let me try that.
2026-03-15 03:13:02,668 - INFO - Original token_logprobs: {'9': -1.486532211303711, '8': -1.736532211303711, '0': -1.736532211303711, '5': -1.861532211303711, '1': -2.736532211303711, '7': -2.736532211303711, '3': -3.111532211303711, '2': -3.486532211303711, '6': -3.611532211303711, '4': -3.736532211303711}
2026-03-15 03:13:02,668 - INFO - [Step 6] score 9, accepted!
2026-03-15 03:13:02,668 - INFO - [Step 6] final step_str: So, let's denote:
2026-03-15 03:13:03,387 - INFO - Original token_logprobs: {'7': -1.1429938077926636, '8': -1.3929938077926636, '5': -1.8929938077926636, '6': -2.017993927001953, '9': -2.517993927001953, '4': -3.517993927001953, '3': -4.392993927001953, '1': -4.517993927001953, '0': -4.892993927001953, '2': -5.517993927001953}
2026-03-15 03:13:03,387 - INFO - [Step 7] score 7, accepted!
2026-03-15 03:13:03,387 - INFO - [Step 7] final step_str: - Walking speed at first: s km/h
- Walking speed second: s + 2 km/h
- Time when walking at s km/h: 4 hours total, including t minutes
- Time when walking at s + 2 km/h: 2 hours 24 minutes total, which is 2.4 hours
- So, the time she spends walking in both cases is 4 - t/60 hours and 2.4 - t/60 hours, respectively.
2026-03-15 03:13:03,984 - INFO - Original token_logprobs: {'8': -1.4445470571517944, '5': -1.5695470571517944, '7': -1.6945470571517944, '9': -2.319547176361084, '6': -2.569547176361084, '4': -2.819547176361084, '3': -3.069547176361084, '0': -3.319547176361084, '1': -3.569547176361084, '2': -3.819547176361084}
2026-03-15 03:13:03,984 - INFO - [Step 8] score 8, accepted!
2026-03-15 03:13:03,984 - INFO - [Step 8] final step_str: Wait, that might complicate things. Alternatively, maybe it's better to separate the walking time from the coffee shop time. So, when she walks at speed s, the total time is walking time plus coffee shop time. Similarly, when she walks at s + 2, the total time is walking time plus t minutes, which is 2 hours and 24 minutes.
2026-03-15 03:13:04,258 - INFO - Original token_logprobs: {'5': -1.6334507465362549, '8': -1.7584507465362549, '7': -1.7584507465362549, '9': -2.383450746536255, '6': -2.508450746536255, '3': -2.633450746536255, '1': -2.883450746536255, '4': -2.883450746536255, '2': -3.008450746536255, '0': -3.133450746536255}
2026-03-15 03:13:04,258 - INFO - [Step 9] score 5 rejected, falling back to base model
2026-03-15 03:13:05,075 - INFO - [Step 9] final step_str: So, let me formalize this with equations. Let me denote:
2026-03-15 03:13:05,372 - INFO - Original token_logprobs: {'1': -1.7442034482955933, '5': -1.9942034482955933, '2': -1.9942034482955933, '3': -2.119203567504883, '0': -2.369203567504883, '8': -2.369203567504883, '4': -2.744203567504883, '9': -2.744203567504883, '7': -2.744203567504883, '6': -3.119203567504883}
2026-03-15 03:13:05,372 - INFO - [Step 10] score 1 rejected, falling back to base model
2026-03-15 03:13:06,786 - INFO - [Step 10] final step_str: Let’s let T1 be the total time at speed s: 4 hours. This includes walking time plus t minutes.
2026-03-15 03:13:07,209 - INFO - Original token_logprobs: {'8': -1.4399999380111694, '9': -1.5649999380111694, '5': -1.6899999380111694, '7': -1.8149999380111694, '6': -2.815000057220459, '4': -3.065000057220459, '0': -3.440000057220459, '3': -3.565000057220459, '1': -3.815000057220459, '2': -4.440000057220459}
2026-03-15 03:13:07,209 - INFO - [Step 11] score 8, accepted!
2026-03-15 03:13:07,209 - INFO - [Step 11] final step_str: Similarly, T2 is the total time at speed s + 2: 2 hours 24 minutes, which is 2 + 24/60 = 2.4 hours.
2026-03-15 03:13:07,659 - INFO - Original token_logprobs: {'8': -1.4147229194641113, '7': -1.5397229194641113, '5': -1.6647229194641113, '9': -1.7897229194641113, '6': -2.2897229194641113, '4': -3.2897229194641113, '3': -4.039722919464111, '0': -4.414722919464111, '1': -4.664722919464111, '2': -5.164722919464111}
2026-03-15 03:13:07,659 - INFO - [Step 12] score 8, accepted!
2026-03-15 03:13:07,659 - INFO - [Step 12] final step_str: Wait, but T1 is 4 hours total, so the walking time is 4 - t/60 hours, and similarly, walking time at s + 2 is 2.4 - t/60 hours.
2026-03-15 03:13:08,106 - INFO - Original token_logprobs: {'8': -1.236096978187561, '9': -1.486096978187561, '7': -1.611096978187561, '5': -1.861096978187561, '6': -2.6110968589782715, '4': -3.8610968589782715, '0': -4.6110968589782715, '1': -4.7360968589782715, '3': -4.8610968589782715, '2': -6.1110968589782715}
2026-03-15 03:13:08,106 - INFO - [Step 13] score 8, accepted!
2026-03-15 03:13:08,106 - INFO - [Step 13] final step_str: But wait, if the walking time is distance divided by speed, so for the first case, walking time is 9 / s hours, and for the second case, walking time is 9 / (s + 2) hours.
2026-03-15 03:13:08,387 - INFO - Original token_logprobs: {'8': -1.3631383180618286, '7': -1.4881383180618286, '5': -1.6131383180618286, '9': -1.8631383180618286, '6': -2.488138198852539, '4': -3.488138198852539, '0': -4.113138198852539, '1': -4.363138198852539, '3': -4.488138198852539, '2': -5.488138198852539}
2026-03-15 03:13:08,387 - INFO - [Step 14] score 8, accepted!
2026-03-15 03:13:08,387 - INFO - [Step 14] final step_str: So, that gives us two equations:
2026-03-15 03:13:08,705 - INFO - Original token_logprobs: {'7': -1.2092764377593994, '5': -1.7092764377593994, '8': -1.8342764377593994, '6': -1.9592764377593994, '9': -2.4592764377593994, '4': -2.8342764377593994, '3': -3.4592764377593994, '0': -4.08427619934082, '1': -4.33427619934082, '2': -4.58427619934082}
2026-03-15 03:13:08,705 - INFO - [Step 15] score 7, accepted!
2026-03-15 03:13:08,705 - INFO - [Step 15] final step_str: 1) 9 / s = 4 - t / 60
2026-03-15 03:13:09,055 - INFO - Original token_logprobs: {'8': -0.8916951417922974, '7': -1.2666951417922974, '9': -1.7666951417922974, '6': -2.766695022583008, '5': -2.891695022583008, '4': -5.266695022583008, '1': -5.391695022583008, '0': -5.641695022583008, '3': -6.329195022583008, ' ': -7.141695022583008}
2026-03-15 03:13:09,055 - INFO - [Step 16] score 8, accepted!
2026-03-15 03:13:09,055 - INFO - [Step 16] final step_str: 2) 9 / (s + 2) = 2.4 - t / 60
2026-03-15 03:13:09,379 - INFO - Original token_logprobs: {'8': -0.7105199098587036, '7': -1.5855199098587036, '9': -1.7105199098587036, '5': -2.960519790649414, '6': -2.960519790649414, '4': -5.085519790649414, '1': -5.335519790649414, '0': -5.960519790649414, '3': -6.273019790649414, ' ': -7.210519790649414}
2026-03-15 03:13:09,379 - INFO - [Step 17] score 8, accepted!
2026-03-15 03:13:09,379 - INFO - [Step 17] final step_str: So, now we have two equations with two variables: s and t.
2026-03-15 03:13:09,957 - INFO - Original token_logprobs: {'8': -0.9461432695388794, '9': -1.3211432695388794, '7': -1.6961432695388794, '5': -2.69614315032959, '6': -2.82114315032959, '4': -4.44614315032959, '1': -4.94614315032959, '0': -5.07114315032959, '3': -5.44614315032959, '2': -6.38364315032959}
2026-03-15 03:13:09,957 - INFO - [Step 18] score 8, accepted!
2026-03-15 03:13:09,958 - INFO - [Step 18] final step_str: Our goal is to find t, and then compute the total time when she walks at s + 0.5 km/h. The total time will be walking time plus t minutes.
2026-03-15 03:13:10,239 - INFO - Original token_logprobs: {'7': -1.1341009140014648, '8': -1.2591009140014648, '9': -1.8841009140014648, '5': -2.134100914001465, '6': -2.634100914001465, '4': -4.134100914001465, '0': -4.509100914001465, '1': -4.759100914001465, '3': -5.196600914001465, '2': -5.946600914001465}
2026-03-15 03:13:10,239 - INFO - [Step 19] score 7, accepted!
2026-03-15 03:13:10,239 - INFO - [Step 19] final step_str: So, let's denote:
2026-03-15 03:13:10,621 - INFO - Original token_logprobs: {'8': -1.2512491941452026, '7': -1.3762491941452026, '5': -1.8762491941452026, '9': -1.8762491941452026, '6': -2.251249313354492, '4': -3.751249313354492, '0': -4.876249313354492, '3': -5.001249313354492, '1': -5.251249313354492, '2': -6.313749313354492}
2026-03-15 03:13:10,621 - INFO - [Step 20] score 8, accepted!
2026-03-15 03:13:10,621 - INFO - [Step 20] final step_str: Equation 1: 9 / s = 4 - t / 60
2026-03-15 03:13:11,015 - INFO - Original token_logprobs: {'8': -0.7486397624015808, '7': -1.3736398220062256, '9': -1.8736398220062256, '6': -2.8736398220062256, '5': -3.1236398220062256, '4': -5.1236395835876465, '1': -5.6236395835876465, '0': -5.7486395835876465, '3': -6.1861395835876465, ' ': -6.7486395835876465}
2026-03-15 03:13:11,015 - INFO - [Step 21] score 8, accepted!
2026-03-15 03:13:11,015 - INFO - [Step 21] final step_str: Equation 2: 9 / (s + 2) = 2.4 - t / 60
2026-03-15 03:13:11,350 - INFO - Original token_logprobs: {'8': -0.9622792601585388, '7': -1.4622793197631836, '9': -1.5872793197631836, '5': -2.5872793197631836, '6': -2.5872793197631836, '4': -4.337279319763184, '3': -5.462279319763184, '1': -5.462279319763184, '0': -5.462279319763184, '2': -6.712279319763184}
2026-03-15 03:13:11,350 - INFO - [Step 22] score 8, accepted!
2026-03-15 03:13:11,350 - INFO - [Step 22] final step_str: So, we can set up these two equations and solve for s and t.
2026-03-15 03:13:11,611 - INFO - Original token_logprobs: {'7': -1.1011862754821777, '8': -1.3511862754821777, '5': -1.9761862754821777, '9': -2.2261862754821777, '6': -2.4761862754821777, '4': -3.4761862754821777, '0': -4.351186275482178, '3': -4.476186275482178, '1': -4.476186275482178, '2': -5.351186275482178}
2026-03-15 03:13:11,611 - INFO - [Step 23] score 7, accepted!
2026-03-15 03:13:11,611 - INFO - [Step 23] final step_str: Let me rewrite the equations:
2026-03-15 03:13:11,955 - INFO - Original token_logprobs: {'7': -1.397507667541504, '8': -1.397507667541504, '5': -1.647507667541504, '9': -2.022507667541504, '6': -2.272507667541504, '4': -3.397507667541504, '3': -4.272507667541504, '0': -4.522507667541504, '1': -4.647507667541504, '2': -5.397507667541504}
2026-03-15 03:13:11,955 - INFO - [Step 24] score 7, accepted!
2026-03-15 03:13:11,955 - INFO - [Step 24] final step_str: Equation 1: 9 / s = 4 - t / 60
2026-03-15 03:13:12,339 - INFO - Original token_logprobs: {'8': -0.8850767612457275, '7': -1.3850767612457275, '9': -1.8850767612457275, '5': -2.5100767612457275, '6': -2.6350767612457275, '4': -4.510076522827148, '0': -5.135076522827148, '1': -5.135076522827148, '3': -5.510076522827148, '2': -6.635076522827148}
2026-03-15 03:13:12,339 - INFO - [Step 25] score 8, accepted!
2026-03-15 03:13:12,339 - INFO - [Step 25] final step_str: Equation 2: 9 / (s + 2) = 2.4 - t / 60
2026-03-15 03:13:12,665 - INFO - Original token_logprobs: {'7': -1.585373044013977, '5': -1.710373044013977, '8': -1.835373044013977, '9': -2.3353729248046875, '3': -2.5853729248046875, '4': -2.7103729248046875, '6': -2.7103729248046875, '0': -2.9603729248046875, '1': -3.0853729248046875, '2': -3.0853729248046875}
2026-03-15 03:13:12,665 - INFO - [Step 26] score 7, accepted!
2026-03-15 03:13:12,666 - INFO - [Step 26] final step_str: So, if we subtract equation 2 from equation 1, we get:
2026-03-15 03:13:13,245 - INFO - Original token_logprobs: {'9': -1.1950894594192505, '7': -1.4450894594192505, '8': -1.6950894594192505, '5': -1.9450894594192505, '6': -2.445089340209961, '4': -3.945089340209961, '1': -4.820089340209961, '0': -4.945089340209961, '3': -5.070089340209961, '2': -6.195089340209961}
2026-03-15 03:13:13,245 - INFO - [Step 27] score 9, accepted!
2026-03-15 03:13:13,245 - INFO - [Step 27] final step_str: 9 / s - 9 / (s + 2) = (4 - t / 60) - (2.4 - t / 60) = 4 - t / 60 - 2.4 + t / 60 = 4 - 2.4 = 1.6
2026-03-15 03:13:13,595 - INFO - Original token_logprobs: {'7': -1.1472314596176147, '8': -1.1472314596176147, '9': -1.6472314596176147, '6': -2.5222315788269043, '5': -2.6472315788269043, '4': -4.897231578826904, '1': -5.272231578826904, '3': -6.147231578826904, '0': -6.147231578826904, ' ': -7.022231578826904}
2026-03-15 03:13:13,595 - INFO - [Step 28] score 7, accepted!
2026-03-15 03:13:13,595 - INFO - [Step 28] final step_str: So, 9 / s - 9 / (s + 2) = 1.6
2026-03-15 03:13:13,941 - INFO - Original token_logprobs: {'7': -1.289596438407898, '8': -1.539596438407898, '5': -1.789596438407898, '9': -1.789596438407898, '6': -2.1645965576171875, '4': -3.5395965576171875, '3': -4.5395965576171875, '0': -4.7895965576171875, '1': -5.1645965576171875, '2': -5.9145965576171875}
2026-03-15 03:13:13,941 - INFO - [Step 29] score 7, accepted!
2026-03-15 03:13:13,941 - INFO - [Step 29] final step_str: Let me compute 9 / s - 9 / (s + 2). Let's compute this:
2026-03-15 03:13:14,461 - INFO - Original token_logprobs: {'8': -1.0549027919769287, '7': -1.1799027919769287, '9': -1.8049027919769287, '6': -2.4299027919769287, '5': -2.6799027919769287, '4': -4.929903030395508, '1': -5.054903030395508, '0': -6.054903030395508, '3': -6.117403030395508, '2': -7.054903030395508}
2026-03-15 03:13:14,461 - INFO - [Step 30] score 8, accepted!
2026-03-15 03:13:14,461 - INFO - [Step 30] final step_str: 9 / s - 9 / (s + 2) = 9[(s + 2) - s] / [s(s + 2)] = 9(2) / [s(s + 2)] = 18 / [s(s + 2)] = 1.6
2026-03-15 03:13:14,794 - INFO - Original token_logprobs: {'8': -0.9763627052307129, '7': -1.226362705230713, '9': -1.726362705230713, '6': -2.601362705230713, '5': -2.851362705230713, '1': -5.226362705230713, '4': -5.226362705230713, '0': -6.226362705230713, '3': -6.288862705230713, ' ': -6.851362705230713}
2026-03-15 03:13:14,795 - INFO - [Step 31] score 8, accepted!
2026-03-15 03:13:14,795 - INFO - [Step 31] final step_str: So, 18 / [s(s + 2)] = 1.6
2026-03-15 03:13:15,130 - INFO - Original token_logprobs: {'7': -1.101192593574524, '8': -1.226192593574524, '9': -1.851192593574524, '5': -2.3511924743652344, '6': -2.3511924743652344, '4': -4.601192474365234, '1': -5.226192474365234, '3': -5.851192474365234, '0': -5.976192474365234, '2': -6.976192474365234}
2026-03-15 03:13:15,130 - INFO - [Step 32] score 7, accepted!
2026-03-15 03:13:15,130 - INFO - [Step 32] final step_str: So, 18 / [s(s + 2)] = 1.6
