2026-03-15 03:14:55,869 - INFO - Original token_logprobs: {'0': -1.368422031402588, '9': -1.618422031402588, '5': -1.868422031402588, '3': -2.368422031402588, '1': -2.618422031402588, '8': -2.743422031402588, '2': -2.993422031402588, '4': -3.243422031402588, '6': -3.368422031402588, '7': -3.368422031402588}
2026-03-15 03:14:55,870 - INFO - [Step 0] score 0 rejected, falling back to base model
2026-03-15 03:14:58,434 - INFO - [Step 0] final step_str: Okay, let me try to figure out this problem step by step. So Aya goes for a 9-kilometer walk every morning and then stops at a coffee shop. The problem gives two different scenarios with different walking speeds and total times, including the time spent in the coffee shop. We need to find out how long her walk takes when she walks at a speed of s + 1/2 km/h, including the same t minutes in the coffee shop.
2026-03-15 03:14:58,737 - INFO - Original token_logprobs: {'7': -1.2816399335861206, '8': -1.2816399335861206, '9': -1.5316399335861206, '5': -2.40664005279541, '6': -2.78164005279541, '0': -3.40664005279541, '4': -4.28164005279541, '1': -4.40664005279541, '3': -4.53164005279541, '2': -5.53164005279541}
2026-03-15 03:14:58,737 - INFO - [Step 1] score 7, accepted!
2026-03-15 03:14:58,737 - INFO - [Step 1] final step_str: First, let me parse the problem again to make sure I understand all the details.
2026-03-15 03:14:59,304 - INFO - Original token_logprobs: {'8': -1.2694414854049683, '9': -1.5194414854049683, '5': -1.8944414854049683, '7': -1.8944414854049683, '0': -2.769441604614258, '6': -3.144441604614258, '3': -3.394441604614258, '4': -3.394441604614258, '1': -4.269441604614258, '2': -4.956941604614258}
2026-03-15 03:14:59,304 - INFO - [Step 2] score 8, accepted!
2026-03-15 03:14:59,305 - INFO - [Step 2] final step_str: When Aya walks at speed s km/h, the total time taken, including the coffee shop, is 4 hours. When she increases her speed to s + 2 km/h, the total time becomes 2 hours and 24 minutes. In both cases, the time spent in the coffee shop is t minutes. So, the walking time plus the coffee shop time adds up to the total time.
2026-03-15 03:14:59,618 - INFO - Original token_logprobs: {'8': -1.4467853307724, '7': -1.5717853307724, '9': -1.6967853307724, '5': -1.9467853307724, '6': -2.5717854499816895, '0': -2.8217854499816895, '4': -3.4467854499816895, '3': -3.5717854499816895, '1': -3.9467854499816895, '2': -4.5717854499816895}
2026-03-15 03:14:59,618 - INFO - [Step 3] score 8, accepted!
2026-03-15 03:14:59,618 - INFO - [Step 3] final step_str: Since the distance walked is always 9 kilometers in each scenario, I can use the formula:
2026-03-15 03:14:59,871 - INFO - Original token_logprobs: {'8': -1.651479959487915, '9': -1.901479959487915, '5': -1.901479959487915, '0': -2.026479959487915, '7': -2.276479959487915, '3': -2.526479959487915, '4': -2.901479959487915, '1': -3.026479959487915, '6': -3.026479959487915, '2': -3.276479959487915}
2026-03-15 03:14:59,872 - INFO - [Step 4] score 8, accepted!
2026-03-15 03:14:59,872 - INFO - [Step 4] final step_str: Time = Distance / Speed
2026-03-15 03:15:00,342 - INFO - Original token_logprobs: {'8': -1.505730390548706, '9': -1.630730390548706, '5': -1.630730390548706, '7': -2.255730390548706, '0': -2.380730390548706, '4': -3.005730390548706, '3': -3.005730390548706, '6': -3.255730390548706, '1': -3.630730390548706, '2': -4.005730628967285}
2026-03-15 03:15:00,342 - INFO - [Step 5] score 8, accepted!
2026-03-15 03:15:00,342 - INFO - [Step 5] final step_str: But in the first case, the total time is 4 hours, which includes the walking time and the coffee shop time. Similarly, in the second case, the total time is 2 hours and 24 minutes, which is 2 + 24/60 hours.
2026-03-15 03:15:00,656 - INFO - Original token_logprobs: {'8': -1.5775730609893799, '9': -1.5775730609893799, '0': -1.9525730609893799, '5': -1.9525730609893799, '7': -2.45257306098938, '3': -2.82757306098938, '1': -3.07757306098938, '4': -3.32757306098938, '6': -3.32757306098938, '2': -3.45257306098938}
2026-03-15 03:15:00,656 - INFO - [Step 6] score 8, accepted!
2026-03-15 03:15:00,656 - INFO - [Step 6] final step_str: Wait, maybe I should convert everything into hours to make it consistent. Let me do that.
2026-03-15 03:15:01,151 - INFO - Original token_logprobs: {'8': -0.996760368347168, '7': -1.371760368347168, '9': -1.996760368347168, '5': -2.371760368347168, '6': -2.371760368347168, '4': -3.996760368347168, '1': -4.246760368347168, '0': -4.871760368347168, '3': -4.996760368347168, '2': -5.871760368347168}
2026-03-15 03:15:01,151 - INFO - [Step 7] score 8, accepted!
2026-03-15 03:15:01,151 - INFO - [Step 7] final step_str: First scenario:
- Walking speed: s km/h
- Total time: 4 hours
- So, walking time is 9 / s hours
- Time in coffee shop: t minutes, which is t/60 hours
- Therefore, 9/s + t/60 = 4
2026-03-15 03:15:01,774 - INFO - Original token_logprobs: {'8': -0.9502744674682617, '9': -1.3252744674682617, '7': -1.7002744674682617, '5': -2.5752744674682617, '6': -2.9502744674682617, '4': -4.575274467468262, '0': -4.825274467468262, '1': -4.825274467468262, '3': -5.450274467468262, '2': -6.325274467468262}
2026-03-15 03:15:01,775 - INFO - [Step 8] score 8, accepted!
2026-03-15 03:15:01,775 - INFO - [Step 8] final step_str: Second scenario:
- Walking speed: s + 2 km/h
- Total time: 2 hours 24 minutes, which is 2 + 24/60 hours = 2.4 hours
- Walking time: 9 / (s + 2) hours
- Time in coffee shop: t minutes = t/60 hours
- Therefore, 9/(s + 2) + t/60 = 2.4
2026-03-15 03:15:02,040 - INFO - Original token_logprobs: {'8': -1.115609049797058, '9': -1.490609049797058, '7': -1.490609049797058, '5': -2.2406091690063477, '6': -2.8656091690063477, '4': -3.9906091690063477, '0': -4.365609169006348, '1': -4.490609169006348, '3': -4.990609169006348, '2': -5.803109169006348}
2026-03-15 03:15:02,040 - INFO - [Step 9] score 8, accepted!
2026-03-15 03:15:02,040 - INFO - [Step 9] final step_str: So, now I have two equations:
2026-03-15 03:15:02,423 - INFO - Original token_logprobs: {'8': -0.9227748513221741, '9': -1.4227747917175293, '7': -1.5477747917175293, '5': -2.7977747917175293, '6': -2.9227747917175293, '4': -4.547774791717529, '1': -4.672774791717529, '0': -5.297774791717529, '3': -5.610274791717529, '2': -6.547774791717529}
2026-03-15 03:15:02,423 - INFO - [Step 10] score 8, accepted!
2026-03-15 03:15:02,423 - INFO - [Step 10] final step_str: 1. 9/s + t/60 = 4
2. 9/(s + 2) + t/60 = 2.4
2026-03-15 03:15:02,805 - INFO - Original token_logprobs: {'8': -0.905676007270813, '9': -1.280676007270813, '7': -1.780676007270813, '5': -2.7806758880615234, '6': -3.0306758880615234, '4': -4.405675888061523, '1': -4.780675888061523, '0': -4.905675888061523, '3': -5.405675888061523, '2': -6.218175888061523}
2026-03-15 03:15:02,805 - INFO - [Step 11] score 8, accepted!
2026-03-15 03:15:02,805 - INFO - [Step 11] final step_str: I need to solve these two equations to find s and t, and then use them to find the total time when walking speed is s + 1/2 km/h.
2026-03-15 03:15:03,062 - INFO - Original token_logprobs: {'8': -0.9906014800071716, '7': -1.2406015396118164, '9': -1.8656015396118164, '5': -2.6156015396118164, '6': -2.8656015396118164, '4': -4.240601539611816, '0': -4.365601539611816, '1': -4.365601539611816, '3': -4.990601539611816, '2': -6.053101539611816}
2026-03-15 03:15:03,062 - INFO - [Step 12] score 8, accepted!
2026-03-15 03:15:03,062 - INFO - [Step 12] final step_str: Let me write them again:
2026-03-15 03:15:03,375 - INFO - Original token_logprobs: {'8': -1.026254415512085, '9': -1.526254415512085, '7': -1.526254415512085, '5': -2.401254415512085, '6': -2.776254415512085, '4': -4.151254653930664, '1': -4.276254653930664, '0': -4.651254653930664, '3': -5.026254653930664, '2': -5.713754653930664}
2026-03-15 03:15:03,375 - INFO - [Step 13] score 8, accepted!
2026-03-15 03:15:03,375 - INFO - [Step 13] final step_str: Equation 1: 9/s + t/60 = 4
2026-03-15 03:15:03,716 - INFO - Original token_logprobs: {'8': -0.9699769020080566, '9': -1.2199769020080566, '7': -1.8449769020080566, '5': -2.5949769020080566, '6': -2.9699769020080566, '4': -4.344976902008057, '1': -4.719976902008057, '0': -4.844976902008057, '3': -5.344976902008057, '2': -6.032476902008057}
2026-03-15 03:15:03,717 - INFO - [Step 14] score 8, accepted!
2026-03-15 03:15:03,717 - INFO - [Step 14] final step_str: Equation 2: 9/(s + 2) + t/60 = 2.4
2026-03-15 03:15:04,109 - INFO - Original token_logprobs: {'9': -1.0524269342422485, '8': -1.4274269342422485, '7': -1.9274269342422485, '5': -2.052426815032959, '6': -2.802426815032959, '4': -3.802426815032959, '3': -4.302426815032959, '1': -4.302426815032959, '0': -4.302426815032959, '2': -5.052426815032959}
2026-03-15 03:15:04,110 - INFO - [Step 15] score 9, accepted!
2026-03-15 03:15:04,110 - INFO - [Step 15] final step_str: Hmm, so both equations have t/60, which is the same in both. Maybe I can subtract equation 2 from equation 1 to eliminate t/60.
2026-03-15 03:15:04,403 - INFO - Original token_logprobs: {'9': -1.1041865348815918, '8': -1.6041865348815918, '5': -1.8541865348815918, '7': -1.8541865348815918, '6': -2.979186534881592, '4': -3.729186534881592, '0': -3.854186534881592, '1': -3.854186534881592, '3': -3.979186534881592, '2': -4.604186534881592}
2026-03-15 03:15:04,403 - INFO - [Step 16] score 9, accepted!
2026-03-15 03:15:04,403 - INFO - [Step 16] final step_str: Let me subtract equation 2 from equation 1:
2026-03-15 03:15:04,783 - INFO - Original token_logprobs: {'8': -1.13077974319458, '9': -1.13077974319458, '7': -1.63077974319458, '5': -2.63077974319458, '6': -3.00577974319458, '1': -4.50577974319458, '4': -4.63077974319458, '0': -5.25577974319458, '3': -5.38077974319458, '2': -6.25577974319458}
2026-03-15 03:15:04,783 - INFO - [Step 17] score 8, accepted!
2026-03-15 03:15:04,783 - INFO - [Step 17] final step_str: (9/s + t/60) - (9/(s + 2) + t/60) = 4 - 2.4
2026-03-15 03:15:05,026 - INFO - Original token_logprobs: {'9': -1.2600622177124023, '7': -1.3850622177124023, '8': -1.6350622177124023, '5': -2.0100622177124023, '6': -2.7600622177124023, '4': -3.8850622177124023, '0': -4.135062217712402, '3': -4.385062217712402, '1': -4.385062217712402, '2': -5.322562217712402}
2026-03-15 03:15:05,026 - INFO - [Step 18] score 9, accepted!
2026-03-15 03:15:05,026 - INFO - [Step 18] final step_str: Simplify:
2026-03-15 03:15:05,341 - INFO - Original token_logprobs: {'9': -1.012015461921692, '8': -1.387015461921692, '7': -1.762015461921692, '5': -2.2620153427124023, '6': -2.6370153427124023, '4': -4.262015342712402, '1': -4.762015342712402, '3': -5.137015342712402, '0': -5.512015342712402, '2': -6.137015342712402}
2026-03-15 03:15:05,341 - INFO - [Step 19] score 9, accepted!
2026-03-15 03:15:05,341 - INFO - [Step 19] final step_str: 9/s - 9/(s + 2) = 1.6
2026-03-15 03:15:05,677 - INFO - Original token_logprobs: {'7': -1.2168437242507935, '8': -1.2168437242507935, '9': -1.8418437242507935, '5': -2.091843605041504, '6': -2.341843605041504, '4': -4.466843605041504, '1': -5.091843605041504, '3': -5.591843605041504, '0': -5.716843605041504, '2': -6.716843605041504}
2026-03-15 03:15:05,677 - INFO - [Step 20] score 7, accepted!
2026-03-15 03:15:05,677 - INFO - [Step 20] final step_str: So, 9*(1/s - 1/(s + 2)) = 1.6
2026-03-15 03:15:05,982 - INFO - Original token_logprobs: {'7': -1.3653513193130493, '8': -1.3653513193130493, '5': -1.7403513193130493, '9': -1.8653513193130493, '6': -2.3653512001037598, '4': -3.7403512001037598, '1': -4.49035120010376, '3': -4.49035120010376, '0': -4.61535120010376, '2': -5.74035120010376}
2026-03-15 03:15:05,982 - INFO - [Step 21] score 7, accepted!
2026-03-15 03:15:05,982 - INFO - [Step 21] final step_str: Let me compute 1/s - 1/(s + 2):
2026-03-15 03:15:06,343 - INFO - Original token_logprobs: {'7': -1.2681686878204346, '8': -1.2681686878204346, '9': -1.7681686878204346, '5': -1.8931686878204346, '6': -2.5181686878204346, '4': -4.3931684494018555, '1': -4.7681684494018555, '3': -5.3931684494018555, '0': -5.5181684494018555, '2': -6.5806684494018555}
2026-03-15 03:15:06,343 - INFO - [Step 22] score 7, accepted!
2026-03-15 03:15:06,343 - INFO - [Step 22] final step_str: That's equal to (s + 2 - s)/(s(s + 2)) = 2/(s(s + 2))
2026-03-15 03:15:06,665 - INFO - Original token_logprobs: {'7': -1.1276524066925049, '8': -1.2526524066925049, '5': -2.002652406692505, '9': -2.002652406692505, '6': -2.377652406692505, '4': -4.627652168273926, '1': -5.002652168273926, '3': -5.815152168273926, '0': -5.877652168273926, '2': -6.940152168273926}
2026-03-15 03:15:06,666 - INFO - [Step 23] score 7, accepted!
2026-03-15 03:15:06,666 - INFO - [Step 23] final step_str: Therefore, 9*(2)/(s(s + 2)) = 1.6
2026-03-15 03:15:06,912 - INFO - Original token_logprobs: {'7': -0.9464011192321777, '8': -1.4464011192321777, '5': -2.0714011192321777, '9': -2.0714011192321777, '6': -2.4464011192321777, '4': -4.446401119232178, '1': -4.821401119232178, '0': -5.071401119232178, '3': -5.383901119232178, '2': -6.571401119232178}
2026-03-15 03:15:06,912 - INFO - [Step 24] score 7, accepted!
2026-03-15 03:15:06,912 - INFO - [Step 24] final step_str: Simplify:
2026-03-15 03:15:07,219 - INFO - Original token_logprobs: {'7': -1.1840993165969849, '8': -1.1840993165969849, '9': -1.6840993165969849, '5': -2.3090991973876953, '6': -2.5590991973876953, '4': -4.809099197387695, '1': -5.059099197387695, '3': -5.809099197387695, '0': -5.809099197387695, '2': -6.934099197387695}
2026-03-15 03:15:07,219 - INFO - [Step 25] score 7, accepted!
2026-03-15 03:15:07,219 - INFO - [Step 25] final step_str: 18/(s(s + 2)) = 1.6
2026-03-15 03:15:07,535 - INFO - Original token_logprobs: {'7': -1.07294499874115, '8': -1.19794499874115, '9': -1.94794499874115, '6': -2.3229451179504395, '5': -2.4479451179504395, '4': -4.6979451179504395, '1': -4.9479451179504395, '0': -5.5729451179504395, '3': -5.7604451179504395, '2': -6.8229451179504395}
2026-03-15 03:15:07,535 - INFO - [Step 26] score 7, accepted!
2026-03-15 03:15:07,535 - INFO - [Step 26] final step_str: So, 18 = 1.6 * s(s + 2)
2026-03-15 03:15:07,825 - INFO - Original token_logprobs: {'7': -0.9806289672851562, '8': -1.4806289672851562, '5': -2.1056289672851562, '9': -2.1056289672851562, '6': -2.2306289672851562, '4': -4.105628967285156, '0': -4.730628967285156, '1': -4.730628967285156, '3': -5.230628967285156, '2': -6.230628967285156}
2026-03-15 03:15:07,825 - INFO - [Step 27] score 7, accepted!
2026-03-15 03:15:07,825 - INFO - [Step 27] final step_str: Divide both sides by 1.6:
2026-03-15 03:15:08,129 - INFO - Original token_logprobs: {'7': -1.0704185962677002, '8': -1.3204185962677002, '9': -1.9454185962677002, '6': -2.1954185962677, '5': -2.3204185962677, '4': -4.320418357849121, '1': -4.945418357849121, '0': -5.070418357849121, '3': -5.445418357849121, '2': -6.507918357849121}
2026-03-15 03:15:08,130 - INFO - [Step 28] score 7, accepted!
2026-03-15 03:15:08,130 - INFO - [Step 28] final step_str: 18 / 1.6 = s(s + 2)
2026-03-15 03:15:08,417 - INFO - Original token_logprobs: {'7': -1.06448495388031, '8': -1.43948495388031, '9': -1.68948495388031, '5': -2.3144850730895996, '6': -2.4394850730895996, '4': -4.1894850730896, '0': -4.6894850730896, '1': -4.6894850730896, '3': -5.0644850730896, '2': -6.0644850730896}
2026-03-15 03:15:08,417 - INFO - [Step 29] score 7, accepted!
2026-03-15 03:15:08,417 - INFO - [Step 29] final step_str: Compute 18 / 1.6:
2026-03-15 03:15:08,810 - INFO - Original token_logprobs: {'7': -1.1113168001174927, '8': -1.7363168001174927, '5': -1.9863168001174927, '9': -1.9863168001174927, '6': -2.111316680908203, '4': -3.361316680908203, '0': -3.986316680908203, '3': -3.986316680908203, '1': -4.361316680908203, '2': -4.736316680908203}
2026-03-15 03:15:08,811 - INFO - [Step 30] score 7, accepted!
2026-03-15 03:15:08,811 - INFO - [Step 30] final step_str: 1.6 goes into 18 how many times? 1.6*11=17.6, so 11.25 times.
2026-03-15 03:15:09,103 - INFO - Original token_logprobs: {'7': -1.2630678415298462, '9': -1.3880678415298462, '8': -1.6380678415298462, '5': -2.1380677223205566, '6': -2.5130677223205566, '4': -3.8880677223205566, '0': -4.013067722320557, '3': -4.388067722320557, '1': -4.388067722320557, '2': -5.450567722320557}
2026-03-15 03:15:09,103 - INFO - [Step 31] score 7, accepted!
2026-03-15 03:15:09,103 - INFO - [Step 31] final step_str: Wait, let me compute it properly:
2026-03-15 03:15:09,400 - INFO - Original token_logprobs: {'7': -1.1874001026153564, '9': -1.5624001026153564, '8': -1.5624001026153564, '5': -2.1874001026153564, '6': -2.4374001026153564, '4': -3.8124001026153564, '0': -3.9374001026153564, '3': -4.437399864196777, '1': -4.437399864196777, '2': -5.624899864196777}
2026-03-15 03:15:09,401 - INFO - [Step 32] score 7, accepted!
2026-03-15 03:15:09,401 - INFO - [Step 32] final step_str: 18 divided by 1.6:
2026-03-15 03:15:09,712 - INFO - Original token_logprobs: {'7': -1.295290231704712, '9': -1.795290231704712, '5': -1.920290231704712, '8': -1.920290231704712, '6': -2.295290231704712, '4': -3.045290231704712, '0': -3.420290231704712, '3': -3.420290231704712, '1': -3.670290231704712, '2': -3.920290231704712}
2026-03-15 03:15:09,713 - INFO - [Step 33] score 7, accepted!
2026-03-15 03:15:09,713 - INFO - [Step 33] final step_str: 1.6 * 10 = 16
2026-03-15 03:15:10,014 - INFO - Original token_logprobs: {'7': -1.4521011114120483, '5': -1.8271011114120483, '8': -1.9521011114120483, '9': -2.327101230621338, '6': -2.327101230621338, '4': -2.702101230621338, '3': -2.827101230621338, '1': -3.077101230621338, '0': -3.077101230621338, '2': -3.202101230621338}
2026-03-15 03:15:10,014 - INFO - [Step 34] score 7, accepted!
2026-03-15 03:15:10,014 - INFO - [Step 34] final step_str: 18 - 16 = 2
2026-03-15 03:15:10,428 - INFO - Original token_logprobs: {'7': -1.314048409461975, '9': -1.564048409461975, '8': -1.564048409461975, '5': -1.939048409461975, '6': -2.3140482902526855, '4': -3.6890482902526855, '3': -4.4390482902526855, '1': -4.4390482902526855, '0': -4.4390482902526855, '2': -5.5640482902526855}
2026-03-15 03:15:10,429 - INFO - [Step 35] score 7, accepted!
2026-03-15 03:15:10,429 - INFO - [Step 35] final step_str: So, 1.6 * 10 + (2 / 1.6) = 10 + 1.25 = 11.25
2026-03-15 03:15:10,773 - INFO - Original token_logprobs: {'7': -1.389630675315857, '9': -1.514630675315857, '5': -1.639630675315857, '8': -1.764630675315857, '6': -2.3896307945251465, '4': -3.6396307945251465, '0': -4.2646307945251465, '3': -4.3896307945251465, '1': -4.5146307945251465, '2': -5.5146307945251465}
2026-03-15 03:15:10,773 - INFO - [Step 36] score 7, accepted!
2026-03-15 03:15:10,773 - INFO - [Step 36] final step_str: Yes, so 1.6 * 11.25 = 18
2026-03-15 03:15:11,104 - INFO - Original token_logprobs: {'7': -1.137345790863037, '8': -1.637345790863037, '5': -1.887345790863037, '9': -1.887345790863037, '6': -2.137345790863037, '4': -3.762345790863037, '0': -4.262345790863037, '1': -4.637345790863037, '3': -4.762345790863037, '2': -5.762345790863037}
2026-03-15 03:15:11,104 - INFO - [Step 37] score 7, accepted!
2026-03-15 03:15:11,104 - INFO - [Step 37] final step_str: So, s(s + 2) = 11.25
2026-03-15 03:15:11,454 - INFO - Original token_logprobs: {'7': -1.0509047508239746, '8': -1.5509047508239746, '9': -1.9259047508239746, '5': -2.0509047508239746, '6': -2.1759047508239746, '4': -4.050904750823975, '0': -4.550904750823975, '1': -4.675904750823975, '3': -5.175904750823975, '2': -6.175904750823975}
2026-03-15 03:15:11,454 - INFO - [Step 38] score 7, accepted!
2026-03-15 03:15:11,454 - INFO - [Step 38] final step_str: So, s^2 + 2s - 11.25 = 0
2026-03-15 03:15:11,809 - INFO - Original token_logprobs: {'7': -1.0371125936508179, '8': -1.4121125936508179, '9': -2.0371127128601074, '5': -2.1621127128601074, '6': -2.1621127128601074, '4': -4.162112712860107, '0': -4.912112712860107, '1': -4.912112712860107, '3': -5.349612712860107, '2': -6.537112712860107}
2026-03-15 03:15:11,809 - INFO - [Step 39] score 7, accepted!
2026-03-15 03:15:11,809 - INFO - [Step 39] final step_str: That's a quadratic equation: s^2 + 2s - 11.25 = 0
2026-03-15 03:15:12,094 - INFO - Original token_logprobs: {'7': -1.1698392629623413, '8': -1.1698392629623413, '9': -1.6698392629623413, '6': -2.544839382171631, '5': -2.669839382171631, '4': -4.419839382171631, '0': -4.669839382171631, '1': -4.794839382171631, '3': -5.169839382171631, '2': -6.419839382171631}
2026-03-15 03:15:12,094 - INFO - [Step 40] score 7, accepted!
2026-03-15 03:15:12,094 - INFO - [Step 40] final step_str: Let me solve for s using quadratic formula.
2026-03-15 03:15:12,417 - INFO - Original token_logprobs: {'7': -1.3360992670059204, '8': -1.7110992670059204, '5': -1.7110992670059204, '6': -1.8360992670059204, '9': -2.461099147796631, '4': -2.961099147796631, '3': -3.586099147796631, '0': -4.086099147796631, '1': -4.211099147796631, '2': -4.461099147796631}
2026-03-15 03:15:12,417 - INFO - [Step 41] score 7, accepted!
2026-03-15 03:15:12,417 - INFO - [Step 41] final step_str: s = [-2 ± sqrt(4 + 45)] / 2
2026-03-15 03:15:12,784 - INFO - Original token_logprobs: {'7': -1.1684887409210205, '8': -1.2934887409210205, '9': -1.5434887409210205, '6': -2.4184887409210205, '5': -2.5434887409210205, '4': -4.668488502502441, '1': -4.918488502502441, '0': -5.293488502502441, '3': -5.793488502502441, ' ': -6.355988502502441}
2026-03-15 03:15:12,784 - INFO - [Step 42] score 7, accepted!
2026-03-15 03:15:12,785 - INFO - [Step 42] final step_str: Because discriminant D = 4 + 4*11.25 = 4 + 45 = 49
2026-03-15 03:15:13,075 - INFO - Original token_logprobs: {'7': -1.0936129093170166, '8': -1.3436129093170166, '9': -1.5936129093170166, '6': -2.3436129093170166, '5': -2.5936129093170166, '4': -4.8436126708984375, '1': -4.9686126708984375, '0': -5.3436126708984375, '3': -5.9061126708984375, ' ': -6.4061126708984375}
2026-03-15 03:15:13,075 - INFO - [Step 43] score 7, accepted!
2026-03-15 03:15:13,075 - INFO - [Step 43] final step_str: So sqrt(49) = 7
2026-03-15 03:15:13,418 - INFO - Original token_logprobs: {'7': -1.1250050067901611, '9': -1.6250050067901611, '8': -1.6250050067901611, '5': -2.125005006790161, '6': -2.125005006790161, '4': -4.250004768371582, '1': -4.875004768371582, '0': -5.000004768371582, '3': -5.250004768371582, '2': -6.187504768371582}
2026-03-15 03:15:13,418 - INFO - [Step 44] score 7, accepted!
2026-03-15 03:15:13,418 - INFO - [Step 44] final step_str: Therefore, s = (-2 + 7)/2 = 5/2 = 2.5
2026-03-15 03:15:13,754 - INFO - Original token_logprobs: {'7': -1.158432126045227, '8': -1.283432126045227, '9': -1.533432126045227, '6': -2.4084320068359375, '5': -2.6584320068359375, '4': -4.6584320068359375, '1': -4.9084320068359375, '0': -5.1584320068359375, '3': -5.7209320068359375, '2': -6.5959320068359375}
2026-03-15 03:15:13,754 - INFO - [Step 45] score 7, accepted!
2026-03-15 03:15:13,754 - INFO - [Step 45] final step_str: Or s = (-2 -7)/2 = -9/2 = -4.5
2026-03-15 03:15:14,073 - INFO - Original token_logprobs: {'7': -1.2202950716018677, '8': -1.3452950716018677, '9': -1.4702950716018677, '5': -2.345294952392578, '6': -2.470294952392578, '4': -4.595294952392578, '1': -4.845294952392578, '0': -5.220294952392578, '3': -5.657794952392578, '2': -6.532794952392578}
2026-03-15 03:15:14,073 - INFO - [Step 46] score 7, accepted!
2026-03-15 03:15:14,073 - INFO - [Step 46] final step_str: Since speed can't be negative, s = 2.5 km/h
2026-03-15 03:15:14,370 - INFO - Original token_logprobs: {'7': -1.1263446807861328, '8': -1.3763446807861328, '9': -1.7513446807861328, '5': -2.251344680786133, '6': -2.251344680786133, '4': -4.376344680786133, '1': -4.751344680786133, '0': -5.126344680786133, '3': -5.438844680786133, '2': -6.376344680786133}
2026-03-15 03:15:14,370 - INFO - [Step 47] score 7, accepted!
2026-03-15 03:15:14,370 - INFO - [Step 47] final step_str: So, s is 2.5 km/h.
2026-03-15 03:15:14,646 - INFO - Original token_logprobs: {'7': -1.1835283041000366, '8': -1.3085283041000366, '9': -1.6835283041000366, '5': -2.183528423309326, '6': -2.558528423309326, '4': -4.183528423309326, '1': -4.683528423309326, '0': -4.808528423309326, '3': -5.121028423309326, '2': -5.871028423309326}
2026-03-15 03:15:14,646 - INFO - [Step 48] score 7, accepted!
2026-03-15 03:15:14,646 - INFO - [Step 48] final step_str: Now, let me find t.
2026-03-15 03:15:14,973 - INFO - Original token_logprobs: {'7': -1.3732579946517944, '8': -1.3732579946517944, '9': -1.4982579946517944, '5': -2.123258113861084, '6': -2.498258113861084, '4': -3.998258113861084, '1': -4.248258113861084, '0': -4.373258113861084, '3': -4.748258113861084, '2': -5.560758113861084}
2026-03-15 03:15:14,973 - INFO - [Step 49] score 7, accepted!
2026-03-15 03:15:14,973 - INFO - [Step 49] final step_str: From equation 1: 9/s + t/60 = 4
2026-03-15 03:15:15,337 - INFO - Original token_logprobs: {'7': -1.3571373224258423, '8': -1.4821373224258423, '9': -1.6071373224258423, '5': -1.8571373224258423, '6': -2.4821372032165527, '4': -3.7321372032165527, '0': -4.107137203216553, '3': -4.482137203216553, '1': -4.482137203216553, '2': -5.357137203216553}
2026-03-15 03:15:15,337 - INFO - [Step 50] score 7, accepted!
2026-03-15 03:15:15,337 - INFO - [Step 50] final step_str: We know s = 2.5, so 9 / 2.5 + t/60 = 4
2026-03-15 03:15:15,729 - INFO - Original token_logprobs: {'7': -1.360312819480896, '5': -1.735312819480896, '8': -1.860312819480896, '9': -2.1103129386901855, '6': -2.1103129386901855, '4': -2.9853129386901855, '3': -3.2353129386901855, '0': -3.6103129386901855, '1': -3.7353129386901855, '2': -3.8603129386901855}
2026-03-15 03:15:15,730 - INFO - [Step 51] score 7, accepted!
2026-03-15 03:15:15,730 - INFO - [Step 51] final step_str: Compute 9 / 2.5: 2.5 goes into 9 three times with 1.5 remaining, which is 3.6.
2026-03-15 03:15:16,097 - INFO - Original token_logprobs: {'7': -1.3497892618179321, '9': -1.4747892618179321, '8': -1.7247892618179321, '5': -1.8497892618179321, '6': -2.4747891426086426, '4': -3.5997891426086426, '0': -3.8497891426086426, '3': -4.224789142608643, '1': -4.224789142608643, '2': -4.974789142608643}
2026-03-15 03:15:16,097 - INFO - [Step 52] score 7, accepted!
2026-03-15 03:15:16,097 - INFO - [Step 52] final step_str: Wait, 2.5 * 3 = 7.5, 2.5*3.6 = 9
2026-03-15 03:15:16,422 - INFO - Original token_logprobs: {'9': -1.2980341911315918, '7': -1.5480341911315918, '5': -1.6730341911315918, '8': -1.9230341911315918, '6': -2.548034191131592, '4': -3.423034191131592, '3': -3.923034191131592, '1': -4.048034191131592, '0': -4.048034191131592, '2': -4.923034191131592}
2026-03-15 03:15:16,422 - INFO - [Step 53] score 9, accepted!
2026-03-15 03:15:16,422 - INFO - [Step 53] final step_str: Yes, so 9 / 2.5 = 3.6
2026-03-15 03:15:16,739 - INFO - Original token_logprobs: {'9': -1.3619309663772583, '7': -1.4869309663772583, '8': -1.6119309663772583, '5': -1.8619309663772583, '6': -2.4869308471679688, '4': -3.7369308471679688, '1': -4.111930847167969, '0': -4.236930847167969, '3': -4.361930847167969, '2': -5.236930847167969}
2026-03-15 03:15:16,740 - INFO - [Step 54] score 9, accepted!
2026-03-15 03:15:16,740 - INFO - [Step 54] final step_str: Therefore, 3.6 + t/60 = 4
2026-03-15 03:15:17,023 - INFO - Original token_logprobs: {'7': -1.231870412826538, '9': -1.481870412826538, '8': -1.481870412826538, '5': -2.106870412826538, '6': -2.606870412826538, '4': -4.106870651245117, '1': -4.356870651245117, '0': -4.481870651245117, '3': -4.919370651245117, '2': -5.856870651245117}
2026-03-15 03:15:17,023 - INFO - [Step 55] score 7, accepted!
2026-03-15 03:15:17,023 - INFO - [Step 55] final step_str: Subtract 3.6:
2026-03-15 03:15:17,318 - INFO - Original token_logprobs: {'7': -1.351360559463501, '9': -1.601360559463501, '8': -1.726360559463501, '5': -1.851360559463501, '6': -2.226360559463501, '4': -3.476360559463501, '1': -3.976360559463501, '3': -4.101360321044922, '0': -4.101360321044922, '2': -4.976360321044922}
2026-03-15 03:15:17,318 - INFO - [Step 56] score 7, accepted!
2026-03-15 03:15:17,318 - INFO - [Step 56] final step_str: t/60 = 0.4
2026-03-15 03:15:17,603 - INFO - Original token_logprobs: {'9': -1.3533470630645752, '8': -1.4783470630645752, '7': -1.4783470630645752, '5': -1.9783470630645752, '6': -2.478347063064575, '4': -3.978347063064575, '0': -4.353346824645996, '1': -4.353346824645996, '3': -4.790846824645996, '2': -5.728346824645996}
2026-03-15 03:15:17,604 - INFO - [Step 57] score 9, accepted!
2026-03-15 03:15:17,604 - INFO - [Step 57] final step_str: Multiply both sides by 60:
2026-03-15 03:15:17,886 - INFO - Original token_logprobs: {'9': -1.261104702949524, '8': -1.386104702949524, '7': -1.511104702949524, '5': -2.2611045837402344, '6': -2.5111045837402344, '4': -4.011104583740234, '1': -4.386104583740234, '0': -4.511104583740234, '3': -4.761104583740234, '2': -5.573604583740234}
2026-03-15 03:15:17,886 - INFO - [Step 58] score 9, accepted!
2026-03-15 03:15:17,886 - INFO - [Step 58] final step_str: t = 24 minutes
2026-03-15 03:15:18,176 - INFO - Original token_logprobs: {'8': -1.3674728870391846, '9': -1.4924728870391846, '7': -1.4924728870391846, '5': -1.9924728870391846, '6': -2.3674728870391846, '4': -3.7424728870391846, '0': -4.4924726486206055, '3': -4.4924726486206055, '1': -4.6174726486206055, '2': -5.6174726486206055}
2026-03-15 03:15:18,176 - INFO - [Step 59] score 8, accepted!
2026-03-15 03:15:18,176 - INFO - [Step 59] final step_str: So, t is 24 minutes.
2026-03-15 03:15:18,576 - INFO - Original token_logprobs: {'9': -1.1105647087097168, '7': -1.4855647087097168, '8': -1.7355647087097168, '5': -1.9855647087097168, '6': -2.610564708709717, '4': -3.985564708709717, '1': -4.485564708709717, '3': -4.610564708709717, '0': -4.860564708709717, '2': -5.548064708709717}
2026-03-15 03:15:18,576 - INFO - [Step 60] score 9, accepted!
2026-03-15 03:15:18,576 - INFO - [Step 60] final step_str: So, now, when Aya walks at s + 1/2 km/h, which is 2.5 + 0.5 = 3 km/h.
2026-03-15 03:15:18,895 - INFO - Original token_logprobs: {'9': -1.0826584100723267, '8': -1.3326584100723267, '7': -1.5826584100723267, '5': -2.332658290863037, '6': -2.957658290863037, '1': -4.457658290863037, '4': -4.457658290863037, '3': -5.020158290863037, '0': -5.582658290863037, '2': -5.895158290863037}
2026-03-15 03:15:18,895 - INFO - [Step 61] score 9, accepted!
2026-03-15 03:15:18,895 - INFO - [Step 61] final step_str: Now, we need to find the total time including the coffee shop time.
2026-03-15 03:15:19,192 - INFO - Original token_logprobs: {'9': -1.321447491645813, '8': -1.446447491645813, '7': -1.571447491645813, '5': -2.0714473724365234, '6': -2.5714473724365234, '4': -3.6964473724365234, '1': -4.071447372436523, '3': -4.071447372436523, '0': -4.321447372436523, '2': -4.946447372436523}
2026-03-15 03:15:19,192 - INFO - [Step 62] score 9, accepted!
2026-03-15 03:15:19,192 - INFO - [Step 62] final step_str: So, total time = walking time + t
2026-03-15 03:15:19,500 - INFO - Original token_logprobs: {'9': -1.243926763534546, '7': -1.493926763534546, '8': -1.868926763534546, '5': -2.118926763534546, '6': -2.618926763534546, '0': -3.493926763534546, '4': -3.493926763534546, '3': -3.618926763534546, '1': -3.618926763534546, '2': -4.118927001953125}
2026-03-15 03:15:19,501 - INFO - [Step 63] score 9, accepted!
2026-03-15 03:15:19,501 - INFO - [Step 63] final step_str: Walking time is 9 / 3 = 3 hours
2026-03-15 03:15:19,783 - INFO - Original token_logprobs: {'9': -1.2045981884002686, '7': -1.4545981884002686, '8': -1.8295981884002686, '5': -2.0795981884002686, '6': -2.4545981884002686, '4': -3.7045981884002686, '1': -3.9545981884002686, '3': -3.9545981884002686, '0': -4.204598426818848, '2': -4.642098426818848}
2026-03-15 03:15:19,783 - INFO - [Step 64] score 9, accepted!
2026-03-15 03:15:19,783 - INFO - [Step 64] final step_str: t is 24 minutes
2026-03-15 03:15:20,101 - INFO - Original token_logprobs: {'9': -1.3313040733337402, '7': -1.4563040733337402, '8': -1.5813040733337402, '5': -2.2063040733337402, '6': -2.4563040733337402, '4': -3.7063040733337402, '1': -3.8313040733337402, '0': -3.9563040733337402, '3': -4.08130407333374, '2': -4.58130407333374}
2026-03-15 03:15:20,101 - INFO - [Step 65] score 9, accepted!
2026-03-15 03:15:20,101 - INFO - [Step 65] final step_str: So, total time is 3 hours + 24 minutes
2026-03-15 03:15:20,435 - INFO - Original token_logprobs: {'7': -1.5332375764846802, '9': -1.5332375764846802, '8': -1.7832375764846802, '5': -1.9082375764846802, '6': -2.4082374572753906, '4': -3.1582374572753906, '1': -3.4082374572753906, '3': -3.4082374572753906, '0': -3.6582374572753906, '2': -3.9082374572753906}
2026-03-15 03:15:20,436 - INFO - [Step 66] score 7, accepted!
2026-03-15 03:15:20,436 - INFO - [Step 66] final step_str: Convert 3 hours to minutes: 3*60 = 180 minutes
2026-03-15 03:15:20,776 - INFO - Original token_logprobs: {'9': -0.9599440097808838, '8': -1.4599440097808838, '7': -1.7099440097808838, '5': -2.459944009780884, '6': -2.834944009780884, '1': -4.084943771362305, '4': -4.209943771362305, '3': -4.709943771362305, '0': -4.709943771362305, '2': -5.459943771362305}
2026-03-15 03:15:20,776 - INFO - [Step 67] score 9, accepted!
2026-03-15 03:15:20,776 - INFO - [Step 67] final step_str: So, total time is 180 + 24 = 204 minutes.
2026-03-15 03:15:21,060 - INFO - Original token_logprobs: {'9': -0.9419737458229065, '8': -1.0669736862182617, '7': -1.9419736862182617, '5': -2.9419736862182617, '6': -3.3169736862182617, '1': -4.566973686218262, '4': -4.941973686218262, '0': -5.316973686218262, '3': -5.441973686218262, '2': -6.316973686218262}
2026-03-15 03:15:21,061 - INFO - [Step 68] score 9, accepted!
2026-03-15 03:15:21,061 - INFO - [Step 68] final step_str: Wait, let me double-check.
2026-03-15 03:15:21,454 - INFO - Original token_logprobs: {'9': -1.135851263999939, '8': -1.385851263999939, '7': -1.635851263999939, '5': -2.1358513832092285, '6': -2.7608513832092285, '4': -4.1358513832092285, '1': -4.3858513832092285, '3': -4.7608513832092285, '0': -5.0108513832092285, '2': -5.6358513832092285}
2026-03-15 03:15:21,454 - INFO - [Step 69] score 9, accepted!
2026-03-15 03:15:21,454 - INFO - [Step 69] final step_str: Wait, when she walks at 3 km/h, the walking time is 9 / 3 = 3 hours, which is 180 minutes.
2026-03-15 03:15:21,787 - INFO - Original token_logprobs: {'9': -1.0234829187393188, '8': -1.2734829187393188, '7': -1.6484829187393188, '5': -2.5234827995300293, '6': -3.0234827995300293, '1': -4.523482799530029, '4': -4.523482799530029, '3': -5.148482799530029, '0': -5.398482799530029, '2': -5.898482799530029}
2026-03-15 03:15:21,787 - INFO - [Step 70] score 9, accepted!
2026-03-15 03:15:21,787 - INFO - [Step 70] final step_str: Plus the coffee shop time of 24 minutes, total 204 minutes.
2026-03-15 03:15:22,188 - INFO - Original token_logprobs: {'9': -0.9611017107963562, '8': -1.211101770401001, '7': -1.711101770401001, '5': -2.711101770401001, '6': -3.211101770401001, '1': -4.586101531982422, '4': -4.836101531982422, '3': -5.461101531982422, '0': -5.773601531982422, '2': -6.273601531982422}
2026-03-15 03:15:22,188 - INFO - [Step 71] score 9, accepted!
2026-03-15 03:15:22,188 - INFO - [Step 71] final step_str: Alternatively, since the total time is walking time + t, and t is 24 minutes, so yes, 180 +24=204.
2026-03-15 03:15:22,495 - INFO - Original token_logprobs: {'8': -0.9441540241241455, '9': -1.0691540241241455, '7': -1.8191540241241455, '5': -3.1941540241241455, '6': -3.3191540241241455, '1': -4.694153785705566, '4': -5.194153785705566, '3': -5.631653785705566, '0': -5.694153785705566, '2': -6.319153785705566}
2026-03-15 03:15:22,495 - INFO - [Step 72] score 8, accepted!
2026-03-15 03:15:22,495 - INFO - [Step 72] final step_str: But let me make sure I didn't make any mistakes.
2026-03-15 03:15:22,829 - INFO - Original token_logprobs: {'8': -0.9660640954971313, '9': -1.2160640954971313, '7': -1.5910640954971313, '5': -3.091063976287842, '6': -3.091063976287842, '1': -4.716063976287842, '4': -5.091063976287842, '3': -5.653563976287842, '0': -5.903563976287842, '2': -6.528563976287842}
2026-03-15 03:15:22,829 - INFO - [Step 73] score 8, accepted!
2026-03-15 03:15:22,829 - INFO - [Step 73] final step_str: First, in equation 1, s =2.5, t=24.
2026-03-15 03:15:23,218 - INFO - Original token_logprobs: {'8': -1.1092575788497925, '9': -1.2342575788497925, '7': -1.6092575788497925, '5': -2.484257698059082, '6': -2.734257698059082, '1': -4.734257698059082, '4': -4.859257698059082, '3': -5.609257698059082, '0': -5.609257698059082, '2': -6.546757698059082}
2026-03-15 03:15:23,219 - INFO - [Step 74] score 8, accepted!
2026-03-15 03:15:23,219 - INFO - [Step 74] final step_str: Check equation 2: 9/(s+2) + t/60 = 9/4.5 + 24/60
2026-03-15 03:15:23,642 - INFO - Original token_logprobs: {'8': -0.9268972873687744, '9': -1.1768972873687744, '7': -1.6768972873687744, '5': -3.0518972873687744, '6': -3.4268972873687744, '1': -4.426897048950195, '4': -5.364397048950195, '3': -5.801897048950195, '0': -5.926897048950195, '2': -6.426897048950195}
2026-03-15 03:15:23,643 - INFO - [Step 75] score 8, accepted!
2026-03-15 03:15:23,643 - INFO - [Step 75] final step_str: 9 /4.5 is 2, and 24/60 is 0.4, so 2 + 0.4=2.4, which matches the second equation.
2026-03-15 03:15:23,924 - INFO - Original token_logprobs: {'8': -1.0012428760528564, '9': -1.2512428760528564, '7': -1.5012428760528564, '5': -2.8762428760528564, '6': -3.3762428760528564, '1': -4.251242637634277, '4': -5.188742637634277, '3': -5.688742637634277, '0': -6.126242637634277, '2': -6.251242637634277}
2026-03-15 03:15:23,924 - INFO - [Step 76] score 8, accepted!
2026-03-15 03:15:23,924 - INFO - [Step 76] final step_str: So, that's correct.
2026-03-15 03:15:24,315 - INFO - Original token_logprobs: {'8': -1.245590329170227, '9': -1.245590329170227, '7': -1.495590329170227, '5': -2.2455902099609375, '6': -2.8705902099609375, '1': -4.4955902099609375, '4': -4.6205902099609375, '3': -5.2455902099609375, '0': -5.6205902099609375, '2': -6.1205902099609375}
2026-03-15 03:15:24,315 - INFO - [Step 77] score 8, accepted!
2026-03-15 03:15:24,315 - INFO - [Step 77] final step_str: So, when walking at s +1/2=3 km/h, the walking time is 9/3=3 hours=180 minutes.
2026-03-15 03:15:24,639 - INFO - Original token_logprobs: {'8': -1.123439908027649, '9': -1.248439908027649, '7': -1.373439908027649, '5': -2.8734397888183594, '6': -3.1234397888183594, '1': -4.373439788818359, '4': -4.998439788818359, '3': -5.498439788818359, '0': -5.748439788818359, '2': -6.248439788818359}
2026-03-15 03:15:24,639 - INFO - [Step 78] score 8, accepted!
2026-03-15 03:15:24,639 - INFO - [Step 78] final step_str: Plus t=24 minutes, total 204 minutes.
2026-03-15 03:15:24,947 - INFO - Original token_logprobs: {'9': -0.9874082803726196, '8': -1.2374082803726196, '7': -1.6124082803726196, '5': -2.73740816116333, '6': -3.36240816116333, '1': -4.23740816116333, '4': -4.86240816116333, '3': -5.29990816116333, '0': -5.86240816116333, '2': -5.98740816116333}
2026-03-15 03:15:24,947 - INFO - [Step 79] score 9, accepted!
2026-03-15 03:15:24,947 - INFO - [Step 79] final step_str: So, the answer is 204 minutes.
2026-03-15 03:15:25,402 - INFO - Original token_logprobs: {'9': -1.0849905014038086, '8': -1.2099905014038086, '7': -1.5849905014038086, '5': -2.4599905014038086, '6': -3.2099905014038086, '1': -4.584990501403809, '4': -4.834990501403809, '3': -5.397490501403809, '0': -5.584990501403809, '2': -6.209990501403809}
2026-03-15 03:15:25,402 - INFO - [Step 80] score 9, accepted!
2026-03-15 03:15:25,402 - INFO - [Step 80] final step_str: Wait, the problem says "the walk takes her 4 hours, including t minutes spent in the coffee shop. When she walks s+2 km/h, the walk takes her 2 hours 24 minutes, including t minutes."
2026-03-15 03:15:25,749 - INFO - Original token_logprobs: {'8': -1.0532056093215942, '9': -1.0532056093215942, '7': -1.6782056093215942, '5': -2.9282054901123047, '6': -3.5532054901123047, '1': -4.303205490112305, '4': -5.178205490112305, '3': -5.553205490112305, '0': -5.678205490112305, '2': -6.240705490112305}
2026-03-15 03:15:25,749 - INFO - [Step 81] score 8, accepted!
2026-03-15 03:15:25,749 - INFO - [Step 81] final step_str: Wait, so t is the same in both cases, which we found t=24 minutes.
2026-03-15 03:15:26,277 - INFO - Original token_logprobs: {'8': -1.0134592056274414, '9': -1.1384592056274414, '7': -1.6384592056274414, '5': -2.8884592056274414, '6': -3.2634592056274414, '1': -4.513459205627441, '4': -5.263459205627441, '3': -5.700959205627441, '0': -5.950959205627441, '2': -6.388459205627441}
2026-03-15 03:15:26,277 - INFO - [Step 82] score 8, accepted!
2026-03-15 03:15:26,277 - INFO - [Step 82] final step_str: So, when she walks at 3 km/h, her walking time is 3 hours, and the coffee shop time is 24 minutes, so total time is 3 hours 24 minutes, which is 3*60 +24=180+24=204 minutes.
2026-03-15 03:15:26,652 - INFO - Original token_logprobs: {'8': -1.029741644859314, '9': -1.029741644859314, '7': -1.779741644859314, '5': -2.9047417640686035, '6': -3.4047417640686035, '1': -4.5297417640686035, '4': -5.1547417640686035, '3': -5.6547417640686035, '0': -5.8422417640686035, '2': -6.3422417640686035}
2026-03-15 03:15:26,652 - INFO - [Step 83] score 8, accepted!
2026-03-15 03:15:26,652 - INFO - [Step 83] final step_str: Wait, is that correct? 3 hours is 180 minutes, plus 24 minutes is 204.
2026-03-15 03:15:26,915 - INFO - Original token_logprobs: {'8': -1.0337293148040771, '9': -1.2837293148040771, '7': -1.5337293148040771, '5': -2.658729314804077, '6': -3.158729314804077, '1': -4.158729553222656, '4': -4.908729553222656, '3': -5.408729553222656, '0': -5.596229553222656, '2': -5.971229553222656}
2026-03-15 03:15:26,915 - INFO - [Step 84] score 8, accepted!
2026-03-15 03:15:26,915 - INFO - [Step 84] final step_str: Yes.
2026-03-15 03:15:27,239 - INFO - Original token_logprobs: {'9': -0.903165876865387, '8': -1.1531658172607422, '7': -1.9031658172607422, '5': -2.778165817260742, '6': -3.528165817260742, '1': -4.153165817260742, '4': -4.903165817260742, '3': -5.465665817260742, '0': -5.778165817260742, '2': -6.028165817260742}
2026-03-15 03:15:27,239 - INFO - [Step 85] score 9, accepted!
2026-03-15 03:15:27,239 - INFO - [Step 85] final step_str: So, I think 204 is the answer.
2026-03-15 03:15:27,578 - INFO - Original token_logprobs: {'8': -0.815030574798584, '9': -1.065030574798584, '7': -1.940030574798584, '5': -3.690030574798584, '6': -3.815030574798584, '1': -4.690030574798584, '4': -5.877530574798584, '0': -6.065030574798584, '3': -6.315030574798584, '2': -6.752530574798584}
2026-03-15 03:15:27,579 - INFO - [Step 86] score 8, accepted!
2026-03-15 03:15:27,579 - INFO - [Step 86] final step_str: But just to make sure, let me re-express the steps:
2026-03-15 03:15:27,931 - INFO - Original token_logprobs: {'8': -1.1510549783706665, '9': -1.2760549783706665, '7': -1.4010549783706665, '5': -2.651054859161377, '6': -3.026054859161377, '1': -4.151054859161377, '4': -4.901054859161377, '3': -5.401054859161377, '2': -6.151054859161377, '0': -6.276054859161377}
2026-03-15 03:15:27,932 - INFO - [Step 87] score 8, accepted!
2026-03-15 03:15:27,932 - INFO - [Step 87] final step_str: 1. Found s=2.5 km/h, t=24 minutes.
2026-03-15 03:15:28,318 - INFO - Original token_logprobs: {'9': -1.070188045501709, '8': -1.195188045501709, '7': -1.695188045501709, '5': -2.445188045501709, '6': -3.195188045501709, '1': -4.070188045501709, '4': -4.757688045501709, '3': -5.320188045501709, '0': -5.945188045501709, '2': -5.945188045501709}
2026-03-15 03:15:28,319 - INFO - [Step 88] score 9, accepted!
2026-03-15 03:15:28,319 - INFO - [Step 88] final step_str: 2. When walking at 3 km/h, walking time is 9/3=3 hours=180 minutes.
2026-03-15 03:15:28,688 - INFO - Original token_logprobs: {'9': -0.8721047043800354, '8': -1.1221046447753906, '7': -1.8721046447753906, '5': -3.1221046447753906, '6': -3.4971046447753906, '1': -4.497104644775391, '4': -5.434604644775391, '3': -5.747104644775391, '0': -6.059604644775391, '2': -6.434604644775391}
2026-03-15 03:15:28,689 - INFO - [Step 89] score 9, accepted!
2026-03-15 03:15:28,689 - INFO - [Step 89] final step_str: 3. Adding the coffee shop time of 24 minutes gives total time of 204 minutes.
2026-03-15 03:15:29,019 - INFO - Original token_logprobs: {'9': -0.7448152899742126, '8': -1.3698153495788574, '7': -1.9948153495788574, '5': -2.7448153495788574, '6': -3.3698153495788574, '1': -4.244815349578857, '4': -5.057315349578857, '3': -5.494815349578857, '0': -5.744815349578857, '2': -6.119815349578857}
2026-03-15 03:15:29,019 - INFO - [Step 90] score 9, accepted!
2026-03-15 03:15:29,019 - INFO - [Step 90] final step_str: So, yeah, 204 is the answer.
2026-03-15 03:15:29,318 - INFO - Original token_logprobs: {'9': -0.9540069103240967, '8': -1.2040069103240967, '7': -1.7040069103240967, '5': -2.8290069103240967, '6': -3.3290069103240967, '1': -4.204007148742676, '4': -5.079007148742676, '3': -5.516507148742676, '0': -5.641507148742676, '2': -6.141507148742676}
2026-03-15 03:15:29,319 - INFO - [Step 91] score 9, accepted!
2026-03-15 03:15:29,319 - INFO - [Step 91] final step_str: I think that's correct.
2026-03-15 03:15:29,669 - INFO - Original token_logprobs: {'8': -1.1272404193878174, '9': -1.1272404193878174, '7': -1.8772404193878174, '5': -2.3772404193878174, '0': -3.2522404193878174, '6': -3.5022404193878174, '1': -4.127240180969238, '4': -4.502240180969238, '3': -5.252240180969238, '2': -6.564740180969238}
2026-03-15 03:15:29,670 - INFO - [Step 92] score 8, accepted!
2026-03-15 03:15:29,670 - INFO - [Step 92] final step_str: **Final Answer**
The total time Aya takes is \boxed{204} minutes.

2026-03-15 03:15:29,670 - INFO - [Step 92] Found candidate answer \boxed{204}. Verifying with base model...
2026-03-15 03:15:30,096 - INFO - [Step 92] Base model rejected answer (NO). Continuing generation.
2026-03-15 03:15:30,387 - INFO - Original token_logprobs: {'8': -1.1272404193878174, '9': -1.1272404193878174, '7': -1.8772404193878174, '5': -2.3772404193878174, '0': -3.2522404193878174, '6': -3.5022404193878174, '1': -4.127240180969238, '4': -4.502240180969238, '3': -5.252240180969238, '2': -6.564740180969238}
2026-03-15 03:15:30,387 - INFO - [Step 93] score 8, accepted!
2026-03-15 03:15:30,387 - INFO - [Step 93] final step_str: \boxed{204}

2026-03-15 03:15:30,387 - INFO - [Step 93] Found candidate answer \boxed{204}. Verifying with base model...
2026-03-15 03:15:30,815 - INFO - [Step 93] Base model rejected answer (NO). Continuing generation.
2026-03-15 03:15:31,126 - INFO - Original token_logprobs: {'8': -1.1272404193878174, '9': -1.1272404193878174, '7': -1.8772404193878174, '5': -2.3772404193878174, '0': -3.2522404193878174, '6': -3.5022404193878174, '1': -4.127240180969238, '4': -4.502240180969238, '3': -5.252240180969238, '2': -6.564740180969238}
2026-03-15 03:15:31,126 - INFO - [Step 94] score 8, accepted!
2026-03-15 03:15:31,126 - INFO - [Step 94] final step_str: **Final Answer**
\boxed{204}

2026-03-15 03:15:31,126 - INFO - [Step 94] Found candidate answer \boxed{204}. Verifying with base model...
2026-03-15 03:15:31,542 - INFO - [Step 94] Base model rejected answer (NO). Continuing generation.
2026-03-15 03:15:31,865 - INFO - Original token_logprobs: {'9': -0.38198545575141907, '8': -1.6319854259490967, '7': -2.8819854259490967, '5': -3.7569854259490967, '6': -4.256985664367676, '1': -4.506985664367676, '0': -5.256985664367676, '4': -5.631985664367676, '3': -5.881985664367676, '2': -6.444485664367676}
2026-03-15 03:15:31,866 - INFO - [Step 95] score 9, accepted!
2026-03-15 03:15:31,866 - INFO - [Step 95] final step_str: **Final Answer**
\boxed{204}
2026-03-15 03:15:31,866 - INFO - [Step 95] Found candidate answer \boxed{204}. Verifying with base model...
2026-03-15 03:15:32,398 - INFO - [Step 95] Base model rejected answer (NO). Continuing generation.
2026-03-15 03:15:32,822 - INFO - Original token_logprobs: {'9': -0.4840003252029419, '8': -1.484000325202942, '7': -2.6090002059936523, '5': -3.3590002059936523, '6': -4.109000205993652, '1': -4.609000205993652, '0': -4.859000205993652, '4': -5.359000205993652, '3': -5.609000205993652, '2': -6.171500205993652}
2026-03-15 03:15:32,822 - INFO - [Step 96] score 9, accepted!
2026-03-15 03:15:32,822 - INFO - [Step 96] final step_str: Wait, hold on, in the problem statement, it says "Find the number of minutes the walk takes her, including the t minutes spent in the coffee shop."
2026-03-15 03:15:33,282 - INFO - Original token_logprobs: {'9': -0.4007197320461273, '8': -1.5257197618484497, '7': -2.90071964263916, '5': -4.02571964263916, '6': -4.40071964263916, '1': -4.52571964263916, '0': -5.02571964263916, '4': -5.90071964263916, '3': -6.02571964263916, '2': -6.58821964263916}
2026-03-15 03:15:33,283 - INFO - [Step 97] score 9, accepted!
2026-03-15 03:15:33,283 - INFO - [Step 97] final step_str: So, the total time is walking time (3 hours) plus t (24 minutes). So, 3 hours is 180 minutes, plus 24 minutes is 204 minutes.
2026-03-15 03:15:33,617 - INFO - Original token_logprobs: {'9': -0.4881330728530884, '8': -1.4881330728530884, '7': -2.613132953643799, '5': -3.363132953643799, '6': -4.113132953643799, '1': -4.363132953643799, '0': -4.863132953643799, '4': -5.363132953643799, '3': -5.488132953643799, '2': -6.113132953643799}
2026-03-15 03:15:33,618 - INFO - [Step 98] score 9, accepted!
2026-03-15 03:15:33,618 - INFO - [Step 98] final step_str: So, the final answer is 204 minutes.
2026-03-15 03:15:33,924 - INFO - Original token_logprobs: {'9': -0.48475635051727295, '8': -1.484756350517273, '7': -2.6097564697265625, '5': -3.4847564697265625, '6': -4.1097564697265625, '1': -4.2347564697265625, '0': -4.9222564697265625, '4': -5.5472564697265625, '3': -5.6097564697265625, '2': -6.0472564697265625}
2026-03-15 03:15:33,924 - INFO - [Step 99] score 9, accepted!
2026-03-15 03:15:33,924 - INFO - [Step 99] final step_str: Yes, that's correct.
2026-03-15 03:15:34,251 - INFO - Original token_logprobs: {'9': -0.4754660129547119, '8': -1.475466012954712, '7': -2.725466012954712, '5': -3.350466012954712, '6': -4.100465774536133, '1': -4.350465774536133, '0': -5.100465774536133, '4': -5.600465774536133, '3': -5.787965774536133, '2': -6.350465774536133}
2026-03-15 03:15:34,252 - INFO - [Step 100] score 9, accepted!
2026-03-15 03:15:34,252 - INFO - [Step 100] final step_str: **Final Answer**
\boxed{204}
2026-03-15 03:15:34,252 - INFO - [Step 100] Found candidate answer \boxed{204}. Verifying with base model...
2026-03-15 03:15:34,697 - INFO - [Step 100] Base model rejected answer (NO). Continuing generation.
2026-03-15 03:15:35,157 - INFO - Original token_logprobs: {'9': -0.33491164445877075, '8': -1.709911584854126, '7': -2.959911584854126, '5': -4.209911823272705, '1': -4.459911823272705, '6': -4.459911823272705, '0': -5.209911823272705, '4': -6.084911823272705, '3': -6.272411823272705, '2': -6.772411823272705}
2026-03-15 03:15:35,157 - INFO - [Step 101] score 9, accepted!
2026-03-15 03:15:35,157 - INFO - [Step 101] final step_str: Wait, but in the initial prompt, the user just said "put your final answer within \boxed{}" without specifying the format. Since the answer is 204, I think that's it.
2026-03-15 03:15:35,157 - INFO - [Step 101] Found candidate answer \boxed{}. Verifying with base model...
2026-03-15 03:15:35,784 - INFO - [Step 101] Base model rejected answer (NO). Continuing generation.
2026-03-15 03:15:36,108 - INFO - Original token_logprobs: {'9': -0.4691375195980072, '8': -1.3441375494003296, '7': -2.84413743019104, '1': -3.96913743019104, '5': -4.406637668609619, '6': -4.656637668609619, '0': -5.219137668609619, '2': -6.594137668609619, '4': -6.594137668609619, '3': -6.719137668609619}
2026-03-15 03:15:36,109 - INFO - [Step 102] score 9, accepted!
2026-03-15 03:15:36,109 - INFO - [Step 102] final step_str: But just to make sure, let me recap:
2026-03-15 03:15:36,464 - INFO - Original token_logprobs: {'9': -0.8840851783752441, '8': -1.0090851783752441, '7': -1.8840851783752441, '5': -3.634085178375244, '6': -4.009085178375244, '1': -4.509085178375244, '4': -5.821585178375244, '0': -5.946585178375244, '3': -6.009085178375244, '2': -6.509085178375244}
2026-03-15 03:15:36,464 - INFO - [Step 103] score 9, accepted!
2026-03-15 03:15:36,464 - INFO - [Step 103] final step_str: 1. Found s=2.5 km/h, t=24 minutes.
2026-03-15 03:15:36,858 - INFO - Original token_logprobs: {'9': -0.906592607498169, '8': -1.031592607498169, '7': -1.906592607498169, '5': -3.281592607498169, '6': -3.656592607498169, '1': -4.65659236907959, '4': -5.40659236907959, '0': -5.65659236907959, '3': -5.71909236907959, '2': -6.40659236907959}
2026-03-15 03:15:36,859 - INFO - [Step 104] score 9, accepted!
2026-03-15 03:15:36,859 - INFO - [Step 104] final step_str: 2. When walking at 3 km/h, walking time is 9/3=3 hours=180 minutes.
2026-03-15 03:15:37,219 - INFO - Original token_logprobs: {'9': -0.6223694086074829, '8': -1.247369408607483, '7': -2.2473692893981934, '5': -3.6223692893981934, '6': -3.9973692893981934, '1': -4.747369289398193, '4': -5.497369289398193, '3': -5.747369289398193, '0': -5.747369289398193, '2': -6.434869289398193}
2026-03-15 03:15:37,219 - INFO - [Step 105] score 9, accepted!
2026-03-15 03:15:37,219 - INFO - [Step 105] final step_str: 3. Total time is 180 +24=204 minutes.
2026-03-15 03:15:37,525 - INFO - Original token_logprobs: {'9': -0.5991429090499878, '8': -1.2241429090499878, '7': -2.4741430282592773, '5': -3.5991430282592773, '6': -3.9741430282592773, '1': -4.599143028259277, '0': -5.536643028259277, '4': -5.599143028259277, '3': -5.911643028259277, '2': -6.536643028259277}
2026-03-15 03:15:37,525 - INFO - [Step 106] score 9, accepted!
2026-03-15 03:15:37,525 - INFO - [Step 106] final step_str: Yes, that's consistent.
2026-03-15 03:15:37,848 - INFO - Original token_logprobs: {'9': -0.6912196278572083, '8': -1.0662195682525635, '7': -2.3162195682525635, '5': -4.066219806671143, '6': -4.066219806671143, '1': -4.691219806671143, '0': -5.753719806671143, '4': -5.941219806671143, '3': -6.253719806671143, '2': -6.816219806671143}
2026-03-15 03:15:37,848 - INFO - [Step 107] score 9, accepted!
2026-03-15 03:15:37,848 - INFO - [Step 107] final step_str: So, I think the answer is correct.
2026-03-15 03:15:38,164 - INFO - Original token_logprobs: {'8': -1.1272404193878174, '9': -1.1272404193878174, '7': -1.8772404193878174, '5': -2.3772404193878174, '0': -3.2522404193878174, '6': -3.5022404193878174, '1': -4.127240180969238, '4': -4.502240180969238, '3': -5.252240180969238, '2': -6.564740180969238}
2026-03-15 03:15:38,165 - INFO - [Step 108] score 8, accepted!
2026-03-15 03:15:38,165 - INFO - [Step 108] final step_str: **Final Answer**
\boxed{204}

2026-03-15 03:15:38,165 - INFO - [Step 108] Found candidate answer \boxed{204}. Verifying with base model...
2026-03-15 03:15:38,668 - INFO - [Step 108] Base model rejected answer (NO). Continuing generation.
2026-03-15 03:15:38,973 - INFO - Original token_logprobs: {'8': -1.1272404193878174, '9': -1.1272404193878174, '7': -1.8772404193878174, '5': -2.3772404193878174, '0': -3.2522404193878174, '6': -3.5022404193878174, '1': -4.127240180969238, '4': -4.502240180969238, '3': -5.252240180969238, '2': -6.564740180969238}
2026-03-15 03:15:38,973 - INFO - [Step 109] score 8, accepted!
2026-03-15 03:15:38,973 - INFO - [Step 109] final step_str: **Final Answer**
\boxed{204}

2026-03-15 03:15:38,973 - INFO - [Step 109] Found candidate answer \boxed{204}. Verifying with base model...
2026-03-15 03:15:39,512 - INFO - [Step 109] Base model rejected answer (NO). Continuing generation.
