2026-03-15 03:15:45,213 - INFO - Original token_logprobs: {'0': -1.3247567415237427, '9': -1.6997567415237427, '1': -1.9497567415237427, '5': -2.324756622314453, '3': -2.574756622314453, '8': -2.574756622314453, '2': -2.824756622314453, '7': -3.199756622314453, '4': -3.449756622314453, '6': -3.699756622314453}
2026-03-15 03:15:45,214 - INFO - [Step 0] score 0 rejected, falling back to base model
2026-03-15 03:15:47,674 - INFO - [Step 0] final step_str: Okay, let me try to work through this problem step by step. Hmm, so Aya walks 9 kilometers every morning and then stops at a coffee shop. The problem gives two different scenarios with different walking speeds and total times, including the time spent in the coffee shop. We need to find out how long her walk takes when she walks at a speed of s + 1/2 km/h, again including the t minutes in the coffee shop.
2026-03-15 03:15:48,321 - INFO - Original token_logprobs: {'8': -1.2657073736190796, '9': -1.6407073736190796, '5': -1.8907073736190796, '7': -2.015707492828369, '0': -2.765707492828369, '6': -2.890707492828369, '3': -3.015707492828369, '4': -3.265707492828369, '1': -4.015707492828369, '2': -4.390707492828369}
2026-03-15 03:15:48,321 - INFO - [Step 1] score 8, accepted!
2026-03-15 03:15:48,321 - INFO - [Step 1] final step_str: First, let me parse the information given. In the first scenario, she walks at a speed of s km/h and takes 4 hours in total, including t minutes in the coffee shop. So, the actual walking time must be 4 hours minus t minutes. Similarly, in the second scenario, she walks faster, at s + 2 km/h, and the total time is 2 hours and 24 minutes, again including t minutes in the coffee shop.
2026-03-15 03:15:48,875 - INFO - Original token_logprobs: {'5': -1.6606155633926392, '8': -1.6606155633926392, '7': -2.0356154441833496, '9': -2.2856154441833496, '3': -2.2856154441833496, '2': -2.6606154441833496, '1': -2.7856154441833496, '4': -2.9106154441833496, '0': -3.0356154441833496, '6': -3.0356154441833496}
2026-03-15 03:15:48,876 - INFO - [Step 2] score 5 rejected, falling back to base model
2026-03-15 03:15:52,033 - INFO - [Step 2] final step_str: Wait, the problem mentions "the walk takes her 4 hours, including t minutes spent in the coffee shop." So the total time is walking time plus coffee shop time (t minutes). So, for each scenario, the total time is (walking time) + t minutes. Since t is the same in both cases, we can set up equations to solve for s and t first, right?
2026-03-15 03:15:52,280 - INFO - Original token_logprobs: {'8': -1.3531874418258667, '9': -1.8531874418258667, '5': -1.9781874418258667, '0': -1.9781874418258667, '3': -2.6031875610351562, '7': -2.6031875610351562, '1': -2.7281875610351562, '2': -3.4781875610351562, '4': -3.6031875610351562, '6': -3.6031875610351562}
2026-03-15 03:15:52,280 - INFO - [Step 3] score 8, accepted!
2026-03-15 03:15:52,280 - INFO - [Step 3] final step_str: Let me denote:
2026-03-15 03:15:52,761 - INFO - Original token_logprobs: {'7': -1.6124341487884521, '8': -1.6124341487884521, '5': -1.7374341487884521, '9': -2.237434148788452, '6': -2.362434148788452, '4': -2.862434148788452, '3': -2.987434148788452, '1': -3.112434148788452, '0': -3.362434148788452, '2': -3.487434148788452}
2026-03-15 03:15:52,762 - INFO - [Step 4] score 7, accepted!
2026-03-15 03:15:52,762 - INFO - [Step 4] final step_str: In the first case:
- Walking speed = s km/h
- Total time = 4 hours = 4 * 60 minutes = 240 minutes
- Walking time = 240 - t minutes
- Walking distance = 9 km
2026-03-15 03:15:53,286 - INFO - Original token_logprobs: {'8': -1.1336287260055542, '7': -1.5086287260055542, '5': -1.8836287260055542, '9': -2.1336288452148438, '6': -2.5086288452148438, '4': -3.5086288452148438, '0': -3.6336288452148438, '3': -4.008628845214844, '1': -4.008628845214844, '2': -4.883628845214844}
2026-03-15 03:15:53,286 - INFO - [Step 5] score 8, accepted!
2026-03-15 03:15:53,286 - INFO - [Step 5] final step_str: In the second case:
- Walking speed = s + 2 km/h
- Total time = 2 hours and 24 minutes = 2 * 60 + 24 = 144 minutes
- Walking time = 144 - t minutes
- Walking distance = 9 km
2026-03-15 03:15:53,613 - INFO - Original token_logprobs: {'8': -1.3102489709854126, '7': -1.5602489709854126, '5': -1.8102489709854126, '9': -2.185248851776123, '6': -2.435248851776123, '4': -3.060248851776123, '3': -3.310248851776123, '1': -3.685248851776123, '0': -3.685248851776123, '2': -4.060248851776123}
2026-03-15 03:15:53,614 - INFO - [Step 6] score 8, accepted!
2026-03-15 03:15:53,614 - INFO - [Step 6] final step_str: So, using the formula distance = speed * time, we can write two equations.
2026-03-15 03:15:53,956 - INFO - Original token_logprobs: {'2': -1.3336472511291504, '3': -1.5836472511291504, '1': -1.5836472511291504, '4': -2.4586472511291504, '5': -2.5836472511291504, '0': -2.7086472511291504, '6': -3.3336472511291504, '8': -3.8336472511291504, '9': -3.9586472511291504, '7': -4.08364725112915}
2026-03-15 03:15:53,956 - INFO - [Step 7] score 2 rejected, falling back to base model
2026-03-15 03:15:55,049 - INFO - [Step 7] final step_str: But since the speed is in km per hour and the time is in minutes, maybe we need to convert the time to hours?
2026-03-15 03:15:55,385 - INFO - Original token_logprobs: {'8': -1.1989861726760864, '7': -1.5739861726760864, '9': -1.6989861726760864, '5': -2.073986053466797, '6': -2.823986053466797, '1': -3.448986053466797, '4': -3.573986053466797, '3': -3.823986053466797, '0': -3.948986053466797, '2': -4.323986053466797}
2026-03-15 03:15:55,385 - INFO - [Step 8] score 8, accepted!
2026-03-15 03:15:55,385 - INFO - [Step 8] final step_str: Wait, yes, that's important. Let me convert the total time to hours.
2026-03-15 03:15:55,707 - INFO - Original token_logprobs: {'8': -1.4503796100616455, '9': -1.5753796100616455, '5': -1.8253796100616455, '7': -1.8253796100616455, '6': -2.7003796100616455, '4': -3.0753796100616455, '3': -3.3253796100616455, '0': -3.4503796100616455, '1': -3.7003796100616455, '2': -3.8253796100616455}
2026-03-15 03:15:55,707 - INFO - [Step 9] score 8, accepted!
2026-03-15 03:15:55,708 - INFO - [Step 9] final step_str: First case: total time is 4 hours, which is 4 hours.
2026-03-15 03:15:56,140 - INFO - Original token_logprobs: {'8': -1.4954249858856201, '9': -1.6204249858856201, '7': -1.6204249858856201, '5': -1.7454249858856201, '6': -2.87042498588562, '4': -3.24542498588562, '0': -3.49542498588562, '1': -3.62042498588562, '3': -3.74542498588562, '2': -3.87042498588562}
2026-03-15 03:15:56,141 - INFO - [Step 10] score 8, accepted!
2026-03-15 03:15:56,141 - INFO - [Step 10] final step_str: Second case: total time is 2 hours and 24 minutes. 24 minutes is 24/60 = 0.4 hours. So total time is 2.4 hours.
2026-03-15 03:15:56,419 - INFO - Original token_logprobs: {'8': -1.347065806388855, '7': -1.597065806388855, '9': -1.722065806388855, '5': -1.972065806388855, '6': -2.9720659255981445, '0': -3.0970659255981445, '1': -3.2220659255981445, '4': -3.5970659255981445, '3': -3.7220659255981445, '2': -3.8470659255981445}
2026-03-15 03:15:56,420 - INFO - [Step 11] score 8, accepted!
2026-03-15 03:15:56,420 - INFO - [Step 11] final step_str: So, in the first case:
2026-03-15 03:15:56,758 - INFO - Original token_logprobs: {'7': -1.5023075342178345, '8': -1.6273075342178345, '5': -1.6273075342178345, '9': -1.8773075342178345, '6': -2.377307415008545, '4': -3.002307415008545, '3': -3.502307415008545, '1': -3.752307415008545, '0': -4.002307415008545, '2': -4.502307415008545}
2026-03-15 03:15:56,758 - INFO - [Step 12] score 7, accepted!
2026-03-15 03:15:56,758 - INFO - [Step 12] final step_str: Walking time = 4 hours - t minutes = 4 - t/60 hours.
2026-03-15 03:15:57,233 - INFO - Original token_logprobs: {'5': -1.3766440153121948, '7': -1.7516440153121948, '8': -2.0016441345214844, '9': -2.2516441345214844, '6': -2.3766441345214844, '4': -2.6266441345214844, '3': -2.8766441345214844, '2': -3.2516441345214844, '1': -3.2516441345214844, '0': -3.5016441345214844}
2026-03-15 03:15:57,233 - INFO - [Step 13] score 5 rejected, falling back to base model
2026-03-15 03:15:57,564 - INFO - [Step 13] final step_str: Similarly, in the second case:
2026-03-15 03:15:57,885 - INFO - Original token_logprobs: {'8': -1.3308156728744507, '7': -1.4558156728744507, '5': -1.8308156728744507, '9': -1.8308156728744507, '6': -2.3308157920837402, '4': -3.5808157920837402, '1': -4.08081579208374, '0': -4.20581579208374, '3': -4.33081579208374, '2': -5.20581579208374}
2026-03-15 03:15:57,885 - INFO - [Step 14] score 8, accepted!
2026-03-15 03:15:57,885 - INFO - [Step 14] final step_str: Walking time = 2.4 hours - t/60 hours.
2026-03-15 03:15:58,216 - INFO - Original token_logprobs: {'7': -1.0763729810714722, '8': -1.5763729810714722, '5': -1.7013729810714722, '9': -2.2013731002807617, '6': -2.5763731002807617, '4': -3.5763731002807617, '0': -4.076373100280762, '3': -4.326373100280762, '1': -4.326373100280762, '2': -5.451373100280762}
2026-03-15 03:15:58,216 - INFO - [Step 15] score 7, accepted!
2026-03-15 03:15:58,216 - INFO - [Step 15] final step_str: Now, using the distance formula, which is distance = speed * time, so:
2026-03-15 03:15:58,547 - INFO - Original token_logprobs: {'7': -1.2205222845077515, '8': -1.4705222845077515, '5': -1.8455222845077515, '6': -2.095522403717041, '9': -2.220522403717041, '4': -3.470522403717041, '3': -4.095522403717041, '1': -4.220522403717041, '0': -4.345522403717041, '2': -5.220522403717041}
2026-03-15 03:15:58,547 - INFO - [Step 16] score 7, accepted!
2026-03-15 03:15:58,547 - INFO - [Step 16] final step_str: For the first case:
9 = s * (4 - t/60)
2026-03-15 03:15:58,906 - INFO - Original token_logprobs: {'8': -0.9343382716178894, '7': -1.1843383312225342, '9': -1.9343383312225342, '6': -2.684338331222534, '5': -2.809338331222534, '1': -4.934338092803955, '4': -4.934338092803955, '0': -5.184338092803955, '3': -5.746838092803955, '2': -6.871838092803955}
2026-03-15 03:15:58,906 - INFO - [Step 17] score 8, accepted!
2026-03-15 03:15:58,906 - INFO - [Step 17] final step_str: For the second case:
9 = (s + 2) * (2.4 - t/60)
2026-03-15 03:15:59,193 - INFO - Original token_logprobs: {'7': -1.0999338626861572, '8': -1.2249338626861572, '9': -1.9749338626861572, '5': -2.3499338626861572, '6': -2.3499338626861572, '4': -4.099933624267578, '1': -4.849933624267578, '0': -4.974933624267578, '3': -5.224933624267578, '2': -6.412433624267578}
2026-03-15 03:15:59,194 - INFO - [Step 18] score 7, accepted!
2026-03-15 03:15:59,194 - INFO - [Step 18] final step_str: So now, we have two equations:
2026-03-15 03:15:59,602 - INFO - Original token_logprobs: {'8': -0.8630428314208984, '7': -1.2380428314208984, '9': -1.8630428314208984, '6': -2.7380428314208984, '5': -3.1130428314208984, '4': -4.988042831420898, '1': -5.113042831420898, '0': -5.363042831420898, '3': -6.113042831420898, '2': -7.175542831420898}
2026-03-15 03:15:59,603 - INFO - [Step 19] score 8, accepted!
2026-03-15 03:15:59,603 - INFO - [Step 19] final step_str: 1) 9 = s * (4 - t/60)
2) 9 = (s + 2) * (2.4 - t/60)
2026-03-15 03:15:59,914 - INFO - Original token_logprobs: {'8': -1.0140485763549805, '7': -1.3890485763549805, '9': -1.7640485763549805, '5': -2.3890485763549805, '6': -2.3890485763549805, '4': -4.2640485763549805, '1': -5.2640485763549805, '3': -5.2640485763549805, '0': -5.5140485763549805, '2': -6.5765485763549805}
2026-03-15 03:15:59,914 - INFO - [Step 20] score 8, accepted!
2026-03-15 03:15:59,914 - INFO - [Step 20] final step_str: We can solve these two equations to find s and t.
2026-03-15 03:16:00,207 - INFO - Original token_logprobs: {'8': -1.1087350845336914, '7': -1.2337350845336914, '5': -2.1087350845336914, '9': -2.1087350845336914, '6': -2.6087350845336914, '4': -3.6087350845336914, '1': -4.608735084533691, '3': -4.733735084533691, '0': -4.858735084533691, '2': -5.733735084533691}
2026-03-15 03:16:00,207 - INFO - [Step 21] score 8, accepted!
2026-03-15 03:16:00,207 - INFO - [Step 21] final step_str: Let me write them more clearly:
2026-03-15 03:16:00,632 - INFO - Original token_logprobs: {'8': -0.9344016313552856, '7': -1.4344016313552856, '9': -1.6844016313552856, '5': -2.559401512145996, '6': -2.559401512145996, '4': -4.559401512145996, '1': -5.184401512145996, '0': -5.434401512145996, '3': -5.559401512145996, '2': -6.684401512145996}
2026-03-15 03:16:00,633 - INFO - [Step 22] score 8, accepted!
2026-03-15 03:16:00,633 - INFO - [Step 22] final step_str: Equation 1: 9 = s*(4 - t/60)
Equation 2: 9 = (s + 2)*(2.4 - t/60)
2026-03-15 03:16:00,936 - INFO - Original token_logprobs: {'7': -1.2619646787643433, '8': -1.3869646787643433, '9': -1.7619646787643433, '5': -2.011964797973633, '6': -2.511964797973633, '4': -3.511964797973633, '3': -4.261964797973633, '1': -4.386964797973633, '0': -4.386964797973633, '2': -5.386964797973633}
2026-03-15 03:16:00,936 - INFO - [Step 23] score 7, accepted!
2026-03-15 03:16:00,936 - INFO - [Step 23] final step_str: So, let me denote Equation 1 as:
2026-03-15 03:16:01,249 - INFO - Original token_logprobs: {'7': -1.088045597076416, '8': -1.713045597076416, '5': -1.713045597076416, '6': -1.963045597076416, '9': -2.338045597076416, '4': -3.588045597076416, '3': -4.338045597076416, '1': -4.713045597076416, '0': -4.838045597076416, '2': -5.463045597076416}
2026-03-15 03:16:01,250 - INFO - [Step 24] score 7, accepted!
2026-03-15 03:16:01,250 - INFO - [Step 24] final step_str: 9 = 4s - (s*t)/60
2026-03-15 03:16:01,532 - INFO - Original token_logprobs: {'7': -0.9938305616378784, '5': -1.6188305616378784, '8': -1.9938305616378784, '6': -2.118830680847168, '9': -2.368830680847168, '4': -3.368830680847168, '3': -3.993830680847168, '0': -4.368830680847168, '1': -4.868830680847168, '2': -5.243830680847168}
2026-03-15 03:16:01,532 - INFO - [Step 25] score 7, accepted!
2026-03-15 03:16:01,532 - INFO - [Step 25] final step_str: And Equation 2 as:
2026-03-15 03:16:01,893 - INFO - Original token_logprobs: {'7': -0.8549649119377136, '8': -1.6049649715423584, '6': -1.8549649715423584, '5': -2.1049649715423584, '9': -2.8549649715423584, '4': -4.104964733123779, '0': -5.104964733123779, '3': -5.229964733123779, '1': -5.292464733123779, '2': -6.292464733123779}
2026-03-15 03:16:01,894 - INFO - [Step 26] score 7, accepted!
2026-03-15 03:16:01,894 - INFO - [Step 26] final step_str: 9 = 2.4(s + 2) - (t/60)(s + 2)
2026-03-15 03:16:02,246 - INFO - Original token_logprobs: {'8': -1.27731454372406, '7': -1.52731454372406, '5': -1.65231454372406, '9': -1.90231454372406, '6': -2.4023146629333496, '4': -3.5273146629333496, '0': -4.40231466293335, '3': -4.40231466293335, '1': -4.52731466293335, '2': -5.40231466293335}
2026-03-15 03:16:02,246 - INFO - [Step 27] score 8, accepted!
2026-03-15 03:16:02,246 - INFO - [Step 27] final step_str: Wait, maybe it's better to express both in terms of s and t, and then solve the system.
2026-03-15 03:16:02,552 - INFO - Original token_logprobs: {'5': -1.410573959350586, '8': -1.535573959350586, '9': -1.660573959350586, '7': -1.785573959350586, '6': -2.910573959350586, '4': -3.160573959350586, '0': -3.535573959350586, '3': -3.785573959350586, '1': -4.160573959350586, '2': -4.660573959350586}
2026-03-15 03:16:02,552 - INFO - [Step 28] score 5 rejected, falling back to base model
2026-03-15 03:16:03,192 - INFO - [Step 28] final step_str: Alternatively, perhaps set both expressions for 9 equal to each other? Let me see.
2026-03-15 03:16:03,512 - INFO - Original token_logprobs: {'5': -1.5551623106002808, '8': -1.6801623106002808, '7': -1.6801623106002808, '9': -1.8051623106002808, '6': -2.4301624298095703, '4': -2.8051624298095703, '3': -3.0551624298095703, '2': -4.05516242980957, '0': -4.05516242980957, '1': -4.18016242980957}
2026-03-15 03:16:03,512 - INFO - [Step 29] score 5 rejected, falling back to base model
2026-03-15 03:16:03,853 - INFO - [Step 29] final step_str: Alternatively, solve each equation for s:
2026-03-15 03:16:04,123 - INFO - Original token_logprobs: {'7': -1.3058797121047974, '8': -1.4308797121047974, '5': -1.8058797121047974, '9': -2.055879592895508, '6': -2.680879592895508, '4': -3.305879592895508, '0': -3.555879592895508, '3': -3.680879592895508, '1': -4.055879592895508, '2': -4.493379592895508}
2026-03-15 03:16:04,123 - INFO - [Step 30] score 7, accepted!
2026-03-15 03:16:04,123 - INFO - [Step 30] final step_str: From Equation 1:
2026-03-15 03:16:04,439 - INFO - Original token_logprobs: {'7': -1.2713557481765747, '8': -1.6463557481765747, '5': -1.7713557481765747, '9': -2.021355628967285, '6': -2.146355628967285, '4': -3.146355628967285, '3': -3.771355628967285, '1': -4.396355628967285, '0': -4.396355628967285, '2': -4.646355628967285}
2026-03-15 03:16:04,439 - INFO - [Step 31] score 7, accepted!
2026-03-15 03:16:04,440 - INFO - [Step 31] final step_str: s = 9 / (4 - t/60)
2026-03-15 03:16:04,716 - INFO - Original token_logprobs: {'7': -1.4795043468475342, '8': -1.4795043468475342, '9': -1.6045043468475342, '5': -1.8545043468475342, '6': -2.604504346847534, '4': -3.104504346847534, '0': -3.854504346847534, '3': -3.854504346847534, '1': -4.479504585266113, '2': -4.729504585266113}
2026-03-15 03:16:04,717 - INFO - [Step 32] score 7, accepted!
2026-03-15 03:16:04,717 - INFO - [Step 32] final step_str: From Equation 2:
2026-03-15 03:16:05,054 - INFO - Original token_logprobs: {'8': -1.0130424499511719, '7': -1.1380424499511719, '9': -1.8880424499511719, '6': -2.638042449951172, '5': -2.763042449951172, '4': -4.638042449951172, '0': -5.138042449951172, '1': -5.138042449951172, '3': -5.638042449951172, ' ': -6.700542449951172}
2026-03-15 03:16:05,054 - INFO - [Step 33] score 8, accepted!
2026-03-15 03:16:05,054 - INFO - [Step 33] final step_str: s + 2 = 9 / (2.4 - t/60)
2026-03-15 03:16:05,412 - INFO - Original token_logprobs: {'7': -1.272770881652832, '8': -1.397770881652832, '9': -1.522770881652832, '5': -2.147770881652832, '6': -2.397770881652832, '4': -4.147770881652832, '0': -4.522770881652832, '1': -4.772770881652832, '3': -5.272770881652832, '2': -6.272770881652832}
2026-03-15 03:16:05,412 - INFO - [Step 34] score 7, accepted!
2026-03-15 03:16:05,412 - INFO - [Step 34] final step_str: So, s = 9 / (2.4 - t/60) - 2
2026-03-15 03:16:05,739 - INFO - Original token_logprobs: {'9': -1.3630048036575317, '8': -1.4880048036575317, '7': -1.4880048036575317, '5': -1.7380048036575317, '6': -2.738004684448242, '4': -3.988004684448242, '0': -4.363004684448242, '1': -4.863004684448242, '3': -5.113004684448242, '2': -6.300504684448242}
2026-03-15 03:16:05,739 - INFO - [Step 35] score 9, accepted!
2026-03-15 03:16:05,739 - INFO - [Step 35] final step_str: So now, we can set the two expressions for s equal to each other:
2026-03-15 03:16:06,120 - INFO - Original token_logprobs: {'8': -1.2190176248550415, '9': -1.3440176248550415, '7': -1.3440176248550415, '5': -2.469017505645752, '6': -2.719017505645752, '4': -4.469017505645752, '0': -5.094017505645752, '1': -5.094017505645752, '3': -5.594017505645752, ' ': -6.719017505645752}
2026-03-15 03:16:06,120 - INFO - [Step 36] score 8, accepted!
2026-03-15 03:16:06,120 - INFO - [Step 36] final step_str: 9 / (4 - t/60) = 9 / (2.4 - t/60) - 2
2026-03-15 03:16:06,450 - INFO - Original token_logprobs: {'8': -1.3917255401611328, '9': -1.5167255401611328, '7': -1.5167255401611328, '5': -1.8917255401611328, '6': -2.266725540161133, '4': -3.641725540161133, '3': -4.641725540161133, '1': -4.766725540161133, '0': -5.016725540161133, '2': -5.954225540161133}
2026-03-15 03:16:06,450 - INFO - [Step 37] score 8, accepted!
2026-03-15 03:16:06,450 - INFO - [Step 37] final step_str: Hmm, that seems a bit complicated, but maybe we can solve for t.
2026-03-15 03:16:06,781 - INFO - Original token_logprobs: {'5': -1.5067883729934692, '8': -1.5067883729934692, '9': -1.5067883729934692, '7': -1.7567883729934692, '6': -2.5067882537841797, '4': -3.3817882537841797, '3': -4.25678825378418, '0': -4.38178825378418, '1': -4.50678825378418, '2': -5.44428825378418}
2026-03-15 03:16:06,782 - INFO - [Step 38] score 5 rejected, falling back to base model
2026-03-15 03:16:07,638 - INFO - [Step 38] final step_str: Let me denote x = t/60, so that x is in hours. Then, the equations become:
2026-03-15 03:16:07,996 - INFO - Original token_logprobs: {'8': -1.2439916133880615, '7': -1.3689916133880615, '5': -1.8689916133880615, '9': -1.9939916133880615, '6': -2.2439916133880615, '4': -3.6189916133880615, '3': -4.618991851806641, '1': -4.743991851806641, '0': -4.743991851806641, '2': -5.806491851806641}
2026-03-15 03:16:07,997 - INFO - [Step 39] score 8, accepted!
2026-03-15 03:16:07,997 - INFO - [Step 39] final step_str: 9 = s*(4 - x)
9 = (s + 2)*(2.4 - x)
2026-03-15 03:16:08,415 - INFO - Original token_logprobs: {'8': -1.0812127590179443, '9': -1.5812127590179443, '7': -1.5812127590179443, '5': -2.0812127590179443, '6': -2.5812127590179443, '4': -3.9562127590179443, '1': -4.581212997436523, '3': -4.956212997436523, '0': -4.956212997436523, '2': -6.143712997436523}
2026-03-15 03:16:08,415 - INFO - [Step 40] score 8, accepted!
2026-03-15 03:16:08,415 - INFO - [Step 40] final step_str: So, from the first equation, s = 9 / (4 - x)
From the second equation, s + 2 = 9 / (2.4 - x)
2026-03-15 03:16:08,731 - INFO - Original token_logprobs: {'8': -1.4396333694458008, '9': -1.4396333694458008, '5': -1.5646333694458008, '7': -1.9396333694458008, '6': -3.064633369445801, '4': -3.189633369445801, '3': -3.564633369445801, '0': -3.689633369445801, '1': -4.189633369445801, '2': -4.564633369445801}
2026-03-15 03:16:08,732 - INFO - [Step 41] score 8, accepted!
2026-03-15 03:16:08,732 - INFO - [Step 41] final step_str: So, substituting s from the first into the second:
2026-03-15 03:16:09,087 - INFO - Original token_logprobs: {'8': -1.1687772274017334, '7': -1.2937772274017334, '9': -1.6687772274017334, '5': -2.2937772274017334, '6': -2.4187772274017334, '4': -4.1687774658203125, '1': -5.1687774658203125, '3': -5.2937774658203125, '0': -5.2937774658203125, '2': -6.6687774658203125}
2026-03-15 03:16:09,088 - INFO - [Step 42] score 8, accepted!
2026-03-15 03:16:09,088 - INFO - [Step 42] final step_str: 9 / (4 - x) + 2 = 9 / (2.4 - x)
2026-03-15 03:16:09,367 - INFO - Original token_logprobs: {'7': -1.4563097953796387, '8': -1.4563097953796387, '9': -1.4563097953796387, '5': -1.8313097953796387, '6': -2.5813097953796387, '4': -3.5813097953796387, '3': -4.456309795379639, '0': -4.706309795379639, '1': -4.831309795379639, '2': -5.956309795379639}
2026-03-15 03:16:09,367 - INFO - [Step 43] score 7, accepted!
2026-03-15 03:16:09,368 - INFO - [Step 43] final step_str: Let me write that:
2026-03-15 03:16:09,723 - INFO - Original token_logprobs: {'7': -1.1687641143798828, '8': -1.1687641143798828, '9': -1.7937641143798828, '5': -2.418764114379883, '6': -2.418764114379883, '4': -4.293764114379883, '1': -5.043764114379883, '3': -5.418764114379883, '0': -5.418764114379883, '2': -6.606264114379883}
2026-03-15 03:16:09,723 - INFO - [Step 44] score 7, accepted!
2026-03-15 03:16:09,723 - INFO - [Step 44] final step_str: 9 / (4 - x) + 2 = 9 / (2.4 - x)
2026-03-15 03:16:10,032 - INFO - Original token_logprobs: {'7': -1.5365363359451294, '8': -1.5365363359451294, '5': -1.7865363359451294, '9': -1.7865363359451294, '6': -2.53653621673584, '4': -3.03653621673584, '3': -3.16153621673584, '1': -3.78653621673584, '2': -3.91153621673584, '0': -4.03653621673584}
2026-03-15 03:16:10,033 - INFO - [Step 45] score 7, accepted!
2026-03-15 03:16:10,033 - INFO - [Step 45] final step_str: Now, let's subtract 2 from both sides:
2026-03-15 03:16:10,393 - INFO - Original token_logprobs: {'7': -1.1871789693832397, '8': -1.4371789693832397, '5': -1.9371789693832397, '6': -1.9371789693832397, '9': -2.3121790885925293, '4': -3.4371790885925293, '3': -4.312179088592529, '1': -4.687179088592529, '0': -4.937179088592529, '2': -5.437179088592529}
2026-03-15 03:16:10,393 - INFO - [Step 46] score 7, accepted!
2026-03-15 03:16:10,393 - INFO - [Step 46] final step_str: 9 / (4 - x) = 9 / (2.4 - x) - 2
2026-03-15 03:16:10,777 - INFO - Original token_logprobs: {'5': -1.551109790802002, '8': -1.551109790802002, '7': -1.801109790802002, '9': -2.051109790802002, '6': -2.676109790802002, '3': -2.801109790802002, '4': -2.801109790802002, '1': -3.426109790802002, '2': -3.551109790802002, '0': -3.676109790802002}
2026-03-15 03:16:10,777 - INFO - [Step 47] score 5 rejected, falling back to base model
2026-03-15 03:16:11,886 - INFO - [Step 47] final step_str: Hmm, maybe cross-multiplying? Let me first get rid of denominators. Let me bring all terms to one side.
2026-03-15 03:16:12,262 - INFO - Original token_logprobs: {'5': -1.6070125102996826, '3': -1.8570125102996826, '7': -1.9820125102996826, '6': -2.1070125102996826, '4': -2.1070125102996826, '2': -2.3570125102996826, '8': -2.7320125102996826, '1': -2.9820125102996826, '9': -3.6070125102996826, '0': -3.8570125102996826}
2026-03-15 03:16:12,262 - INFO - [Step 48] score 5 rejected, falling back to base model
2026-03-15 03:16:13,244 - INFO - [Step 48] final step_str: Alternatively, let me multiply both sides by (4 - x)(2.4 - x) to eliminate denominators.
2026-03-15 03:16:13,480 - INFO - Original token_logprobs: {'5': -1.3124935626983643, '8': -1.5624935626983643, '7': -1.6874935626983643, '9': -1.9374935626983643, '6': -2.8124935626983643, '4': -2.9374935626983643, '3': -3.5624935626983643, '0': -3.8124935626983643, '1': -4.437493324279785, '2': -4.562493324279785}
2026-03-15 03:16:13,480 - INFO - [Step 49] score 5 rejected, falling back to base model
2026-03-15 03:16:14,182 - INFO - [Step 49] final step_str: Wait, perhaps that's the way to go. Let me try that.
2026-03-15 03:16:14,520 - INFO - Original token_logprobs: {'5': -1.5138742923736572, '8': -1.5138742923736572, '9': -1.6388742923736572, '7': -1.8888742923736572, '4': -3.0138742923736572, '6': -3.0138742923736572, '3': -3.2638742923736572, '0': -3.3888742923736572, '1': -4.013874053955078, '2': -4.013874053955078}
2026-03-15 03:16:14,520 - INFO - [Step 50] score 5 rejected, falling back to base model
2026-03-15 03:16:14,872 - INFO - [Step 50] final step_str: First, rearrange the equation:
2026-03-15 03:16:15,231 - INFO - Original token_logprobs: {'8': -1.5058441162109375, '9': -1.6308441162109375, '5': -1.6308441162109375, '7': -1.7558441162109375, '6': -2.5058441162109375, '4': -2.8808441162109375, '3': -3.3808441162109375, '0': -4.1308441162109375, '1': -4.5058441162109375, '2': -4.6308441162109375}
2026-03-15 03:16:15,232 - INFO - [Step 51] score 8, accepted!
2026-03-15 03:16:15,232 - INFO - [Step 51] final step_str: 9 / (4 - x) + 2 = 9 / (2.4 - x)
2026-03-15 03:16:15,534 - INFO - Original token_logprobs: {'5': -1.6545451879501343, '0': -2.029545307159424, '1': -2.029545307159424, '3': -2.279545307159424, '2': -2.279545307159424, '8': -2.529545307159424, '7': -2.529545307159424, '9': -2.654545307159424, '4': -2.779545307159424, '6': -3.154545307159424}
2026-03-15 03:16:15,534 - INFO - [Step 52] score 5 rejected, falling back to base model
2026-03-15 03:16:15,962 - INFO - [Step 52] final step_str: Multiply both sides by (4 - x)(2.4 - x):
2026-03-15 03:16:16,366 - INFO - Original token_logprobs: {'7': -1.2993617057800293, '8': -1.2993617057800293, '5': -2.0493617057800293, '9': -2.0493617057800293, '6': -2.1743617057800293, '4': -3.1743617057800293, '3': -3.9243617057800293, '0': -4.799361705780029, '1': -5.174361705780029, '2': -5.299361705780029}
2026-03-15 03:16:16,366 - INFO - [Step 53] score 7, accepted!
2026-03-15 03:16:16,366 - INFO - [Step 53] final step_str: 9*(2.4 - x) + 2*(4 - x)(2.4 - x) = 9*(4 - x)
2026-03-15 03:16:16,662 - INFO - Original token_logprobs: {'7': -1.2302508354187012, '8': -1.3552508354187012, '5': -1.8552508354187012, '9': -1.9802508354187012, '6': -2.730250835418701, '4': -3.355250835418701, '3': -3.730250835418701, '0': -4.355250835418701, '1': -4.980250835418701, '2': -5.167750835418701}
2026-03-15 03:16:16,662 - INFO - [Step 54] score 7, accepted!
2026-03-15 03:16:16,662 - INFO - [Step 54] final step_str: Let me compute each term:
2026-03-15 03:16:17,076 - INFO - Original token_logprobs: {'7': -1.3529592752456665, '8': -1.4779592752456665, '9': -1.7279592752456665, '5': -1.8529592752456665, '6': -2.227959156036377, '4': -3.477959156036377, '3': -4.102959156036377, '0': -4.727959156036377, '1': -4.977959156036377, '2': -5.602959156036377}
2026-03-15 03:16:17,076 - INFO - [Step 55] score 7, accepted!
2026-03-15 03:16:17,076 - INFO - [Step 55] final step_str: First term: 9*(2.4 - x) = 21.6 - 9x
2026-03-15 03:16:17,523 - INFO - Original token_logprobs: {'5': -1.4879424571990967, '7': -1.6129424571990967, '9': -1.6129424571990967, '8': -1.6129424571990967, '6': -2.8629424571990967, '4': -3.1129424571990967, '3': -3.4879424571990967, '0': -3.9879424571990967, '1': -4.612942695617676, '2': -4.675442695617676}
2026-03-15 03:16:17,523 - INFO - [Step 56] score 5 rejected, falling back to base model
2026-03-15 03:16:19,257 - INFO - [Step 56] final step_str: Second term: 2*(4 - x)(2.4 - x). Let me expand (4 - x)(2.4 - x):
2026-03-15 03:16:19,715 - INFO - Original token_logprobs: {'7': -1.0570237636566162, '8': -1.6820237636566162, '5': -1.8070237636566162, '6': -2.057023763656616, '9': -2.182023763656616, '4': -3.557023763656616, '3': -4.307024002075195, '0': -4.932024002075195, '1': -5.057024002075195, '2': -5.744524002075195}
2026-03-15 03:16:19,715 - INFO - [Step 57] score 7, accepted!
2026-03-15 03:16:19,716 - INFO - [Step 57] final step_str: (4)(2.4) - 4x - 2.4x + x^2 = 9.6 - 6.4x + x^2
2026-03-15 03:16:20,175 - INFO - Original token_logprobs: {'7': -1.0144832134246826, '8': -1.5144832134246826, '6': -1.8894832134246826, '5': -2.0144832134246826, '9': -2.5144832134246826, '4': -3.6394832134246826, '3': -4.514483451843262, '0': -5.264483451843262, '1': -5.389483451843262, '2': -6.076983451843262}
2026-03-15 03:16:20,175 - INFO - [Step 58] score 7, accepted!
2026-03-15 03:16:20,175 - INFO - [Step 58] final step_str: So, 2*(9.6 - 6.4x + x^2) = 19.2 - 12.8x + 2x^2
2026-03-15 03:16:20,534 - INFO - Original token_logprobs: {'7': -1.0578701496124268, '8': -1.4328701496124268, '5': -2.0578701496124268, '6': -2.0578701496124268, '9': -2.1828701496124268, '4': -3.8078701496124268, '3': -4.682869911193848, '0': -5.182869911193848, '1': -5.432869911193848, '2': -6.245369911193848}
2026-03-15 03:16:20,535 - INFO - [Step 59] score 7, accepted!
2026-03-15 03:16:20,535 - INFO - [Step 59] final step_str: Third term: 9*(4 - x) = 36 - 9x
2026-03-15 03:16:20,835 - INFO - Original token_logprobs: {'7': -1.1228801012039185, '8': -1.4978801012039185, '5': -1.8728801012039185, '9': -2.122879981994629, '6': -2.372879981994629, '4': -3.372879981994629, '3': -3.872879981994629, '0': -4.372879981994629, '1': -4.747879981994629, '2': -5.247879981994629}
2026-03-15 03:16:20,835 - INFO - [Step 60] score 7, accepted!
2026-03-15 03:16:20,835 - INFO - [Step 60] final step_str: Now, putting it all together:
2026-03-15 03:16:21,276 - INFO - Original token_logprobs: {'7': -1.308917760848999, '5': -1.683917760848999, '8': -1.808917760848999, '6': -1.933917760848999, '4': -2.558917760848999, '9': -2.808917760848999, '3': -2.933917760848999, '2': -4.183917999267578, '0': -4.308917999267578, '1': -4.308917999267578}
2026-03-15 03:16:21,276 - INFO - [Step 61] score 7, accepted!
2026-03-15 03:16:21,276 - INFO - [Step 61] final step_str: 21.6 - 9x + 19.2 - 12.8x + 2x^2 = 36 - 9x
2026-03-15 03:16:21,576 - INFO - Original token_logprobs: {'7': -1.2041782140731812, '5': -1.7041782140731812, '8': -1.8291782140731812, '6': -2.2041783332824707, '9': -2.4541783332824707, '3': -2.9541783332824707, '4': -2.9541783332824707, '0': -3.8291783332824707, '1': -4.079178333282471, '2': -4.204178333282471}
2026-03-15 03:16:21,576 - INFO - [Step 62] score 7, accepted!
2026-03-15 03:16:21,576 - INFO - [Step 62] final step_str: Combine like terms on the left side:
2026-03-15 03:16:21,921 - INFO - Original token_logprobs: {'5': -1.7317169904708862, '7': -1.8567169904708862, '3': -2.106717109680176, '8': -2.231717109680176, '4': -2.356717109680176, '6': -2.356717109680176, '9': -2.481717109680176, '2': -2.731717109680176, '1': -2.856717109680176, '0': -3.231717109680176}
2026-03-15 03:16:21,921 - INFO - [Step 63] score 5 rejected, falling back to base model
2026-03-15 03:16:22,929 - INFO - [Step 63] final step_str: 21.6 + 19.2 = 40.8
2026-03-15 03:16:23,275 - INFO - Original token_logprobs: {'7': -1.6078413724899292, '5': -1.7328413724899292, '6': -1.9828413724899292, '8': -2.2328414916992188, '3': -2.2328414916992188, '4': -2.2328414916992188, '9': -2.8578414916992188, '2': -3.1078414916992188, '1': -3.3578414916992188, '0': -3.7328414916992188}
2026-03-15 03:16:23,276 - INFO - [Step 64] score 7, accepted!
2026-03-15 03:16:23,276 - INFO - [Step 64] final step_str: -9x -12.8x = -21.8x
2026-03-15 03:16:23,643 - INFO - Original token_logprobs: {'7': -1.0918755531311035, '5': -1.7168755531311035, '6': -1.8418755531311035, '8': -1.8418755531311035, '9': -2.7168755531311035, '4': -2.9668755531311035, '3': -3.7168755531311035, '0': -4.4668755531311035, '1': -5.0918755531311035, '2': -5.0918755531311035}
2026-03-15 03:16:23,643 - INFO - [Step 65] score 7, accepted!
2026-03-15 03:16:23,643 - INFO - [Step 65] final step_str: So left side is 40.8 -21.8x + 2x^2
2026-03-15 03:16:23,969 - INFO - Original token_logprobs: {'7': -1.132688045501709, '8': -1.632688045501709, '5': -1.882688045501709, '6': -1.882688045501709, '9': -2.507688045501709, '4': -3.007688045501709, '3': -3.882688045501709, '0': -4.382688045501709, '1': -5.007688045501709, '2': -5.257688045501709}
2026-03-15 03:16:23,970 - INFO - [Step 66] score 7, accepted!
2026-03-15 03:16:23,970 - INFO - [Step 66] final step_str: Set equal to right side: 36 -9x
2026-03-15 03:16:24,262 - INFO - Original token_logprobs: {'7': -1.3667651414871216, '5': -1.7417651414871216, '8': -1.8667651414871216, '9': -2.116765022277832, '6': -2.366765022277832, '4': -2.741765022277832, '3': -2.866765022277832, '0': -3.366765022277832, '1': -3.866765022277832, '2': -3.866765022277832}
2026-03-15 03:16:24,262 - INFO - [Step 67] score 7, accepted!
2026-03-15 03:16:24,262 - INFO - [Step 67] final step_str: Bring all terms to left:
2026-03-15 03:16:24,646 - INFO - Original token_logprobs: {'7': -1.2103891372680664, '5': -1.7103891372680664, '6': -1.8353891372680664, '8': -1.8353891372680664, '9': -2.4603891372680664, '4': -2.8353891372680664, '3': -3.5853891372680664, '0': -4.335389137268066, '1': -4.960389137268066, '2': -4.960389137268066}
2026-03-15 03:16:24,647 - INFO - [Step 68] score 7, accepted!
2026-03-15 03:16:24,647 - INFO - [Step 68] final step_str: 40.8 -21.8x + 2x^2 -36 +9x = 0
2026-03-15 03:16:24,922 - INFO - Original token_logprobs: {'7': -1.2441409826278687, '5': -1.7441409826278687, '8': -1.9941409826278687, '9': -2.119141101837158, '6': -2.244141101837158, '4': -2.744141101837158, '3': -2.994141101837158, '0': -3.619141101837158, '2': -4.119141101837158, '1': -4.244141101837158}
2026-03-15 03:16:24,923 - INFO - [Step 69] score 7, accepted!
2026-03-15 03:16:24,923 - INFO - [Step 69] final step_str: Simplify:
2026-03-15 03:16:25,248 - INFO - Original token_logprobs: {'5': -1.680124044418335, '7': -1.680124044418335, '6': -2.180124044418335, '4': -2.180124044418335, '3': -2.180124044418335, '8': -2.305124044418335, '9': -2.555124044418335, '2': -3.055124044418335, '1': -3.430124044418335, '0': -3.555124044418335}
2026-03-15 03:16:25,249 - INFO - [Step 70] score 5 rejected, falling back to base model
2026-03-15 03:16:27,045 - INFO - [Step 70] final step_str: (40.8 - 36) + (-21.8x + 9x) + 2x^2 = 0
2026-03-15 03:16:27,300 - INFO - Original token_logprobs: {'7': -1.0340585708618164, '5': -1.7840585708618164, '8': -2.0340585708618164, '9': -2.1590585708618164, '6': -2.1590585708618164, '4': -3.0340585708618164, '3': -3.5340585708618164, '0': -4.034058570861816, '1': -4.659058570861816, '2': -4.909058570861816}
2026-03-15 03:16:27,300 - INFO - [Step 71] score 7, accepted!
2026-03-15 03:16:27,300 - INFO - [Step 71] final step_str: Which is:
2026-03-15 03:16:27,654 - INFO - Original token_logprobs: {'7': -0.8898104429244995, '8': -1.7648104429244995, '6': -2.014810562133789, '5': -2.139810562133789, '9': -2.264810562133789, '4': -3.514810562133789, '0': -4.514810562133789, '3': -4.639810562133789, '1': -5.014810562133789, '2': -5.827310562133789}
2026-03-15 03:16:27,654 - INFO - [Step 72] score 7, accepted!
2026-03-15 03:16:27,655 - INFO - [Step 72] final step_str: 4.8 -12.8x + 2x^2 = 0
2026-03-15 03:16:27,965 - INFO - Original token_logprobs: {'7': -0.9740043878555298, '8': -1.8490043878555298, '5': -1.9740043878555298, '9': -1.9740043878555298, '6': -2.2240042686462402, '4': -3.4740042686462402, '0': -4.09900426864624, '3': -4.22400426864624, '1': -4.72400426864624, '2': -5.47400426864624}
2026-03-15 03:16:27,966 - INFO - [Step 73] score 7, accepted!
2026-03-15 03:16:27,966 - INFO - [Step 73] final step_str: Let me write it in standard quadratic form:
2026-03-15 03:16:28,319 - INFO - Original token_logprobs: {'7': -1.0124194622039795, '8': -1.6374194622039795, '6': -1.8874194622039795, '5': -2.0124194622039795, '9': -2.2624194622039795, '4': -3.7624194622039795, '3': -4.762419700622559, '0': -4.887419700622559, '1': -5.012419700622559, '2': -6.012419700622559}
2026-03-15 03:16:28,319 - INFO - [Step 74] score 7, accepted!
2026-03-15 03:16:28,319 - INFO - [Step 74] final step_str: 2x^2 -12.8x +4.8 = 0
2026-03-15 03:16:28,645 - INFO - Original token_logprobs: {'7': -1.0994665622711182, '8': -1.7244665622711182, '9': -1.8494665622711182, '5': -1.9744665622711182, '6': -2.224466562271118, '4': -3.599466562271118, '0': -3.849466562271118, '3': -4.349466323852539, '1': -4.349466323852539, '2': -5.411966323852539}
2026-03-15 03:16:28,645 - INFO - [Step 75] score 7, accepted!
2026-03-15 03:16:28,645 - INFO - [Step 75] final step_str: Hmm, perhaps divide all terms by 2 to simplify:
2026-03-15 03:16:28,990 - INFO - Original token_logprobs: {'7': -0.9213592410087585, '8': -1.5463593006134033, '9': -2.0463593006134033, '6': -2.1713593006134033, '5': -2.2963593006134033, '4': -4.171359062194824, '0': -4.671359062194824, '1': -4.796359062194824, '3': -5.171359062194824, '2': -6.296359062194824}
2026-03-15 03:16:28,990 - INFO - [Step 76] score 7, accepted!
2026-03-15 03:16:28,990 - INFO - [Step 76] final step_str: x^2 -6.4x +2.4 = 0
2026-03-15 03:16:29,311 - INFO - Original token_logprobs: {'7': -1.0594271421432495, '8': -1.4344271421432495, '9': -1.8094271421432495, '6': -2.184427261352539, '5': -2.434427261352539, '4': -4.059427261352539, '0': -4.559427261352539, '1': -4.684427261352539, '3': -4.934427261352539, '2': -6.184427261352539}
2026-03-15 03:16:29,311 - INFO - [Step 77] score 7, accepted!
2026-03-15 03:16:29,311 - INFO - [Step 77] final step_str: Now, let's solve this quadratic equation for x.
2026-03-15 03:16:29,720 - INFO - Original token_logprobs: {'7': -1.04195237159729, '8': -1.29195237159729, '9': -2.04195237159729, '6': -2.16695237159729, '5': -2.41695237159729, '4': -4.166952133178711, '0': -5.041952133178711, '3': -5.166952133178711, '1': -5.166952133178711, '2': -6.479452133178711}
2026-03-15 03:16:29,720 - INFO - [Step 78] score 7, accepted!
2026-03-15 03:16:29,721 - INFO - [Step 78] final step_str: Using the quadratic formula: x = [6.4 ± sqrt(6.4^2 -4*1*2.4)] / 2
2026-03-15 03:16:30,005 - INFO - Original token_logprobs: {'7': -1.1092069149017334, '8': -1.6092069149017334, '5': -1.9842069149017334, '6': -2.1092069149017334, '9': -2.2342069149017334, '4': -3.2342069149017334, '3': -3.8592069149017334, '1': -4.1092071533203125, '0': -4.1092071533203125, '2': -4.9842071533203125}
2026-03-15 03:16:30,006 - INFO - [Step 79] score 7, accepted!
2026-03-15 03:16:30,006 - INFO - [Step 79] final step_str: Compute discriminant:
2026-03-15 03:16:30,336 - INFO - Original token_logprobs: {'7': -0.9524340033531189, '8': -1.5774340629577637, '6': -2.0774340629577637, '9': -2.0774340629577637, '5': -2.3274340629577637, '4': -3.8274340629577637, '0': -4.577434062957764, '3': -4.577434062957764, '1': -4.702434062957764, '2': -5.702434062957764}
2026-03-15 03:16:30,336 - INFO - [Step 80] score 7, accepted!
2026-03-15 03:16:30,336 - INFO - [Step 80] final step_str: 6.4^2 = 40.96
2026-03-15 03:16:30,666 - INFO - Original token_logprobs: {'7': -0.9574015736579895, '8': -1.7074015140533447, '6': -1.9574015140533447, '9': -2.2074015140533447, '5': -2.2074015140533447, '4': -3.5824015140533447, '0': -4.332401752471924, '3': -4.332401752471924, '1': -4.582401752471924, '2': -5.457401752471924}
2026-03-15 03:16:30,666 - INFO - [Step 81] score 7, accepted!
2026-03-15 03:16:30,666 - INFO - [Step 81] final step_str: 4*1*2.4 = 9.6
2026-03-15 03:16:31,036 - INFO - Original token_logprobs: {'7': -0.8265208005905151, '8': -1.5765208005905151, '9': -1.9515208005905151, '6': -2.3265209197998047, '5': -2.5765209197998047, '4': -4.451520919799805, '0': -4.826520919799805, '1': -4.826520919799805, '3': -5.201520919799805, '2': -6.451520919799805}
2026-03-15 03:16:31,036 - INFO - [Step 82] score 7, accepted!
2026-03-15 03:16:31,036 - INFO - [Step 82] final step_str: So discriminant is 40.96 -9.6 = 31.36
2026-03-15 03:16:31,375 - INFO - Original token_logprobs: {'7': -1.122495412826538, '8': -1.497495412826538, '9': -1.622495412826538, '5': -2.247495412826538, '6': -2.247495412826538, '4': -4.372495651245117, '1': -4.747495651245117, '0': -4.997495651245117, '3': -5.122495651245117, '2': -6.372495651245117}
2026-03-15 03:16:31,376 - INFO - [Step 83] score 7, accepted!
2026-03-15 03:16:31,376 - INFO - [Step 83] final step_str: sqrt(31.36) = 5.6
2026-03-15 03:16:31,715 - INFO - Original token_logprobs: {'7': -0.9393881559371948, '8': -1.4393881559371948, '9': -1.9393881559371948, '6': -2.3143882751464844, '5': -2.4393882751464844, '4': -4.439388275146484, '1': -4.689388275146484, '0': -4.814388275146484, '3': -5.189388275146484, ' ': -6.314388275146484}
2026-03-15 03:16:31,715 - INFO - [Step 84] score 7, accepted!
2026-03-15 03:16:31,716 - INFO - [Step 84] final step_str: So, x = [6.4 ±5.6]/2
2026-03-15 03:16:32,001 - INFO - Original token_logprobs: {'8': -1.2094520330429077, '7': -1.3344520330429077, '9': -1.4594520330429077, '5': -2.3344521522521973, '6': -2.7094521522521973, '4': -4.334452152252197, '0': -4.709452152252197, '1': -4.834452152252197, '3': -5.209452152252197, '2': -6.521952152252197}
2026-03-15 03:16:32,001 - INFO - [Step 85] score 8, accepted!
2026-03-15 03:16:32,002 - INFO - [Step 85] final step_str: Compute both possibilities:
2026-03-15 03:16:32,372 - INFO - Original token_logprobs: {'7': -1.447635531425476, '5': -1.572635531425476, '9': -2.0726356506347656, '6': -2.1976356506347656, '8': -2.3226356506347656, '4': -2.6976356506347656, '3': -2.9476356506347656, '0': -3.0726356506347656, '1': -3.6976356506347656, '2': -3.6976356506347656}
2026-03-15 03:16:32,372 - INFO - [Step 86] score 7, accepted!
2026-03-15 03:16:32,372 - INFO - [Step 86] final step_str: First solution: (6.4 +5.6)/2 = 12/2 =6
2026-03-15 03:16:32,754 - INFO - Original token_logprobs: {'7': -1.0018632411956787, '9': -1.8768632411956787, '5': -1.8768632411956787, '8': -2.0018632411956787, '6': -2.1268632411956787, '4': -3.6268632411956787, '0': -4.251863479614258, '3': -4.376863479614258, '1': -4.626863479614258, '2': -5.626863479614258}
2026-03-15 03:16:32,754 - INFO - [Step 87] score 7, accepted!
2026-03-15 03:16:32,754 - INFO - [Step 87] final step_str: Second solution: (6.4 -5.6)/2 = 0.8/2=0.4
2026-03-15 03:16:33,085 - INFO - Original token_logprobs: {'7': -1.1610878705978394, '5': -1.7860878705978394, '9': -1.9110878705978394, '6': -2.036087989807129, '8': -2.036087989807129, '4': -3.161087989807129, '3': -3.786087989807129, '0': -3.911087989807129, '1': -4.411087989807129, '2': -4.911087989807129}
2026-03-15 03:16:33,085 - INFO - [Step 88] score 7, accepted!
2026-03-15 03:16:33,086 - INFO - [Step 88] final step_str: So, x can be 6 or 0.4
2026-03-15 03:16:33,504 - INFO - Original token_logprobs: {'7': -1.1552410125732422, '5': -1.6552410125732422, '6': -2.030241012573242, '8': -2.030241012573242, '9': -2.155241012573242, '4': -3.155241012573242, '3': -3.655241012573242, '0': -4.030241012573242, '1': -4.155241012573242, '2': -4.780241012573242}
2026-03-15 03:16:33,504 - INFO - [Step 89] score 7, accepted!
2026-03-15 03:16:33,505 - INFO - [Step 89] final step_str: But x = t/60, so t =6*60=360 minutes or t=0.4*60=24 minutes.
2026-03-15 03:16:33,836 - INFO - Original token_logprobs: {'7': -1.419128656387329, '8': -1.419128656387329, '9': -1.544128656387329, '5': -1.919128656387329, '6': -2.419128656387329, '4': -3.794128656387329, '0': -4.29412841796875, '1': -4.41912841796875, '3': -4.54412841796875, '2': -5.79412841796875}
2026-03-15 03:16:33,836 - INFO - [Step 90] score 7, accepted!
2026-03-15 03:16:33,836 - INFO - [Step 90] final step_str: Now, check if these solutions are valid in the original equations.
2026-03-15 03:16:34,140 - INFO - Original token_logprobs: {'7': -1.260127305984497, '5': -1.635127305984497, '8': -1.760127305984497, '9': -2.010127305984497, '6': -2.385127305984497, '4': -3.260127305984497, '0': -3.510127305984497, '3': -3.885127305984497, '1': -4.010127067565918, '2': -4.760127067565918}
2026-03-15 03:16:34,141 - INFO - [Step 91] score 7, accepted!
2026-03-15 03:16:34,141 - INFO - [Step 91] final step_str: First, check x=6:
2026-03-15 03:16:34,524 - INFO - Original token_logprobs: {'5': -1.6495164632797241, '7': -1.6495164632797241, '9': -1.7745164632797241, '8': -1.8995164632797241, '6': -2.5245165824890137, '0': -2.7745165824890137, '4': -2.8995165824890137, '3': -3.1495165824890137, '1': -3.5245165824890137, '2': -4.024516582489014}
2026-03-15 03:16:34,524 - INFO - [Step 92] score 5 rejected, falling back to base model
2026-03-15 03:16:36,790 - INFO - [Step 92] final step_str: Then, t = 360 minutes. But total time in first case was 4 hours = 240 minutes. If t is 360 minutes, then walking time would be 240 - 360 = -120 minutes, which is impossible. So that's invalid.
2026-03-15 03:16:37,100 - INFO - Original token_logprobs: {'9': -1.1033052206039429, '8': -1.2283052206039429, '7': -1.7283052206039429, '5': -2.3533053398132324, '6': -3.1033053398132324, '1': -4.228305339813232, '4': -4.228305339813232, '0': -4.353305339813232, '3': -4.978305339813232, '2': -6.040805339813232}
2026-03-15 03:16:37,100 - INFO - [Step 93] score 9, accepted!
2026-03-15 03:16:37,100 - INFO - [Step 93] final step_str: Second, x=0.4:
2026-03-15 03:16:37,434 - INFO - Original token_logprobs: {'7': -1.4173316955566406, '8': -1.4173316955566406, '9': -1.4173316955566406, '5': -2.0423316955566406, '6': -2.6673316955566406, '1': -3.9173316955566406, '4': -3.9173316955566406, '0': -4.417331695556641, '3': -4.542331695556641, '2': -5.542331695556641}
2026-03-15 03:16:37,434 - INFO - [Step 94] score 7, accepted!
2026-03-15 03:16:37,434 - INFO - [Step 94] final step_str: t=0.4*60=24 minutes.
2026-03-15 03:16:37,794 - INFO - Original token_logprobs: {'7': -1.2979522943496704, '8': -1.5479522943496704, '5': -1.7979522943496704, '9': -1.9229522943496704, '6': -2.422952175140381, '4': -3.297952175140381, '1': -3.797952175140381, '3': -3.797952175140381, '0': -4.047952175140381, '2': -4.922952175140381}
2026-03-15 03:16:37,795 - INFO - [Step 95] score 7, accepted!
2026-03-15 03:16:37,795 - INFO - [Step 95] final step_str: Walking time in first case: 240 -24=216 minutes
2026-03-15 03:16:38,154 - INFO - Original token_logprobs: {'7': -1.3316559791564941, '8': -1.5816559791564941, '5': -1.7066559791564941, '9': -1.7066559791564941, '6': -2.456655979156494, '4': -3.581655979156494, '1': -4.206655979156494, '3': -4.206655979156494, '0': -4.331655979156494, '2': -5.331655979156494}
2026-03-15 03:16:38,154 - INFO - [Step 96] score 7, accepted!
2026-03-15 03:16:38,154 - INFO - [Step 96] final step_str: Walking time in second case: 144 -24=120 minutes
2026-03-15 03:16:38,535 - INFO - Original token_logprobs: {'7': -1.0887348651885986, '8': -1.7137348651885986, '5': -1.8387348651885986, '9': -1.8387348651885986, '6': -2.3387348651885986, '4': -3.9637348651885986, '1': -4.0887346267700195, '0': -4.3387346267700195, '3': -4.5887346267700195, '2': -5.6512346267700195}
2026-03-15 03:16:38,535 - INFO - [Step 97] score 7, accepted!
2026-03-15 03:16:38,535 - INFO - [Step 97] final step_str: So, s=9/(4 -0.4)=9/3.6=2.5 km/h
2026-03-15 03:16:38,880 - INFO - Original token_logprobs: {'7': -1.190934181213379, '8': -1.690934181213379, '5': -1.690934181213379, '9': -1.815934181213379, '6': -2.440934181213379, '4': -3.690934181213379, '0': -4.190934181213379, '1': -4.190934181213379, '3': -4.315934181213379, '2': -5.565934181213379}
2026-03-15 03:16:38,880 - INFO - [Step 98] score 7, accepted!
2026-03-15 03:16:38,880 - INFO - [Step 98] final step_str: Check second case: (s +2)=4.5 km/h
2026-03-15 03:16:39,272 - INFO - Original token_logprobs: {'7': -1.1687965393066406, '8': -1.5437965393066406, '9': -1.7937965393066406, '5': -1.9187965393066406, '6': -2.1687965393066406, '4': -4.168796539306641, '1': -4.293796539306641, '3': -5.043796539306641, '0': -5.106296539306641, '2': -6.168796539306641}
2026-03-15 03:16:39,272 - INFO - [Step 99] score 7, accepted!
2026-03-15 03:16:39,272 - INFO - [Step 99] final step_str: Time=120 minutes=2 hours. So, 4.5 *2=9 km, which is correct.
2026-03-15 03:16:39,646 - INFO - Original token_logprobs: {'7': -0.9569186568260193, '8': -1.581918716430664, '9': -1.956918716430664, '6': -2.081918716430664, '5': -2.206918716430664, '4': -4.456918716430664, '1': -4.831918716430664, '3': -5.394418716430664, '0': -5.519418716430664, '2': -6.456918716430664}
2026-03-15 03:16:39,646 - INFO - [Step 100] score 7, accepted!
2026-03-15 03:16:39,646 - INFO - [Step 100] final step_str: So, x=0.4, t=24 minutes, s=2.5 km/h.
2026-03-15 03:16:39,995 - INFO - Original token_logprobs: {'7': -0.9593067169189453, '8': -1.7093067169189453, '9': -1.9593067169189453, '5': -2.0843067169189453, '6': -2.0843067169189453, '4': -4.209306716918945, '1': -4.459306716918945, '3': -5.084306716918945, '0': -5.084306716918945, '2': -6.146806716918945}
2026-03-15 03:16:39,996 - INFO - [Step 101] score 7, accepted!
2026-03-15 03:16:39,996 - INFO - [Step 101] final step_str: Therefore, s=2.5 km/h, t=24 minutes.
2026-03-15 03:16:40,477 - INFO - Original token_logprobs: {'7': -1.255991816520691, '8': -1.255991816520691, '9': -1.755991816520691, '5': -2.1309919357299805, '6': -2.3809919357299805, '4': -4.1309919357299805, '1': -4.6309919357299805, '3': -4.8809919357299805, '0': -5.2559919357299805, '2': -5.8809919357299805}
2026-03-15 03:16:40,477 - INFO - [Step 102] score 7, accepted!
2026-03-15 03:16:40,478 - INFO - [Step 102] final step_str: Now, the question is, when she walks at s +1/2 km/h, which is 2.5 +0.5=3 km/h, how long does the walk take, including the t minutes in the coffee shop.
2026-03-15 03:16:40,810 - INFO - Original token_logprobs: {'7': -1.243062973022461, '8': -1.243062973022461, '9': -1.618062973022461, '5': -2.243062973022461, '6': -2.618062973022461, '4': -4.243062973022461, '1': -4.618062973022461, '3': -4.868062973022461, '0': -5.118062973022461, '2': -5.805562973022461}
2026-03-15 03:16:40,811 - INFO - [Step 103] score 7, accepted!
2026-03-15 03:16:40,811 - INFO - [Step 103] final step_str: So, total time is walking time + t minutes.
2026-03-15 03:16:41,174 - INFO - Original token_logprobs: {'7': -1.3071707487106323, '9': -1.4321707487106323, '8': -1.4321707487106323, '5': -2.182170867919922, '6': -2.557170867919922, '4': -4.057170867919922, '1': -4.182170867919922, '3': -4.557170867919922, '0': -4.869670867919922, '2': -5.307170867919922}
2026-03-15 03:16:41,174 - INFO - [Step 104] score 7, accepted!
2026-03-15 03:16:41,174 - INFO - [Step 104] final step_str: Walking time is distance/speed=9/3=3 hours=180 minutes.
2026-03-15 03:16:41,558 - INFO - Original token_logprobs: {'7': -1.1074808835983276, '8': -1.3574808835983276, '9': -1.6074808835983276, '5': -2.482481002807617, '6': -2.482481002807617, '1': -4.357481002807617, '4': -4.357481002807617, '3': -4.857481002807617, '0': -5.482481002807617, '2': -5.794981002807617}
2026-03-15 03:16:41,558 - INFO - [Step 105] score 7, accepted!
2026-03-15 03:16:41,559 - INFO - [Step 105] final step_str: Plus t=24 minutes, so total time=180 +24=204 minutes.
2026-03-15 03:16:41,915 - INFO - Original token_logprobs: {'8': -1.2338896989822388, '9': -1.2338896989822388, '7': -1.3588896989822388, '5': -2.733889579772949, '6': -2.858889579772949, '1': -4.483889579772949, '4': -4.608889579772949, '3': -5.108889579772949, '0': -5.483889579772949, '2': -5.983889579772949}
2026-03-15 03:16:41,915 - INFO - [Step 106] score 8, accepted!
2026-03-15 03:16:41,915 - INFO - [Step 106] final step_str: So, the walk takes 204 minutes, including the coffee shop time.
2026-03-15 03:16:42,260 - INFO - Original token_logprobs: {'8': -0.9286876320838928, '9': -1.178687572479248, '7': -1.678687572479248, '5': -3.178687572479248, '6': -3.178687572479248, '1': -4.803687572479248, '4': -5.053687572479248, '3': -5.616187572479248, '0': -5.866187572479248, '2': -6.303687572479248}
2026-03-15 03:16:42,260 - INFO - [Step 107] score 8, accepted!
2026-03-15 03:16:42,260 - INFO - [Step 107] final step_str: Let me just recap to make sure I didn't make any mistakes.
2026-03-15 03:16:42,561 - INFO - Original token_logprobs: {'8': -1.0267772674560547, '9': -1.1517772674560547, '7': -1.5267772674560547, '6': -3.1517772674560547, '5': -3.2767772674560547, '1': -4.651777267456055, '4': -5.151777267456055, '3': -5.589277267456055, '0': -6.089277267456055, '2': -6.276777267456055}
2026-03-15 03:16:42,562 - INFO - [Step 108] score 8, accepted!
2026-03-15 03:16:42,562 - INFO - [Step 108] final step_str: We had two scenarios:
2026-03-15 03:16:42,967 - INFO - Original token_logprobs: {'8': -1.0470218658447266, '9': -1.4220218658447266, '7': -1.4220218658447266, '6': -2.6720218658447266, '5': -2.7970218658447266, '4': -4.547021865844727, '1': -4.672021865844727, '3': -5.172021865844727, '0': -5.734521865844727, '2': -6.047021865844727}
2026-03-15 03:16:42,967 - INFO - [Step 109] score 8, accepted!
2026-03-15 03:16:42,967 - INFO - [Step 109] final step_str: 1. At s km/h, total time 4 hours, so walking time=240 -24=216 minutes.
2026-03-15 03:16:43,383 - INFO - Original token_logprobs: {'7': -1.264912724494934, '8': -1.264912724494934, '9': -1.389912724494934, '5': -2.5149126052856445, '6': -2.6399126052856445, '4': -4.5149126052856445, '1': -4.7649126052856445, '3': -5.1399126052856445, '0': -5.9524126052856445, '2': -6.2024126052856445}
2026-03-15 03:16:43,384 - INFO - [Step 110] score 7, accepted!
2026-03-15 03:16:43,384 - INFO - [Step 110] final step_str: 2. At s+2 km/h, total time 2h24=144 minutes, so walking time=120 minutes.
2026-03-15 03:16:43,680 - INFO - Original token_logprobs: {'8': -1.0571160316467285, '9': -1.3071160316467285, '7': -1.4321160316467285, '6': -2.8071160316467285, '5': -2.9321160316467285, '1': -4.8071160316467285, '4': -4.8071160316467285, '3': -5.4321160316467285, '0': -6.0571160316467285, '2': -6.4321160316467285}
2026-03-15 03:16:43,681 - INFO - [Step 111] score 8, accepted!
2026-03-15 03:16:43,681 - INFO - [Step 111] final step_str: Set up equations:
2026-03-15 03:16:44,013 - INFO - Original token_logprobs: {'8': -1.2107398509979248, '7': -1.3357398509979248, '9': -1.5857398509979248, '5': -2.210739850997925, '6': -2.460739850997925, '4': -4.335740089416504, '1': -4.710740089416504, '3': -5.085740089416504, '0': -5.585740089416504, '2': -6.148240089416504}
2026-03-15 03:16:44,013 - INFO - [Step 112] score 8, accepted!
2026-03-15 03:16:44,013 - INFO - [Step 112] final step_str: 9 = s*(4 - t/60)
2026-03-15 03:16:44,369 - INFO - Original token_logprobs: {'8': -1.1089484691619873, '9': -1.2339484691619873, '7': -1.4839484691619873, '5': -2.7339484691619873, '6': -2.8589484691619873, '1': -4.733948707580566, '4': -4.858948707580566, '3': -5.483948707580566, '0': -5.921448707580566, '2': -6.483948707580566}
2026-03-15 03:16:44,369 - INFO - [Step 113] score 8, accepted!
2026-03-15 03:16:44,369 - INFO - [Step 113] final step_str: 9 = (s+2)*(2.4 -t/60)
2026-03-15 03:16:44,741 - INFO - Original token_logprobs: {'8': -1.079839825630188, '7': -1.204839825630188, '9': -1.579839825630188, '6': -2.7048397064208984, '5': -2.8298397064208984, '1': -4.704839706420898, '4': -4.954839706420898, '3': -5.642339706420898, '0': -5.767339706420898, '2': -6.454839706420898}
2026-03-15 03:16:44,742 - INFO - [Step 114] score 8, accepted!
2026-03-15 03:16:44,742 - INFO - [Step 114] final step_str: Solved for s and t, found s=2.5, t=24.
2026-03-15 03:16:45,194 - INFO - Original token_logprobs: {'8': -0.9779680967330933, '9': -1.2279680967330933, '7': -1.4779680967330933, '5': -3.227968215942383, '6': -3.227968215942383, '1': -4.727968215942383, '4': -5.352968215942383, '3': -5.915468215942383, '0': -6.165468215942383, '2': -6.665468215942383}
2026-03-15 03:16:45,194 - INFO - [Step 115] score 8, accepted!
2026-03-15 03:16:45,194 - INFO - [Step 115] final step_str: Then, when walking at 3 km/h, walking time=9/3=3 hours=180 minutes. Add t=24 minutes, total 204 minutes.
2026-03-15 03:16:45,531 - INFO - Original token_logprobs: {'8': -0.8948083519935608, '9': -1.019808292388916, '7': -1.894808292388916, '5': -3.394808292388916, '6': -3.644808292388916, '1': -4.769808292388916, '4': -5.707308292388916, '3': -6.207308292388916, '0': -6.332308292388916, '2': -6.957308292388916}
2026-03-15 03:16:45,531 - INFO - [Step 116] score 8, accepted!
2026-03-15 03:16:45,531 - INFO - [Step 116] final step_str: That seems consistent. Let me check the walking times:
2026-03-15 03:16:45,909 - INFO - Original token_logprobs: {'8': -0.9127132296562195, '9': -1.2877132892608643, '7': -1.5377132892608643, '5': -3.1627132892608643, '6': -3.1627132892608643, '1': -4.912713050842285, '4': -5.350213050842285, '3': -5.912713050842285, '0': -6.225213050842285, '2': -6.662713050842285}
2026-03-15 03:16:45,909 - INFO - [Step 117] score 8, accepted!
2026-03-15 03:16:45,909 - INFO - [Step 117] final step_str: First walk: 216 minutes walking +24 minutes coffee=240, correct.
2026-03-15 03:16:46,282 - INFO - Original token_logprobs: {'8': -0.9256850481033325, '9': -1.3006850481033325, '7': -1.5506850481033325, '5': -2.925684928894043, '6': -3.175684928894043, '1': -4.925684928894043, '4': -5.238184928894043, '3': -5.925684928894043, '0': -6.113184928894043, '2': -6.738184928894043}
2026-03-15 03:16:46,282 - INFO - [Step 118] score 8, accepted!
2026-03-15 03:16:46,282 - INFO - [Step 118] final step_str: Second walk:120 minutes walking +24 minutes coffee=144, correct.
2026-03-15 03:16:46,654 - INFO - Original token_logprobs: {'8': -1.042736291885376, '9': -1.167736291885376, '7': -1.542736291885376, '5': -2.917736291885376, '6': -3.167736291885376, '1': -4.667736053466797, '4': -5.292736053466797, '3': -5.855236053466797, '0': -5.855236053466797, '2': -6.605236053466797}
2026-03-15 03:16:46,655 - INFO - [Step 119] score 8, accepted!
2026-03-15 03:16:46,655 - INFO - [Step 119] final step_str: Third walk:180 minutes walking +24 minutes coffee=204, correct.
2026-03-15 03:16:46,990 - INFO - Original token_logprobs: {'8': -0.8971888422966003, '9': -1.1471889019012451, '7': -1.7721889019012451, '5': -3.147188901901245, '6': -3.272188901901245, '1': -4.772188663482666, '4': -5.397188663482666, '0': -5.959688663482666, '3': -6.022188663482666, '2': -6.772188663482666}
2026-03-15 03:16:46,991 - INFO - [Step 120] score 8, accepted!
2026-03-15 03:16:46,991 - INFO - [Step 120] final step_str: So, yes, I think that's the answer.
2026-03-15 03:16:47,349 - INFO - Original token_logprobs: {'8': -1.1272404193878174, '9': -1.1272404193878174, '7': -1.8772404193878174, '5': -2.3772404193878174, '0': -3.2522404193878174, '6': -3.5022404193878174, '1': -4.127240180969238, '4': -4.502240180969238, '3': -5.252240180969238, '2': -6.564740180969238}
2026-03-15 03:16:47,349 - INFO - [Step 121] score 8, accepted!
2026-03-15 03:16:47,350 - INFO - [Step 121] final step_str: **Final Answer**
The walk takes \boxed{204} minutes including the coffee shop time.

2026-03-15 03:16:47,350 - INFO - [Step 121] Found candidate answer \boxed{204}. Verifying with base model...
2026-03-15 03:16:47,817 - INFO - [Step 121] Base model rejected answer (NO). Continuing generation.
2026-03-15 03:16:48,117 - INFO - Original token_logprobs: {'8': -1.1272404193878174, '9': -1.1272404193878174, '7': -1.8772404193878174, '5': -2.3772404193878174, '0': -3.2522404193878174, '6': -3.5022404193878174, '1': -4.127240180969238, '4': -4.502240180969238, '3': -5.252240180969238, '2': -6.564740180969238}
2026-03-15 03:16:48,118 - INFO - [Step 122] score 8, accepted!
2026-03-15 03:16:48,118 - INFO - [Step 122] final step_str: \boxed{204}

2026-03-15 03:16:48,118 - INFO - [Step 122] Found candidate answer \boxed{204}. Verifying with base model...
2026-03-15 03:16:48,550 - INFO - [Step 122] Base model rejected answer (NO). Continuing generation.
2026-03-15 03:16:48,868 - INFO - Original token_logprobs: {'8': -1.1272404193878174, '9': -1.1272404193878174, '7': -1.8772404193878174, '5': -2.3772404193878174, '0': -3.2522404193878174, '6': -3.5022404193878174, '1': -4.127240180969238, '4': -4.502240180969238, '3': -5.252240180969238, '2': -6.564740180969238}
2026-03-15 03:16:48,868 - INFO - [Step 123] score 8, accepted!
2026-03-15 03:16:48,868 - INFO - [Step 123] final step_str: **Final Answer**
\boxed{204}

2026-03-15 03:16:48,868 - INFO - [Step 123] Found candidate answer \boxed{204}. Verifying with base model...
2026-03-15 03:16:49,298 - INFO - [Step 123] Base model rejected answer (NO). Continuing generation.
2026-03-15 03:16:49,613 - INFO - Original token_logprobs: {'8': -1.1272404193878174, '9': -1.1272404193878174, '7': -1.8772404193878174, '5': -2.3772404193878174, '0': -3.2522404193878174, '6': -3.5022404193878174, '1': -4.127240180969238, '4': -4.502240180969238, '3': -5.252240180969238, '2': -6.564740180969238}
2026-03-15 03:16:49,613 - INFO - [Step 124] score 8, accepted!
2026-03-15 03:16:49,613 - INFO - [Step 124] final step_str: **Final Answer**
\boxed{204}

2026-03-15 03:16:49,613 - INFO - [Step 124] Found candidate answer \boxed{204}. Verifying with base model...
2026-03-15 03:16:50,064 - INFO - [Step 124] Base model rejected answer (NO). Continuing generation.
