2026-03-15 03:00:52,849 - INFO - Original token_logprobs: {'8': -1.4886277914047241, '9': -1.4886277914047241, '5': -1.7386277914047241, '7': -2.1136279106140137, '0': -2.8636279106140137, '3': -2.8636279106140137, '6': -2.8636279106140137, '4': -3.3636279106140137, '1': -3.6136279106140137, '2': -4.113627910614014}
2026-03-15 03:00:52,849 - INFO - [Step 0] score 8, accepted!
2026-03-15 03:00:52,850 - INFO - [Step 0] final step_str: First, I'll identify the given information and set up the equations based on the problem.
2026-03-15 03:00:53,385 - INFO - Original token_logprobs: {'0': -1.170264720916748, '9': -1.920264720916748, '1': -2.045264720916748, '5': -2.420264720916748, '3': -2.420264720916748, '2': -2.670264720916748, '8': -2.795264720916748, '4': -3.295264720916748, '7': -3.295264720916748, '6': -3.545264720916748}
2026-03-15 03:00:53,385 - INFO - [Step 1] score 0 rejected, falling back to base model
2026-03-15 03:00:54,789 - INFO - [Step 1] final step_str: Aya walks 9 kilometers each morning and stops at a coffee shop for t minutes. The problem gives two scenarios with different walking speeds and total times, including the coffee shop stop. I need to find the total time when she walks at a speed of s + ½ km/h.
2026-03-15 03:00:55,329 - INFO - Original token_logprobs: {'0': -1.5501430034637451, '1': -1.8001430034637451, '9': -2.050143003463745, '3': -2.175143003463745, '2': -2.300143003463745, '5': -2.300143003463745, '8': -2.675143003463745, '7': -3.175143003463745, '4': -3.300143003463745, '6': -3.550143003463745}
2026-03-15 03:00:55,329 - INFO - [Step 2] score 0 rejected, falling back to base model
2026-03-15 03:00:55,503 - INFO - [Step 2] final step_str: Let me denote:
2026-03-15 03:00:55,999 - INFO - Original token_logprobs: {'0': -1.822300672531128, '5': -1.822300672531128, '9': -1.822300672531128, '1': -2.197300672531128, '3': -2.322300672531128, '8': -2.322300672531128, '7': -2.697300672531128, '2': -2.822300672531128, '4': -3.197300672531128, '6': -3.322300672531128}
2026-03-15 03:00:55,999 - INFO - [Step 3] score 0 rejected, falling back to base model
2026-03-15 03:00:56,759 - INFO - [Step 3] final step_str: - s = her usual walking speed in km/h
- t = time spent in the coffee shop in minutes (which is constant in both scenarios)
2026-03-15 03:00:57,223 - INFO - Original token_logprobs: {'5': -1.5886157751083374, '9': -1.9636157751083374, '7': -2.088615894317627, '8': -2.088615894317627, '3': -2.213615894317627, '6': -2.338615894317627, '4': -2.713615894317627, '1': -2.963615894317627, '2': -3.088615894317627, '0': -3.338615894317627}
2026-03-15 03:00:57,223 - INFO - [Step 4] score 5 rejected, falling back to base model
2026-03-15 03:00:58,051 - INFO - [Step 4] final step_str: In the first scenario:
- Walking speed: s km/h
- Total time: 4 hours, which includes walking time and t minutes in the coffee shop.
2026-03-15 03:00:58,489 - INFO - Original token_logprobs: {'9': -1.6149349212646484, '5': -1.7399349212646484, '0': -1.7399349212646484, '3': -2.3649349212646484, '7': -2.6149349212646484, '1': -2.6149349212646484, '8': -2.6149349212646484, '2': -2.9899349212646484, '6': -3.1149349212646484, '4': -3.2399349212646484}
2026-03-15 03:00:58,490 - INFO - [Step 5] score 9, accepted!
2026-03-15 03:00:58,490 - INFO - [Step 5] final step_str: In the second scenario:
- Walking speed: s + 2 km/h
- Total time: 2 hours and 24 minutes, which includes walking time and t minutes in the coffee shop.
2026-03-15 03:00:58,814 - INFO - Original token_logprobs: {'5': -1.6833184957504272, '9': -1.9333184957504272, '8': -1.9333184957504272, '3': -2.183318614959717, '0': -2.308318614959717, '7': -2.558318614959717, '2': -2.683318614959717, '1': -2.683318614959717, '4': -3.058318614959717, '6': -3.058318614959717}
2026-03-15 03:00:58,814 - INFO - [Step 6] score 5 rejected, falling back to base model
2026-03-15 03:00:59,824 - INFO - [Step 6] final step_str: First, I need to convert all times to the same unit, probably hours, to make calculations easier. Since the answer requires minutes, maybe I can convert back at the end, but let's see.
2026-03-15 03:01:00,096 - INFO - Original token_logprobs: {'3': -1.7709060907363892, '5': -1.7709060907363892, '2': -2.1459059715270996, '8': -2.1459059715270996, '1': -2.3959059715270996, '9': -2.3959059715270996, '7': -2.6459059715270996, '0': -2.7709059715270996, '6': -2.8959059715270996, '4': -3.0209059715270996}
2026-03-15 03:01:00,097 - INFO - [Step 7] score 3 rejected, falling back to base model
2026-03-15 03:01:00,336 - INFO - [Step 7] final step_str: Let me think step by step.
2026-03-15 03:01:00,787 - INFO - Original token_logprobs: {'5': -1.5995995998382568, '3': -1.8495995998382568, '2': -2.224599599838257, '8': -2.349599599838257, '7': -2.474599599838257, '1': -2.474599599838257, '4': -2.599599599838257, '6': -2.599599599838257, '0': -2.849599599838257, '9': -2.849599599838257}
2026-03-15 03:01:00,788 - INFO - [Step 8] score 5 rejected, falling back to base model
2026-03-15 03:01:00,937 - INFO - [Step 8] final step_str: First scenario:
2026-03-15 03:01:01,231 - INFO - Original token_logprobs: {'2': -1.694567322731018, '3': -1.694567322731018, '5': -1.819567322731018, '1': -1.944567322731018, '4': -2.6945672035217285, '9': -2.6945672035217285, '8': -2.8195672035217285, '7': -2.9445672035217285, '6': -3.0695672035217285, '0': -3.5695672035217285}
2026-03-15 03:01:01,231 - INFO - [Step 9] score 2 rejected, falling back to base model
2026-03-15 03:01:01,609 - INFO - [Step 9] final step_str: Total time = walking time + coffee time = 4 hours.
2026-03-15 03:01:01,907 - INFO - Original token_logprobs: {'3': -1.7726376056671143, '2': -1.8976376056671143, '5': -2.0226376056671143, '1': -2.0226376056671143, '9': -2.1476376056671143, '8': -2.3976376056671143, '7': -2.8976376056671143, '0': -2.8976376056671143, '4': -3.0226376056671143, '6': -3.1476376056671143}
2026-03-15 03:01:01,907 - INFO - [Step 10] score 3 rejected, falling back to base model
2026-03-15 03:01:02,281 - INFO - [Step 10] final step_str: Walking time = distance / speed = 9 / s hours.
2026-03-15 03:01:02,601 - INFO - Original token_logprobs: {'5': -1.650546669960022, '8': -1.775546669960022, '7': -1.900546669960022, '9': -1.900546669960022, '3': -2.4005465507507324, '6': -2.6505465507507324, '4': -2.9005465507507324, '2': -3.1505465507507324, '1': -3.1505465507507324, '0': -3.4005465507507324}
2026-03-15 03:01:02,601 - INFO - [Step 11] score 5 rejected, falling back to base model
2026-03-15 03:01:03,021 - INFO - [Step 11] final step_str: Coffee time is t minutes, which is t / 60 hours.
2026-03-15 03:01:03,302 - INFO - Original token_logprobs: {'8': -1.3513609170913696, '5': -1.8513609170913696, '9': -1.9763609170913696, '7': -2.22636079788208, '3': -2.47636079788208, '1': -2.72636079788208, '6': -2.85136079788208, '2': -3.10136079788208, '0': -3.22636079788208, '4': -3.22636079788208}
2026-03-15 03:01:03,303 - INFO - [Step 12] score 8, accepted!
2026-03-15 03:01:03,303 - INFO - [Step 12] final step_str: So, the equation is:
2026-03-15 03:01:03,618 - INFO - Original token_logprobs: {'8': -1.469254732131958, '5': -1.719254732131958, '9': -1.719254732131958, '7': -1.719254732131958, '6': -2.469254732131958, '3': -3.219254732131958, '4': -3.219254732131958, '1': -3.469254732131958, '2': -3.969254732131958, '0': -4.344254493713379}
2026-03-15 03:01:03,619 - INFO - [Step 13] score 8, accepted!
2026-03-15 03:01:03,619 - INFO - [Step 13] final step_str: 9 / s + t / 60 = 4
2026-03-15 03:01:03,884 - INFO - Original token_logprobs: {'8': -1.1245217323303223, '7': -1.6245217323303223, '9': -1.8745217323303223, '5': -1.8745217323303223, '6': -2.7495217323303223, '4': -3.4995217323303223, '3': -3.4995217323303223, '1': -3.9995217323303223, '0': -4.374521732330322, '2': -4.374521732330322}
2026-03-15 03:01:03,885 - INFO - [Step 14] score 8, accepted!
2026-03-15 03:01:03,885 - INFO - [Step 14] final step_str: Second scenario:
2026-03-15 03:01:04,201 - INFO - Original token_logprobs: {'8': -1.5234403610229492, '9': -1.5234403610229492, '5': -1.7734403610229492, '7': -1.7734403610229492, '0': -2.898440361022949, '3': -3.023440361022949, '6': -3.273440361022949, '1': -3.523440361022949, '4': -3.648440361022949, '2': -3.773440361022949}
2026-03-15 03:01:04,201 - INFO - [Step 15] score 8, accepted!
2026-03-15 03:01:04,201 - INFO - [Step 15] final step_str: Total time = 2 hours and 24 minutes.
2026-03-15 03:01:04,586 - INFO - Original token_logprobs: {'7': -1.3511024713516235, '8': -1.3511024713516235, '9': -1.3511024713516235, '5': -2.101102352142334, '6': -3.101102352142334, '4': -3.976102352142334, '1': -4.351102352142334, '0': -4.601102352142334, '3': -4.851102352142334, '2': -5.601102352142334}
2026-03-15 03:01:04,586 - INFO - [Step 16] score 7, accepted!
2026-03-15 03:01:04,587 - INFO - [Step 16] final step_str: Converting 2 hours 24 minutes to hours: 2 + 24/60 = 2.4 hours.
2026-03-15 03:01:04,912 - INFO - Original token_logprobs: {'7': -0.94288170337677, '8': -1.19288170337677, '9': -1.81788170337677, '5': -2.5678815841674805, '6': -3.1928815841674805, '1': -4.6928815841674805, '4': -4.8178815841674805, '0': -5.4428815841674805, '3': -5.9428815841674805, '2': -7.2553815841674805}
2026-03-15 03:01:04,912 - INFO - [Step 17] score 7, accepted!
2026-03-15 03:01:04,912 - INFO - [Step 17] final step_str: Walking time = 9 / (s + 2) hours.
2026-03-15 03:01:05,220 - INFO - Original token_logprobs: {'8': -1.0310232639312744, '7': -1.1560232639312744, '9': -1.9060232639312744, '5': -2.2810232639312744, '6': -3.0310232639312744, '4': -4.531023025512695, '1': -4.781023025512695, '3': -5.656023025512695, '0': -5.656023025512695, '2': -7.031023025512695}
2026-03-15 03:01:05,220 - INFO - [Step 18] score 8, accepted!
2026-03-15 03:01:05,220 - INFO - [Step 18] final step_str: Coffee time is t / 60 hours.
2026-03-15 03:01:05,507 - INFO - Original token_logprobs: {'8': -1.0744761228561401, '7': -1.1994761228561401, '9': -1.8244761228561401, '5': -2.3244762420654297, '6': -3.0744762420654297, '4': -4.07447624206543, '0': -4.69947624206543, '1': -4.69947624206543, '3': -4.82447624206543, '2': -6.01197624206543}
2026-03-15 03:01:05,508 - INFO - [Step 19] score 8, accepted!
2026-03-15 03:01:05,508 - INFO - [Step 19] final step_str: So, the equation is:
2026-03-15 03:01:05,858 - INFO - Original token_logprobs: {'8': -0.7729899883270264, '7': -1.3979899883270264, '9': -1.6479899883270264, '5': -3.1479899883270264, '6': -3.3979899883270264, '1': -4.8979902267456055, '0': -5.1479902267456055, '4': -5.5229902267456055, '3': -6.2729902267456055, '2': -7.2104902267456055}
2026-03-15 03:01:05,859 - INFO - [Step 20] score 8, accepted!
2026-03-15 03:01:05,859 - INFO - [Step 20] final step_str: 9 / (s + 2) + t / 60 = 2.4
2026-03-15 03:01:06,153 - INFO - Original token_logprobs: {'8': -0.9214560985565186, '7': -1.1714560985565186, '9': -1.9214560985565186, '5': -2.6714560985565186, '6': -3.1714560985565186, '0': -4.546456336975098, '1': -4.796456336975098, '4': -4.796456336975098, '3': -5.858956336975098, '2': -6.733956336975098}
2026-03-15 03:01:06,153 - INFO - [Step 21] score 8, accepted!
2026-03-15 03:01:06,153 - INFO - [Step 21] final step_str: Now, I have two equations:
2026-03-15 03:01:06,567 - INFO - Original token_logprobs: {'8': -0.6016865372657776, '7': -1.3516864776611328, '9': -1.9766864776611328, '6': -3.726686477661133, '5': -3.976686477661133, '1': -5.226686477661133, '0': -6.226686477661133, '4': -6.476686477661133, '3': -7.226686477661133, '７': -7.976686477661133}
2026-03-15 03:01:06,567 - INFO - [Step 22] score 8, accepted!
2026-03-15 03:01:06,568 - INFO - [Step 22] final step_str: 1. 9/s + t/60 = 4
2. 9/(s + 2) + t/60 = 2.4
2026-03-15 03:01:06,903 - INFO - Original token_logprobs: {'8': -1.1882610321044922, '9': -1.1882610321044922, '7': -1.5632610321044922, '5': -2.438261032104492, '6': -2.813261032104492, '4': -4.438261032104492, '1': -4.813261032104492, '0': -5.313261032104492, '3': -5.438261032104492, '2': -6.563261032104492}
2026-03-15 03:01:06,903 - INFO - [Step 23] score 8, accepted!
2026-03-15 03:01:06,904 - INFO - [Step 23] final step_str: I can subtract the second equation from the first to eliminate t/60.
2026-03-15 03:01:07,165 - INFO - Original token_logprobs: {'7': -1.206594705581665, '8': -1.206594705581665, '9': -1.581594705581665, '5': -2.331594705581665, '6': -3.081594705581665, '4': -4.081594467163086, '0': -4.581594467163086, '1': -4.581594467163086, '3': -4.956594467163086, '2': -5.831594467163086}
2026-03-15 03:01:07,166 - INFO - [Step 24] score 7, accepted!
2026-03-15 03:01:07,166 - INFO - [Step 24] final step_str: So:
2026-03-15 03:01:07,789 - INFO - Original token_logprobs: {'7': -1.0740513801574707, '8': -1.0740513801574707, '9': -1.8240513801574707, '5': -2.6990513801574707, '6': -2.6990513801574707, '1': -4.699051380157471, '4': -5.449051380157471, '0': -5.949051380157471, '3': -6.511551380157471, '2': -7.449051380157471}
2026-03-15 03:01:07,789 - INFO - [Step 25] score 7, accepted!
2026-03-15 03:01:07,790 - INFO - [Step 25] final step_str: (9/s - 9/(s + 2)) = 4 - 2.4
(9(s + 2) - 9s) / (s(s + 2)) = 1.6
(9s + 18 - 9s) / (s(s + 2)) = 1.6
18 / (s(s + 2)) = 1.6
2026-03-15 03:01:08,075 - INFO - Original token_logprobs: {'7': -1.142153263092041, '8': -1.142153263092041, '9': -1.642153263092041, '5': -2.517153263092041, '6': -2.767153263092041, '1': -4.767153263092041, '4': -5.142153263092041, '0': -5.767153263092041, '3': -6.142153263092041, '2': -7.017153263092041}
2026-03-15 03:01:08,075 - INFO - [Step 26] score 7, accepted!
2026-03-15 03:01:08,075 - INFO - [Step 26] final step_str: Now, solving for s:
2026-03-15 03:01:08,519 - INFO - Original token_logprobs: {'7': -0.6969324350357056, '8': -1.5719324350357056, '6': -2.321932315826416, '9': -2.446932315826416, '5': -2.571932315826416, '0': -4.696932315826416, '1': -4.821932315826416, '4': -4.821932315826416, '3': -5.696932315826416, '2': -6.696932315826416}
2026-03-15 03:01:08,519 - INFO - [Step 27] score 7, accepted!
2026-03-15 03:01:08,519 - INFO - [Step 27] final step_str: 18 = 1.6 * s(s + 2)
18 = 1.6s² + 3.2s
Divide both sides by 1.6 to simplify:
2026-03-15 03:01:08,875 - INFO - Original token_logprobs: {'7': -0.8352668881416321, '8': -1.4602668285369873, '6': -2.2102668285369873, '9': -2.3352668285369873, '5': -2.4602668285369873, '0': -4.460267066955566, '1': -4.585267066955566, '4': -4.585267066955566, '3': -5.335267066955566, '2': -6.397767066955566}
2026-03-15 03:01:08,875 - INFO - [Step 28] score 7, accepted!
2026-03-15 03:01:08,876 - INFO - [Step 28] final step_str: 11.25 = s² + 2s
Bring all terms to one side:
2026-03-15 03:01:09,218 - INFO - Original token_logprobs: {'7': -0.8877992630004883, '8': -1.2627992630004883, '6': -2.1377992630004883, '9': -2.5127992630004883, '5': -2.5127992630004883, '1': -5.012799263000488, '4': -5.012799263000488, '0': -5.012799263000488, '3': -6.137799263000488, '2': -7.137799263000488}
2026-03-15 03:01:09,218 - INFO - [Step 29] score 7, accepted!
2026-03-15 03:01:09,218 - INFO - [Step 29] final step_str: s² + 2s - 11.25 = 0
2026-03-15 03:01:09,544 - INFO - Original token_logprobs: {'7': -0.8437260389328003, '8': -1.3437260389328003, '9': -2.21872615814209, '6': -2.34372615814209, '5': -2.59372615814209, '0': -4.71872615814209, '4': -4.84372615814209, '1': -5.09372615814209, '3': -5.84372615814209, '2': -7.03122615814209}
2026-03-15 03:01:09,544 - INFO - [Step 30] score 7, accepted!
2026-03-15 03:01:09,545 - INFO - [Step 30] final step_str: This is a quadratic equation. I can use the quadratic formula:
2026-03-15 03:01:09,893 - INFO - Original token_logprobs: {'7': -1.1209540367126465, '8': -1.2459540367126465, '6': -1.9959540367126465, '9': -2.2459540367126465, '5': -2.2459540367126465, '4': -4.3709540367126465, '0': -4.6209540367126465, '1': -4.7459540367126465, '3': -5.4959540367126465, '2': -6.8084540367126465}
2026-03-15 03:01:09,893 - INFO - [Step 31] score 7, accepted!
2026-03-15 03:01:09,893 - INFO - [Step 31] final step_str: s = [-b ± sqrt(b² - 4ac)] / (2a)
2026-03-15 03:01:10,255 - INFO - Original token_logprobs: {'8': -1.053081750869751, '7': -1.178081750869751, '6': -2.178081750869751, '9': -2.178081750869751, '5': -2.428081750869751, '1': -4.678081512451172, '4': -4.803081512451172, '0': -5.303081512451172, '3': -5.928081512451172, '2': -7.115581512451172}
2026-03-15 03:01:10,255 - INFO - [Step 32] score 8, accepted!
2026-03-15 03:01:10,255 - INFO - [Step 32] final step_str: Where a = 1, b = 2, c = -11.25
2026-03-15 03:01:10,544 - INFO - Original token_logprobs: {'7': -0.8511276245117188, '8': -1.2261276245117188, '9': -2.2261276245117188, '6': -2.4761276245117188, '5': -2.7261276245117188, '4': -5.101127624511719, '0': -5.226127624511719, '1': -5.351127624511719, '3': -6.226127624511719, '2': -7.413627624511719}
2026-03-15 03:01:10,544 - INFO - [Step 33] score 7, accepted!
2026-03-15 03:01:10,544 - INFO - [Step 33] final step_str: Calculate the discriminant:
2026-03-15 03:01:10,894 - INFO - Original token_logprobs: {'7': -1.1750435829162598, '8': -1.3000435829162598, '9': -1.6750435829162598, '5': -2.3000435829162598, '6': -2.3000435829162598, '1': -4.67504358291626, '4': -4.80004358291626, '0': -5.30004358291626, '3': -5.92504358291626, '2': -6.98754358291626}
2026-03-15 03:01:10,894 - INFO - [Step 34] score 7, accepted!
2026-03-15 03:01:10,894 - INFO - [Step 34] final step_str: b² - 4ac = 4 + 45 = 49
2026-03-15 03:01:11,162 - INFO - Original token_logprobs: {'7': -0.9042761921882629, '8': -1.2792761325836182, '9': -1.9042761325836182, '5': -2.654276132583618, '6': -2.654276132583618, '1': -4.904276371002197, '0': -5.154276371002197, '4': -5.154276371002197, '3': -5.904276371002197, '2': -6.966776371002197}
2026-03-15 03:01:11,162 - INFO - [Step 35] score 7, accepted!
2026-03-15 03:01:11,162 - INFO - [Step 35] final step_str: So,
2026-03-15 03:01:11,485 - INFO - Original token_logprobs: {'7': -1.0381031036376953, '8': -1.1631031036376953, '9': -1.9131031036376953, '6': -2.4131031036376953, '5': -2.6631031036376953, '1': -4.788103103637695, '4': -5.038103103637695, '0': -5.413103103637695, '3': -6.163103103637695, ' ': -7.100603103637695}
2026-03-15 03:01:11,486 - INFO - [Step 36] score 7, accepted!
2026-03-15 03:01:11,486 - INFO - [Step 36] final step_str: s = [-2 ± 7] / 2
2026-03-15 03:01:11,776 - INFO - Original token_logprobs: {'7': -1.0227863788604736, '8': -1.1477863788604736, '9': -1.7727863788604736, '5': -2.7727863788604736, '6': -2.7727863788604736, '1': -4.8977861404418945, '4': -5.0227861404418945, '0': -5.1477861404418945, '3': -5.8977861404418945, '2': -7.0227861404418945}
2026-03-15 03:01:11,776 - INFO - [Step 37] score 7, accepted!
2026-03-15 03:01:11,776 - INFO - [Step 37] final step_str: We have two solutions:
2026-03-15 03:01:12,230 - INFO - Original token_logprobs: {'7': -1.0071073770523071, '8': -1.2571073770523071, '9': -1.7571073770523071, '5': -2.6321072578430176, '6': -2.6321072578430176, '1': -4.632107257843018, '0': -4.757107257843018, '4': -4.882107257843018, '3': -5.757107257843018, '2': -6.819607257843018}
2026-03-15 03:01:12,230 - INFO - [Step 38] score 7, accepted!
2026-03-15 03:01:12,230 - INFO - [Step 38] final step_str: s = (-2 + 7)/2 = 5/2 = 2.5 km/h
s = (-2 - 7)/2 = -9/2 = -4.5 km/h
2026-03-15 03:01:12,566 - INFO - Original token_logprobs: {'7': -1.0760396718978882, '8': -1.0760396718978882, '9': -1.8260396718978882, '6': -2.5760397911071777, '5': -2.8260397911071777, '1': -4.951039791107178, '4': -5.201039791107178, '0': -5.951039791107178, '3': -6.076039791107178, '2': -7.076039791107178}
2026-03-15 03:01:12,566 - INFO - [Step 39] score 7, accepted!
2026-03-15 03:01:12,566 - INFO - [Step 39] final step_str: Since speed cannot be negative, s = 2.5 km/h
2026-03-15 03:01:12,907 - INFO - Original token_logprobs: {'7': -1.050743579864502, '8': -1.175743579864502, '9': -1.925743579864502, '5': -2.425743579864502, '6': -2.675743579864502, '1': -4.550743579864502, '4': -4.550743579864502, '0': -5.175743579864502, '3': -5.425743579864502, '2': -6.488243579864502}
2026-03-15 03:01:12,908 - INFO - [Step 40] score 7, accepted!
2026-03-15 03:01:12,908 - INFO - [Step 40] final step_str: Now that I have s, I can find t using the first equation:
2026-03-15 03:01:13,238 - INFO - Original token_logprobs: {'7': -1.22063410282135, '8': -1.22063410282135, '9': -1.97063410282135, '5': -2.0956339836120605, '6': -2.3456339836120605, '1': -4.0956339836120605, '4': -4.4706339836120605, '0': -4.5956339836120605, '3': -5.0956339836120605, '2': -6.0331339836120605}
2026-03-15 03:01:13,239 - INFO - [Step 41] score 7, accepted!
2026-03-15 03:01:13,239 - INFO - [Step 41] final step_str: 9 / s + t / 60 = 4
2026-03-15 03:01:13,549 - INFO - Original token_logprobs: {'7': -1.169905185699463, '8': -1.169905185699463, '9': -1.794905185699463, '5': -2.294905185699463, '6': -2.669905185699463, '1': -4.419905185699463, '4': -4.544905185699463, '0': -4.919905185699463, '3': -5.294905185699463, '2': -6.232405185699463}
2026-03-15 03:01:13,550 - INFO - [Step 42] score 7, accepted!
2026-03-15 03:01:13,550 - INFO - [Step 42] final step_str: Plug in s = 2.5:
2026-03-15 03:01:13,892 - INFO - Original token_logprobs: {'7': -0.9779261350631714, '8': -1.4779261350631714, '5': -2.102926254272461, '9': -2.227926254272461, '6': -2.227926254272461, '1': -4.227926254272461, '4': -4.227926254272461, '0': -4.352926254272461, '3': -4.852926254272461, '2': -5.790426254272461}
2026-03-15 03:01:13,893 - INFO - [Step 43] score 7, accepted!
2026-03-15 03:01:13,893 - INFO - [Step 43] final step_str: 9 / 2.5 + t / 60 = 4
2026-03-15 03:01:14,226 - INFO - Original token_logprobs: {'7': -1.0808390378952026, '8': -1.7058390378952026, '5': -1.8308390378952026, '9': -2.080839157104492, '6': -2.080839157104492, '4': -3.955839157104492, '1': -4.080839157104492, '0': -4.330839157104492, '3': -4.455839157104492, '2': -5.455839157104492}
2026-03-15 03:01:14,227 - INFO - [Step 44] score 7, accepted!
2026-03-15 03:01:14,227 - INFO - [Step 44] final step_str: Calculate 9 / 2.5 = 3.6
2026-03-15 03:01:14,502 - INFO - Original token_logprobs: {'7': -0.8524186015129089, '8': -1.6024186611175537, '5': -2.1024186611175537, '6': -2.2274186611175537, '9': -2.3524186611175537, '1': -4.227418422698975, '4': -4.477418422698975, '0': -4.727418422698975, '3': -5.102418422698975, '2': -6.039918422698975}
2026-03-15 03:01:14,503 - INFO - [Step 45] score 7, accepted!
2026-03-15 03:01:14,503 - INFO - [Step 45] final step_str: So,
2026-03-15 03:01:14,944 - INFO - Original token_logprobs: {'7': -1.2341914176940918, '8': -1.4841914176940918, '9': -1.6091914176940918, '5': -1.9841914176940918, '6': -2.234191417694092, '1': -4.484191417694092, '4': -4.484191417694092, '3': -5.359191417694092, '0': -5.609191417694092, '2': -6.296691417694092}
2026-03-15 03:01:14,944 - INFO - [Step 46] score 7, accepted!
2026-03-15 03:01:14,944 - INFO - [Step 46] final step_str: 3.6 + t / 60 = 4
t / 60 = 0.4
t = 0.4 * 60 = 24 minutes
2026-03-15 03:01:15,359 - INFO - Original token_logprobs: {'7': -1.0915265083312988, '8': -1.2165265083312988, '9': -1.7165265083312988, '5': -2.341526508331299, '6': -2.966526508331299, '1': -4.216526508331299, '4': -4.716526508331299, '0': -4.966526508331299, '3': -5.591526508331299, '2': -6.466526508331299}
2026-03-15 03:01:15,359 - INFO - [Step 47] score 7, accepted!
2026-03-15 03:01:15,359 - INFO - [Step 47] final step_str: Now, the question asks for the total time when she walks at s + ½ = 2.5 + 0.5 = 3 km/h.
2026-03-15 03:01:15,661 - INFO - Original token_logprobs: {'8': -1.0213013887405396, '7': -1.1463013887405396, '9': -1.6463013887405396, '5': -2.89630126953125, '6': -3.14630126953125, '1': -4.64630126953125, '4': -5.02130126953125, '0': -5.33380126953125, '3': -5.70880126953125, '2': -6.77130126953125}
2026-03-15 03:01:15,662 - INFO - [Step 48] score 8, accepted!
2026-03-15 03:01:15,662 - INFO - [Step 48] final step_str: First, calculate the walking time:
2026-03-15 03:01:15,993 - INFO - Original token_logprobs: {'7': -1.1337628364562988, '8': -1.3837628364562988, '9': -1.7587628364562988, '5': -2.258762836456299, '6': -2.383762836456299, '1': -4.133762836456299, '4': -4.258762836456299, '0': -4.508762836456299, '3': -4.758762836456299, '2': -5.696262836456299}
2026-03-15 03:01:15,994 - INFO - [Step 49] score 7, accepted!
2026-03-15 03:01:15,994 - INFO - [Step 49] final step_str: Walking time = 9 / 3 = 3 hours
2026-03-15 03:01:16,341 - INFO - Original token_logprobs: {'7': -1.1323775053024292, '8': -1.5073775053024292, '9': -1.6323775053024292, '5': -2.2573776245117188, '6': -2.3823776245117188, '4': -4.007377624511719, '1': -4.257377624511719, '0': -4.382377624511719, '3': -4.632377624511719, '2': -5.507377624511719}
2026-03-15 03:01:16,342 - INFO - [Step 50] score 7, accepted!
2026-03-15 03:01:16,342 - INFO - [Step 50] final step_str: Convert to minutes: 3 * 60 = 180 minutes
2026-03-15 03:01:16,665 - INFO - Original token_logprobs: {'7': -1.2943756580352783, '8': -1.2943756580352783, '9': -1.5443756580352783, '5': -2.1693756580352783, '6': -2.5443756580352783, '1': -4.419375419616699, '4': -4.419375419616699, '0': -4.919375419616699, '3': -5.044375419616699, '2': -5.919375419616699}
2026-03-15 03:01:16,665 - INFO - [Step 51] score 7, accepted!
2026-03-15 03:01:16,665 - INFO - [Step 51] final step_str: Add the coffee time t = 24 minutes:
2026-03-15 03:01:17,018 - INFO - Original token_logprobs: {'8': -1.2308294773101807, '9': -1.2308294773101807, '7': -1.3558294773101807, '5': -2.6058294773101807, '6': -2.9808294773101807, '1': -4.355829238891602, '4': -4.980829238891602, '3': -5.480829238891602, '0': -5.730829238891602, '2': -6.293329238891602}
2026-03-15 03:01:17,018 - INFO - [Step 52] score 8, accepted!
2026-03-15 03:01:17,019 - INFO - [Step 52] final step_str: Total time = 180 + 24 = 204 minutes
2026-03-15 03:01:17,338 - INFO - Original token_logprobs: {'8': -1.1272404193878174, '9': -1.1272404193878174, '7': -1.8772404193878174, '5': -2.3772404193878174, '0': -3.2522404193878174, '6': -3.5022404193878174, '1': -4.127240180969238, '4': -4.502240180969238, '3': -5.252240180969238, '2': -6.564740180969238}
2026-03-15 03:01:17,338 - INFO - [Step 53] score 8, accepted!
2026-03-15 03:01:17,338 - WARNING - Warning: step_str had a </think>, removing. So, the walk takes 204 minutes.
</think>
2026-03-15 03:01:17,339 - INFO - [Step 53] final step_str: So, the walk takes 204 minutes.

2026-03-15 03:01:17,680 - INFO - Original token_logprobs: {'8': -1.1272404193878174, '9': -1.1272404193878174, '7': -1.8772404193878174, '5': -2.3772404193878174, '0': -3.2522404193878174, '6': -3.5022404193878174, '1': -4.127240180969238, '4': -4.502240180969238, '3': -5.252240180969238, '2': -6.564740180969238}
2026-03-15 03:01:17,681 - INFO - [Step 54] score 8, accepted!
2026-03-15 03:01:17,681 - INFO - [Step 54] final step_str: **Final Answer**
The walk takes \boxed{204} minutes.

2026-03-15 03:01:17,681 - INFO - [Step 54] Found candidate answer \boxed{204}. Verifying with base model...
2026-03-15 03:01:18,120 - INFO - [Step 54] Base model rejected answer (NO). Continuing generation.
2026-03-15 03:01:18,377 - INFO - Original token_logprobs: {'8': -1.1272404193878174, '9': -1.1272404193878174, '7': -1.8772404193878174, '5': -2.3772404193878174, '0': -3.2522404193878174, '6': -3.5022404193878174, '1': -4.127240180969238, '4': -4.502240180969238, '3': -5.252240180969238, '2': -6.564740180969238}
2026-03-15 03:01:18,377 - INFO - [Step 55] score 8, accepted!
2026-03-15 03:01:18,377 - WARNING - Warning: step_str had a </think>, removing. </think>
2026-03-15 03:01:18,378 - INFO - [Step 55] final step_str: 
2026-03-15 03:01:18,641 - INFO - Original token_logprobs: {'8': -1.1272404193878174, '9': -1.1272404193878174, '7': -1.8772404193878174, '5': -2.3772404193878174, '0': -3.2522404193878174, '6': -3.5022404193878174, '1': -4.127240180969238, '4': -4.502240180969238, '3': -5.252240180969238, '2': -6.564740180969238}
2026-03-15 03:01:18,642 - INFO - [Step 56] score 8, accepted!
2026-03-15 03:01:18,642 - WARNING - Warning: step_str had a </think>, removing. </think>
2026-03-15 03:01:18,642 - INFO - [Step 56] final step_str: 
