2026-03-15 03:06:14,085 - INFO - Original token_logprobs: {'1': -0.9677190184593201, '2': -1.4677190780639648, '0': -1.9677190780639648, '3': -2.092719078063965, '4': -3.467719078063965, '9': -3.592719078063965, '5': -3.592719078063965, '8': -4.092719078063965, '6': -4.467719078063965, '7': -4.592719078063965}
2026-03-15 03:06:14,086 - INFO - [Step 0] score 1 rejected, falling back to base model
2026-03-15 03:06:15,721 - INFO - [Step 0] final step_str: Okay, let's see. So the problem is about Aya's walk and her speed affecting the total time she takes, including the time spent in the coffee shop. Hmm. I need to find the total time when she walks at s + 1/2 km/h. Alright, let me parse the information step by step.
2026-03-15 03:06:18,009 - INFO - Original token_logprobs: {'0': -1.732428789138794, '5': -1.857428789138794, '3': -2.107428789138794, '1': -2.107428789138794, '2': -2.357428789138794, '4': -2.482428789138794, '8': -2.732428789138794, '9': -2.732428789138794, '7': -2.857428789138794, '6': -2.982428789138794}
2026-03-15 03:06:18,009 - INFO - [Step 1] score 0 rejected, falling back to base model
2026-03-15 03:06:18,977 - INFO - [Step 1] final step_str: First, the problem states that every morning Aya walks 9 kilometers and then stops at a coffee shop. The total time includes both the walking time and the t minutes in the coffee shop. 
2026-03-15 03:06:19,500 - INFO - Original token_logprobs: {'8': -1.200427770614624, '7': -1.450427770614624, '9': -1.700427770614624, '5': -2.075427770614624, '6': -2.825427770614624, '0': -3.075427770614624, '4': -3.825427770614624, '3': -4.450428009033203, '1': -4.575428009033203, '2': -5.825428009033203}
2026-03-15 03:06:19,500 - INFO - [Step 2] score 8, accepted!
2026-03-15 03:06:19,500 - INFO - [Step 2] final step_str: When she walks at a speed of s km/h, the total time taken is 4 hours, which includes t minutes in the coffee shop. When she increases her speed to s + 2 km/h, the total time becomes 2 hours and 24 minutes, still including t minutes in the coffee shop. 
2026-03-15 03:06:19,779 - INFO - Original token_logprobs: {'8': -1.1246440410614014, '7': -1.2496440410614014, '9': -1.7496440410614014, '5': -2.4996440410614014, '6': -2.6246440410614014, '0': -3.9996440410614014, '4': -4.2496442794799805, '1': -4.3746442794799805, '3': -4.8746442794799805, '2': -5.8121442794799805}
2026-03-15 03:06:19,779 - INFO - [Step 3] score 8, accepted!
2026-03-15 03:06:19,779 - INFO - [Step 3] final step_str: So, we have two scenarios:
2026-03-15 03:06:20,272 - INFO - Original token_logprobs: {'8': -1.5518136024475098, '9': -1.6768136024475098, '5': -1.8018136024475098, '7': -2.0518136024475098, '0': -2.3018136024475098, '4': -2.9268136024475098, '6': -3.0518136024475098, '3': -3.0518136024475098, '1': -3.4268136024475098, '2': -3.8018136024475098}
2026-03-15 03:06:20,273 - INFO - [Step 4] score 8, accepted!
2026-03-15 03:06:20,273 - INFO - [Step 4] final step_str: 1. Walking speed = s km/h, total time = 4 hours = 4*60 = 240 minutes.
2. Walking speed = s + 2 km/h, total time = 2 hours 24 minutes = 144 minutes.
2026-03-15 03:06:20,810 - INFO - Original token_logprobs: {'0': -1.186850905418396, '5': -1.311850905418396, '9': -2.1868510246276855, '8': -2.4368510246276855, '7': -2.9368510246276855, '3': -3.1868510246276855, '4': -3.1868510246276855, '1': -3.3118510246276855, '2': -3.6868510246276855, '6': -3.9368510246276855}
2026-03-15 03:06:20,810 - INFO - [Step 5] score 0 rejected, falling back to base model
2026-03-15 03:06:21,956 - INFO - [Step 5] final step_str: Wait, but the problem mentions t minutes spent in the coffee shop in both cases, which is the same t. So the time she spends walking must be different depending on her speed, but the coffee shop time is constant. 
2026-03-15 03:06:22,440 - INFO - Original token_logprobs: {'5': -1.3988335132598877, '8': -1.5238335132598877, '7': -1.8988335132598877, '9': -1.8988335132598877, '6': -2.7738335132598877, '0': -2.8988335132598877, '4': -3.1488335132598877, '1': -3.5238335132598877, '3': -3.6488335132598877, '2': -4.148833274841309}
2026-03-15 03:06:22,440 - INFO - [Step 6] score 5 rejected, falling back to base model
2026-03-15 03:06:24,332 - INFO - [Step 6] final step_str: Let me denote the walking time as T1 and T2 for the two scenarios. Then, total time is T1 + t = 240 minutes, and T2 + t = 144 minutes. But actually, T1 and T2 are in hours? Wait, maybe better to convert everything into hours or all into minutes. Let me see.
2026-03-15 03:06:24,872 - INFO - Original token_logprobs: {'0': -1.2396854162216187, '5': -1.2396854162216187, '9': -1.7396854162216187, '8': -2.614685535430908, '7': -3.239685535430908, '1': -3.364685535430908, '4': -3.364685535430908, '3': -3.489685535430908, '2': -3.864685535430908, '6': -4.864685535430908}
2026-03-15 03:06:24,873 - INFO - [Step 7] score 0 rejected, falling back to base model
2026-03-15 03:06:25,784 - INFO - [Step 7] final step_str: Alternatively, maybe use hours for time to keep the units consistent with speed (km/h). Let's try that.
2026-03-15 03:06:26,414 - INFO - Original token_logprobs: {'5': -1.643813133239746, '7': -1.768813133239746, '8': -1.893813133239746, '9': -2.393813133239746, '6': -2.518813133239746, '1': -2.643813133239746, '3': -2.643813133239746, '4': -2.768813133239746, '2': -2.893813133239746, '0': -3.018813133239746}
2026-03-15 03:06:26,414 - INFO - [Step 8] score 5 rejected, falling back to base model
2026-03-15 03:06:26,673 - INFO - [Step 8] final step_str: So, let's define:
2026-03-15 03:06:27,086 - INFO - Original token_logprobs: {'1': -1.2590529918670654, '5': -2.2590529918670654, '2': -2.2590529918670654, '8': -2.3840529918670654, '3': -2.3840529918670654, '9': -2.5090529918670654, '0': -2.6340529918670654, '7': -2.7590529918670654, '4': -3.0090529918670654, '6': -3.0090529918670654}
2026-03-15 03:06:27,086 - INFO - [Step 9] score 1 rejected, falling back to base model
2026-03-15 03:06:28,037 - INFO - [Step 9] final step_str: Total time for first case: 4 hours = walking time + t/60 hours (since t is in minutes). 
2026-03-15 03:06:28,490 - INFO - Original token_logprobs: {'7': -1.5457156896591187, '8': -1.5457156896591187, '5': -1.6707156896591187, '9': -2.170715808868408, '6': -2.545715808868408, '4': -3.045715808868408, '1': -3.170715808868408, '3': -3.295715808868408, '0': -3.420715808868408, '2': -3.545715808868408}
2026-03-15 03:06:28,491 - INFO - [Step 10] score 7, accepted!
2026-03-15 03:06:28,491 - INFO - [Step 10] final step_str: Similarly, total time for second case: 2 hours 24 minutes = 2 + 24/60 = 2.4 hours. So walking time + t/60 = 2.4 hours.
2026-03-15 03:06:28,773 - INFO - Original token_logprobs: {'5': -1.8440966606140137, '8': -1.9690966606140137, '7': -2.0940966606140137, '3': -2.0940966606140137, '2': -2.3440966606140137, '1': -2.3440966606140137, '9': -2.5940966606140137, '4': -2.7190966606140137, '0': -2.8440966606140137, '6': -2.8440966606140137}
2026-03-15 03:06:28,773 - INFO - [Step 11] score 5 rejected, falling back to base model
2026-03-15 03:06:29,746 - INFO - [Step 11] final step_str: Wait, actually, since t is in minutes, perhaps it's better to convert all times to hours. Let me re-express the problem in hours.
2026-03-15 03:06:30,146 - INFO - Original token_logprobs: {'1': -1.694092869758606, '7': -1.944092869758606, '5': -1.944092869758606, '8': -2.0690927505493164, '6': -2.5690927505493164, '3': -2.5690927505493164, '2': -2.5690927505493164, '4': -2.6940927505493164, '9': -2.8190927505493164, '0': -3.1940927505493164}
2026-03-15 03:06:30,146 - INFO - [Step 12] score 1 rejected, falling back to base model
2026-03-15 03:06:30,274 - INFO - [Step 12] final step_str: First scenario:
2026-03-15 03:06:30,710 - INFO - Original token_logprobs: {'7': -1.5144290924072266, '5': -1.6394290924072266, '8': -1.7644290924072266, '6': -2.2644290924072266, '9': -2.6394290924072266, '1': -2.7644290924072266, '4': -2.8894290924072266, '3': -3.0144290924072266, '2': -3.1394290924072266, '0': -3.7644290924072266}
2026-03-15 03:06:30,711 - INFO - [Step 13] score 7, accepted!
2026-03-15 03:06:30,711 - INFO - [Step 13] final step_str: Walking speed = s km/h, total time = 4 hours. So, walking time = 4 - (t / 60) hours. Because total time is walking time plus coffee shop time.
2026-03-15 03:06:30,970 - INFO - Original token_logprobs: {'5': -1.7345585823059082, '8': -1.8595585823059082, '7': -1.9845585823059082, '9': -1.9845585823059082, '0': -2.359558582305908, '1': -2.484558582305908, '3': -2.859558582305908, '6': -2.984558582305908, '4': -2.984558582305908, '2': -2.984558582305908}
2026-03-15 03:06:30,971 - INFO - [Step 14] score 5 rejected, falling back to base model
2026-03-15 03:06:32,387 - INFO - [Step 14] final step_str: But the walking time can also be calculated as distance divided by speed. The distance is 9 km, so walking time is 9 / s hours. 
2026-03-15 03:06:32,669 - INFO - Original token_logprobs: {'7': -1.4009552001953125, '8': -1.4009552001953125, '5': -1.7759552001953125, '9': -2.0259552001953125, '6': -2.7759552001953125, '0': -3.1509552001953125, '4': -3.4009552001953125, '3': -3.6509552001953125, '1': -3.9009552001953125, '2': -4.2759552001953125}
2026-03-15 03:06:32,669 - INFO - [Step 15] score 7, accepted!
2026-03-15 03:06:32,669 - INFO - [Step 15] final step_str: Similarly, in the second scenario:
2026-03-15 03:06:33,171 - INFO - Original token_logprobs: {'7': -1.1999940872192383, '8': -1.1999940872192383, '5': -1.9499940872192383, '9': -2.1999940872192383, '6': -2.3249940872192383, '4': -4.074994087219238, '0': -4.574994087219238, '1': -4.824994087219238, '3': -5.074994087219238, '2': -6.199994087219238}
2026-03-15 03:06:33,172 - INFO - [Step 16] score 7, accepted!
2026-03-15 03:06:33,172 - INFO - [Step 16] final step_str: Walking speed = s + 2 km/h, total time = 2 hours 24 minutes, which is 2 + 24/60 = 2.4 hours. So, walking time is 2.4 - (t / 60) hours. 
2026-03-15 03:06:33,502 - INFO - Original token_logprobs: {'8': -1.0657007694244385, '7': -1.1907007694244385, '9': -2.0657007694244385, '5': -2.1907007694244385, '6': -2.5657007694244385, '4': -4.440700531005859, '0': -4.815700531005859, '1': -4.815700531005859, '3': -5.565700531005859, '2': -6.565700531005859}
2026-03-15 03:06:33,502 - INFO - [Step 17] score 8, accepted!
2026-03-15 03:06:33,502 - INFO - [Step 17] final step_str: Again, walking time is 9 / (s + 2) hours.
2026-03-15 03:06:33,792 - INFO - Original token_logprobs: {'7': -1.1933069229125977, '8': -1.1933069229125977, '5': -2.0683069229125977, '9': -2.0683069229125977, '6': -2.6933069229125977, '4': -3.6933069229125977, '0': -4.068306922912598, '1': -4.318306922912598, '3': -4.818306922912598, '2': -5.693306922912598}
2026-03-15 03:06:33,792 - INFO - [Step 18] score 7, accepted!
2026-03-15 03:06:33,792 - INFO - [Step 18] final step_str: So, we have two equations:
2026-03-15 03:06:34,230 - INFO - Original token_logprobs: {'8': -0.8505914807319641, '7': -1.1005914211273193, '9': -2.1005914211273193, '6': -2.8505914211273193, '5': -3.1005914211273193, '4': -5.475591659545898, '1': -5.600591659545898, '0': -5.725591659545898, '3': -6.663091659545898, '2': -7.788091659545898}
2026-03-15 03:06:34,230 - INFO - [Step 19] score 8, accepted!
2026-03-15 03:06:34,230 - INFO - [Step 19] final step_str: 1. 9 / s = 4 - (t / 60)
2. 9 / (s + 2) = 2.4 - (t / 60)
2026-03-15 03:06:34,540 - INFO - Original token_logprobs: {'8': -0.8704496026039124, '7': -1.2454495429992676, '9': -1.9954495429992676, '6': -2.6204495429992676, '5': -2.7454495429992676, '4': -4.870449542999268, '1': -5.495449542999268, '0': -5.870449542999268, '3': -5.995449542999268, '2': -7.182949542999268}
2026-03-15 03:06:34,541 - INFO - [Step 20] score 8, accepted!
2026-03-15 03:06:34,541 - INFO - [Step 20] final step_str: We can solve these two equations to find s and t.
2026-03-15 03:06:34,824 - INFO - Original token_logprobs: {'7': -1.10000741481781, '8': -1.35000741481781, '9': -1.97500741481781, '5': -2.1000075340270996, '6': -2.3500075340270996, '4': -3.9750075340270996, '1': -4.6000075340271, '0': -4.7250075340271, '3': -5.1000075340271, '2': -5.9125075340271}
2026-03-15 03:06:34,824 - INFO - [Step 21] score 7, accepted!
2026-03-15 03:06:34,824 - INFO - [Step 21] final step_str: Let me write them down:
2026-03-15 03:06:35,175 - INFO - Original token_logprobs: {'7': -1.3690022230148315, '8': -1.3690022230148315, '5': -1.7440022230148315, '9': -1.9940022230148315, '6': -2.119002342224121, '4': -3.619002342224121, '0': -4.619002342224121, '3': -4.744002342224121, '1': -4.869002342224121, '2': -5.869002342224121}
2026-03-15 03:06:35,176 - INFO - [Step 22] score 7, accepted!
2026-03-15 03:06:35,176 - INFO - [Step 22] final step_str: Equation 1: 9 / s = 4 - (t / 60)
2026-03-15 03:06:35,566 - INFO - Original token_logprobs: {'8': -0.8668801188468933, '7': -1.366880178451538, '9': -1.866880178451538, '5': -2.491880178451538, '6': -2.741880178451538, '4': -4.866879940032959, '0': -5.366879940032959, '1': -5.366879940032959, '3': -5.991879940032959, '2': -7.054379940032959}
2026-03-15 03:06:35,566 - INFO - [Step 23] score 8, accepted!
2026-03-15 03:06:35,566 - INFO - [Step 23] final step_str: Equation 2: 9 / (s + 2) = 2.4 - (t / 60)
2026-03-15 03:06:35,863 - INFO - Original token_logprobs: {'7': -1.206076979637146, '8': -1.456076979637146, '5': -1.831076979637146, '9': -1.956076979637146, '6': -2.4560770988464355, '4': -3.5810770988464355, '0': -3.9560770988464355, '1': -4.4560770988464355, '3': -4.5810770988464355, '2': -5.5185770988464355}
2026-03-15 03:06:35,863 - INFO - [Step 24] score 7, accepted!
2026-03-15 03:06:35,863 - INFO - [Step 24] final step_str: Let me denote Equation 1 as:
2026-03-15 03:06:36,257 - INFO - Original token_logprobs: {'7': -1.0579512119293213, '8': -1.6829512119293213, '5': -1.6829512119293213, '9': -2.1829512119293213, '6': -2.3079512119293213, '4': -3.6829512119293213, '1': -4.307950973510742, '0': -4.432950973510742, '3': -4.557950973510742, '2': -5.432950973510742}
2026-03-15 03:06:36,257 - INFO - [Step 25] score 7, accepted!
2026-03-15 03:06:36,257 - INFO - [Step 25] final step_str: 9 / s = 4 - (t / 60) => 9 / s + t / 60 = 4
2026-03-15 03:06:36,535 - INFO - Original token_logprobs: {'7': -1.1880096197128296, '5': -1.5630096197128296, '8': -1.8130096197128296, '9': -2.063009738922119, '6': -2.438009738922119, '4': -3.313009738922119, '0': -3.563009738922119, '3': -4.063009738922119, '1': -4.188009738922119, '2': -4.938009738922119}
2026-03-15 03:06:36,535 - INFO - [Step 26] score 7, accepted!
2026-03-15 03:06:36,535 - INFO - [Step 26] final step_str: Equation 2:
2026-03-15 03:06:36,979 - INFO - Original token_logprobs: {'7': -1.1824513673782349, '8': -1.1824513673782349, '9': -1.8074513673782349, '5': -2.1824512481689453, '6': -2.5574512481689453, '4': -4.557451248168945, '1': -4.932451248168945, '0': -5.057451248168945, '3': -5.432451248168945, '2': -6.432451248168945}
2026-03-15 03:06:36,979 - INFO - [Step 27] score 7, accepted!
2026-03-15 03:06:36,979 - INFO - [Step 27] final step_str: 9 / (s + 2) = 2.4 - (t / 60) => 9 / (s + 2) + t / 60 = 2.4
2026-03-15 03:06:37,274 - INFO - Original token_logprobs: {'7': -1.1910756826400757, '8': -1.3160756826400757, '9': -1.8160756826400757, '5': -1.9410756826400757, '6': -2.5660758018493652, '4': -4.191075801849365, '0': -4.691075801849365, '1': -4.691075801849365, '3': -5.066075801849365, '2': -6.066075801849365}
2026-03-15 03:06:37,274 - INFO - [Step 28] score 7, accepted!
2026-03-15 03:06:37,274 - INFO - [Step 28] final step_str: So now, we have two equations:
2026-03-15 03:06:37,687 - INFO - Original token_logprobs: {'8': -0.8631691336631775, '7': -1.2381691932678223, '9': -1.8631691932678223, '5': -2.8631691932678223, '6': -2.8631691932678223, '4': -5.238169193267822, '1': -5.363169193267822, '0': -5.613169193267822, '3': -6.113169193267822, '2': -7.238169193267822}
2026-03-15 03:06:37,687 - INFO - [Step 29] score 8, accepted!
2026-03-15 03:06:37,687 - INFO - [Step 29] final step_str: 1. 9/s + t/60 = 4
2. 9/(s + 2) + t/60 = 2.4
2026-03-15 03:06:37,999 - INFO - Original token_logprobs: {'7': -1.1086430549621582, '8': -1.6086430549621582, '9': -1.7336430549621582, '5': -2.108643054962158, '6': -2.858643054962158, '0': -3.358643054962158, '4': -3.608643054962158, '1': -3.858643054962158, '3': -3.983643054962158, '2': -4.733643054962158}
2026-03-15 03:06:38,000 - INFO - [Step 30] score 7, accepted!
2026-03-15 03:06:38,000 - INFO - [Step 30] final step_str: Let me subtract equation 2 from equation 1:
2026-03-15 03:06:38,408 - INFO - Original token_logprobs: {'7': -1.111201524734497, '8': -1.361201524734497, '9': -1.486201524734497, '5': -2.486201524734497, '6': -2.736201524734497, '1': -4.486201286315918, '4': -4.486201286315918, '0': -4.986201286315918, '3': -5.236201286315918, '2': -6.236201286315918}
2026-03-15 03:06:38,408 - INFO - [Step 31] score 7, accepted!
2026-03-15 03:06:38,408 - INFO - [Step 31] final step_str: [9/s + t/60] - [9/(s + 2) + t/60] = 4 - 2.4
2026-03-15 03:06:38,677 - INFO - Original token_logprobs: {'7': -1.2464405298233032, '9': -1.3714405298233032, '8': -1.6214405298233032, '5': -2.1214404106140137, '6': -2.7464404106140137, '0': -3.8714404106140137, '4': -3.8714404106140137, '1': -4.246440410614014, '3': -4.371440410614014, '2': -5.371440410614014}
2026-03-15 03:06:38,678 - INFO - [Step 32] score 7, accepted!
2026-03-15 03:06:38,678 - INFO - [Step 32] final step_str: Simplify:
2026-03-15 03:06:39,020 - INFO - Original token_logprobs: {'8': -1.1639472246170044, '7': -1.2889472246170044, '9': -1.5389472246170044, '5': -2.413947105407715, '6': -2.538947105407715, '1': -4.663947105407715, '4': -4.663947105407715, '3': -5.788947105407715, '0': -5.913947105407715, '2': -6.913947105407715}
2026-03-15 03:06:39,020 - INFO - [Step 33] score 8, accepted!
2026-03-15 03:06:39,020 - INFO - [Step 33] final step_str: 9/s - 9/(s + 2) = 1.6
2026-03-15 03:06:39,302 - INFO - Original token_logprobs: {'7': -1.238741159439087, '9': -1.488741159439087, '8': -1.613741159439087, '5': -1.863741159439087, '6': -2.613741159439087, '4': -3.988741159439087, '0': -4.363740921020508, '1': -4.488740921020508, '3': -4.863740921020508, '2': -6.051240921020508}
2026-03-15 03:06:39,302 - INFO - [Step 34] score 7, accepted!
2026-03-15 03:06:39,302 - INFO - [Step 34] final step_str: Factor out 9:
2026-03-15 03:06:39,652 - INFO - Original token_logprobs: {'7': -1.0868998765945435, '8': -1.0868998765945435, '9': -1.9618998765945435, '5': -2.461899757385254, '6': -2.586899757385254, '4': -4.836899757385254, '1': -4.961899757385254, '0': -5.836899757385254, '3': -6.086899757385254, '2': -7.211899757385254}
2026-03-15 03:06:39,652 - INFO - [Step 35] score 7, accepted!
2026-03-15 03:06:39,652 - INFO - [Step 35] final step_str: 9[1/s - 1/(s + 2)] = 1.6
2026-03-15 03:06:39,978 - INFO - Original token_logprobs: {'7': -1.0978425741195679, '8': -1.3478425741195679, '9': -1.7228425741195679, '5': -2.2228426933288574, '6': -2.5978426933288574, '4': -4.347842693328857, '0': -4.597842693328857, '1': -4.597842693328857, '3': -5.097842693328857, '2': -6.222842693328857}
2026-03-15 03:06:39,978 - INFO - [Step 36] score 7, accepted!
2026-03-15 03:06:39,979 - INFO - [Step 36] final step_str: Compute 1/s - 1/(s + 2):
2026-03-15 03:06:40,369 - INFO - Original token_logprobs: {'7': -1.0981870889663696, '8': -1.0981870889663696, '9': -1.9731870889663696, '5': -2.34818696975708, '6': -2.59818696975708, '1': -4.84818696975708, '4': -4.97318696975708, '0': -5.97318696975708, '3': -6.03568696975708, '2': -7.03568696975708}
2026-03-15 03:06:40,369 - INFO - [Step 37] score 7, accepted!
2026-03-15 03:06:40,369 - INFO - [Step 37] final step_str: = (s + 2 - s) / [s(s + 2)] = 2 / [s(s + 2)]
2026-03-15 03:06:40,729 - INFO - Original token_logprobs: {'8': -0.9511719942092896, '7': -1.0761719942092896, '9': -2.201171875, '6': -2.576171875, '5': -2.701171875, '1': -5.076171875, '4': -5.326171875, '0': -6.138671875, '3': -6.451171875, '2': -7.263671875}
2026-03-15 03:06:40,729 - INFO - [Step 38] score 8, accepted!
2026-03-15 03:06:40,729 - INFO - [Step 38] final step_str: So, 9 * [2 / (s(s + 2))] = 1.6
2026-03-15 03:06:41,081 - INFO - Original token_logprobs: {'8': -0.9567825794219971, '7': -1.081782579421997, '9': -2.081782579421997, '6': -2.581782579421997, '5': -2.831782579421997, '1': -5.206782341003418, '4': -5.331782341003418, '0': -6.206782341003418, '3': -6.456782341003418, ' ': -7.331782341003418}
2026-03-15 03:06:41,081 - INFO - [Step 39] score 8, accepted!
2026-03-15 03:06:41,081 - INFO - [Step 39] final step_str: So, 18 / [s(s + 2)] = 1.6
2026-03-15 03:06:41,374 - INFO - Original token_logprobs: {'7': -1.036773681640625, '8': -1.286773681640625, '9': -1.911773681640625, '5': -2.286773681640625, '6': -2.411773681640625, '4': -4.536773681640625, '1': -5.036773681640625, '0': -5.286773681640625, '3': -5.661773681640625, '2': -6.911773681640625}
2026-03-15 03:06:41,374 - INFO - [Step 40] score 7, accepted!
2026-03-15 03:06:41,374 - INFO - [Step 40] final step_str: Let me write that as:
2026-03-15 03:06:41,711 - INFO - Original token_logprobs: {'7': -1.0567923784255981, '8': -1.0567923784255981, '9': -2.0567922592163086, '6': -2.4317922592163086, '5': -2.6817922592163086, '1': -5.056792259216309, '4': -5.056792259216309, '0': -6.056792259216309, '3': -6.306792259216309, ' ': -7.056792259216309}
2026-03-15 03:06:41,712 - INFO - [Step 41] score 7, accepted!
2026-03-15 03:06:41,712 - INFO - [Step 41] final step_str: 18 / [s(s + 2)] = 1.6
2026-03-15 03:06:42,023 - INFO - Original token_logprobs: {'7': -1.1510766744613647, '8': -1.2760766744613647, '9': -2.0260767936706543, '5': -2.1510767936706543, '6': -2.1510767936706543, '4': -4.151076793670654, '1': -4.776076793670654, '0': -5.213576793670654, '3': -5.338576793670654, '2': -6.401076793670654}
2026-03-15 03:06:42,023 - INFO - [Step 42] score 7, accepted!
2026-03-15 03:06:42,023 - INFO - [Step 42] final step_str: Multiply both sides by s(s + 2):
2026-03-15 03:06:42,349 - INFO - Original token_logprobs: {'7': -0.9350637197494507, '8': -1.1850637197494507, '9': -2.1850638389587402, '6': -2.3100638389587402, '5': -2.6850638389587402, '4': -4.93506383895874, '1': -5.18506383895874, '0': -5.81006383895874, '3': -6.18506383895874, ' ': -7.06006383895874}
2026-03-15 03:06:42,349 - INFO - [Step 43] score 7, accepted!
2026-03-15 03:06:42,349 - INFO - [Step 43] final step_str: 18 = 1.6 s(s + 2)
2026-03-15 03:06:42,661 - INFO - Original token_logprobs: {'7': -0.9630984663963318, '8': -1.5880985260009766, '6': -1.9630985260009766, '5': -2.0880985260009766, '9': -2.3380985260009766, '4': -3.8380985260009766, '3': -4.713098526000977, '1': -4.838098526000977, '0': -4.838098526000977, '2': -5.775598526000977}
2026-03-15 03:06:42,661 - INFO - [Step 44] score 7, accepted!
2026-03-15 03:06:42,661 - INFO - [Step 44] final step_str: Divide both sides by 1.6:
2026-03-15 03:06:42,993 - INFO - Original token_logprobs: {'7': -0.9096899032592773, '8': -1.4096899032592773, '6': -2.0346899032592773, '9': -2.2846899032592773, '5': -2.4096899032592773, '4': -4.659689903259277, '1': -4.909689903259277, '0': -5.159689903259277, '3': -5.784689903259277, '2': -6.534689903259277}
2026-03-15 03:06:42,993 - INFO - [Step 45] score 7, accepted!
2026-03-15 03:06:42,993 - INFO - [Step 45] final step_str: 18 / 1.6 = s(s + 2)
2026-03-15 03:06:43,306 - INFO - Original token_logprobs: {'7': -0.9753241539001465, '8': -1.4753241539001465, '9': -2.1003241539001465, '5': -2.2253241539001465, '6': -2.2253241539001465, '4': -3.9753241539001465, '0': -4.6003241539001465, '1': -4.6003241539001465, '3': -4.7253241539001465, '2': -5.6628241539001465}
2026-03-15 03:06:43,306 - INFO - [Step 46] score 7, accepted!
2026-03-15 03:06:43,306 - INFO - [Step 46] final step_str: Calculate 18 / 1.6:
2026-03-15 03:06:43,809 - INFO - Original token_logprobs: {'7': -1.0148080587387085, '9': -1.6398080587387085, '8': -1.6398080587387085, '5': -2.264808177947998, '6': -2.389808177947998, '4': -4.014808177947998, '0': -4.389808177947998, '1': -4.639808177947998, '3': -5.014808177947998, '2': -5.889808177947998}
2026-03-15 03:06:43,809 - INFO - [Step 47] score 7, accepted!
2026-03-15 03:06:43,810 - INFO - [Step 47] final step_str: 18 divided by 1.6: 1.6 goes into 18 how many times? 1.6*11=17.6, 1.6*11.25=18. So 11.25.
2026-03-15 03:06:44,149 - INFO - Original token_logprobs: {'7': -0.9381601214408875, '8': -1.5631601810455322, '9': -2.0631601810455322, '5': -2.1881601810455322, '6': -2.1881601810455322, '4': -4.063159942626953, '0': -4.563159942626953, '1': -4.813159942626953, '3': -5.063159942626953, '2': -6.188159942626953}
2026-03-15 03:06:44,149 - INFO - [Step 48] score 7, accepted!
2026-03-15 03:06:44,149 - INFO - [Step 48] final step_str: So, 11.25 = s(s + 2)
2026-03-15 03:06:44,440 - INFO - Original token_logprobs: {'7': -1.0085781812667847, '8': -1.5085781812667847, '9': -1.8835781812667847, '5': -2.133578300476074, '6': -2.383578300476074, '4': -4.258578300476074, '0': -4.383578300476074, '1': -4.383578300476074, '3': -5.133578300476074, '2': -6.321078300476074}
2026-03-15 03:06:44,440 - INFO - [Step 49] score 7, accepted!
2026-03-15 03:06:44,441 - INFO - [Step 49] final step_str: Which is a quadratic equation:
2026-03-15 03:06:44,793 - INFO - Original token_logprobs: {'7': -0.897266149520874, '8': -1.397266149520874, '6': -2.147266149520874, '9': -2.272266149520874, '5': -2.397266149520874, '4': -4.397266387939453, '0': -4.897266387939453, '1': -5.147266387939453, '3': -5.647266387939453, ' ': -6.772266387939453}
2026-03-15 03:06:44,794 - INFO - [Step 50] score 7, accepted!
2026-03-15 03:06:44,794 - INFO - [Step 50] final step_str: s^2 + 2s - 11.25 = 0
2026-03-15 03:06:45,090 - INFO - Original token_logprobs: {'7': -0.982553243637085, '8': -1.482553243637085, '9': -1.982553243637085, '5': -2.232553243637085, '6': -2.232553243637085, '4': -4.107553482055664, '0': -4.482553482055664, '1': -4.982553482055664, '3': -5.107553482055664, '2': -6.357553482055664}
2026-03-15 03:06:45,090 - INFO - [Step 51] score 7, accepted!
2026-03-15 03:06:45,090 - INFO - [Step 51] final step_str: Let me write it as:
2026-03-15 03:06:45,444 - INFO - Original token_logprobs: {'7': -0.9626275897026062, '8': -1.337627649307251, '6': -2.087627649307251, '9': -2.212627649307251, '5': -2.462627649307251, '4': -4.212627410888672, '0': -4.962627410888672, '1': -5.212627410888672, '3': -5.337627410888672, '2': -6.650127410888672}
2026-03-15 03:06:45,444 - INFO - [Step 52] score 7, accepted!
2026-03-15 03:06:45,444 - INFO - [Step 52] final step_str: s^2 + 2s - 11.25 = 0
2026-03-15 03:06:45,753 - INFO - Original token_logprobs: {'7': -1.103503942489624, '8': -1.353503942489624, '9': -1.728503942489624, '5': -2.353503942489624, '6': -2.353503942489624, '4': -4.353504180908203, '0': -4.478504180908203, '1': -4.978504180908203, '3': -5.228504180908203, '2': -6.416004180908203}
2026-03-15 03:06:45,754 - INFO - [Step 53] score 7, accepted!
2026-03-15 03:06:45,754 - INFO - [Step 53] final step_str: To solve for s, use quadratic formula:
2026-03-15 03:06:46,098 - INFO - Original token_logprobs: {'7': -1.2118606567382812, '5': -1.7118606567382812, '6': -1.8368606567382812, '8': -1.8368606567382812, '9': -2.4618606567382812, '4': -2.9618606567382812, '3': -3.5868606567382812, '0': -4.211860656738281, '1': -4.586860656738281, '2': -4.711860656738281}
2026-03-15 03:06:46,098 - INFO - [Step 54] score 7, accepted!
2026-03-15 03:06:46,098 - INFO - [Step 54] final step_str: s = [-2 ± sqrt(4 + 45)] / 2
2026-03-15 03:06:46,470 - INFO - Original token_logprobs: {'7': -0.9908318519592285, '8': -1.4908318519592285, '9': -1.7408318519592285, '6': -2.2408318519592285, '5': -2.4908318519592285, '4': -4.3658318519592285, '0': -4.8658318519592285, '1': -4.9908318519592285, '3': -5.6158318519592285, ' ': -6.1783318519592285}
2026-03-15 03:06:46,471 - INFO - [Step 55] score 7, accepted!
2026-03-15 03:06:46,471 - INFO - [Step 55] final step_str: Because discriminant is b^2 - 4ac = 4 + 45 = 49
2026-03-15 03:06:46,784 - INFO - Original token_logprobs: {'7': -1.0282961130142212, '8': -1.5282961130142212, '9': -1.6532961130142212, '6': -2.2782959938049316, '5': -2.4032959938049316, '4': -4.278295993804932, '0': -4.653295993804932, '1': -5.028295993804932, '3': -5.403295993804932, '2': -6.528295993804932}
2026-03-15 03:06:46,785 - INFO - [Step 56] score 7, accepted!
2026-03-15 03:06:46,785 - INFO - [Step 56] final step_str: So sqrt(49) = 7
2026-03-15 03:06:47,064 - INFO - Original token_logprobs: {'7': -0.9537086486816406, '8': -1.4537086486816406, '9': -1.8287086486816406, '6': -2.3287086486816406, '5': -2.4537086486816406, '4': -4.328708648681641, '0': -4.953708648681641, '1': -5.203708648681641, '3': -5.328708648681641, '2': -6.578708648681641}
2026-03-15 03:06:47,064 - INFO - [Step 57] score 7, accepted!
2026-03-15 03:06:47,064 - INFO - [Step 57] final step_str: Thus,
2026-03-15 03:06:47,393 - INFO - Original token_logprobs: {'7': -0.9350414872169495, '8': -1.4350414276123047, '9': -1.9350414276123047, '6': -2.1850414276123047, '5': -2.5600414276123047, '4': -4.435041427612305, '0': -4.935041427612305, '1': -5.185041427612305, '3': -5.560041427612305, ' ': -6.497541427612305}
2026-03-15 03:06:47,394 - INFO - [Step 58] score 7, accepted!
2026-03-15 03:06:47,394 - INFO - [Step 58] final step_str: s = [-2 ± 7] / 2
2026-03-15 03:06:47,723 - INFO - Original token_logprobs: {'7': -0.9005707502365112, '8': -1.5255707502365112, '6': -2.025570869445801, '9': -2.025570869445801, '5': -2.525570869445801, '4': -4.525570869445801, '1': -5.025570869445801, '0': -5.275570869445801, '3': -5.525570869445801, ' ': -6.588070869445801}
2026-03-15 03:06:47,723 - INFO - [Step 59] score 7, accepted!
2026-03-15 03:06:47,723 - INFO - [Step 59] final step_str: We can discard the negative solution since speed can't be negative.
2026-03-15 03:06:47,994 - INFO - Original token_logprobs: {'7': -1.0450961589813232, '8': -1.2950961589813232, '9': -1.7950961589813232, '5': -2.4200961589813232, '6': -2.4200961589813232, '4': -4.545096397399902, '1': -5.170096397399902, '0': -5.295096397399902, '3': -5.545096397399902, '2': -6.857596397399902}
2026-03-15 03:06:47,994 - INFO - [Step 60] score 7, accepted!
2026-03-15 03:06:47,994 - INFO - [Step 60] final step_str: So,
2026-03-15 03:06:48,364 - INFO - Original token_logprobs: {'7': -0.9460848569869995, '8': -1.5710848569869995, '6': -1.9460848569869995, '9': -2.071084976196289, '5': -2.321084976196289, '4': -4.321084976196289, '1': -4.946084976196289, '0': -5.196084976196289, '3': -5.446084976196289, '2': -6.383584976196289}
2026-03-15 03:06:48,364 - INFO - [Step 61] score 7, accepted!
2026-03-15 03:06:48,364 - INFO - [Step 61] final step_str: s = (-2 + 7)/2 = 5/2 = 2.5 km/h
2026-03-15 03:06:48,696 - INFO - Original token_logprobs: {'7': -1.0037254095077515, '8': -1.3787254095077515, '9': -1.8787254095077515, '6': -2.253725528717041, '5': -2.503725528717041, '4': -4.253725528717041, '1': -4.878725528717041, '0': -5.003725528717041, '3': -5.128725528717041, '2': -6.191225528717041}
2026-03-15 03:06:48,696 - INFO - [Step 62] score 7, accepted!
2026-03-15 03:06:48,696 - INFO - [Step 62] final step_str: Wait, 2.5 km/h? Let me check.
2026-03-15 03:06:49,301 - INFO - Original token_logprobs: {'7': -1.0475839376449585, '5': -1.6725839376449585, '6': -1.9225839376449585, '8': -2.172584056854248, '9': -2.297584056854248, '4': -3.297584056854248, '0': -3.922584056854248, '3': -3.922584056854248, '1': -4.297584056854248, '2': -5.047584056854248}
2026-03-15 03:06:49,301 - INFO - [Step 63] score 7, accepted!
2026-03-15 03:06:49,301 - INFO - [Step 63] final step_str: Wait, s is 2.5 km/h, then in the first scenario, walking time is 9 / 2.5 = 3.6 hours. So walking time is 3.6 hours, and t is 4 - 3.6 = 0.4 hours. But 0.4 hours is 24 minutes. So t = 24 minutes.
2026-03-15 03:06:49,626 - INFO - Original token_logprobs: {'7': -1.205517292022705, '8': -1.455517292022705, '9': -1.830517292022705, '5': -1.955517292022705, '6': -2.330517292022705, '4': -3.705517292022705, '0': -4.330517292022705, '3': -4.580517292022705, '1': -4.580517292022705, '2': -5.830517292022705}
2026-03-15 03:06:49,626 - INFO - [Step 64] score 7, accepted!
2026-03-15 03:06:49,626 - INFO - [Step 64] final step_str: Wait, let's check this with the second scenario.
2026-03-15 03:06:49,968 - INFO - Original token_logprobs: {'7': -1.261716604232788, '5': -1.511716604232788, '8': -1.886716604232788, '6': -2.011716604232788, '9': -2.136716604232788, '4': -3.261716604232788, '0': -4.011716842651367, '3': -4.261716842651367, '1': -4.386716842651367, '2': -5.636716842651367}
2026-03-15 03:06:49,969 - INFO - [Step 65] score 7, accepted!
2026-03-15 03:06:49,969 - INFO - [Step 65] final step_str: Walking speed is s + 2 = 4.5 km/h.
2026-03-15 03:06:50,436 - INFO - Original token_logprobs: {'7': -1.41883385181427, '9': -1.54383385181427, '8': -1.54383385181427, '5': -1.79383385181427, '6': -2.2938337326049805, '4': -3.6688337326049805, '1': -4.5438337326049805, '3': -4.6688337326049805, '0': -4.6688337326049805, '2': -5.7313337326049805}
2026-03-15 03:06:50,436 - INFO - [Step 66] score 7, accepted!
2026-03-15 03:06:50,437 - INFO - [Step 66] final step_str: Walking time is 9 / 4.5 = 2 hours. Then total time is 2.4 hours, which is 2 hours 24 minutes. So t is 24 minutes. Which matches.
2026-03-15 03:06:50,793 - INFO - Original token_logprobs: {'7': -1.1564024686813354, '8': -1.2814024686813354, '9': -1.7814024686813354, '5': -2.281402587890625, '6': -2.281402587890625, '4': -4.281402587890625, '1': -5.031402587890625, '0': -5.343902587890625, '3': -5.593902587890625, '2': -6.593902587890625}
2026-03-15 03:06:50,793 - INFO - [Step 67] score 7, accepted!
2026-03-15 03:06:50,793 - INFO - [Step 67] final step_str: So, s = 2.5 km/h, t = 24 minutes.
2026-03-15 03:06:51,189 - INFO - Original token_logprobs: {'7': -1.2781412601470947, '9': -1.5281412601470947, '8': -1.5281412601470947, '5': -2.0281412601470947, '6': -2.4031412601470947, '4': -3.9031412601470947, '0': -4.278141021728516, '1': -4.403141021728516, '3': -4.653141021728516, '2': -5.590641021728516}
2026-03-15 03:06:51,190 - INFO - [Step 68] score 7, accepted!
2026-03-15 03:06:51,190 - INFO - [Step 68] final step_str: So, when Aya walks at s + 1/2 = 2.5 + 0.5 = 3 km/h.
2026-03-15 03:06:51,529 - INFO - Original token_logprobs: {'8': -1.3180124759674072, '9': -1.3180124759674072, '7': -1.4430124759674072, '5': -2.3180124759674072, '6': -2.5680124759674072, '4': -4.193012237548828, '1': -4.443012237548828, '3': -4.818012237548828, '0': -4.818012237548828, '2': -5.630512237548828}
2026-03-15 03:06:51,530 - INFO - [Step 69] score 8, accepted!
2026-03-15 03:06:51,530 - INFO - [Step 69] final step_str: We need to find the total time, which is walking time + t.
2026-03-15 03:06:51,863 - INFO - Original token_logprobs: {'7': -1.358624815940857, '9': -1.358624815940857, '8': -1.483624815940857, '5': -2.2336249351501465, '6': -2.4836249351501465, '4': -3.9836249351501465, '0': -4.2336249351501465, '1': -4.3586249351501465, '3': -4.4836249351501465, '2': -5.2961249351501465}
2026-03-15 03:06:51,863 - INFO - [Step 70] score 7, accepted!
2026-03-15 03:06:51,863 - INFO - [Step 70] final step_str: Walking time is 9 / 3 = 3 hours.
2026-03-15 03:06:52,167 - INFO - Original token_logprobs: {'7': -1.293102502822876, '8': -1.418102502822876, '9': -1.543102502822876, '5': -2.168102502822876, '6': -2.293102502822876, '4': -4.168102264404297, '1': -4.543102264404297, '3': -4.668102264404297, '0': -4.668102264404297, '2': -5.543102264404297}
2026-03-15 03:06:52,168 - INFO - [Step 71] score 7, accepted!
2026-03-15 03:06:52,168 - INFO - [Step 71] final step_str: t is 24 minutes.
2026-03-15 03:06:52,604 - INFO - Original token_logprobs: {'7': -1.239234447479248, '8': -1.239234447479248, '9': -1.364234447479248, '5': -2.614234447479248, '6': -2.864234447479248, '1': -4.489234447479248, '4': -4.739234447479248, '3': -5.364234447479248, '0': -5.614234447479248, '2': -6.176734447479248}
2026-03-15 03:06:52,604 - INFO - [Step 72] score 7, accepted!
2026-03-15 03:06:52,604 - INFO - [Step 72] final step_str: So total time is 3 hours + 24 minutes = 3*60 + 24 = 180 + 24 = 204 minutes.
2026-03-15 03:06:52,897 - INFO - Original token_logprobs: {'9': -0.9783477783203125, '8': -1.1033477783203125, '7': -1.8533477783203125, '5': -2.7283477783203125, '6': -3.3533477783203125, '1': -4.4783477783203125, '4': -4.8533477783203125, '3': -5.3533477783203125, '0': -5.6658477783203125, '2': -6.1658477783203125}
2026-03-15 03:06:52,897 - INFO - [Step 73] score 9, accepted!
2026-03-15 03:06:52,898 - INFO - [Step 73] final step_str: But let me confirm.
2026-03-15 03:06:53,262 - INFO - Original token_logprobs: {'8': -1.0803210735321045, '9': -1.0803210735321045, '7': -1.7053210735321045, '5': -2.7053210735321045, '6': -3.3303210735321045, '1': -4.455321311950684, '4': -4.705321311950684, '3': -5.205321311950684, '0': -5.705321311950684, '2': -5.955321311950684}
2026-03-15 03:06:53,262 - INFO - [Step 74] score 8, accepted!
2026-03-15 03:06:53,262 - INFO - [Step 74] final step_str: Wait, s is 2.5, so s + 0.5 is 3.
2026-03-15 03:06:53,598 - INFO - Original token_logprobs: {'8': -1.148413896560669, '9': -1.148413896560669, '7': -1.648413896560669, '5': -2.398413896560669, '6': -3.148413896560669, '1': -4.39841365814209, '4': -4.52341365814209, '3': -5.14841365814209, '0': -5.52341365814209, '2': -6.02341365814209}
2026-03-15 03:06:53,598 - INFO - [Step 75] score 8, accepted!
2026-03-15 03:06:53,599 - INFO - [Step 75] final step_str: Walking time is 9 / 3 = 3 hours.
2026-03-15 03:06:54,003 - INFO - Original token_logprobs: {'8': -1.1036474704742432, '9': -1.3536474704742432, '7': -1.3536474704742432, '5': -2.603647470474243, '6': -3.103647470474243, '1': -4.478647232055664, '4': -4.853647232055664, '3': -5.353647232055664, '0': -5.728647232055664, '2': -6.166147232055664}
2026-03-15 03:06:54,004 - INFO - [Step 76] score 8, accepted!
2026-03-15 03:06:54,004 - INFO - [Step 76] final step_str: Plus t = 24 minutes, so 3 hours is 180 minutes, plus 24 is 204 minutes.
2026-03-15 03:06:54,319 - INFO - Original token_logprobs: {'8': -1.0089212656021118, '9': -1.3839212656021118, '7': -1.3839212656021118, '5': -2.7589211463928223, '6': -3.1339211463928223, '1': -4.633921146392822, '4': -5.133921146392822, '3': -5.633921146392822, '0': -6.071421146392822, '2': -6.383921146392822}
2026-03-15 03:06:54,320 - INFO - [Step 77] score 8, accepted!
2026-03-15 03:06:54,320 - INFO - [Step 77] final step_str: Alternatively, let me compute it another way.
2026-03-15 03:06:54,993 - INFO - Original token_logprobs: {'8': -1.0738966464996338, '7': -1.3238966464996338, '9': -1.5738966464996338, '5': -2.448896646499634, '6': -2.698896646499634, '1': -4.448896408081055, '4': -4.948896408081055, '0': -5.698896408081055, '3': -5.761396408081055, '2': -6.448896408081055}
2026-03-15 03:06:54,993 - INFO - [Step 78] score 8, accepted!
2026-03-15 03:06:54,993 - INFO - [Step 78] final step_str: Alternatively, since in the first case, walking speed s = 2.5 km/h, total time 4 hours, which is 240 minutes. Coffee shop time t = 24 minutes, so walking time is 240 - 24 = 216 minutes. Wait, 216 minutes is 3.6 hours, which is correct, since 9 km / 2.5 km/h = 3.6 hours.
2026-03-15 03:06:55,517 - INFO - Original token_logprobs: {'8': -0.9309971928596497, '9': -1.4309971332550049, '7': -1.4309971332550049, '5': -2.930997133255005, '6': -3.055997133255005, '1': -4.555997371673584, '4': -5.180997371673584, '3': -5.805997371673584, '0': -5.805997371673584, '2': -6.493497371673584}
2026-03-15 03:06:55,517 - INFO - [Step 79] score 8, accepted!
2026-03-15 03:06:55,517 - INFO - [Step 79] final step_str: Similarly, in the second case, walking speed 4.5 km/h, walking time is 9 / 4.5 = 2 hours = 120 minutes, plus 24 minutes is 144 minutes, which is 2.4 hours. Correct.
2026-03-15 03:06:55,994 - INFO - Original token_logprobs: {'8': -1.0926671028137207, '9': -1.3426671028137207, '7': -1.3426671028137207, '5': -2.7176671028137207, '6': -3.0926671028137207, '1': -4.342667102813721, '4': -5.092667102813721, '3': -5.655167102813721, '0': -6.030167102813721, '2': -6.342667102813721}
2026-03-15 03:06:55,995 - INFO - [Step 80] score 8, accepted!
2026-03-15 03:06:55,995 - INFO - [Step 80] final step_str: So, when she walks at 3 km/h, walking time is 9 / 3 = 3 hours = 180 minutes, plus t = 24 minutes, so total 204 minutes.
2026-03-15 03:06:56,327 - INFO - Original token_logprobs: {'8': -1.111790418624878, '9': -1.111790418624878, '7': -1.486790418624878, '5': -2.986790418624878, '6': -3.361790418624878, '1': -4.361790657043457, '4': -5.111790657043457, '3': -5.611790657043457, '0': -6.174290657043457, '2': -6.236790657043457}
2026-03-15 03:06:56,327 - INFO - [Step 81] score 8, accepted!
2026-03-15 03:06:56,327 - INFO - [Step 81] final step_str: Thus, the answer is 204 minutes.
2026-03-15 03:06:56,710 - INFO - Original token_logprobs: {'8': -0.9529675245285034, '9': -0.9529675245285034, '7': -1.9529675245285034, '5': -3.327967643737793, '6': -3.702967643737793, '1': -4.452967643737793, '4': -5.515467643737793, '3': -5.952967643737793, '0': -6.140467643737793, '2': -6.640467643737793}
2026-03-15 03:06:56,710 - INFO - [Step 82] score 8, accepted!
2026-03-15 03:06:56,710 - INFO - [Step 82] final step_str: Wait, but let me double-check my calculations because sometimes when we have equations, we might make a mistake.
2026-03-15 03:06:57,027 - INFO - Original token_logprobs: {'8': -0.7465240359306335, '9': -1.1215240955352783, '7': -1.9965240955352783, '5': -3.7465240955352783, '6': -3.9965240955352783, '1': -4.496523857116699, '4': -5.934023857116699, '0': -5.996523857116699, '3': -6.496523857116699, '2': -7.059023857116699}
2026-03-15 03:06:57,027 - INFO - [Step 83] score 8, accepted!
2026-03-15 03:06:57,027 - INFO - [Step 83] final step_str: So, starting from the two equations:
2026-03-15 03:06:57,372 - INFO - Original token_logprobs: {'9': -0.7776548862457275, '8': -1.2776548862457275, '7': -2.0276548862457275, '5': -2.7776548862457275, '6': -3.5276548862457275, '1': -4.402654647827148, '4': -4.902654647827148, '0': -5.152654647827148, '3': -5.402654647827148, '2': -6.402654647827148}
2026-03-15 03:06:57,372 - INFO - [Step 84] score 9, accepted!
2026-03-15 03:06:57,372 - INFO - [Step 84] final step_str: 1. 9/s + t/60 = 4
2026-03-15 03:06:57,747 - INFO - Original token_logprobs: {'9': -0.8526681661605835, '8': -0.9776681661605835, '7': -2.102668285369873, '5': -3.477668285369873, '6': -3.727668285369873, '1': -4.977668285369873, '4': -5.602668285369873, '0': -5.852668285369873, '3': -6.102668285369873, ' ': -6.977668285369873}
2026-03-15 03:06:57,748 - INFO - [Step 85] score 9, accepted!
2026-03-15 03:06:57,748 - INFO - [Step 85] final step_str: 2. 9/(s + 2) + t/60 = 2.4
2026-03-15 03:06:58,079 - INFO - Original token_logprobs: {'9': -0.6564427018165588, '8': -1.281442642211914, '7': -2.156442642211914, '5': -3.281442642211914, '6': -3.656442642211914, '1': -4.906442642211914, '4': -5.281442642211914, '0': -5.406442642211914, '3': -5.906442642211914, '2': -6.906442642211914}
2026-03-15 03:06:58,080 - INFO - [Step 86] score 9, accepted!
2026-03-15 03:06:58,080 - INFO - [Step 86] final step_str: Subtracting equation 2 from equation 1:
2026-03-15 03:06:58,441 - INFO - Original token_logprobs: {'8': -0.9848488569259644, '9': -1.1098488569259644, '7': -1.7348488569259644, '6': -2.984848976135254, '5': -3.109848976135254, '1': -4.984848976135254, '4': -4.984848976135254, '3': -5.609848976135254, '0': -5.984848976135254, '2': -6.672348976135254}
2026-03-15 03:06:58,441 - INFO - [Step 87] score 8, accepted!
2026-03-15 03:06:58,441 - INFO - [Step 87] final step_str: 9/s - 9/(s + 2) = 1.6
2026-03-15 03:06:58,744 - INFO - Original token_logprobs: {'8': -1.1202540397644043, '9': -1.2452540397644043, '7': -1.4952540397644043, '5': -2.6202540397644043, '6': -2.8702540397644043, '1': -4.620254039764404, '4': -4.745254039764404, '0': -5.370254039764404, '3': -5.620254039764404, '2': -6.620254039764404}
2026-03-15 03:06:58,745 - INFO - [Step 88] score 8, accepted!
2026-03-15 03:06:58,745 - INFO - [Step 88] final step_str: Factor out 9:
2026-03-15 03:06:59,113 - INFO - Original token_logprobs: {'8': -0.9575064182281494, '9': -1.2075064182281494, '7': -1.7075064182281494, '5': -2.9575064182281494, '6': -2.9575064182281494, '1': -4.58250617980957, '4': -4.83250617980957, '3': -5.45750617980957, '0': -5.45750617980957, '2': -6.52000617980957}
2026-03-15 03:06:59,113 - INFO - [Step 89] score 8, accepted!
2026-03-15 03:06:59,113 - INFO - [Step 89] final step_str: 9[1/s - 1/(s + 2)] = 1.6
2026-03-15 03:06:59,458 - INFO - Original token_logprobs: {'9': -1.000806212425232, '8': -1.125806212425232, '7': -1.750806212425232, '5': -2.7508063316345215, '6': -3.1258063316345215, '1': -5.0008063316345215, '4': -5.0008063316345215, '0': -5.3758063316345215, '3': -5.6258063316345215, '2': -6.8133063316345215}
2026-03-15 03:06:59,458 - INFO - [Step 90] score 9, accepted!
2026-03-15 03:06:59,459 - INFO - [Step 90] final step_str: Compute 1/s - 1/(s + 2):
2026-03-15 03:06:59,866 - INFO - Original token_logprobs: {'8': -0.9016205668449402, '9': -1.151620626449585, '7': -1.776620626449585, '5': -3.026620626449585, '6': -3.276620626449585, '1': -4.901620388031006, '4': -5.276620388031006, '3': -5.901620388031006, '0': -5.901620388031006, '2': -6.839120388031006}
2026-03-15 03:06:59,866 - INFO - [Step 91] score 8, accepted!
2026-03-15 03:06:59,866 - INFO - [Step 91] final step_str: = (s + 2 - s) / [s(s + 2)] = 2 / [s(s + 2)]
2026-03-15 03:07:00,237 - INFO - Original token_logprobs: {'8': -0.9299864768981934, '9': -1.3049864768981934, '7': -1.5549864768981934, '5': -2.9299864768981934, '6': -3.0549864768981934, '1': -4.929986476898193, '4': -5.179986476898193, '3': -5.929986476898193, '0': -5.929986476898193, '2': -6.804986476898193}
2026-03-15 03:07:00,237 - INFO - [Step 92] score 8, accepted!
2026-03-15 03:07:00,237 - INFO - [Step 92] final step_str: So, 9*(2 / [s(s + 2)]) = 1.6
2026-03-15 03:07:00,566 - INFO - Original token_logprobs: {'8': -1.0447566509246826, '9': -1.1697566509246826, '7': -1.5447566509246826, '5': -2.9197566509246826, '6': -3.0447566509246826, '1': -4.794756889343262, '4': -5.419756889343262, '0': -5.544756889343262, '3': -6.169756889343262, '2': -7.107256889343262}
2026-03-15 03:07:00,567 - INFO - [Step 93] score 8, accepted!
2026-03-15 03:07:00,567 - INFO - [Step 93] final step_str: Multiply both sides by s(s + 2):
2026-03-15 03:07:00,908 - INFO - Original token_logprobs: {'8': -1.053000569343567, '7': -1.303000569343567, '9': -1.428000569343567, '6': -2.8030004501342773, '5': -2.9280004501342773, '1': -4.928000450134277, '4': -5.053000450134277, '0': -5.428000450134277, '3': -5.803000450134277, '2': -6.678000450134277}
2026-03-15 03:07:00,909 - INFO - [Step 94] score 8, accepted!
2026-03-15 03:07:00,909 - INFO - [Step 94] final step_str: 18 = 1.6 s(s + 2)
2026-03-15 03:07:01,241 - INFO - Original token_logprobs: {'8': -1.090662956237793, '9': -1.340662956237793, '7': -1.340662956237793, '5': -2.715662956237793, '6': -2.965662956237793, '1': -4.840662956237793, '4': -5.340662956237793, '0': -5.590662956237793, '3': -6.153162956237793, '2': -7.028162956237793}
2026-03-15 03:07:01,241 - INFO - [Step 95] score 8, accepted!
2026-03-15 03:07:01,242 - INFO - [Step 95] final step_str: Divide both sides by 1.6:
2026-03-15 03:07:01,627 - INFO - Original token_logprobs: {'8': -0.9732297658920288, '9': -1.3482297658920288, '7': -1.4732297658920288, '5': -2.8482298851013184, '6': -2.9732298851013184, '1': -4.723229885101318, '4': -5.223229885101318, '0': -5.723229885101318, '3': -6.035729885101318, '2': -6.973229885101318}
2026-03-15 03:07:01,627 - INFO - [Step 96] score 8, accepted!
2026-03-15 03:07:01,627 - INFO - [Step 96] final step_str: s(s + 2) = 18 / 1.6 = 11.25
2026-03-15 03:07:02,000 - INFO - Original token_logprobs: {'8': -0.971580982208252, '7': -1.346580982208252, '9': -1.471580982208252, '5': -2.846580982208252, '6': -2.971580982208252, '1': -4.846580982208252, '4': -5.221580982208252, '0': -5.846580982208252, '3': -6.034080982208252, '2': -7.034080982208252}
2026-03-15 03:07:02,001 - INFO - [Step 97] score 8, accepted!
2026-03-15 03:07:02,001 - INFO - [Step 97] final step_str: So, s^2 + 2s - 11.25 = 0
2026-03-15 03:07:02,298 - INFO - Original token_logprobs: {'8': -1.0382276773452759, '9': -1.0382276773452759, '7': -1.6632276773452759, '5': -3.0382275581359863, '6': -3.4132275581359863, '1': -4.788227558135986, '4': -5.538227558135986, '0': -5.663227558135986, '3': -6.225727558135986, '2': -7.225727558135986}
2026-03-15 03:07:02,298 - INFO - [Step 98] score 8, accepted!
2026-03-15 03:07:02,298 - INFO - [Step 98] final step_str: Quadratic formula:
2026-03-15 03:07:02,697 - INFO - Original token_logprobs: {'8': -0.9377244710922241, '9': -1.3127244710922241, '7': -1.4377244710922241, '5': -3.0627245903015137, '6': -3.3127245903015137, '1': -4.937724590301514, '4': -5.562724590301514, '0': -6.062724590301514, '3': -6.437724590301514, '2': -7.312724590301514}
2026-03-15 03:07:02,698 - INFO - [Step 99] score 8, accepted!
2026-03-15 03:07:02,698 - INFO - [Step 99] final step_str: s = [-2 ± sqrt(4 + 45)] / 2 = [-2 ± 7]/2
2026-03-15 03:07:03,081 - INFO - Original token_logprobs: {'8': -1.0397861003875732, '7': -1.1647861003875732, '9': -1.6647861003875732, '5': -2.7897861003875732, '6': -2.9147861003875732, '1': -4.414786338806152, '4': -5.164786338806152, '3': -5.727286338806152, '0': -5.852286338806152, '2': -6.414786338806152}
2026-03-15 03:07:03,081 - INFO - [Step 100] score 8, accepted!
2026-03-15 03:07:03,082 - INFO - [Step 100] final step_str: Positive solution: (5)/2 = 2.5 km/h. So that's correct.
2026-03-15 03:07:03,534 - INFO - Original token_logprobs: {'8': -0.8109215497970581, '7': -1.435921549797058, '9': -1.560921549797058, '5': -3.1859216690063477, '6': -3.1859216690063477, '1': -4.560921669006348, '4': -5.435921669006348, '0': -5.873421669006348, '3': -5.935921669006348, '2': -6.623421669006348}
2026-03-15 03:07:03,534 - INFO - [Step 101] score 8, accepted!
2026-03-15 03:07:03,534 - INFO - [Step 101] final step_str: Then t = 4 - 9/s = 4 - 9/2.5 = 4 - 3.6 = 0.4 hours = 24 minutes.
2026-03-15 03:07:03,994 - INFO - Original token_logprobs: {'8': -1.0811786651611328, '9': -1.3311786651611328, '7': -1.3311786651611328, '5': -2.831178665161133, '6': -3.206178665161133, '1': -4.331178665161133, '4': -5.206178665161133, '0': -5.518678665161133, '3': -5.581178665161133, '2': -6.206178665161133}
2026-03-15 03:07:03,994 - INFO - [Step 102] score 8, accepted!
2026-03-15 03:07:03,994 - INFO - [Step 102] final step_str: So, when walking speed is 2.5 + 0.5 = 3 km/h, walking time is 9 / 3 = 3 hours = 180 minutes.
2026-03-15 03:07:04,359 - INFO - Original token_logprobs: {'8': -1.020566701889038, '7': -1.270566701889038, '9': -1.395566701889038, '5': -3.020566701889038, '6': -3.395566701889038, '1': -4.520566940307617, '4': -5.270566940307617, '0': -5.645566940307617, '3': -5.708066940307617, '2': -6.270566940307617}
2026-03-15 03:07:04,359 - INFO - [Step 103] score 8, accepted!
2026-03-15 03:07:04,359 - INFO - [Step 103] final step_str: Plus t = 24 minutes, total time is 204 minutes.
2026-03-15 03:07:04,698 - INFO - Original token_logprobs: {'8': -1.120342493057251, '9': -1.245342493057251, '7': -1.370342493057251, '5': -2.870342493057251, '6': -3.245342493057251, '1': -4.245342254638672, '4': -4.995342254638672, '3': -5.370342254638672, '0': -5.620342254638672, '2': -5.995342254638672}
2026-03-15 03:07:04,698 - INFO - [Step 104] score 8, accepted!
2026-03-15 03:07:04,699 - INFO - [Step 104] final step_str: Therefore, the answer is 204 minutes.
2026-03-15 03:07:05,130 - INFO - Original token_logprobs: {'8': -1.1272404193878174, '9': -1.1272404193878174, '7': -1.8772404193878174, '5': -2.3772404193878174, '0': -3.2522404193878174, '6': -3.5022404193878174, '1': -4.127240180969238, '4': -4.502240180969238, '3': -5.252240180969238, '2': -6.564740180969238}
2026-03-15 03:07:05,130 - INFO - [Step 105] score 8, accepted!
2026-03-15 03:07:05,130 - INFO - [Step 105] final step_str: **Final Answer**
The number of minutes Aya takes when walking at \( s + \frac{1}{2} \) kilometers per hour is \boxed{204}.

2026-03-15 03:07:05,130 - INFO - [Step 105] Found candidate answer \boxed{204}. Verifying with base model...
2026-03-15 03:07:05,541 - INFO - [Step 105] Base model rejected answer (NO). Continuing generation.
2026-03-15 03:07:05,844 - INFO - Original token_logprobs: {'8': -1.1272404193878174, '9': -1.1272404193878174, '7': -1.8772404193878174, '5': -2.3772404193878174, '0': -3.2522404193878174, '6': -3.5022404193878174, '1': -4.127240180969238, '4': -4.502240180969238, '3': -5.252240180969238, '2': -6.564740180969238}
2026-03-15 03:07:05,844 - INFO - [Step 106] score 8, accepted!
2026-03-15 03:07:05,844 - INFO - [Step 106] final step_str: \boxed{204}

2026-03-15 03:07:05,844 - INFO - [Step 106] Found candidate answer \boxed{204}. Verifying with base model...
2026-03-15 03:07:06,253 - INFO - [Step 106] Base model rejected answer (NO). Continuing generation.
2026-03-15 03:07:06,576 - INFO - Original token_logprobs: {'8': -1.1272404193878174, '9': -1.1272404193878174, '7': -1.8772404193878174, '5': -2.3772404193878174, '0': -3.2522404193878174, '6': -3.5022404193878174, '1': -4.127240180969238, '4': -4.502240180969238, '3': -5.252240180969238, '2': -6.564740180969238}
2026-03-15 03:07:06,576 - INFO - [Step 107] score 8, accepted!
2026-03-15 03:07:06,576 - INFO - [Step 107] final step_str: **Final Answer**
\boxed{204}

2026-03-15 03:07:06,576 - INFO - [Step 107] Found candidate answer \boxed{204}. Verifying with base model...
2026-03-15 03:07:06,990 - INFO - [Step 107] Base model rejected answer (NO). Continuing generation.
2026-03-15 03:07:07,313 - INFO - Original token_logprobs: {'8': -1.1272404193878174, '9': -1.1272404193878174, '7': -1.8772404193878174, '5': -2.3772404193878174, '0': -3.2522404193878174, '6': -3.5022404193878174, '1': -4.127240180969238, '4': -4.502240180969238, '3': -5.252240180969238, '2': -6.564740180969238}
2026-03-15 03:07:07,313 - INFO - [Step 108] score 8, accepted!
2026-03-15 03:07:07,313 - INFO - [Step 108] final step_str: **Final Answer**
\boxed{204}

2026-03-15 03:07:07,313 - INFO - [Step 108] Found candidate answer \boxed{204}. Verifying with base model...
2026-03-15 03:07:07,727 - INFO - [Step 108] Base model rejected answer (NO). Continuing generation.
