2026-03-15 03:07:13,554 - INFO - Original token_logprobs: {'9': -1.3956069946289062, '8': -1.6456069946289062, '5': -1.7706069946289062, '7': -2.3956069946289062, '0': -2.5206069946289062, '3': -2.7706069946289062, '4': -3.0206069946289062, '6': -3.1456069946289062, '1': -3.2706069946289062, '2': -3.8956069946289062}
2026-03-15 03:07:13,555 - INFO - [Step 0] score 9, accepted!
2026-03-15 03:07:13,555 - INFO - [Step 0] final step_str: Okay, let me try to figure out this problem. So, Aya walks 9 kilometers every morning. When she walks at a speed of s kilometers per hour, it takes her 4 hours, including t minutes in the coffee shop. Then, when she increases her speed to s+2 km/h, it takes her 2 hours and 24 minutes, still including t minutes in the coffee shop. We need to find how long it takes her if she walks at s + 1/2 km/h.
2026-03-15 03:07:14,133 - INFO - Original token_logprobs: {'1': -1.4138233661651611, '2': -1.9138233661651611, '0': -1.9138233661651611, '3': -2.038823366165161, '5': -2.288823366165161, '9': -2.538823366165161, '8': -3.038823366165161, '4': -3.163823366165161, '6': -3.538823366165161, '7': -3.663823366165161}
2026-03-15 03:07:14,134 - INFO - [Step 1] score 1 rejected, falling back to base model
2026-03-15 03:07:15,448 - INFO - [Step 1] final step_str: Hmm, first, let me parse the information. The total time she takes each day is the time she spends walking plus the t minutes she spends in the coffee shop. Since the distance is constant at 9 km, her walking time depends on her speed. 
2026-03-15 03:07:15,958 - INFO - Original token_logprobs: {'5': -1.8115003108978271, '3': -1.9365003108978271, '1': -2.061500310897827, '2': -2.186500310897827, '0': -2.311500310897827, '8': -2.436500310897827, '9': -2.561500310897827, '7': -2.686500310897827, '4': -2.811500310897827, '6': -2.936500310897827}
2026-03-15 03:07:15,958 - INFO - [Step 2] score 5 rejected, falling back to base model
2026-03-15 03:07:21,688 - INFO - [Step 2] final step_str: Let me denote the walking time as T. So, for the first scenario, the total time is 4 hours, which is equal to the walking time plus the coffee time. Similarly, the second scenario has total time 2 hours and 24 minutes, which is 2.4 hours? Wait, actually, 24 minutes is 0.4 hours? Wait no, 24 minutes is 24/60 = 0.4 hours, right? So 2 hours 24 minutes is 2.4 hours. Wait, but actually, 24 minutes is 0.4 of an hour? Let me confirm. 60 minutes = 1 hour, so 24 minutes is 24/60 = 0.4 hours. Yeah, that's correct. So total time is 2.4 hours.
2026-03-15 03:07:22,404 - INFO - Original token_logprobs: {'0': -1.150700569152832, '2': -1.275700569152832, '1': -1.650700569152832, '3': -2.150700569152832, '4': -3.525700569152832, '9': -3.775700569152832, '5': -3.775700569152832, '6': -4.900700569152832, '8': -5.025700569152832, '7': -5.400700569152832}
2026-03-15 03:07:22,404 - INFO - [Step 3] score 0 rejected, falling back to base model
2026-03-15 03:07:23,638 - INFO - [Step 3] final step_str: But in both cases, the coffee shop time t is the same. So, the walking time must be different depending on her speed. Let me write equations for both scenarios.
2026-03-15 03:07:24,065 - INFO - Original token_logprobs: {'5': -1.7723743915557861, '7': -1.7723743915557861, '6': -2.147374391555786, '8': -2.147374391555786, '3': -2.397374391555786, '9': -2.522374391555786, '4': -2.522374391555786, '1': -2.647374391555786, '2': -2.897374391555786, '0': -3.147374391555786}
2026-03-15 03:07:24,065 - INFO - [Step 4] score 5 rejected, falling back to base model
2026-03-15 03:07:29,473 - INFO - [Step 4] final step_str: First scenario: walking speed s km/h, total time 4 hours. The walking time is the time she spends actually walking, which is distance divided by speed. So, walking time = 9 / s hours. Then, the total time is walking time plus t minutes. But wait, t is in minutes. So, to add them together, we need to convert t to hours or convert the total time to minutes? Maybe it's better to convert everything to hours.
2026-03-15 03:07:30,345 - INFO - Original token_logprobs: {'7': -1.076865315437317, '8': -1.326865315437317, '5': -2.0768651962280273, '9': -2.2018651962280273, '6': -2.2018651962280273, '4': -3.9518651962280273, '0': -4.826865196228027, '1': -4.826865196228027, '3': -5.076865196228027, '2': -6.076865196228027}
2026-03-15 03:07:30,345 - INFO - [Step 5] score 7, accepted!
2026-03-15 03:07:30,345 - INFO - [Step 5] final step_str: So, in the first case, total time is 4 hours, which is 4 hours. The walking time is 9 / s hours. So, the time spent in the coffee shop is 4 - (9 / s) hours. But the problem says that in both cases, t is the same, so 4 - (9 / s) = t (in hours). Similarly, in the second case, total time is 2.4 hours. Walking time is 9 / (s + 2) hours. So, t = 2.4 - (9 / (s + 2)).
2026-03-15 03:07:30,636 - INFO - Original token_logprobs: {'7': -1.099772334098816, '8': -1.349772334098816, '9': -1.974772334098816, '5': -2.0997724533081055, '6': -2.4747724533081055, '4': -3.9747724533081055, '0': -4.2247724533081055, '1': -4.3497724533081055, '3': -4.9747724533081055, '2': -5.9122724533081055}
2026-03-15 03:07:30,637 - INFO - [Step 6] score 7, accepted!
2026-03-15 03:07:30,637 - INFO - [Step 6] final step_str: So, now we have two equations:
2026-03-15 03:07:31,032 - INFO - Original token_logprobs: {'8': -0.7147413492202759, '7': -1.2147413492202759, '9': -2.2147412300109863, '6': -2.8397412300109863, '5': -3.4647412300109863, '1': -5.339741230010986, '4': -5.777241230010986, '0': -6.089741230010986, '3': -6.777241230010986, ' ': -7.339741230010986}
2026-03-15 03:07:31,032 - INFO - [Step 7] score 8, accepted!
2026-03-15 03:07:31,033 - INFO - [Step 7] final step_str: 1) t = 4 - (9 / s)
2) t = 2.4 - (9 / (s + 2))
2026-03-15 03:07:31,354 - INFO - Original token_logprobs: {'7': -1.2917442321777344, '8': -1.2917442321777344, '9': -1.4167442321777344, '5': -2.2917442321777344, '6': -2.7917442321777344, '4': -4.291744232177734, '1': -4.416744232177734, '0': -4.791744232177734, '3': -5.416744232177734, '2': -6.416744232177734}
2026-03-15 03:07:31,354 - INFO - [Step 8] score 7, accepted!
2026-03-15 03:07:31,354 - INFO - [Step 8] final step_str: Since both equal t, we can set them equal to each other:
2026-03-15 03:07:31,715 - INFO - Original token_logprobs: {'8': -0.8880330324172974, '7': -1.1380330324172974, '9': -2.013032913208008, '6': -2.763032913208008, '5': -2.888032913208008, '4': -5.263032913208008, '1': -5.388032913208008, '3': -6.388032913208008, '0': -6.575532913208008, '2': -7.513032913208008}
2026-03-15 03:07:31,715 - INFO - [Step 9] score 8, accepted!
2026-03-15 03:07:31,715 - INFO - [Step 9] final step_str: 4 - (9 / s) = 2.4 - (9 / (s + 2))
2026-03-15 03:07:32,036 - INFO - Original token_logprobs: {'8': -1.320338487625122, '9': -1.570338487625122, '5': -1.695338487625122, '7': -1.695338487625122, '6': -2.570338487625122, '4': -3.195338487625122, '3': -4.445338249206543, '1': -4.570338249206543, '0': -4.945338249206543, '2': -5.632838249206543}
2026-03-15 03:07:32,036 - INFO - [Step 10] score 8, accepted!
2026-03-15 03:07:32,036 - INFO - [Step 10] final step_str: Let me solve this equation for s. Let's write it down:
2026-03-15 03:07:32,395 - INFO - Original token_logprobs: {'8': -1.2298181056976318, '9': -1.4798181056976318, '7': -1.4798181056976318, '5': -2.104818105697632, '6': -2.479818105697632, '4': -3.854818105697632, '1': -4.854818344116211, '3': -4.854818344116211, '0': -5.354818344116211, '2': -6.104818344116211}
2026-03-15 03:07:32,395 - INFO - [Step 11] score 8, accepted!
2026-03-15 03:07:32,395 - INFO - [Step 11] final step_str: 4 - (9 / s) = 2.4 - (9 / (s + 2))
2026-03-15 03:07:32,701 - INFO - Original token_logprobs: {'5': -1.5805445909500122, '8': -1.7055445909500122, '7': -1.9555445909500122, '9': -1.9555445909500122, '3': -2.5805444717407227, '4': -2.7055444717407227, '6': -2.7055444717407227, '2': -3.2055444717407227, '1': -3.2055444717407227, '0': -3.4555444717407227}
2026-03-15 03:07:32,701 - INFO - [Step 12] score 5 rejected, falling back to base model
2026-03-15 03:07:33,366 - INFO - [Step 12] final step_str: First, subtract 2.4 from both sides:
2026-03-15 03:07:33,732 - INFO - Original token_logprobs: {'5': -1.6295568943023682, '7': -1.6295568943023682, '6': -1.8795568943023682, '8': -1.8795568943023682, '4': -2.504556894302368, '3': -2.629556894302368, '9': -2.754556894302368, '1': -3.254556894302368, '2': -3.504556894302368, '0': -4.504556655883789}
2026-03-15 03:07:33,733 - INFO - [Step 13] score 5 rejected, falling back to base model
2026-03-15 03:07:35,062 - INFO - [Step 13] final step_str: 4 - 2.4 - (9 / s) = - (9 / (s + 2))
2026-03-15 03:07:35,399 - INFO - Original token_logprobs: {'7': -1.3345296382904053, '8': -1.7095296382904053, '5': -1.7095296382904053, '9': -1.8345296382904053, '6': -2.0845296382904053, '4': -3.3345296382904053, '1': -4.084529876708984, '3': -4.084529876708984, '0': -4.584529876708984, '2': -5.084529876708984}
2026-03-15 03:07:35,400 - INFO - [Step 14] score 7, accepted!
2026-03-15 03:07:35,400 - INFO - [Step 14] final step_str: Simplify 4 - 2.4: that's 1.6
2026-03-15 03:07:35,761 - INFO - Original token_logprobs: {'7': -1.2752972841262817, '8': -1.5252972841262817, '5': -1.7752972841262817, '6': -2.025297164916992, '9': -2.150297164916992, '4': -3.275297164916992, '3': -4.025297164916992, '1': -4.275297164916992, '0': -5.025297164916992, '2': -5.275297164916992}
2026-03-15 03:07:35,761 - INFO - [Step 15] score 7, accepted!
2026-03-15 03:07:35,762 - INFO - [Step 15] final step_str: So, 1.6 - (9 / s) = - (9 / (s + 2))
2026-03-15 03:07:36,059 - INFO - Original token_logprobs: {'7': -1.5385240316390991, '8': -1.6635240316390991, '5': -1.6635240316390991, '9': -2.0385241508483887, '6': -2.4135241508483887, '3': -2.9135241508483887, '4': -2.9135241508483887, '1': -3.5385241508483887, '0': -3.7885241508483887, '2': -3.9135241508483887}
2026-03-15 03:07:36,059 - INFO - [Step 16] score 7, accepted!
2026-03-15 03:07:36,059 - INFO - [Step 16] final step_str: Let me move all terms to one side:
2026-03-15 03:07:36,421 - INFO - Original token_logprobs: {'7': -1.2177443504333496, '8': -1.5927443504333496, '5': -1.7177443504333496, '6': -1.8427443504333496, '9': -2.3427443504333496, '4': -3.4677443504333496, '3': -4.46774435043335, '1': -4.59274435043335, '0': -5.09274435043335, '2': -5.71774435043335}
2026-03-15 03:07:36,422 - INFO - [Step 17] score 7, accepted!
2026-03-15 03:07:36,422 - INFO - [Step 17] final step_str: 1.6 - (9 / s) + (9 / (s + 2)) = 0
2026-03-15 03:07:36,704 - INFO - Original token_logprobs: {'5': -1.4883151054382324, '7': -1.7383151054382324, '8': -1.8633151054382324, '9': -2.3633151054382324, '3': -2.3633151054382324, '6': -2.3633151054382324, '4': -2.6133151054382324, '2': -3.4883151054382324, '1': -3.4883151054382324, '0': -3.8633151054382324}
2026-03-15 03:07:36,704 - INFO - [Step 18] score 5 rejected, falling back to base model
2026-03-15 03:07:38,285 - INFO - [Step 18] final step_str: Hmm, this is getting a bit messy. Maybe I should rearrange the equation differently. Let me try moving the terms involving s to one side.
2026-03-15 03:07:38,535 - INFO - Original token_logprobs: {'7': -1.2885425090789795, '8': -1.6635425090789795, '5': -1.6635425090789795, '9': -2.1635425090789795, '6': -2.2885425090789795, '4': -3.0385425090789795, '3': -3.5385425090789795, '0': -4.038542747497559, '1': -4.288542747497559, '2': -4.413542747497559}
2026-03-15 03:07:38,536 - INFO - [Step 19] score 7, accepted!
2026-03-15 03:07:38,536 - INFO - [Step 19] final step_str: Starting from:
2026-03-15 03:07:38,892 - INFO - Original token_logprobs: {'8': -1.5216901302337646, '7': -1.6466901302337646, '5': -1.6466901302337646, '9': -1.7716901302337646, '6': -2.5216901302337646, '4': -2.8966901302337646, '3': -3.2716901302337646, '1': -4.021690368652344, '0': -4.146690368652344, '2': -4.271690368652344}
2026-03-15 03:07:38,892 - INFO - [Step 20] score 8, accepted!
2026-03-15 03:07:38,893 - INFO - [Step 20] final step_str: 4 - (9 / s) = 2.4 - (9 / (s + 2))
2026-03-15 03:07:39,201 - INFO - Original token_logprobs: {'5': -1.6048903465270996, '8': -1.7298903465270996, '7': -1.8548903465270996, '9': -1.8548903465270996, '3': -2.6048903465270996, '6': -2.7298903465270996, '4': -2.8548903465270996, '1': -3.2298903465270996, '2': -3.3548903465270996, '0': -3.4798903465270996}
2026-03-15 03:07:39,202 - INFO - [Step 21] score 5 rejected, falling back to base model
2026-03-15 03:07:40,177 - INFO - [Step 21] final step_str: Subtract 2.4 from both sides and add (9 / s) to both sides:
2026-03-15 03:07:40,542 - INFO - Original token_logprobs: {'7': -1.3503034114837646, '8': -1.6003034114837646, '5': -1.7253034114837646, '9': -1.8503034114837646, '6': -2.1003034114837646, '4': -3.4753034114837646, '1': -4.225303649902344, '3': -4.225303649902344, '0': -4.475303649902344, '2': -5.537803649902344}
2026-03-15 03:07:40,542 - INFO - [Step 22] score 7, accepted!
2026-03-15 03:07:40,542 - INFO - [Step 22] final step_str: 4 - 2.4 = (9 / s) - (9 / (s + 2))
2026-03-15 03:07:40,882 - INFO - Original token_logprobs: {'7': -1.4252350330352783, '9': -1.4252350330352783, '8': -1.6752350330352783, '5': -1.8002350330352783, '6': -2.3002350330352783, '4': -3.8002350330352783, '1': -4.175234794616699, '3': -4.550234794616699, '0': -4.675234794616699, '2': -5.675234794616699}
2026-03-15 03:07:40,882 - INFO - [Step 23] score 7, accepted!
2026-03-15 03:07:40,883 - INFO - [Step 23] final step_str: Simplify left side: 4 - 2.4 = 1.6
2026-03-15 03:07:41,259 - INFO - Original token_logprobs: {'7': -1.2327231168746948, '8': -1.4827231168746948, '5': -1.8577231168746948, '9': -1.8577231168746948, '6': -2.1077232360839844, '4': -3.9827232360839844, '1': -4.607723236083984, '3': -4.857723236083984, '0': -5.357723236083984, '2': -6.170223236083984}
2026-03-15 03:07:41,259 - INFO - [Step 24] score 7, accepted!
2026-03-15 03:07:41,259 - INFO - [Step 24] final step_str: So, 1.6 = (9 / s) - (9 / (s + 2))
2026-03-15 03:07:41,588 - INFO - Original token_logprobs: {'5': -1.4058157205581665, '8': -1.5308157205581665, '9': -1.6558157205581665, '7': -1.9058157205581665, '6': -2.780815601348877, '4': -3.155815601348877, '3': -3.280815601348877, '1': -3.905815601348877, '0': -3.905815601348877, '2': -4.530815601348877}
2026-03-15 03:07:41,589 - INFO - [Step 25] score 5 rejected, falling back to base model
2026-03-15 03:07:41,840 - INFO - [Step 25] final step_str: Factor the right side:
2026-03-15 03:07:42,190 - INFO - Original token_logprobs: {'7': -0.9720847010612488, '8': -1.3470847606658936, '9': -2.0970847606658936, '5': -2.2220847606658936, '6': -2.3470847606658936, '4': -4.3470845222473145, '1': -4.8470845222473145, '3': -5.4720845222473145, '0': -5.4720845222473145, '2': -6.6595845222473145}
2026-03-15 03:07:42,190 - INFO - [Step 26] score 7, accepted!
2026-03-15 03:07:42,190 - INFO - [Step 26] final step_str: 1.6 = 9[1/s - 1/(s + 2)]
2026-03-15 03:07:42,519 - INFO - Original token_logprobs: {'7': -1.251833200454712, '8': -1.376833200454712, '5': -1.876833200454712, '9': -1.876833200454712, '6': -2.376833200454712, '4': -3.876833200454712, '3': -4.501832962036133, '1': -4.501832962036133, '0': -4.501832962036133, '2': -5.814332962036133}
2026-03-15 03:07:42,519 - INFO - [Step 27] score 7, accepted!
2026-03-15 03:07:42,519 - INFO - [Step 27] final step_str: Let me compute 1/s - 1/(s + 2):
2026-03-15 03:07:42,968 - INFO - Original token_logprobs: {'8': -1.1650967597961426, '7': -1.2900967597961426, '9': -1.6650967597961426, '5': -2.1650967597961426, '6': -2.5400967597961426, '4': -4.665096759796143, '1': -4.790096759796143, '3': -5.790096759796143, '0': -5.790096759796143, ' ': -6.852596759796143}
2026-03-15 03:07:42,968 - INFO - [Step 28] score 8, accepted!
2026-03-15 03:07:42,968 - INFO - [Step 28] final step_str: 1/s - 1/(s + 2) = ( (s + 2) - s ) / [s(s + 2)] = 2 / [s(s + 2)]
2026-03-15 03:07:43,265 - INFO - Original token_logprobs: {'7': -1.0672556161880493, '8': -1.3172556161880493, '9': -1.8172556161880493, '5': -2.1922554969787598, '6': -2.5672554969787598, '1': -4.56725549697876, '4': -4.56725549697876, '0': -5.12975549697876, '3': -5.50475549697876, '2': -6.69225549697876}
2026-03-15 03:07:43,265 - INFO - [Step 29] score 7, accepted!
2026-03-15 03:07:43,265 - INFO - [Step 29] final step_str: So, plug that back in:
2026-03-15 03:07:43,589 - INFO - Original token_logprobs: {'7': -1.0481321811676025, '8': -1.1731321811676025, '9': -1.9231321811676025, '6': -2.4231321811676025, '5': -2.5481321811676025, '4': -4.673131942749023, '1': -5.048131942749023, '3': -5.798131942749023, '0': -5.798131942749023, '2': -6.985631942749023}
2026-03-15 03:07:43,589 - INFO - [Step 30] score 7, accepted!
2026-03-15 03:07:43,589 - INFO - [Step 30] final step_str: 1.6 = 9 * [2 / (s(s + 2))]
2026-03-15 03:07:43,879 - INFO - Original token_logprobs: {'7': -0.9700236916542053, '8': -1.3450236320495605, '9': -1.9700236320495605, '5': -2.3450236320495605, '6': -2.3450236320495605, '4': -4.5950236320495605, '1': -5.0950236320495605, '0': -5.4075236320495605, '3': -5.6575236320495605, '2': -6.7825236320495605}
2026-03-15 03:07:43,880 - INFO - [Step 31] score 7, accepted!
2026-03-15 03:07:43,880 - INFO - [Step 31] final step_str: Simplify the right side:
2026-03-15 03:07:44,239 - INFO - Original token_logprobs: {'7': -1.1335054636001587, '8': -1.3835054636001587, '9': -1.8835054636001587, '5': -2.133505344390869, '6': -2.133505344390869, '4': -4.133505344390869, '1': -4.883505344390869, '3': -5.383505344390869, '0': -5.508505344390869, '2': -6.571005344390869}
2026-03-15 03:07:44,239 - INFO - [Step 32] score 7, accepted!
2026-03-15 03:07:44,239 - INFO - [Step 32] final step_str: 9 * 2 = 18, so 18 / [s(s + 2)]
2026-03-15 03:07:44,504 - INFO - Original token_logprobs: {'7': -1.05669105052948, '8': -1.30669105052948, '9': -1.93169105052948, '5': -2.1816911697387695, '6': -2.4316911697387695, '4': -4.4316911697387695, '1': -4.8066911697387695, '0': -5.1816911697387695, '3': -5.4316911697387695, '2': -6.5566911697387695}
2026-03-15 03:07:44,504 - INFO - [Step 33] score 7, accepted!
2026-03-15 03:07:44,504 - INFO - [Step 33] final step_str: Thus:
2026-03-15 03:07:44,839 - INFO - Original token_logprobs: {'7': -1.1322979927062988, '8': -1.2572979927062988, '9': -1.8822979927062988, '6': -2.132297992706299, '5': -2.382297992706299, '4': -4.507297992706299, '1': -5.007297992706299, '3': -5.632297992706299, '0': -5.757297992706299, '2': -6.819797992706299}
2026-03-15 03:07:44,839 - INFO - [Step 34] score 7, accepted!
2026-03-15 03:07:44,839 - INFO - [Step 34] final step_str: 1.6 = 18 / [s(s + 2)]
2026-03-15 03:07:45,150 - INFO - Original token_logprobs: {'8': -1.0713945627212524, '7': -1.1963945627212524, '9': -1.8213945627212524, '6': -2.446394443511963, '5': -2.571394443511963, '4': -4.571394443511963, '1': -5.196394443511963, '0': -5.446394443511963, '3': -5.571394443511963, '2': -6.758894443511963}
2026-03-15 03:07:45,151 - INFO - [Step 35] score 8, accepted!
2026-03-15 03:07:45,151 - INFO - [Step 35] final step_str: Now, solve for s(s + 2):
2026-03-15 03:07:45,488 - INFO - Original token_logprobs: {'8': -1.023404836654663, '7': -1.148404836654663, '9': -2.023404836654663, '6': -2.273404836654663, '5': -2.773404836654663, '4': -4.898405075073242, '1': -5.023405075073242, '0': -5.585905075073242, '3': -6.023405075073242, '2': -6.773405075073242}
2026-03-15 03:07:45,488 - INFO - [Step 36] score 8, accepted!
2026-03-15 03:07:45,488 - INFO - [Step 36] final step_str: s(s + 2) = 18 / 1.6
2026-03-15 03:07:45,923 - INFO - Original token_logprobs: {'8': -1.2060896158218384, '7': -1.3310896158218384, '9': -1.7060896158218384, '5': -2.331089496612549, '6': -2.331089496612549, '4': -3.831089496612549, '0': -4.581089496612549, '1': -4.581089496612549, '3': -4.706089496612549, '2': -5.643589496612549}
2026-03-15 03:07:45,924 - INFO - [Step 37] score 8, accepted!
2026-03-15 03:07:45,924 - INFO - [Step 37] final step_str: Compute 18 / 1.6: 18 ÷ 1.6. Let me do that division. 1.6 goes into 18 how many times?
2026-03-15 03:07:46,343 - INFO - Original token_logprobs: {'7': -1.567427158355713, '5': -1.817427158355713, '8': -1.942427158355713, '6': -2.067427158355713, '4': -2.442427158355713, '9': -2.567427158355713, '3': -2.567427158355713, '1': -3.067427158355713, '2': -3.192427158355713, '0': -3.692427158355713}
2026-03-15 03:07:46,344 - INFO - [Step 38] score 7, accepted!
2026-03-15 03:07:46,344 - INFO - [Step 38] final step_str: 1.6 * 11 = 17.6, which is close to 18. So 11 times with a remainder of 0.4.
2026-03-15 03:07:46,755 - INFO - Original token_logprobs: {'7': -1.1630797386169434, '5': -1.7880797386169434, '8': -1.9130797386169434, '6': -2.0380797386169434, '9': -2.1630797386169434, '4': -3.0380797386169434, '3': -3.6630797386169434, '0': -3.9130797386169434, '1': -4.163079738616943, '2': -4.413079738616943}
2026-03-15 03:07:46,755 - INFO - [Step 39] score 7, accepted!
2026-03-15 03:07:46,756 - INFO - [Step 39] final step_str: 0.4 / 1.6 = 0.25. So, 1.6 * 11.25 = 18.
2026-03-15 03:07:47,305 - INFO - Original token_logprobs: {'7': -1.285386323928833, '9': -1.535386323928833, '8': -1.660386323928833, '5': -1.910386323928833, '6': -2.160386323928833, '4': -3.785386323928833, '0': -4.785386085510254, '3': -4.910386085510254, '1': -4.910386085510254, '2': -5.910386085510254}
2026-03-15 03:07:47,306 - INFO - [Step 40] score 7, accepted!
2026-03-15 03:07:47,306 - INFO - [Step 40] final step_str: Wait, 1.6 * 11.25 = 1.6 * 11 + 1.6 * 0.25 = 17.6 + 0.4 = 18. Yes, so 18 / 1.6 = 11.25.
2026-03-15 03:07:47,648 - INFO - Original token_logprobs: {'7': -1.066653847694397, '8': -1.566653847694397, '9': -1.816653847694397, '6': -2.0666537284851074, '5': -2.1916537284851074, '4': -3.9416537284851074, '1': -4.941653728485107, '3': -5.066653728485107, '0': -5.066653728485107, '2': -6.191653728485107}
2026-03-15 03:07:47,648 - INFO - [Step 41] score 7, accepted!
2026-03-15 03:07:47,648 - INFO - [Step 41] final step_str: Therefore, s(s + 2) = 11.25
2026-03-15 03:07:48,007 - INFO - Original token_logprobs: {'7': -0.9739177227020264, '8': -1.4739177227020264, '9': -1.9739177227020264, '6': -2.0989177227020264, '5': -2.3489177227020264, '4': -4.3489179611206055, '1': -4.9739179611206055, '0': -5.0989179611206055, '3': -5.4739179611206055, '2': -6.5989179611206055}
2026-03-15 03:07:48,008 - INFO - [Step 42] score 7, accepted!
2026-03-15 03:07:48,008 - INFO - [Step 42] final step_str: So, s^2 + 2s - 11.25 = 0
2026-03-15 03:07:48,332 - INFO - Original token_logprobs: {'7': -1.0305461883544922, '8': -1.4055461883544922, '9': -1.7805461883544922, '5': -2.280546188354492, '6': -2.405546188354492, '4': -4.405546188354492, '0': -5.030546188354492, '1': -5.030546188354492, '3': -5.405546188354492, ' ': -6.655546188354492}
2026-03-15 03:07:48,333 - INFO - [Step 43] score 7, accepted!
2026-03-15 03:07:48,333 - INFO - [Step 43] final step_str: That's a quadratic equation. Let me write it as:
2026-03-15 03:07:48,683 - INFO - Original token_logprobs: {'7': -0.9456497430801392, '8': -1.3206497430801392, '9': -2.0706496238708496, '6': -2.1956496238708496, '5': -2.5706496238708496, '4': -4.57064962387085, '1': -5.07064962387085, '0': -5.44564962387085, '3': -5.69564962387085, ' ': -6.69564962387085}
2026-03-15 03:07:48,684 - INFO - [Step 44] score 7, accepted!
2026-03-15 03:07:48,684 - INFO - [Step 44] final step_str: s^2 + 2s - 11.25 = 0
2026-03-15 03:07:49,095 - INFO - Original token_logprobs: {'7': -1.054956316947937, '8': -1.179956316947937, '9': -1.804956316947937, '6': -2.4299564361572266, '5': -2.8049564361572266, '4': -4.679956436157227, '1': -4.929956436157227, '0': -5.304956436157227, '3': -5.679956436157227, '2': -6.742456436157227}
2026-03-15 03:07:49,095 - INFO - [Step 45] score 7, accepted!
2026-03-15 03:07:49,095 - INFO - [Step 45] final step_str: We can solve this using the quadratic formula. The quadratic formula is s = [-b ± sqrt(b^2 - 4ac)] / (2a)
2026-03-15 03:07:49,463 - INFO - Original token_logprobs: {'7': -1.0839349031448364, '8': -1.0839349031448364, '9': -1.8339349031448364, '6': -2.583934783935547, '5': -2.833934783935547, '4': -4.833934783935547, '1': -4.958934783935547, '0': -5.396434783935547, '3': -5.833934783935547, ' ': -6.708934783935547}
2026-03-15 03:07:49,464 - INFO - [Step 46] score 7, accepted!
2026-03-15 03:07:49,464 - INFO - [Step 46] final step_str: Here, a = 1, b = 2, c = -11.25
2026-03-15 03:07:49,910 - INFO - Original token_logprobs: {'8': -1.0775635242462158, '9': -1.0775635242462158, '7': -1.5775635242462158, '5': -3.077563524246216, '6': -3.202563524246216, '1': -4.952563285827637, '4': -5.265063285827637, '0': -5.515063285827637, '3': -6.015063285827637, ' ': -6.327563285827637}
2026-03-15 03:07:49,910 - INFO - [Step 47] score 8, accepted!
2026-03-15 03:07:49,911 - INFO - [Step 47] final step_str: Compute discriminant D = b^2 - 4ac = 4 - 4 * 1 * (-11.25) = 4 + 45 = 49
2026-03-15 03:07:50,215 - INFO - Original token_logprobs: {'9': -1.1355199813842773, '8': -1.3855199813842773, '7': -1.3855199813842773, '5': -2.6355199813842773, '6': -2.6355199813842773, '4': -4.635519981384277, '1': -4.885519981384277, '0': -5.135519981384277, '3': -5.510519981384277, ' ': -6.260519981384277}
2026-03-15 03:07:50,216 - INFO - [Step 48] score 9, accepted!
2026-03-15 03:07:50,216 - INFO - [Step 48] final step_str: sqrt(D) = 7
2026-03-15 03:07:50,556 - INFO - Original token_logprobs: {'7': -1.1889970302581787, '8': -1.3139970302581787, '9': -1.4389970302581787, '5': -2.5639970302581787, '6': -2.5639970302581787, '4': -4.563997268676758, '1': -4.813997268676758, '0': -5.188997268676758, '3': -5.563997268676758, ' ': -6.376497268676758}
2026-03-15 03:07:50,557 - INFO - [Step 49] score 7, accepted!
2026-03-15 03:07:50,557 - INFO - [Step 49] final step_str: So, s = [-2 ± 7] / 2
2026-03-15 03:07:50,849 - INFO - Original token_logprobs: {'7': -1.2891329526901245, '8': -1.4141329526901245, '9': -1.5391329526901245, '5': -2.039133071899414, '6': -2.414133071899414, '4': -4.164133071899414, '1': -4.664133071899414, '0': -4.789133071899414, '3': -5.226633071899414, ' ': -6.351633071899414}
2026-03-15 03:07:50,849 - INFO - [Step 50] score 7, accepted!
2026-03-15 03:07:50,849 - INFO - [Step 50] final step_str: We have two solutions:
2026-03-15 03:07:51,211 - INFO - Original token_logprobs: {'7': -1.0626007318496704, '9': -1.6876007318496704, '8': -1.6876007318496704, '5': -2.062600612640381, '6': -2.312600612640381, '4': -3.812600612640381, '0': -4.687600612640381, '1': -4.687600612640381, '3': -4.812600612640381, '2': -5.812600612640381}
2026-03-15 03:07:51,211 - INFO - [Step 51] score 7, accepted!
2026-03-15 03:07:51,211 - INFO - [Step 51] final step_str: s = (-2 + 7)/2 = 5/2 = 2.5
2026-03-15 03:07:51,569 - INFO - Original token_logprobs: {'7': -1.0967422723770142, '8': -1.3467422723770142, '9': -1.4717422723770142, '6': -2.5967421531677246, '5': -2.7217421531677246, '4': -4.596742153167725, '0': -4.971742153167725, '1': -4.971742153167725, '3': -5.471742153167725, ' ': -6.284242153167725}
2026-03-15 03:07:51,570 - INFO - [Step 52] score 7, accepted!
2026-03-15 03:07:51,570 - INFO - [Step 52] final step_str: s = (-2 -7)/2 = -9/2 = -4.5
2026-03-15 03:07:51,950 - INFO - Original token_logprobs: {'7': -1.12092125415802, '8': -1.24592125415802, '9': -1.87092125415802, '6': -2.2459211349487305, '5': -2.3709211349487305, '4': -4.4959211349487305, '1': -4.8709211349487305, '0': -5.3709211349487305, '3': -5.6209211349487305, '2': -6.6209211349487305}
2026-03-15 03:07:51,950 - INFO - [Step 53] score 7, accepted!
2026-03-15 03:07:51,950 - INFO - [Step 53] final step_str: Since speed can't be negative, we discard the negative solution. So, s = 2.5 km/h.
2026-03-15 03:07:52,609 - INFO - Original token_logprobs: {'7': -1.0611199140548706, '8': -1.5611199140548706, '9': -1.9361199140548706, '5': -2.06112003326416, '6': -2.06112003326416, '4': -4.06112003326416, '1': -4.81112003326416, '0': -5.06112003326416, '3': -5.12362003326416, '2': -6.06112003326416}
2026-03-15 03:07:52,610 - INFO - [Step 54] score 7, accepted!
2026-03-15 03:07:52,610 - INFO - [Step 54] final step_str: Wait, hold on. Let me check if that makes sense. If s is 2.5 km/h, then the walking time is 9 / 2.5 = 3.6 hours, which is 3 hours and 36 minutes. Then, the total time is 4 hours, so the coffee time t would be 4 - 3.6 = 0.4 hours, which is 24 minutes. That seems reasonable.
2026-03-15 03:07:53,300 - INFO - Original token_logprobs: {'8': -1.1936615705490112, '7': -1.3186615705490112, '9': -1.5686615705490112, '5': -2.318661689758301, '6': -2.443661689758301, '1': -4.693661689758301, '4': -4.693661689758301, '0': -5.131161689758301, '3': -5.631161689758301, '2': -6.381161689758301}
2026-03-15 03:07:53,300 - INFO - [Step 55] score 8, accepted!
2026-03-15 03:07:53,300 - INFO - [Step 55] final step_str: Now, let's check the second scenario. Walking speed is s + 2 = 4.5 km/h. Walking time is 9 / 4.5 = 2 hours. The total time is 2 hours and 24 minutes, which is 2.4 hours. So, t = 2.4 - 2 = 0.4 hours, which is again 24 minutes. Perfect, that matches. So, s is indeed 2.5 km/h.
2026-03-15 03:07:53,745 - INFO - Original token_logprobs: {'8': -1.1899371147155762, '9': -1.4399371147155762, '5': -1.6899371147155762, '7': -1.9399371147155762, '6': -2.814937114715576, '4': -3.939937114715576, '0': -4.189937114715576, '1': -4.439937114715576, '3': -4.564937114715576, '2': -5.439937114715576}
2026-03-15 03:07:53,746 - INFO - [Step 56] score 8, accepted!
2026-03-15 03:07:53,746 - INFO - [Step 56] final step_str: Now, the problem asks: Suppose Aya walks at s + 1/2 km/h. Find the number of minutes the walk takes her, including the t minutes spent in the coffee shop.
2026-03-15 03:07:54,128 - INFO - Original token_logprobs: {'8': -1.1893612146377563, '9': -1.3143612146377563, '7': -1.6893612146377563, '5': -2.189361095428467, '6': -2.689361095428467, '4': -3.939361095428467, '1': -4.439361095428467, '3': -4.564361095428467, '0': -4.814361095428467, '2': -5.439361095428467}
2026-03-15 03:07:54,129 - INFO - [Step 57] score 8, accepted!
2026-03-15 03:07:54,129 - INFO - [Step 57] final step_str: So, s + 1/2 = 2.5 + 0.5 = 3 km/h.
2026-03-15 03:07:54,479 - INFO - Original token_logprobs: {'8': -1.008924961090088, '7': -1.508924961090088, '9': -1.633924961090088, '5': -2.258924961090088, '6': -2.633924961090088, '4': -4.383924961090088, '1': -4.633924961090088, '3': -5.133924961090088, '0': -5.196424961090088, '2': -6.133924961090088}
2026-03-15 03:07:54,479 - INFO - [Step 58] score 8, accepted!
2026-03-15 03:07:54,479 - INFO - [Step 58] final step_str: We need to find the total time taken, which is walking time plus t.
2026-03-15 03:07:54,817 - INFO - Original token_logprobs: {'8': -1.2657803297042847, '7': -1.3907803297042847, '9': -1.6407803297042847, '5': -2.140780448913574, '6': -2.390780448913574, '4': -3.953280448913574, '1': -4.390780448913574, '3': -4.515780448913574, '0': -4.703280448913574, '2': -5.328280448913574}
2026-03-15 03:07:54,818 - INFO - [Step 59] score 8, accepted!
2026-03-15 03:07:54,818 - INFO - [Step 59] final step_str: Walking time is 9 / 3 = 3 hours.
2026-03-15 03:07:55,206 - INFO - Original token_logprobs: {'7': -1.17549729347229, '8': -1.30049729347229, '9': -1.80049729347229, '6': -2.17549729347229, '5': -2.30049729347229, '4': -4.362997055053711, '1': -4.800497055053711, '3': -5.237997055053711, '0': -5.487997055053711, '2': -6.112997055053711}
2026-03-15 03:07:55,206 - INFO - [Step 60] score 7, accepted!
2026-03-15 03:07:55,206 - INFO - [Step 60] final step_str: t is 0.4 hours, which is 0.4 * 60 minutes = 24 minutes.
2026-03-15 03:07:55,555 - INFO - Original token_logprobs: {'8': -0.9926707744598389, '9': -1.3676707744598389, '7': -1.4926707744598389, '5': -2.742670774459839, '6': -2.867670774459839, '1': -4.867671012878418, '4': -4.867671012878418, '3': -5.617671012878418, '0': -5.930171012878418, '2': -6.430171012878418}
2026-03-15 03:07:55,555 - INFO - [Step 61] score 8, accepted!
2026-03-15 03:07:55,556 - INFO - [Step 61] final step_str: So, total time is 3 hours and 24 minutes.
2026-03-15 03:07:55,856 - INFO - Original token_logprobs: {'8': -0.9208717942237854, '9': -1.2958717346191406, '7': -1.6708717346191406, '5': -2.7958717346191406, '6': -3.0458717346191406, '1': -4.795871734619141, '4': -4.920871734619141, '3': -5.483371734619141, '0': -5.670871734619141, '2': -6.233371734619141}
2026-03-15 03:07:55,856 - INFO - [Step 62] score 8, accepted!
2026-03-15 03:07:55,856 - INFO - [Step 62] final step_str: But let me confirm.
2026-03-15 03:07:56,231 - INFO - Original token_logprobs: {'8': -1.0901750326156616, '9': -1.4651750326156616, '7': -1.4651750326156616, '5': -2.340175151824951, '6': -2.715175151824951, '4': -4.527675151824951, '1': -4.590175151824951, '3': -5.277675151824951, '0': -5.590175151824951, '2': -6.090175151824951}
2026-03-15 03:07:56,231 - INFO - [Step 63] score 8, accepted!
2026-03-15 03:07:56,231 - INFO - [Step 63] final step_str: Walking speed is 3 km/h, so time is 9 / 3 = 3 hours.
2026-03-15 03:07:56,583 - INFO - Original token_logprobs: {'8': -1.0681359767913818, '9': -1.3181359767913818, '7': -1.5681359767913818, '5': -2.443135976791382, '6': -2.818135976791382, '4': -4.693136215209961, '1': -4.755636215209961, '3': -5.443136215209961, '0': -5.630636215209961, '2': -6.255636215209961}
2026-03-15 03:07:56,583 - INFO - [Step 64] score 8, accepted!
2026-03-15 03:07:56,583 - INFO - [Step 64] final step_str: Coffee time is 0.4 hours, which is 24 minutes.
2026-03-15 03:07:57,026 - INFO - Original token_logprobs: {'8': -1.0936439037322998, '7': -1.3436439037322998, '9': -1.4686439037322998, '5': -2.5936439037323, '6': -2.7186439037323, '1': -4.718644142150879, '4': -4.718644142150879, '3': -5.468644142150879, '0': -5.593644142150879, '2': -6.156144142150879}
2026-03-15 03:07:57,026 - INFO - [Step 65] score 8, accepted!
2026-03-15 03:07:57,026 - INFO - [Step 65] final step_str: Total time is 3 hours 24 minutes, which is 3*60 + 24 = 180 + 24 = 204 minutes.
2026-03-15 03:07:57,368 - INFO - Original token_logprobs: {'8': -0.9468175768852234, '9': -1.4468176364898682, '7': -1.4468176364898682, '5': -2.821817636489868, '6': -2.946817636489868, '1': -4.696817398071289, '4': -4.946817398071289, '3': -5.634317398071289, '0': -5.946817398071289, '2': -6.384317398071289}
2026-03-15 03:07:57,368 - INFO - [Step 66] score 8, accepted!
2026-03-15 03:07:57,368 - INFO - [Step 66] final step_str: Alternatively, we can compute total time as walking time + coffee time.
2026-03-15 03:07:57,822 - INFO - Original token_logprobs: {'8': -1.0622230768203735, '9': -1.1872230768203735, '7': -1.5622230768203735, '5': -2.687222957611084, '6': -3.187222957611084, '1': -4.687222957611084, '4': -4.937222957611084, '3': -5.562222957611084, '0': -5.874722957611084, '2': -6.312222957611084}
2026-03-15 03:07:57,822 - INFO - [Step 67] score 8, accepted!
2026-03-15 03:07:57,822 - INFO - [Step 67] final step_str: Walking time is 3 hours, which is 180 minutes. Coffee time is 24 minutes. So, 180 + 24 = 204 minutes.
2026-03-15 03:07:58,162 - INFO - Original token_logprobs: {'8': -1.0982604026794434, '9': -1.2232604026794434, '7': -1.4732604026794434, '5': -2.7232604026794434, '6': -3.0982604026794434, '1': -4.723260402679443, '4': -4.848260402679443, '3': -5.410760402679443, '0': -5.848260402679443, '2': -6.160760402679443}
2026-03-15 03:07:58,162 - INFO - [Step 68] score 8, accepted!
2026-03-15 03:07:58,162 - INFO - [Step 68] final step_str: So, the answer is 204 minutes.
2026-03-15 03:07:58,514 - INFO - Original token_logprobs: {'8': -0.8615573644638062, '9': -1.2365573644638062, '7': -1.7365573644638062, '5': -2.9865574836730957, '6': -3.3615574836730957, '1': -4.861557483673096, '4': -5.111557483673096, '3': -5.611557483673096, '2': -6.424057483673096, '0': -6.486557483673096}
2026-03-15 03:07:58,514 - INFO - [Step 69] score 8, accepted!
2026-03-15 03:07:58,514 - INFO - [Step 69] final step_str: Wait, but let me double-check my calculations to be sure.
2026-03-15 03:07:58,862 - INFO - Original token_logprobs: {'8': -0.8844982385635376, '9': -1.2594982385635376, '7': -1.6344982385635376, '5': -3.134498119354248, '6': -3.259498119354248, '1': -4.759498119354248, '4': -5.259498119354248, '3': -5.759498119354248, '0': -6.321998119354248, '2': -6.446998119354248}
2026-03-15 03:07:58,862 - INFO - [Step 70] score 8, accepted!
2026-03-15 03:07:58,863 - INFO - [Step 70] final step_str: First, s = 2.5 km/h.
2026-03-15 03:07:59,217 - INFO - Original token_logprobs: {'8': -0.9835662841796875, '9': -1.1085662841796875, '7': -1.7335662841796875, '5': -2.8585662841796875, '6': -3.3585662841796875, '1': -4.7335662841796875, '4': -5.1085662841796875, '3': -5.6710662841796875, '0': -6.1710662841796875, '2': -6.4210662841796875}
2026-03-15 03:07:59,217 - INFO - [Step 71] score 8, accepted!
2026-03-15 03:07:59,218 - INFO - [Step 71] final step_str: Walking speed s + 1/2 = 3 km/h.
2026-03-15 03:07:59,569 - INFO - Original token_logprobs: {'8': -0.9832147359848022, '9': -1.3582147359848022, '7': -1.4832147359848022, '5': -2.608214855194092, '6': -3.233214855194092, '1': -4.733214855194092, '4': -5.045714855194092, '3': -5.670714855194092, '0': -6.170714855194092, '2': -6.358214855194092}
2026-03-15 03:07:59,569 - INFO - [Step 72] score 8, accepted!
2026-03-15 03:07:59,570 - INFO - [Step 72] final step_str: Walking time: 9 / 3 = 3 hours.
2026-03-15 03:07:59,930 - INFO - Original token_logprobs: {'8': -0.9338678121566772, '9': -1.3088678121566772, '7': -1.5588678121566772, '5': -2.808867931365967, '6': -3.183867931365967, '1': -4.933867931365967, '4': -5.183867931365967, '3': -5.808867931365967, '0': -5.996367931365967, '2': -6.558867931365967}
2026-03-15 03:07:59,930 - INFO - [Step 73] score 8, accepted!
2026-03-15 03:07:59,931 - INFO - [Step 73] final step_str: Coffee time t = 0.4 hours = 24 minutes.
2026-03-15 03:08:00,384 - INFO - Original token_logprobs: {'8': -1.0543192625045776, '9': -1.3043192625045776, '7': -1.4293192625045776, '5': -2.679319381713867, '6': -3.054319381713867, '1': -4.804319381713867, '4': -5.179319381713867, '3': -5.804319381713867, '0': -6.241819381713867, '2': -6.554319381713867}
2026-03-15 03:08:00,385 - INFO - [Step 74] score 8, accepted!
2026-03-15 03:08:00,385 - INFO - [Step 74] final step_str: Total time: 3 hours 24 minutes, which is 3*60 + 24 = 180 + 24 = 204 minutes.
2026-03-15 03:08:00,707 - INFO - Original token_logprobs: {'7': -1.150939702987671, '8': -1.275939702987671, '9': -1.525939702987671, '5': -2.400939702987671, '6': -2.775939702987671, '1': -4.40093994140625, '4': -4.90093994140625, '3': -5.52593994140625, '0': -6.02593994140625, '2': -6.27593994140625}
2026-03-15 03:08:00,707 - INFO - [Step 75] score 7, accepted!
2026-03-15 03:08:00,707 - INFO - [Step 75] final step_str: Yes, that seems correct.
2026-03-15 03:08:01,100 - INFO - Original token_logprobs: {'8': -0.9673107266426086, '7': -1.3423106670379639, '9': -1.4673106670379639, '5': -2.967310667037964, '6': -2.967310667037964, '1': -4.842310905456543, '4': -5.217310905456543, '3': -5.779810905456543, '0': -6.217310905456543, '2': -6.529810905456543}
2026-03-15 03:08:01,100 - INFO - [Step 76] score 8, accepted!
2026-03-15 03:08:01,100 - INFO - [Step 76] final step_str: Alternatively, maybe there's another way to approach this problem without solving for s first. Let me think.
2026-03-15 03:08:01,413 - INFO - Original token_logprobs: {'8': -0.8026081323623657, '9': -1.1776081323623657, '7': -1.8026081323623657, '5': -3.552608013153076, '6': -3.677608013153076, '1': -4.552608013153076, '4': -5.552608013153076, '3': -6.052608013153076, '0': -6.240108013153076, '2': -6.615108013153076}
2026-03-15 03:08:01,413 - INFO - [Step 77] score 8, accepted!
2026-03-15 03:08:01,413 - INFO - [Step 77] final step_str: We have two equations:
2026-03-15 03:08:01,770 - INFO - Original token_logprobs: {'8': -1.0311405658721924, '9': -1.2811405658721924, '7': -1.7811405658721924, '5': -2.4061405658721924, '6': -2.9061405658721924, '4': -4.156140327453613, '1': -4.656140327453613, '3': -4.781140327453613, '0': -4.781140327453613, '2': -5.843640327453613}
2026-03-15 03:08:01,770 - INFO - [Step 78] score 8, accepted!
2026-03-15 03:08:01,770 - INFO - [Step 78] final step_str: 1) 4 = (9 / s) + t
2026-03-15 03:08:02,150 - INFO - Original token_logprobs: {'9': -1.0038784742355347, '8': -1.1288784742355347, '7': -2.003878593444824, '5': -2.503878593444824, '6': -3.003878593444824, '4': -4.503878593444824, '1': -4.753878593444824, '0': -4.878878593444824, '3': -5.003878593444824, '2': -5.816378593444824}
2026-03-15 03:08:02,151 - INFO - [Step 79] score 9, accepted!
2026-03-15 03:08:02,151 - INFO - [Step 79] final step_str: 2) 2.4 = (9 / (s + 2)) + t
2026-03-15 03:08:02,496 - INFO - Original token_logprobs: {'8': -1.1915769577026367, '9': -1.1915769577026367, '7': -1.9415769577026367, '5': -2.0665769577026367, '6': -2.9415769577026367, '4': -3.8165769577026367, '0': -4.316576957702637, '3': -4.441576957702637, '1': -4.441576957702637, '2': -5.379076957702637}
2026-03-15 03:08:02,496 - INFO - [Step 80] score 8, accepted!
2026-03-15 03:08:02,496 - INFO - [Step 80] final step_str: Subtracting equation 2 from equation 1:
2026-03-15 03:08:02,888 - INFO - Original token_logprobs: {'8': -1.1950523853302002, '9': -1.4450523853302002, '7': -1.5700523853302002, '5': -2.0700523853302, '6': -2.5700523853302, '4': -4.070052146911621, '1': -4.570052146911621, '3': -4.820052146911621, '0': -5.132552146911621, '2': -5.820052146911621}
2026-03-15 03:08:02,888 - INFO - [Step 81] score 8, accepted!
2026-03-15 03:08:02,888 - INFO - [Step 81] final step_str: 4 - 2.4 = (9 / s) - (9 / (s + 2))
2026-03-15 03:08:03,421 - INFO - Original token_logprobs: {'8': -1.1580597162246704, '9': -1.4080597162246704, '7': -1.4080597162246704, '5': -2.283059597015381, '6': -2.783059597015381, '1': -4.720559597015381, '4': -4.783059597015381, '0': -5.408059597015381, '3': -5.470559597015381, '2': -6.408059597015381}
2026-03-15 03:08:03,421 - INFO - [Step 82] score 8, accepted!
2026-03-15 03:08:03,421 - INFO - [Step 82] final step_str: Which is 1.6 = 9 [1/s - 1/(s + 2)] = 9 [ (s + 2 - s) / (s(s + 2)) ] = 9 [ 2 / (s(s + 2)) ]
2026-03-15 03:08:03,894 - INFO - Original token_logprobs: {'8': -1.1834979057312012, '7': -1.3084979057312012, '9': -1.4334979057312012, '5': -2.433497905731201, '6': -2.683497905731201, '1': -4.683497905731201, '4': -4.995997905731201, '3': -5.745997905731201, '0': -5.745997905731201, '2': -6.683497905731201}
2026-03-15 03:08:03,895 - INFO - [Step 83] score 8, accepted!
2026-03-15 03:08:03,895 - INFO - [Step 83] final step_str: So, 1.6 = 18 / (s(s + 2)) => s(s + 2) = 18 / 1.6 = 11.25
2026-03-15 03:08:04,336 - INFO - Original token_logprobs: {'8': -1.0746054649353027, '9': -1.1996054649353027, '7': -1.5746054649353027, '5': -2.5746054649353027, '6': -3.1996054649353027, '1': -4.324605464935303, '4': -5.137105464935303, '3': -5.699605464935303, '0': -5.762105464935303, '2': -6.387105464935303}
2026-03-15 03:08:04,337 - INFO - [Step 84] score 8, accepted!
2026-03-15 03:08:04,337 - INFO - [Step 84] final step_str: Which leads to s^2 + 2s - 11.25 = 0, which we solved as s = 2.5 km/h.
2026-03-15 03:08:04,655 - INFO - Original token_logprobs: {'8': -1.0983728170394897, '9': -1.3483728170394897, '7': -1.4733728170394897, '5': -2.4733729362487793, '6': -2.9733729362487793, '1': -4.098372936248779, '4': -5.035872936248779, '0': -5.285872936248779, '3': -5.535872936248779, '2': -6.160872936248779}
2026-03-15 03:08:04,655 - INFO - [Step 85] score 8, accepted!
2026-03-15 03:08:04,656 - INFO - [Step 85] final step_str: So, same result.
2026-03-15 03:08:05,079 - INFO - Original token_logprobs: {'8': -1.0096321105957031, '9': -1.3846321105957031, '7': -1.3846321105957031, '5': -2.759632110595703, '6': -3.259632110595703, '1': -4.259632110595703, '4': -5.322132110595703, '0': -5.697132110595703, '3': -5.822132110595703, '2': -6.259632110595703}
2026-03-15 03:08:05,079 - INFO - [Step 86] score 8, accepted!
2026-03-15 03:08:05,079 - INFO - [Step 86] final step_str: So, walking at 3 km/h, t is 24 minutes, so total time is 3 hours 24 minutes.
2026-03-15 03:08:05,427 - INFO - Original token_logprobs: {'8': -1.2035200595855713, '9': -1.2035200595855713, '7': -1.4535200595855713, '5': -2.4535200595855713, '6': -3.3285200595855713, '1': -3.9535200595855713, '4': -5.016019821166992, '3': -5.453519821166992, '0': -5.516019821166992, '2': -5.953519821166992}
2026-03-15 03:08:05,427 - INFO - [Step 87] score 8, accepted!
2026-03-15 03:08:05,427 - INFO - [Step 87] final step_str: Therefore, the answer is 204 minutes.
2026-03-15 03:08:05,813 - INFO - Original token_logprobs: {'8': -0.9635168313980103, '9': -1.2135168313980103, '7': -1.5885168313980103, '5': -2.9635167121887207, '6': -3.3385167121887207, '1': -4.401016712188721, '4': -5.526016712188721, '0': -5.776016712188721, '3': -6.026016712188721, '2': -6.588516712188721}
2026-03-15 03:08:05,814 - INFO - [Step 88] score 8, accepted!
2026-03-15 03:08:05,814 - INFO - [Step 88] final step_str: I think that's solid. I can't see any mistakes in the logic or calculations.
2026-03-15 03:08:06,204 - INFO - Original token_logprobs: {'8': -1.1272404193878174, '9': -1.1272404193878174, '7': -1.8772404193878174, '5': -2.3772404193878174, '0': -3.2522404193878174, '6': -3.5022404193878174, '1': -4.127240180969238, '4': -4.502240180969238, '3': -5.252240180969238, '2': -6.564740180969238}
2026-03-15 03:08:06,205 - INFO - [Step 89] score 8, accepted!
2026-03-15 03:08:06,205 - INFO - [Step 89] final step_str: **Final Answer**
The walk takes Aya \boxed{204} minutes, including the coffee shop time.

2026-03-15 03:08:06,205 - INFO - [Step 89] Found candidate answer \boxed{204}. Verifying with base model...
2026-03-15 03:08:06,648 - INFO - [Step 89] Base model rejected answer (NO). Continuing generation.
2026-03-15 03:08:06,963 - INFO - Original token_logprobs: {'8': -1.1272404193878174, '9': -1.1272404193878174, '7': -1.8772404193878174, '5': -2.3772404193878174, '0': -3.2522404193878174, '6': -3.5022404193878174, '1': -4.127240180969238, '4': -4.502240180969238, '3': -5.252240180969238, '2': -6.564740180969238}
2026-03-15 03:08:06,964 - INFO - [Step 90] score 8, accepted!
2026-03-15 03:08:06,964 - INFO - [Step 90] final step_str: \boxed{204}

2026-03-15 03:08:06,964 - INFO - [Step 90] Found candidate answer \boxed{204}. Verifying with base model...
2026-03-15 03:08:07,414 - INFO - [Step 90] Base model rejected answer (NO). Continuing generation.
2026-03-15 03:08:07,748 - INFO - Original token_logprobs: {'8': -1.1272404193878174, '9': -1.1272404193878174, '7': -1.8772404193878174, '5': -2.3772404193878174, '0': -3.2522404193878174, '6': -3.5022404193878174, '1': -4.127240180969238, '4': -4.502240180969238, '3': -5.252240180969238, '2': -6.564740180969238}
2026-03-15 03:08:07,748 - INFO - [Step 91] score 8, accepted!
2026-03-15 03:08:07,748 - INFO - [Step 91] final step_str: **Final Answer**
\boxed{204}

2026-03-15 03:08:07,748 - INFO - [Step 91] Found candidate answer \boxed{204}. Verifying with base model...
2026-03-15 03:08:08,206 - INFO - [Step 91] Base model rejected answer (NO). Continuing generation.
2026-03-15 03:08:08,540 - INFO - Original token_logprobs: {'8': -1.1272404193878174, '9': -1.1272404193878174, '7': -1.8772404193878174, '5': -2.3772404193878174, '0': -3.2522404193878174, '6': -3.5022404193878174, '1': -4.127240180969238, '4': -4.502240180969238, '3': -5.252240180969238, '2': -6.564740180969238}
2026-03-15 03:08:08,540 - INFO - [Step 92] score 8, accepted!
2026-03-15 03:08:08,540 - INFO - [Step 92] final step_str: **Final Answer**
\boxed{204}

2026-03-15 03:08:08,540 - INFO - [Step 92] Found candidate answer \boxed{204}. Verifying with base model...
2026-03-15 03:08:09,040 - INFO - [Step 92] Base model rejected answer (NO). Continuing generation.
