2026-03-15 03:08:14,746 - INFO - Original token_logprobs: {'8': -1.2737562656402588, '5': -1.5237562656402588, '9': -1.7737562656402588, '7': -1.8987562656402588, '0': -2.898756265640259, '6': -3.148756265640259, '3': -3.648756265640259, '4': -3.648756265640259, '1': -3.773756265640259, '2': -5.02375602722168}
2026-03-15 03:08:14,746 - INFO - [Step 0] score 8, accepted!
2026-03-15 03:08:14,746 - INFO - [Step 0] final step_str: First, I'll define the variables and set up the equations based on the problem.
2026-03-15 03:08:15,158 - INFO - Original token_logprobs: {'0': -1.554160475730896, '5': -1.929160475730896, '9': -2.0541605949401855, '1': -2.1791605949401855, '3': -2.3041605949401855, '8': -2.3041605949401855, '2': -2.8041605949401855, '7': -2.9291605949401855, '4': -3.0541605949401855, '6': -3.3041605949401855}
2026-03-15 03:08:15,158 - INFO - [Step 1] score 0 rejected, falling back to base model
2026-03-15 03:08:16,311 - INFO - [Step 1] final step_str: Let me see. The problem says Aya walks 9 kilometers each morning and then stops at a coffee shop. The total time she takes includes both walking and the time spent in the coffee shop, which is t minutes. 
2026-03-15 03:08:16,854 - INFO - Original token_logprobs: {'1': -1.446475863456726, '0': -1.571475863456726, '2': -2.1964759826660156, '9': -2.1964759826660156, '5': -2.3214759826660156, '3': -2.4464759826660156, '8': -2.9464759826660156, '4': -3.3214759826660156, '7': -3.3214759826660156, '6': -3.8214759826660156}
2026-03-15 03:08:16,854 - INFO - [Step 2] score 1 rejected, falling back to base model
2026-03-15 03:08:18,994 - INFO - [Step 2] final step_str: So, when she walks at speed s km/h, the total time is 4 hours, which is 240 minutes. When she walks faster, at s + 2 km/h, the total time is 2 hours and 24 minutes, which is 144 minutes. The coffee shop time t is the same in both cases. 
2026-03-15 03:08:19,361 - INFO - Original token_logprobs: {'0': -1.8972679376602173, '5': -1.8972679376602173, '3': -1.8972679376602173, '1': -2.0222678184509277, '2': -2.0222678184509277, '9': -2.2722678184509277, '4': -2.8972678184509277, '8': -3.0222678184509277, '7': -3.1472678184509277, '6': -3.3972678184509277}
2026-03-15 03:08:19,362 - INFO - [Step 3] score 0 rejected, falling back to base model
2026-03-15 03:08:20,618 - INFO - [Step 3] final step_str: I need to relate her walking speed to the time spent walking and then solve for s and t. Then, using the found speed, calculate the total time when she walks at s + 0.5 km/h.
2026-03-15 03:08:21,113 - INFO - Original token_logprobs: {'5': -1.2923073768615723, '3': -1.9173073768615723, '4': -2.4173073768615723, '7': -2.4173073768615723, '2': -2.4173073768615723, '8': -2.5423073768615723, '9': -2.5423073768615723, '6': -2.5423073768615723, '1': -3.0423073768615723, '0': -3.6673073768615723}
2026-03-15 03:08:21,113 - INFO - [Step 4] score 5 rejected, falling back to base model
2026-03-15 03:08:23,815 - INFO - [Step 4] final step_str: First, let's recall that time = distance / speed. The walking time would be 9 km divided by her speed. But the total time is walking time plus t minutes. However, I need to make sure the units are consistent. Since the total time is given in hours and minutes, maybe I should convert everything to hours or everything to minutes. Let me think in hours first, perhaps.
2026-03-15 03:08:24,412 - INFO - Original token_logprobs: {'5': -1.6760461330413818, '3': -2.051046133041382, '1': -2.051046133041382, '2': -2.176046133041382, '7': -2.301046133041382, '4': -2.426046133041382, '9': -2.551046133041382, '6': -2.676046133041382, '8': -2.676046133041382, '0': -3.301046133041382}
2026-03-15 03:08:24,413 - INFO - [Step 5] score 5 rejected, falling back to base model
2026-03-15 03:08:24,831 - INFO - [Step 5] final step_str: Let me write the equations in hours. 
2026-03-15 03:08:25,394 - INFO - Original token_logprobs: {'5': -1.5130701065063477, '7': -1.8880701065063477, '8': -2.0130701065063477, '9': -2.1380701065063477, '3': -2.2630701065063477, '4': -2.6380701065063477, '6': -2.6380701065063477, '2': -2.8880701065063477, '1': -3.1380701065063477, '0': -3.5130701065063477}
2026-03-15 03:08:25,395 - INFO - [Step 6] score 5 rejected, falling back to base model
2026-03-15 03:08:28,393 - INFO - [Step 6] final step_str: First scenario:
Total time = 4 hours = walking time + t minutes. Wait, but t is in minutes. Hmm. Maybe I should convert t to hours. Alternatively, convert all times to minutes. Let me try converting everything to minutes to avoid confusion.
2026-03-15 03:08:28,777 - INFO - Original token_logprobs: {'8': -1.585660696029663, '9': -1.585660696029663, '7': -1.835660696029663, '5': -1.835660696029663, '1': -2.710660696029663, '3': -3.085660696029663, '6': -3.085660696029663, '0': -3.210660696029663, '2': -3.335660696029663, '4': -3.335660696029663}
2026-03-15 03:08:28,777 - INFO - [Step 7] score 8, accepted!
2026-03-15 03:08:28,777 - INFO - [Step 7] final step_str: So, 4 hours is 240 minutes, and 2 hours 24 minutes is 144 minutes.
2026-03-15 03:08:29,256 - INFO - Original token_logprobs: {'7': -1.3177917003631592, '8': -1.5677917003631592, '5': -1.8177917003631592, '6': -2.067791700363159, '9': -2.192791700363159, '4': -3.192791700363159, '3': -3.567791700363159, '1': -3.692791700363159, '0': -4.317791938781738, '2': -4.317791938781738}
2026-03-15 03:08:29,256 - INFO - [Step 8] score 7, accepted!
2026-03-15 03:08:29,256 - INFO - [Step 8] final step_str: So, in the first scenario:
Walking time = 240 - t minutes.
Walking time also equals 9 km / s km/h = 9/s hours. To convert this to minutes, it's (9/s) * 60 minutes.
2026-03-15 03:08:29,614 - INFO - Original token_logprobs: {'7': -1.2006666660308838, '8': -1.3256666660308838, '5': -1.7006666660308838, '6': -2.075666666030884, '9': -2.575666666030884, '4': -3.700666666030884, '3': -4.825666427612305, '1': -4.950666427612305, '0': -5.200666427612305, '2': -6.325666427612305}
2026-03-15 03:08:29,615 - INFO - [Step 9] score 7, accepted!
2026-03-15 03:08:29,615 - INFO - [Step 9] final step_str: So, the equation is:
(9/s) * 60 + t = 240
2026-03-15 03:08:30,202 - INFO - Original token_logprobs: {'3': -1.201391339302063, '2': -1.701391339302063, '5': -2.0763912200927734, '4': -2.2013912200927734, '1': -2.3263912200927734, '0': -2.4513912200927734, '6': -3.0763912200927734, '7': -3.8263912200927734, '9': -4.201391220092773, '8': -4.326391220092773}
2026-03-15 03:08:30,202 - INFO - [Step 10] score 3 rejected, falling back to base model
2026-03-15 03:08:32,731 - INFO - [Step 10] final step_str: Similarly, in the second scenario:
Walking time is (9 / (s + 2)) hours, converted to minutes: (9/(s + 2)) * 60 minutes. The total time is 144 minutes, so:
2026-03-15 03:08:33,085 - INFO - Original token_logprobs: {'8': -0.7611478567123413, '7': -1.2611478567123413, '9': -2.011147975921631, '5': -3.011147975921631, '6': -3.011147975921631, '1': -5.261147975921631, '4': -5.386147975921631, '0': -5.636147975921631, '3': -6.386147975921631, '2': -7.448647975921631}
2026-03-15 03:08:33,086 - INFO - [Step 11] score 8, accepted!
2026-03-15 03:08:33,086 - INFO - [Step 11] final step_str: (9 / (s + 2)) * 60 + t = 144
2026-03-15 03:08:33,554 - INFO - Original token_logprobs: {'8': -0.5790830254554749, '7': -1.32908296585083, '9': -2.20408296585083, '6': -3.45408296585083, '5': -3.82908296585083, '1': -5.45408296585083, '0': -6.20408296585083, '4': -6.20408296585083, '3': -6.95408296585083, '2': -7.89158296585083}
2026-03-15 03:08:33,554 - INFO - [Step 12] score 8, accepted!
2026-03-15 03:08:33,554 - INFO - [Step 12] final step_str: Now I have two equations:
1) (540 / s) + t = 240
2) (540 / (s + 2)) + t = 144
2026-03-15 03:08:34,106 - INFO - Original token_logprobs: {'7': -0.9158735275268555, '8': -1.1658735275268555, '6': -2.2908735275268555, '9': -2.4158735275268555, '5': -2.5408735275268555, '1': -5.1658735275268555, '4': -5.1658735275268555, '0': -5.6658735275268555, '3': -6.2908735275268555, '2': -7.2283735275268555}
2026-03-15 03:08:34,106 - INFO - [Step 13] score 7, accepted!
2026-03-15 03:08:34,106 - INFO - [Step 13] final step_str: I can subtract equation 2 from equation 1 to eliminate t:
(540 / s) - (540 / (s + 2)) = 240 - 144
540 [1/s - 1/(s + 2)] = 96
2026-03-15 03:08:34,561 - INFO - Original token_logprobs: {'7': -0.9828193783760071, '8': -1.3578193187713623, '5': -1.8578193187713623, '6': -2.2328193187713623, '9': -2.4828193187713623, '4': -4.732819557189941, '1': -5.107819557189941, '3': -5.982819557189941, '0': -6.232819557189941, '2': -7.170319557189941}
2026-03-15 03:08:34,561 - INFO - [Step 14] score 7, accepted!
2026-03-15 03:08:34,561 - INFO - [Step 14] final step_str: Simplify inside the brackets:
1/s - 1/(s + 2) = (s + 2 - s) / [s(s + 2)] = 2 / [s(s + 2)]
2026-03-15 03:08:35,011 - INFO - Original token_logprobs: {'7': -0.9385313987731934, '8': -1.3135313987731934, '6': -1.9385313987731934, '5': -2.1885313987731934, '9': -2.6885313987731934, '4': -5.063531398773193, '1': -5.688531398773193, '0': -6.063531398773193, '3': -6.313531398773193, '2': -7.501031398773193}
2026-03-15 03:08:35,011 - INFO - [Step 15] score 7, accepted!
2026-03-15 03:08:35,012 - INFO - [Step 15] final step_str: So, 540 * (2 / [s(s + 2)]) = 96
This simplifies to:
(1080) / [s(s + 2)] = 96
2026-03-15 03:08:35,377 - INFO - Original token_logprobs: {'7': -0.9351984262466431, '8': -1.435198426246643, '5': -2.0601983070373535, '6': -2.0601983070373535, '9': -2.4351983070373535, '4': -4.4351983070373535, '1': -5.3101983070373535, '0': -5.5601983070373535, '3': -5.6851983070373535, '2': -6.9351983070373535}
2026-03-15 03:08:35,377 - INFO - [Step 16] score 7, accepted!
2026-03-15 03:08:35,377 - INFO - [Step 16] final step_str: Multiply both sides by s(s + 2):
1080 = 96s(s + 2)
2026-03-15 03:08:35,737 - INFO - Original token_logprobs: {'5': -1.3683946132659912, '7': -1.4933946132659912, '6': -1.7433946132659912, '8': -2.493394613265991, '4': -2.493394613265991, '3': -2.743394613265991, '9': -2.993394613265991, '2': -3.868394613265991, '1': -3.868394613265991, '0': -3.868394613265991}
2026-03-15 03:08:35,737 - INFO - [Step 17] score 5 rejected, falling back to base model
2026-03-15 03:08:42,174 - INFO - [Step 17] final step_str: Divide both sides by 96 to simplify:
1080 / 96 = s(s + 2)
Let me compute that: 1080 divided by 96. Let's see, 96 * 11 = 1056, so 1080 - 1056 = 24, so 11 + 24/96 = 11 + 1/4 = 11.25. So, 11.25 = s(s + 2)
2026-03-15 03:08:42,544 - INFO - Original token_logprobs: {'7': -0.9870181679725647, '6': -1.73701810836792, '5': -1.73701810836792, '8': -1.86201810836792, '9': -2.73701810836792, '4': -3.61201810836792, '3': -4.73701810836792, '1': -4.86201810836792, '0': -4.98701810836792, '2': -5.98701810836792}
2026-03-15 03:08:42,544 - INFO - [Step 18] score 7, accepted!
2026-03-15 03:08:42,544 - INFO - [Step 18] final step_str: Thus, s^2 + 2s - 11.25 = 0
2026-03-15 03:08:43,240 - INFO - Original token_logprobs: {'7': -0.755286455154419, '8': -1.630286455154419, '6': -2.130286455154419, '9': -2.380286455154419, '5': -2.380286455154419, '4': -4.63028621673584, '0': -4.88028621673584, '1': -5.13028621673584, '3': -5.75528621673584, '2': -6.75528621673584}
2026-03-15 03:08:43,240 - INFO - [Step 19] score 7, accepted!
2026-03-15 03:08:43,240 - INFO - [Step 19] final step_str: Now, solve this quadratic equation for s. Let's use the quadratic formula:
s = [-b ± sqrt(b^2 - 4ac)] / (2a)
Here, a = 1, b = 2, c = -11.25
Discriminant = 4 + 45 = 49
sqrt(49) = 7
So, s = [-2 ± 7] / 2
2026-03-15 03:08:43,671 - INFO - Original token_logprobs: {'7': -0.6155422925949097, '6': -1.9905422925949097, '8': -2.115542411804199, '5': -2.240542411804199, '9': -2.615542411804199, '4': -4.740542411804199, '0': -5.490542411804199, '1': -5.490542411804199, '3': -5.865542411804199, '2': -6.865542411804199}
2026-03-15 03:08:43,672 - INFO - [Step 20] score 7, accepted!
2026-03-15 03:08:43,672 - INFO - [Step 20] final step_str: Since speed can't be negative, we take the positive solution:
s = (-2 + 7)/2 = 5/2 = 2.5 km/h
2026-03-15 03:08:44,160 - INFO - Original token_logprobs: {'7': -0.7784964442253113, '5': -1.778496503829956, '6': -2.153496503829956, '8': -2.153496503829956, '9': -2.528496503829956, '4': -3.778496503829956, '0': -4.528496265411377, '3': -4.528496265411377, '1': -4.653496265411377, '2': -5.778496265411377}
2026-03-15 03:08:44,161 - INFO - [Step 21] score 7, accepted!
2026-03-15 03:08:44,161 - INFO - [Step 21] final step_str: Wait, that seems low. Let me check my calculations. Hmm, 1080 / 96 is indeed 11.25. So, s^2 + 2s - 11.25 = 0
2026-03-15 03:08:44,722 - INFO - Original token_logprobs: {'7': -0.7104774713516235, '5': -1.8354774713516235, '6': -1.9604774713516235, '8': -2.460477352142334, '9': -2.710477352142334, '4': -3.835477352142334, '1': -4.460477352142334, '3': -4.710477352142334, '0': -4.710477352142334, '2': -5.710477352142334}
2026-03-15 03:08:44,722 - INFO - [Step 22] score 7, accepted!
2026-03-15 03:08:44,722 - INFO - [Step 22] final step_str: Using the quadratic formula:
s = [-2 ± sqrt(4 + 45)] / 2 = [-2 ± 7]/2
So, s = (5)/2 = 2.5 km/h or s = (-9)/2, which is negative. So, s = 2.5 km/h.
2026-03-15 03:08:45,281 - INFO - Original token_logprobs: {'7': -0.8976969718933105, '5': -1.5226969718933105, '6': -2.2726969718933105, '8': -2.2726969718933105, '9': -2.5226969718933105, '4': -3.6476969718933105, '0': -4.0226969718933105, '1': -4.0226969718933105, '3': -4.1476969718933105, '2': -4.8976969718933105}
2026-03-15 03:08:45,282 - INFO - [Step 23] score 7, accepted!
2026-03-15 03:08:45,282 - INFO - [Step 23] final step_str: But let me verify if this makes sense. If her speed is 2.5 km/h, then time walking is 9 / 2.5 = 3.6 hours, which is 216 minutes. Then, total time is 216 + t = 240, so t = 24 minutes.
2026-03-15 03:08:45,869 - INFO - Original token_logprobs: {'7': -0.8959543108940125, '8': -1.6459543704986572, '5': -1.8959543704986572, '6': -2.1459543704986572, '9': -2.2709543704986572, '4': -4.520954132080078, '1': -5.020954132080078, '3': -5.520954132080078, '0': -5.895954132080078, '2': -6.395954132080078}
2026-03-15 03:08:45,869 - INFO - [Step 24] score 7, accepted!
2026-03-15 03:08:45,869 - INFO - [Step 24] final step_str: In the second scenario, her speed is 4.5 km/h. Walking time is 9 / 4.5 = 2 hours, which is 120 minutes. Total time is 120 + t = 144, so t = 24 minutes. That matches. So, s = 2.5 km/h is correct.
2026-03-15 03:08:46,302 - INFO - Original token_logprobs: {'7': -0.9076300263404846, '8': -1.2826299667358398, '9': -1.9076299667358398, '5': -2.53262996673584, '6': -2.78262996673584, '1': -4.78262996673584, '4': -4.90762996673584, '0': -5.40762996673584, '3': -5.53262996673584, '2': -6.15762996673584}
2026-03-15 03:08:46,303 - INFO - [Step 25] score 7, accepted!
2026-03-15 03:08:46,303 - INFO - [Step 25] final step_str: Now, the problem asks for the time when she walks at s + 0.5 km/h, which is 2.5 + 0.5 = 3 km/h.
2026-03-15 03:08:46,789 - INFO - Original token_logprobs: {'7': -0.7003669738769531, '8': -1.5753669738769531, '9': -2.325366973876953, '5': -2.450366973876953, '6': -2.450366973876953, '1': -4.825366973876953, '4': -4.950366973876953, '3': -5.450366973876953, '0': -5.825366973876953, '2': -6.325366973876953}
2026-03-15 03:08:46,789 - INFO - [Step 26] score 7, accepted!
2026-03-15 03:08:46,789 - INFO - [Step 26] final step_str: Walking time is 9 / 3 = 3 hours, which is 180 minutes. Adding the coffee shop time t = 24 minutes, total time is 180 + 24 = 204 minutes.
2026-03-15 03:08:47,107 - INFO - Original token_logprobs: {'8': -1.1272404193878174, '9': -1.1272404193878174, '7': -1.8772404193878174, '5': -2.3772404193878174, '0': -3.2522404193878174, '6': -3.5022404193878174, '1': -4.127240180969238, '4': -4.502240180969238, '3': -5.252240180969238, '2': -6.564740180969238}
2026-03-15 03:08:47,107 - INFO - [Step 27] score 8, accepted!
2026-03-15 03:08:47,108 - WARNING - Warning: step_str had a </think>, removing. So, the answer should be 204 minutes.
</think>
2026-03-15 03:08:47,108 - INFO - [Step 27] final step_str: So, the answer should be 204 minutes.

2026-03-15 03:08:47,472 - INFO - Original token_logprobs: {'8': -1.1272404193878174, '9': -1.1272404193878174, '7': -1.8772404193878174, '5': -2.3772404193878174, '0': -3.2522404193878174, '6': -3.5022404193878174, '1': -4.127240180969238, '4': -4.502240180969238, '3': -5.252240180969238, '2': -6.564740180969238}
2026-03-15 03:08:47,472 - INFO - [Step 28] score 8, accepted!
2026-03-15 03:08:47,473 - INFO - [Step 28] final step_str: **Final Answer**
The walk takes Aya \boxed{204} minutes including the coffee shop time.

2026-03-15 03:08:47,473 - INFO - [Step 28] Found candidate answer \boxed{204}. Verifying with base model...
2026-03-15 03:08:48,140 - INFO - [Step 28] Base model rejected answer (NO). Continuing generation.
2026-03-15 03:08:48,428 - INFO - Original token_logprobs: {'8': -1.1272404193878174, '9': -1.1272404193878174, '7': -1.8772404193878174, '5': -2.3772404193878174, '0': -3.2522404193878174, '6': -3.5022404193878174, '1': -4.127240180969238, '4': -4.502240180969238, '3': -5.252240180969238, '2': -6.564740180969238}
2026-03-15 03:08:48,428 - INFO - [Step 29] score 8, accepted!
2026-03-15 03:08:48,428 - INFO - [Step 29] final step_str: \boxed{204}

2026-03-15 03:08:48,428 - INFO - [Step 29] Found candidate answer \boxed{204}. Verifying with base model...
2026-03-15 03:08:49,179 - INFO - [Step 29] Base model rejected answer (NO). Continuing generation.
2026-03-15 03:08:49,491 - INFO - Original token_logprobs: {'8': -1.1272404193878174, '9': -1.1272404193878174, '7': -1.8772404193878174, '5': -2.3772404193878174, '0': -3.2522404193878174, '6': -3.5022404193878174, '1': -4.127240180969238, '4': -4.502240180969238, '3': -5.252240180969238, '2': -6.564740180969238}
2026-03-15 03:08:49,492 - INFO - [Step 30] score 8, accepted!
2026-03-15 03:08:49,492 - INFO - [Step 30] final step_str: **Final Answer**
\boxed{204}

2026-03-15 03:08:49,492 - INFO - [Step 30] Found candidate answer \boxed{204}. Verifying with base model...
2026-03-15 03:08:50,310 - INFO - [Step 30] Base model rejected answer (NO). Continuing generation.
2026-03-15 03:08:50,622 - INFO - Original token_logprobs: {'8': -1.1272404193878174, '9': -1.1272404193878174, '7': -1.8772404193878174, '5': -2.3772404193878174, '0': -3.2522404193878174, '6': -3.5022404193878174, '1': -4.127240180969238, '4': -4.502240180969238, '3': -5.252240180969238, '2': -6.564740180969238}
2026-03-15 03:08:50,622 - INFO - [Step 31] score 8, accepted!
2026-03-15 03:08:50,622 - INFO - [Step 31] final step_str: **Final Answer**
\boxed{204}

2026-03-15 03:08:50,623 - INFO - [Step 31] Found candidate answer \boxed{204}. Verifying with base model...
2026-03-15 03:08:51,212 - INFO - [Step 31] Base model rejected answer (NO). Continuing generation.
