2026-03-15 03:08:56,830 - INFO - Original token_logprobs: {'0': -1.550145149230957, '5': -1.675145149230957, '1': -1.925145149230957, '9': -1.925145149230957, '3': -2.550145149230957, '8': -2.550145149230957, '2': -2.925145149230957, '7': -3.175145149230957, '4': -3.425145149230957, '6': -3.800145149230957}
2026-03-15 03:08:56,830 - INFO - [Step 0] score 0 rejected, falling back to base model
2026-03-15 03:08:58,613 - INFO - [Step 0] final step_str: Okay, let's see. So the problem is about Aya walking 9 kilometers and then stopping at a coffee shop. The time she takes includes both walking and the time spent in the coffee shop, which is t minutes. We need to find the total time when she walks at s + 1/2 km/h. 
2026-03-15 03:08:58,922 - INFO - Original token_logprobs: {'8': -1.2905980348587036, '9': -1.2905980348587036, '7': -1.5405980348587036, '5': -2.165597915649414, '6': -3.040597915649414, '0': -3.540597915649414, '1': -4.290597915649414, '4': -4.290597915649414, '3': -4.540597915649414, '2': -5.603097915649414}
2026-03-15 03:08:58,922 - INFO - [Step 1] score 8, accepted!
2026-03-15 03:08:58,922 - INFO - [Step 1] final step_str: First, let me parse the problem step by step. 
2026-03-15 03:08:59,183 - INFO - Original token_logprobs: {'7': -1.1420897245407104, '8': -1.2670897245407104, '9': -1.6420897245407104, '5': -2.64208984375, '6': -2.76708984375, '0': -3.76708984375, '1': -4.01708984375, '4': -4.39208984375, '3': -4.64208984375, '2': -5.45458984375}
2026-03-15 03:08:59,184 - INFO - [Step 2] score 7, accepted!
2026-03-15 03:08:59,184 - INFO - [Step 2] final step_str: We have two scenarios:
2026-03-15 03:08:59,697 - INFO - Original token_logprobs: {'8': -1.318421483039856, '9': -1.568421483039856, '5': -1.943421483039856, '7': -2.0684213638305664, '3': -2.8184213638305664, '0': -2.9434213638305664, '6': -2.9434213638305664, '4': -3.0684213638305664, '1': -3.6934213638305664, '2': -4.193421363830566}
2026-03-15 03:08:59,697 - INFO - [Step 3] score 8, accepted!
2026-03-15 03:08:59,697 - INFO - [Step 3] final step_str: 1. When Aya walks at s km/h, it takes her 4 hours total, including t minutes in the coffee shop.
2. When she walks faster, at s + 2 km/h, the total time becomes 2 hours and 24 minutes, still including t minutes in the coffee shop.
2026-03-15 03:09:00,028 - INFO - Original token_logprobs: {'0': -1.577624797821045, '9': -1.827624797821045, '5': -1.827624797821045, '8': -2.077624797821045, '3': -2.452624797821045, '7': -2.702624797821045, '1': -2.827624797821045, '4': -2.952624797821045, '2': -3.202624797821045, '6': -3.327624797821045}
2026-03-15 03:09:00,028 - INFO - [Step 4] score 0 rejected, falling back to base model
2026-03-15 03:09:00,552 - INFO - [Step 4] final step_str: We need to find the total time when she walks at s + 0.5 km/h.
2026-03-15 03:09:00,963 - INFO - Original token_logprobs: {'0': -1.814954400062561, '1': -1.939954400062561, '5': -2.0649542808532715, '3': -2.0649542808532715, '2': -2.0649542808532715, '9': -2.3149542808532715, '8': -2.4399542808532715, '4': -2.9399542808532715, '7': -3.1899542808532715, '6': -3.5649542808532715}
2026-03-15 03:09:00,963 - INFO - [Step 5] score 0 rejected, falling back to base model
2026-03-15 03:09:02,282 - INFO - [Step 5] final step_str: Hmm. Let me think. The key here is that the distance is fixed at 9 km, and the time spent walking plus the t minutes (converted to hours or kept in minutes?) equals the total time. 
2026-03-15 03:09:02,774 - INFO - Original token_logprobs: {'0': -0.7230275273323059, '9': -2.223027467727661, '5': -2.223027467727661, '1': -2.473027467727661, '3': -2.848027467727661, '2': -3.098027467727661, '8': -3.098027467727661, '4': -3.723027467727661, '7': -3.848027467727661, '6': -4.09802770614624}
2026-03-15 03:09:02,774 - INFO - [Step 6] score 0 rejected, falling back to base model
2026-03-15 03:09:06,196 - INFO - [Step 6] final step_str: Wait, the problem says "the walk takes her 4 hours, including t minutes spent in the coffee shop." So the total time is the walking time plus the coffee time. Since t is in minutes, maybe we need to convert everything into the same units. Probably convert hours to minutes to avoid confusion.
2026-03-15 03:09:06,503 - INFO - Original token_logprobs: {'0': -1.7413779497146606, '5': -1.8663779497146606, '9': -1.8663779497146606, '8': -1.8663779497146606, '1': -2.491377830505371, '7': -2.491377830505371, '3': -2.616377830505371, '2': -3.116377830505371, '6': -3.241377830505371, '4': -3.491377830505371}
2026-03-15 03:09:06,503 - INFO - [Step 7] score 0 rejected, falling back to base model
2026-03-15 03:09:06,940 - INFO - [Step 7] final step_str: Let me set up variables properly.
2026-03-15 03:09:07,177 - INFO - Original token_logprobs: {'8': -1.668687343597412, '0': -1.793687343597412, '5': -1.918687343597412, '9': -1.918687343597412, '3': -2.543687343597412, '7': -2.668687343597412, '1': -2.668687343597412, '2': -3.043687343597412, '4': -3.168687343597412, '6': -3.293687343597412}
2026-03-15 03:09:07,177 - INFO - [Step 8] score 8, accepted!
2026-03-15 03:09:07,177 - INFO - [Step 8] final step_str: Let me denote:
2026-03-15 03:09:07,497 - INFO - Original token_logprobs: {'0': -1.3022491931915283, '5': -1.9272491931915283, '8': -2.1772491931915283, '9': -2.1772491931915283, '1': -2.3022491931915283, '3': -2.5522491931915283, '2': -2.8022491931915283, '7': -3.0522491931915283, '4': -3.4272491931915283, '6': -3.5522491931915283}
2026-03-15 03:09:07,497 - INFO - [Step 9] score 0 rejected, falling back to base model
2026-03-15 03:09:08,217 - INFO - [Step 9] final step_str: Let s = Aya's walking speed in km/h.
2026-03-15 03:09:08,525 - INFO - Original token_logprobs: {'0': -0.8664588928222656, '9': -2.1164588928222656, '1': -2.1164588928222656, '5': -2.3664588928222656, '3': -2.7414588928222656, '2': -2.8664588928222656, '8': -2.8664588928222656, '7': -3.7414588928222656, '4': -3.8664588928222656, '6': -4.116458892822266}
2026-03-15 03:09:08,526 - INFO - [Step 10] score 0 rejected, falling back to base model
2026-03-15 03:09:09,307 - INFO - [Step 10] final step_str: Let t = time spent in the coffee shop, in minutes.
2026-03-15 03:09:09,873 - INFO - Original token_logprobs: {'1': -1.1388319730758667, '2': -1.6388319730758667, '3': -2.0138320922851562, '5': -2.3888320922851562, '0': -2.5138320922851562, '4': -2.8888320922851562, '6': -3.3888320922851562, '9': -3.5138320922851562, '8': -3.5138320922851562, '7': -3.6388320922851562}
2026-03-15 03:09:09,873 - INFO - [Step 11] score 1 rejected, falling back to base model
2026-03-15 03:09:11,679 - INFO - [Step 11] final step_str: Total time when walking at s km/h: 4 hours = 240 minutes. This is equal to (walking time in minutes) + t.
2026-03-15 03:09:12,166 - INFO - Original token_logprobs: {'9': -1.316467046737671, '5': -1.441467046737671, '8': -1.816467046737671, '0': -2.316467046737671, '7': -2.441467046737671, '4': -3.441467046737671, '1': -3.441467046737671, '3': -3.566467046737671, '6': -3.566467046737671, '2': -3.816467046737671}
2026-03-15 03:09:12,167 - INFO - [Step 12] score 9, accepted!
2026-03-15 03:09:12,167 - INFO - [Step 12] final step_str: Similarly, when she walks at s + 2 km/h, the total time is 2 hours and 24 minutes, which is 144 minutes. So this is equal to (walking time in minutes) + t.
2026-03-15 03:09:12,650 - INFO - Original token_logprobs: {'8': -1.4402152299880981, '7': -1.5652152299880981, '9': -1.6902152299880981, '5': -1.8152152299880981, '6': -2.6902151107788086, '0': -3.1902151107788086, '4': -3.4402151107788086, '3': -3.6902151107788086, '1': -3.6902151107788086, '2': -4.440215110778809}
2026-03-15 03:09:12,650 - INFO - [Step 13] score 8, accepted!
2026-03-15 03:09:12,650 - INFO - [Step 13] final step_str: Wait, but actually, the problem says "including t minutes spent in the coffee shop." So the total time is walking time plus t minutes. So in the first case, walking time + t = 4 hours = 240 minutes.
2026-03-15 03:09:13,002 - INFO - Original token_logprobs: {'9': -1.401388168334961, '8': -1.526388168334961, '5': -1.526388168334961, '7': -1.901388168334961, '6': -3.026388168334961, '0': -3.151388168334961, '4': -3.526388168334961, '3': -3.901388168334961, '1': -4.151388168334961, '2': -4.776388168334961}
2026-03-15 03:09:13,002 - INFO - [Step 14] score 9, accepted!
2026-03-15 03:09:13,002 - INFO - [Step 14] final step_str: In the second case, walking time + t = 2 hours 24 minutes = 144 minutes.
2026-03-15 03:09:13,271 - INFO - Original token_logprobs: {'8': -1.456322431564331, '9': -1.581322431564331, '5': -1.706322431564331, '7': -1.831322431564331, '0': -2.581322431564331, '1': -3.206322431564331, '6': -3.331322431564331, '4': -3.581322431564331, '3': -3.956322431564331, '2': -4.33132266998291}
2026-03-15 03:09:13,271 - INFO - [Step 15] score 8, accepted!
2026-03-15 03:09:13,271 - INFO - [Step 15] final step_str: So we have two equations:
2026-03-15 03:09:13,607 - INFO - Original token_logprobs: {'8': -1.6050463914871216, '9': -1.8550463914871216, '5': -1.8550463914871216, '7': -1.9800463914871216, '1': -2.480046272277832, '6': -2.605046272277832, '3': -2.980046272277832, '4': -2.980046272277832, '0': -3.105046272277832, '2': -3.230046272277832}
2026-03-15 03:09:13,607 - INFO - [Step 16] score 8, accepted!
2026-03-15 03:09:13,607 - INFO - [Step 16] final step_str: 1. Walking time at s km/h + t = 240 minutes.
2026-03-15 03:09:13,965 - INFO - Original token_logprobs: {'8': -1.3899527788162231, '5': -1.6399527788162231, '9': -1.6399527788162231, '7': -1.6399527788162231, '6': -2.7649526596069336, '4': -3.2649526596069336, '0': -3.7649526596069336, '3': -4.139952659606934, '1': -4.139952659606934, '2': -4.889952659606934}
2026-03-15 03:09:13,965 - INFO - [Step 17] score 8, accepted!
2026-03-15 03:09:13,966 - INFO - [Step 17] final step_str: 2. Walking time at (s + 2) km/h + t = 144 minutes.
2026-03-15 03:09:14,355 - INFO - Original token_logprobs: {'8': -1.3080363273620605, '7': -1.5580363273620605, '5': -1.8080363273620605, '9': -2.1830363273620605, '6': -2.3080363273620605, '4': -3.0580363273620605, '3': -3.5580363273620605, '1': -3.6830363273620605, '0': -3.8080363273620605, '2': -4.1830363273620605}
2026-03-15 03:09:14,355 - INFO - [Step 18] score 8, accepted!
2026-03-15 03:09:14,355 - INFO - [Step 18] final step_str: Let me denote walking time at s km/h as W1 minutes, and walking time at (s + 2) km/h as W2 minutes.
2026-03-15 03:09:14,613 - INFO - Original token_logprobs: {'8': -1.3919068574905396, '5': -1.7669068574905396, '7': -1.8919068574905396, '9': -2.01690673828125, '6': -2.76690673828125, '1': -2.89190673828125, '4': -3.01690673828125, '3': -3.01690673828125, '0': -3.26690673828125, '2': -3.26690673828125}
2026-03-15 03:09:14,614 - INFO - [Step 19] score 8, accepted!
2026-03-15 03:09:14,614 - INFO - [Step 19] final step_str: So:
2026-03-15 03:09:14,915 - INFO - Original token_logprobs: {'8': -1.481866478919983, '7': -1.731866478919983, '9': -1.856866478919983, '5': -1.981866478919983, '6': -2.4818663597106934, '1': -2.8568663597106934, '4': -2.9818663597106934, '0': -3.2318663597106934, '3': -3.3568663597106934, '2': -3.4818663597106934}
2026-03-15 03:09:14,915 - INFO - [Step 20] score 8, accepted!
2026-03-15 03:09:14,915 - INFO - [Step 20] final step_str: W1 + t = 240
2026-03-15 03:09:15,217 - INFO - Original token_logprobs: {'5': -1.4962221384048462, '8': -1.4962221384048462, '7': -1.7462221384048462, '6': -2.2462220191955566, '9': -2.3712220191955566, '4': -2.8712220191955566, '3': -3.2462220191955566, '1': -3.3712220191955566, '2': -3.4962220191955566, '0': -4.246222019195557}
2026-03-15 03:09:15,217 - INFO - [Step 21] score 5 rejected, falling back to base model
2026-03-15 03:09:15,628 - INFO - [Step 21] final step_str: W2 + t = 144
2026-03-15 03:09:16,002 - INFO - Original token_logprobs: {'8': -1.500876784324646, '5': -1.750876784324646, '7': -1.875876784324646, '9': -2.0008769035339355, '0': -2.6258769035339355, '3': -3.0008769035339355, '4': -3.0008769035339355, '1': -3.0008769035339355, '6': -3.0008769035339355, '2': -3.2508769035339355}
2026-03-15 03:09:16,003 - INFO - [Step 22] score 8, accepted!
2026-03-15 03:09:16,003 - INFO - [Step 22] final step_str: But also, the distance is 9 km in both cases. So for the first case, distance = speed * time. So:
2026-03-15 03:09:16,373 - INFO - Original token_logprobs: {'7': -1.1825953722000122, '8': -1.3075953722000122, '5': -2.0575952529907227, '9': -2.1825952529907227, '6': -2.1825952529907227, '4': -3.6825952529907227, '1': -4.182595252990723, '0': -4.432595252990723, '3': -4.682595252990723, '2': -5.432595252990723}
2026-03-15 03:09:16,373 - INFO - [Step 23] score 7, accepted!
2026-03-15 03:09:16,373 - INFO - [Step 23] final step_str: 9 = s * (W1 / 60)  [since W1 is in minutes, convert to hours]
2026-03-15 03:09:16,660 - INFO - Original token_logprobs: {'7': -1.2002025842666626, '8': -1.4502025842666626, '5': -1.9502025842666626, '9': -2.075202465057373, '6': -2.575202465057373, '4': -3.325202465057373, '0': -3.575202465057373, '1': -3.700202465057373, '3': -4.075202465057373, '2': -4.700202465057373}
2026-03-15 03:09:16,660 - INFO - [Step 24] score 7, accepted!
2026-03-15 03:09:16,660 - INFO - [Step 24] final step_str: Similarly, for the second case:
2026-03-15 03:09:16,995 - INFO - Original token_logprobs: {'8': -0.9589532017707825, '7': -1.2089531421661377, '9': -1.9589531421661377, '5': -2.5839531421661377, '6': -2.5839531421661377, '4': -4.833953380584717, '1': -5.083953380584717, '0': -5.333953380584717, '3': -5.958953380584717, '2': -7.021453380584717}
2026-03-15 03:09:16,995 - INFO - [Step 25] score 8, accepted!
2026-03-15 03:09:16,995 - INFO - [Step 25] final step_str: 9 = (s + 2) * (W2 / 60)
2026-03-15 03:09:17,262 - INFO - Original token_logprobs: {'7': -1.164239764213562, '8': -1.289239764213562, '5': -1.914239764213562, '9': -2.0392398834228516, '6': -2.6642398834228516, '4': -3.6642398834228516, '0': -4.414239883422852, '1': -4.539239883422852, '3': -4.789239883422852, '2': -5.539239883422852}
2026-03-15 03:09:17,262 - INFO - [Step 26] score 7, accepted!
2026-03-15 03:09:17,263 - INFO - [Step 26] final step_str: So we have:
2026-03-15 03:09:17,683 - INFO - Original token_logprobs: {'7': -1.0610166788101196, '8': -1.3110166788101196, '5': -1.9360166788101196, '9': -2.18601655960083, '6': -2.31101655960083, '4': -4.56101655960083, '1': -5.06101655960083, '0': -5.43601655960083, '3': -5.81101655960083, '2': -7.12351655960083}
2026-03-15 03:09:17,683 - INFO - [Step 27] score 7, accepted!
2026-03-15 03:09:17,683 - INFO - [Step 27] final step_str: From first case: 9 = s * (W1 / 60) => W1 = (9 * 60) / s = 540 / s
2026-03-15 03:09:18,161 - INFO - Original token_logprobs: {'8': -0.8890621662139893, '7': -1.2640621662139893, '9': -1.8890621662139893, '5': -2.5140621662139893, '6': -2.8890621662139893, '1': -5.26406192779541, '4': -5.26406192779541, '0': -5.76406192779541, '3': -6.26406192779541, '2': -7.38906192779541}
2026-03-15 03:09:18,161 - INFO - [Step 28] score 8, accepted!
2026-03-15 03:09:18,161 - INFO - [Step 28] final step_str: From second case: 9 = (s + 2) * (W2 / 60) => W2 = (9 * 60) / (s + 2) = 540 / (s + 2)
2026-03-15 03:09:18,498 - INFO - Original token_logprobs: {'8': -1.0007338523864746, '7': -1.3757338523864746, '9': -1.7507338523864746, '5': -2.1257338523864746, '6': -2.8757338523864746, '4': -4.500733852386475, '1': -5.125733852386475, '0': -5.250733852386475, '3': -5.750733852386475, ' ': -7.000733852386475}
2026-03-15 03:09:18,499 - INFO - [Step 29] score 8, accepted!
2026-03-15 03:09:18,499 - INFO - [Step 29] final step_str: So now, substituting W1 and W2 back into the first two equations:
2026-03-15 03:09:18,829 - INFO - Original token_logprobs: {'8': -1.0522116422653198, '7': -1.1772116422653198, '9': -1.9272116422653198, '5': -2.4272117614746094, '6': -2.5522117614746094, '0': -4.802211761474609, '4': -4.802211761474609, '1': -4.927211761474609, '3': -5.802211761474609, '2': -6.802211761474609}
2026-03-15 03:09:18,829 - INFO - [Step 30] score 8, accepted!
2026-03-15 03:09:18,830 - INFO - [Step 30] final step_str: 1. 540/s + t = 240
2026-03-15 03:09:19,179 - INFO - Original token_logprobs: {'8': -0.7047715187072754, '7': -1.4547715187072754, '9': -1.7047715187072754, '6': -3.2047715187072754, '5': -3.3297715187072754, '1': -5.454771518707275, '0': -5.954771518707275, '4': -5.954771518707275, '3': -6.579771518707275, ' ': -7.267271518707275}
2026-03-15 03:09:19,179 - INFO - [Step 31] score 8, accepted!
2026-03-15 03:09:19,179 - INFO - [Step 31] final step_str: 2. 540/(s + 2) + t = 144
2026-03-15 03:09:19,502 - INFO - Original token_logprobs: {'8': -0.6055961847305298, '7': -1.6055961847305298, '9': -1.7305961847305298, '6': -3.3555960655212402, '5': -3.6055960655212402, '1': -5.35559606552124, '4': -5.85559606552124, '0': -6.23059606552124, '3': -6.48059606552124, '2': -7.29309606552124}
2026-03-15 03:09:19,502 - INFO - [Step 32] score 8, accepted!
2026-03-15 03:09:19,503 - INFO - [Step 32] final step_str: So now we have two equations with two variables: s and t.
2026-03-15 03:09:19,823 - INFO - Original token_logprobs: {'8': -1.1216710805892944, '7': -1.3716710805892944, '9': -1.4966710805892944, '5': -2.371671199798584, '6': -2.746671199798584, '4': -4.371671199798584, '1': -4.746671199798584, '0': -5.121671199798584, '3': -5.246671199798584, '2': -6.246671199798584}
2026-03-15 03:09:19,823 - INFO - [Step 33] score 8, accepted!
2026-03-15 03:09:19,824 - INFO - [Step 33] final step_str: Let me subtract the second equation from the first to eliminate t.
2026-03-15 03:09:20,229 - INFO - Original token_logprobs: {'7': -1.1376856565475464, '8': -1.2626856565475464, '9': -1.7626856565475464, '5': -2.262685775756836, '6': -2.387685775756836, '4': -4.637685775756836, '1': -4.887685775756836, '3': -5.637685775756836, '0': -5.637685775756836, '2': -6.762685775756836}
2026-03-15 03:09:20,229 - INFO - [Step 34] score 7, accepted!
2026-03-15 03:09:20,229 - INFO - [Step 34] final step_str: (540/s + t) - (540/(s + 2) + t) = 240 - 144
2026-03-15 03:09:20,499 - INFO - Original token_logprobs: {'7': -1.2341666221618652, '9': -1.4841666221618652, '8': -1.4841666221618652, '5': -1.9841666221618652, '6': -2.7341666221618652, '4': -4.109166622161865, '1': -4.359166622161865, '0': -4.609166622161865, '3': -4.984166622161865, '2': -6.109166622161865}
2026-03-15 03:09:20,499 - INFO - [Step 35] score 7, accepted!
2026-03-15 03:09:20,499 - INFO - [Step 35] final step_str: Simplify:
2026-03-15 03:09:20,854 - INFO - Original token_logprobs: {'7': -1.1063644886016846, '8': -1.2313644886016846, '9': -1.9813644886016846, '5': -2.2313644886016846, '6': -2.2313644886016846, '4': -4.7313642501831055, '1': -5.1063642501831055, '3': -5.7313642501831055, '0': -6.1063642501831055, '2': -6.9188642501831055}
2026-03-15 03:09:20,854 - INFO - [Step 36] score 7, accepted!
2026-03-15 03:09:20,854 - INFO - [Step 36] final step_str: 540/s - 540/(s + 2) = 96
2026-03-15 03:09:21,145 - INFO - Original token_logprobs: {'7': -1.1192786693572998, '8': -1.4942786693572998, '5': -1.8692786693572998, '9': -1.8692786693572998, '6': -2.3692786693573, '4': -4.119278907775879, '1': -4.619278907775879, '0': -4.744278907775879, '3': -4.994278907775879, '2': -6.244278907775879}
2026-03-15 03:09:21,145 - INFO - [Step 37] score 7, accepted!
2026-03-15 03:09:21,145 - INFO - [Step 37] final step_str: Factor out 540:
2026-03-15 03:09:21,501 - INFO - Original token_logprobs: {'7': -0.9162871837615967, '8': -1.2912871837615967, '6': -2.1662871837615967, '5': -2.2912871837615967, '9': -2.4162871837615967, '4': -4.916287422180176, '1': -5.291287422180176, '3': -6.041287422180176, '0': -6.291287422180176, '2': -7.291287422180176}
2026-03-15 03:09:21,501 - INFO - [Step 38] score 7, accepted!
2026-03-15 03:09:21,501 - INFO - [Step 38] final step_str: 540 [1/s - 1/(s + 2)] = 96
2026-03-15 03:09:21,796 - INFO - Original token_logprobs: {'7': -0.9638471603393555, '5': -1.5888471603393555, '8': -1.7138471603393555, '6': -2.2138471603393555, '9': -2.4638471603393555, '4': -4.3388471603393555, '1': -4.7138471603393555, '0': -4.9638471603393555, '3': -5.2138471603393555, '2': -6.2138471603393555}
2026-03-15 03:09:21,796 - INFO - [Step 39] score 7, accepted!
2026-03-15 03:09:21,796 - INFO - [Step 39] final step_str: Compute the expression in the brackets:
2026-03-15 03:09:22,228 - INFO - Original token_logprobs: {'7': -1.1247942447662354, '8': -1.2497942447662354, '5': -1.8747942447662354, '9': -2.1247942447662354, '6': -2.3747942447662354, '4': -4.749794006347656, '1': -5.124794006347656, '3': -5.874794006347656, '0': -6.437294006347656, '2': -7.062294006347656}
2026-03-15 03:09:22,228 - INFO - [Step 40] score 7, accepted!
2026-03-15 03:09:22,228 - INFO - [Step 40] final step_str: 1/s - 1/(s + 2) = (s + 2 - s) / [s(s + 2)] = 2 / [s(s + 2)]
2026-03-15 03:09:22,487 - INFO - Original token_logprobs: {'7': -1.0683090686798096, '8': -1.0683090686798096, '9': -2.0683090686798096, '5': -2.3183090686798096, '6': -2.6933090686798096, '1': -5.1933088302612305, '4': -5.1933088302612305, '3': -6.0058088302612305, '0': -6.0683088302612305, '2': -7.0058088302612305}
2026-03-15 03:09:22,488 - INFO - [Step 41] score 7, accepted!
2026-03-15 03:09:22,488 - INFO - [Step 41] final step_str: So,
2026-03-15 03:09:22,838 - INFO - Original token_logprobs: {'7': -0.9869107007980347, '8': -1.1119107007980347, '5': -2.361910820007324, '9': -2.361910820007324, '6': -2.361910820007324, '1': -5.361910820007324, '4': -5.361910820007324, '3': -6.486910820007324, '0': -6.549410820007324, '2': -7.424410820007324}
2026-03-15 03:09:22,839 - INFO - [Step 42] score 7, accepted!
2026-03-15 03:09:22,839 - INFO - [Step 42] final step_str: 540 * [2 / (s(s + 2))] = 96
2026-03-15 03:09:23,107 - INFO - Original token_logprobs: {'7': -0.9981966018676758, '8': -1.3731966018676758, '5': -1.9981966018676758, '6': -2.123196601867676, '9': -2.373196601867676, '4': -4.623196601867676, '1': -4.998196601867676, '0': -5.373196601867676, '3': -5.623196601867676, '2': -6.685696601867676}
2026-03-15 03:09:23,107 - INFO - [Step 43] score 7, accepted!
2026-03-15 03:09:23,108 - INFO - [Step 43] final step_str: Simplify:
2026-03-15 03:09:23,448 - INFO - Original token_logprobs: {'7': -1.0463413000106812, '8': -1.1713413000106812, '9': -2.0463414192199707, '5': -2.2963414192199707, '6': -2.4213414192199707, '4': -4.921341419219971, '1': -5.296341419219971, '3': -6.108841419219971, '0': -6.233841419219971, '2': -7.171341419219971}
2026-03-15 03:09:23,448 - INFO - [Step 44] score 7, accepted!
2026-03-15 03:09:23,448 - INFO - [Step 44] final step_str: 1080 / [s(s + 2)] = 96
2026-03-15 03:09:23,756 - INFO - Original token_logprobs: {'7': -1.1043838262557983, '8': -1.2293838262557983, '9': -1.9793838262557983, '5': -2.229383945465088, '6': -2.354383945465088, '1': -4.604383945465088, '4': -4.604383945465088, '0': -5.166883945465088, '3': -5.604383945465088, '2': -6.479383945465088}
2026-03-15 03:09:23,757 - INFO - [Step 45] score 7, accepted!
2026-03-15 03:09:23,757 - INFO - [Step 45] final step_str: Multiply both sides by s(s + 2):
2026-03-15 03:09:24,084 - INFO - Original token_logprobs: {'7': -0.9634431600570679, '8': -1.3384431600570679, '9': -2.0884432792663574, '6': -2.2134432792663574, '5': -2.3384432792663574, '4': -4.588443279266357, '1': -5.213443279266357, '0': -5.588443279266357, '3': -5.838443279266357, '2': -6.900943279266357}
2026-03-15 03:09:24,084 - INFO - [Step 46] score 7, accepted!
2026-03-15 03:09:24,084 - INFO - [Step 46] final step_str: 1080 = 96 s(s + 2)
2026-03-15 03:09:24,387 - INFO - Original token_logprobs: {'7': -1.0235034227371216, '8': -1.5235034227371216, '5': -1.8985034227371216, '6': -2.023503303527832, '9': -2.398503303527832, '4': -4.023503303527832, '1': -4.648503303527832, '3': -4.898503303527832, '0': -4.898503303527832, '2': -5.773503303527832}
2026-03-15 03:09:24,387 - INFO - [Step 47] score 7, accepted!
2026-03-15 03:09:24,387 - INFO - [Step 47] final step_str: Divide both sides by 96:
2026-03-15 03:09:24,726 - INFO - Original token_logprobs: {'7': -0.9850221872329712, '8': -1.4850221872329712, '6': -1.8600221872329712, '5': -2.1100220680236816, '9': -2.4850220680236816, '4': -4.110022068023682, '1': -4.985022068023682, '3': -5.235022068023682, '0': -5.235022068023682, '2': -5.985022068023682}
2026-03-15 03:09:24,726 - INFO - [Step 48] score 7, accepted!
2026-03-15 03:09:24,726 - INFO - [Step 48] final step_str: 1080 / 96 = s(s + 2)
2026-03-15 03:09:25,143 - INFO - Original token_logprobs: {'7': -1.2083959579467773, '5': -1.5833959579467773, '6': -1.9583959579467773, '8': -2.3333959579467773, '9': -2.4583959579467773, '4': -2.7083959579467773, '3': -3.3333959579467773, '0': -3.4583959579467773, '1': -4.083395957946777, '2': -4.083395957946777}
2026-03-15 03:09:25,143 - INFO - [Step 49] score 7, accepted!
2026-03-15 03:09:25,143 - INFO - [Step 49] final step_str: Simplify 1080 / 96: Divide numerator and denominator by 24: 45 / 4 = 11.25
2026-03-15 03:09:25,407 - INFO - Original token_logprobs: {'7': -0.9657663106918335, '5': -1.8407663106918335, '8': -1.9657663106918335, '9': -2.215766429901123, '6': -2.215766429901123, '4': -3.340766429901123, '0': -3.590766429901123, '3': -4.090766429901123, '1': -4.465766429901123, '2': -4.965766429901123}
2026-03-15 03:09:25,408 - INFO - [Step 50] score 7, accepted!
2026-03-15 03:09:25,408 - INFO - [Step 50] final step_str: So,
2026-03-15 03:09:25,741 - INFO - Original token_logprobs: {'7': -1.0055629014968872, '6': -1.7555629014968872, '5': -1.7555629014968872, '8': -2.1305627822875977, '9': -2.6305627822875977, '4': -3.2555627822875977, '0': -4.005562782287598, '3': -4.005562782287598, '1': -4.505562782287598, '2': -4.880562782287598}
2026-03-15 03:09:25,741 - INFO - [Step 51] score 7, accepted!
2026-03-15 03:09:25,741 - INFO - [Step 51] final step_str: s(s + 2) = 11.25
2026-03-15 03:09:26,029 - INFO - Original token_logprobs: {'7': -0.9589989185333252, '8': -1.5839989185333252, '5': -1.9589989185333252, '6': -2.083998918533325, '9': -2.333998918533325, '4': -4.083998680114746, '0': -4.583998680114746, '1': -4.833998680114746, '3': -4.958998680114746, '2': -6.146498680114746}
2026-03-15 03:09:26,030 - INFO - [Step 52] score 7, accepted!
2026-03-15 03:09:26,030 - INFO - [Step 52] final step_str: Which is a quadratic equation:
2026-03-15 03:09:26,376 - INFO - Original token_logprobs: {'7': -1.0667335987091064, '5': -1.6917335987091064, '6': -1.8167335987091064, '8': -1.9417335987091064, '9': -2.6917335987091064, '4': -3.1917335987091064, '0': -3.9417335987091064, '3': -4.066733360290527, '1': -4.691733360290527, '2': -5.066733360290527}
2026-03-15 03:09:26,376 - INFO - [Step 53] score 7, accepted!
2026-03-15 03:09:26,376 - INFO - [Step 53] final step_str: s^2 + 2s - 11.25 = 0
2026-03-15 03:09:26,669 - INFO - Original token_logprobs: {'7': -0.9647183418273926, '8': -1.8397183418273926, '5': -1.8397183418273926, '6': -1.9647183418273926, '9': -2.5897183418273926, '4': -3.3397183418273926, '3': -4.089718341827393, '0': -4.214718341827393, '1': -4.714718341827393, '2': -5.339718341827393}
2026-03-15 03:09:26,670 - INFO - [Step 54] score 7, accepted!
2026-03-15 03:09:26,670 - INFO - [Step 54] final step_str: Let me write it as:
2026-03-15 03:09:27,022 - INFO - Original token_logprobs: {'7': -1.0038155317306519, '8': -1.7538155317306519, '5': -1.8788155317306519, '6': -1.8788155317306519, '9': -2.5038156509399414, '4': -3.6288156509399414, '0': -4.128815650939941, '3': -4.503815650939941, '1': -4.628815650939941, '2': -5.378815650939941}
2026-03-15 03:09:27,023 - INFO - [Step 55] score 7, accepted!
2026-03-15 03:09:27,023 - INFO - [Step 55] final step_str: s^2 + 2s - 11.25 = 0
2026-03-15 03:09:27,340 - INFO - Original token_logprobs: {'3': -1.2656641006469727, '2': -1.7656641006469727, '5': -2.1406641006469727, '1': -2.1406641006469727, '0': -2.5156641006469727, '4': -2.5156641006469727, '7': -3.0156641006469727, '6': -3.1406641006469727, '8': -3.3906641006469727, '9': -3.8906641006469727}
2026-03-15 03:09:27,341 - INFO - [Step 56] score 3 rejected, falling back to base model
2026-03-15 03:09:27,770 - INFO - [Step 56] final step_str: Let me solve this quadratic equation. Using the quadratic formula:
2026-03-15 03:09:28,098 - INFO - Original token_logprobs: {'5': -1.5002775192260742, '7': -1.5002775192260742, '6': -1.8752775192260742, '8': -2.000277519226074, '4': -2.625277519226074, '3': -2.750277519226074, '9': -2.875277519226074, '2': -3.625277519226074, '0': -3.875277519226074, '1': -3.875277519226074}
2026-03-15 03:09:28,099 - INFO - [Step 57] score 5 rejected, falling back to base model
2026-03-15 03:09:29,086 - INFO - [Step 57] final step_str: s = [-2 ± sqrt( (2)^2 - 4 * 1 * (-11.25) ) ] / (2 * 1)
2026-03-15 03:09:29,364 - INFO - Original token_logprobs: {'7': -0.9227088093757629, '8': -1.4227087497711182, '5': -2.172708749771118, '6': -2.172708749771118, '9': -2.297708749771118, '4': -4.422708988189697, '0': -5.172708988189697, '1': -5.235208988189697, '3': -5.297708988189697, '2': -6.297708988189697}
2026-03-15 03:09:29,365 - INFO - [Step 58] score 7, accepted!
2026-03-15 03:09:29,365 - INFO - [Step 58] final step_str: Compute discriminant:
2026-03-15 03:09:29,689 - INFO - Original token_logprobs: {'7': -1.0120463371276855, '8': -1.3870463371276855, '9': -1.6370463371276855, '5': -2.5120463371276855, '6': -2.5120463371276855, '4': -4.7620463371276855, '0': -5.1370463371276855, '1': -5.1370463371276855, '3': -5.6370463371276855, ' ': -6.5745463371276855}
2026-03-15 03:09:29,690 - INFO - [Step 59] score 7, accepted!
2026-03-15 03:09:29,690 - INFO - [Step 59] final step_str: D = 4 + 45 = 49
2026-03-15 03:09:29,953 - INFO - Original token_logprobs: {'7': -1.0354700088500977, '8': -1.1604700088500977, '9': -1.7854700088500977, '5': -2.6604700088500977, '6': -2.6604700088500977, '4': -5.035470008850098, '1': -5.285470008850098, '0': -5.410470008850098, '3': -5.847970008850098, '2': -6.910470008850098}
2026-03-15 03:09:29,954 - INFO - [Step 60] score 7, accepted!
2026-03-15 03:09:29,954 - INFO - [Step 60] final step_str: So,
2026-03-15 03:09:30,289 - INFO - Original token_logprobs: {'7': -0.9875149726867676, '8': -1.3625149726867676, '9': -1.8625149726867676, '5': -2.3625149726867676, '6': -2.3625149726867676, '4': -4.737514972686768, '1': -5.112514972686768, '0': -5.487514972686768, '3': -5.737514972686768, ' ': -6.675014972686768}
2026-03-15 03:09:30,289 - INFO - [Step 61] score 7, accepted!
2026-03-15 03:09:30,290 - INFO - [Step 61] final step_str: s = [ -2 ± sqrt(49) ] / 2
2026-03-15 03:09:30,603 - INFO - Original token_logprobs: {'7': -1.0539416074752808, '8': -1.1789416074752808, '9': -1.6789416074752808, '5': -2.6789417266845703, '6': -2.8039417266845703, '4': -4.92894172668457, '1': -5.17894172668457, '0': -5.30394172668457, '3': -5.67894172668457, ' ': -6.49144172668457}
2026-03-15 03:09:30,603 - INFO - [Step 62] score 7, accepted!
2026-03-15 03:09:30,604 - INFO - [Step 62] final step_str: sqrt(49) is 7, so:
2026-03-15 03:09:31,032 - INFO - Original token_logprobs: {'7': -0.9913172721862793, '8': -1.2413172721862793, '9': -1.8663172721862793, '6': -2.4913172721862793, '5': -2.6163172721862793, '4': -4.616317272186279, '1': -5.241317272186279, '0': -5.366317272186279, '3': -5.616317272186279, '2': -6.678817272186279}
2026-03-15 03:09:31,032 - INFO - [Step 63] score 7, accepted!
2026-03-15 03:09:31,032 - INFO - [Step 63] final step_str: s = (-2 + 7)/2 = 5/2 = 2.5 or s = (-2 -7)/2 = -9/2 = -4.5
2026-03-15 03:09:31,372 - INFO - Original token_logprobs: {'7': -1.0748274326324463, '8': -1.1998274326324463, '9': -1.8248274326324463, '6': -2.3248274326324463, '5': -2.5748274326324463, '4': -4.824827194213867, '1': -5.449827194213867, '3': -5.949827194213867, '0': -5.949827194213867, '2': -6.887327194213867}
2026-03-15 03:09:31,373 - INFO - [Step 64] score 7, accepted!
2026-03-15 03:09:31,373 - INFO - [Step 64] final step_str: Since speed cannot be negative, s = 2.5 km/h.
2026-03-15 03:09:31,707 - INFO - Original token_logprobs: {'7': -1.1541194915771484, '8': -1.2791194915771484, '9': -1.7791194915771484, '5': -2.2791194915771484, '6': -2.2791194915771484, '4': -4.404119491577148, '1': -5.154119491577148, '3': -5.404119491577148, '0': -5.404119491577148, '2': -6.466619491577148}
2026-03-15 03:09:31,707 - INFO - [Step 65] score 7, accepted!
2026-03-15 03:09:31,707 - INFO - [Step 65] final step_str: So, Aya's walking speed is 2.5 km/h.
2026-03-15 03:09:32,007 - INFO - Original token_logprobs: {'7': -1.153041124343872, '8': -1.403041124343872, '9': -1.903041124343872, '5': -2.028041124343872, '6': -2.278041124343872, '4': -3.903041124343872, '1': -4.528040885925293, '3': -4.778040885925293, '0': -5.028040885925293, '2': -5.778040885925293}
2026-03-15 03:09:32,008 - INFO - [Step 66] score 7, accepted!
2026-03-15 03:09:32,008 - INFO - [Step 66] final step_str: Now, let's find t.
2026-03-15 03:09:32,365 - INFO - Original token_logprobs: {'7': -1.2817001342773438, '8': -1.2817001342773438, '9': -1.7817001342773438, '5': -2.1567001342773438, '6': -2.2817001342773438, '4': -4.031700134277344, '0': -4.531700134277344, '1': -4.531700134277344, '3': -4.906700134277344, '2': -5.719200134277344}
2026-03-15 03:09:32,365 - INFO - [Step 67] score 7, accepted!
2026-03-15 03:09:32,365 - INFO - [Step 67] final step_str: From equation 1: 540/s + t = 240
2026-03-15 03:09:32,667 - INFO - Original token_logprobs: {'7': -1.44790518283844, '8': -1.44790518283844, '5': -1.69790518283844, '9': -1.69790518283844, '6': -2.4479050636291504, '4': -3.6979050636291504, '0': -4.19790506362915, '1': -4.44790506362915, '3': -4.57290506362915, '2': -5.44790506362915}
2026-03-15 03:09:32,667 - INFO - [Step 68] score 7, accepted!
2026-03-15 03:09:32,667 - INFO - [Step 68] final step_str: Plug s = 2.5:
2026-03-15 03:09:33,007 - INFO - Original token_logprobs: {'7': -1.2159901857376099, '8': -1.4659901857376099, '5': -1.8409901857376099, '9': -1.9659901857376099, '6': -2.2159900665283203, '4': -3.8409900665283203, '0': -4.46599006652832, '1': -4.46599006652832, '3': -4.71599006652832, '2': -5.46599006652832}
2026-03-15 03:09:33,007 - INFO - [Step 69] score 7, accepted!
2026-03-15 03:09:33,007 - INFO - [Step 69] final step_str: 540 / 2.5 + t = 240
2026-03-15 03:09:33,389 - INFO - Original token_logprobs: {'7': -1.070896863937378, '5': -1.695896863937378, '8': -1.945896863937378, '9': -2.070896863937378, '6': -2.070896863937378, '4': -3.695896863937378, '1': -4.195897102355957, '3': -4.320897102355957, '0': -4.320897102355957, '2': -4.945897102355957}
2026-03-15 03:09:33,389 - INFO - [Step 70] score 7, accepted!
2026-03-15 03:09:33,389 - INFO - [Step 70] final step_str: Compute 540 / 2.5: 540 divided by 2.5 is 216.
2026-03-15 03:09:33,656 - INFO - Original token_logprobs: {'7': -1.0172367095947266, '8': -1.6422367095947266, '5': -1.8922367095947266, '9': -2.0172367095947266, '6': -2.2672367095947266, '4': -4.017236709594727, '0': -4.517236709594727, '1': -4.517236709594727, '3': -4.767236709594727, '2': -5.642236709594727}
2026-03-15 03:09:33,657 - INFO - [Step 71] score 7, accepted!
2026-03-15 03:09:33,657 - INFO - [Step 71] final step_str: So,
2026-03-15 03:09:34,046 - INFO - Original token_logprobs: {'7': -1.056085228919983, '8': -1.431085228919983, '5': -2.0560851097106934, '9': -2.0560851097106934, '6': -2.1810851097106934, '4': -4.181085109710693, '1': -4.556085109710693, '3': -5.056085109710693, '0': -5.306085109710693, '2': -5.868585109710693}
2026-03-15 03:09:34,046 - INFO - [Step 72] score 7, accepted!
2026-03-15 03:09:34,047 - INFO - [Step 72] final step_str: 216 + t = 240 => t = 240 - 216 = 24 minutes.
2026-03-15 03:09:34,351 - INFO - Original token_logprobs: {'7': -1.1925328969955444, '8': -1.3175328969955444, '9': -1.8175328969955444, '5': -2.067533016204834, '6': -2.317533016204834, '4': -4.317533016204834, '1': -4.567533016204834, '3': -5.067533016204834, '0': -5.442533016204834, '2': -5.942533016204834}
2026-03-15 03:09:34,352 - INFO - [Step 73] score 7, accepted!
2026-03-15 03:09:34,352 - INFO - [Step 73] final step_str: So, t = 24 minutes.
2026-03-15 03:09:34,814 - INFO - Original token_logprobs: {'7': -1.3650904893875122, '8': -1.3650904893875122, '9': -1.6150904893875122, '5': -1.8650904893875122, '6': -2.4900903701782227, '4': -3.9900903701782227, '1': -4.365090370178223, '3': -4.865090370178223, '0': -5.240090370178223, '2': -5.740090370178223}
2026-03-15 03:09:34,814 - INFO - [Step 74] score 7, accepted!
2026-03-15 03:09:34,814 - INFO - [Step 74] final step_str: Now, the question is, when she walks at s + 1/2 km/h, which is 2.5 + 0.5 = 3 km/h, how long does the walk take, including t minutes.
2026-03-15 03:09:35,160 - INFO - Original token_logprobs: {'8': -1.1543169021606445, '9': -1.5293169021606445, '7': -1.5293169021606445, '5': -2.0293169021606445, '6': -2.6543169021606445, '4': -4.0293169021606445, '1': -4.5293169021606445, '3': -4.7793169021606445, '0': -5.5293169021606445, '2': -5.7168169021606445}
2026-03-15 03:09:35,161 - INFO - [Step 75] score 8, accepted!
2026-03-15 03:09:35,161 - INFO - [Step 75] final step_str: So, we need to compute the total time when she walks at 3 km/h.
2026-03-15 03:09:35,462 - INFO - Original token_logprobs: {'8': -1.1731661558151245, '9': -1.4231661558151245, '7': -1.6731661558151245, '5': -1.7981661558151245, '6': -2.923166275024414, '4': -4.173166275024414, '1': -4.923166275024414, '3': -4.923166275024414, '0': -5.423166275024414, '2': -6.110666275024414}
2026-03-15 03:09:35,463 - INFO - [Step 76] score 8, accepted!
2026-03-15 03:09:35,463 - INFO - [Step 76] final step_str: First, compute walking time in minutes.
2026-03-15 03:09:35,834 - INFO - Original token_logprobs: {'7': -1.559964895248413, '5': -1.684964895248413, '8': -2.059964895248413, '9': -2.059964895248413, '6': -2.309964895248413, '3': -2.809964895248413, '4': -2.934964895248413, '1': -3.059964895248413, '0': -3.184964895248413, '2': -3.184964895248413}
2026-03-15 03:09:35,835 - INFO - [Step 77] score 7, accepted!
2026-03-15 03:09:35,835 - INFO - [Step 77] final step_str: Walking time at 3 km/h is distance / speed = 9 / 3 = 3 hours.
2026-03-15 03:09:36,192 - INFO - Original token_logprobs: {'7': -1.2441507577896118, '9': -1.7441507577896118, '8': -1.8691507577896118, '5': -1.9941507577896118, '6': -2.3691506385803223, '4': -3.1191506385803223, '3': -3.3691506385803223, '0': -3.4941506385803223, '1': -3.8691506385803223, '2': -4.119150638580322}
2026-03-15 03:09:36,192 - INFO - [Step 78] score 7, accepted!
2026-03-15 03:09:36,193 - INFO - [Step 78] final step_str: Convert 3 hours to minutes: 3 * 60 = 180 minutes.
2026-03-15 03:09:36,531 - INFO - Original token_logprobs: {'7': -1.4451755285263062, '9': -1.4451755285263062, '8': -1.6951755285263062, '5': -1.9451755285263062, '6': -2.5701756477355957, '4': -3.3201756477355957, '3': -3.6951756477355957, '0': -3.8201756477355957, '1': -3.9451756477355957, '2': -4.195175647735596}
2026-03-15 03:09:36,531 - INFO - [Step 79] score 7, accepted!
2026-03-15 03:09:36,532 - INFO - [Step 79] final step_str: But we also have to add the t minutes spent in the coffee shop.
2026-03-15 03:09:36,884 - INFO - Original token_logprobs: {'9': -1.132702112197876, '8': -1.257702112197876, '7': -1.382702112197876, '5': -2.757702112197876, '6': -3.007702112197876, '1': -4.882701873779297, '4': -4.882701873779297, '3': -5.507701873779297, '0': -5.507701873779297, '2': -6.195201873779297}
2026-03-15 03:09:36,884 - INFO - [Step 80] score 9, accepted!
2026-03-15 03:09:36,884 - INFO - [Step 80] final step_str: So total time is 180 + 24 = 204 minutes.
2026-03-15 03:09:37,188 - INFO - Original token_logprobs: {'9': -0.986603856086731, '8': -1.111603856086731, '7': -1.861603856086731, '5': -2.7366037368774414, '6': -3.1116037368774414, '1': -4.736603736877441, '4': -4.736603736877441, '3': -5.361603736877441, '0': -5.361603736877441, '2': -6.299103736877441}
2026-03-15 03:09:37,188 - INFO - [Step 81] score 9, accepted!
2026-03-15 03:09:37,188 - INFO - [Step 81] final step_str: Wait, but let me double-check.
2026-03-15 03:09:37,906 - INFO - Original token_logprobs: {'8': -1.1077479124069214, '7': -1.2327479124069214, '9': -1.7327479124069214, '5': -2.357748031616211, '6': -2.607748031616211, '1': -4.607748031616211, '4': -4.607748031616211, '3': -5.607748031616211, '0': -5.607748031616211, '2': -6.357748031616211}
2026-03-15 03:09:37,907 - INFO - [Step 82] score 8, accepted!
2026-03-15 03:09:37,907 - INFO - [Step 82] final step_str: Wait, but in the initial problem, when she walks at s km/h (2.5 km/h), the total time is 4 hours, which includes t = 24 minutes. So walking time is 240 - 24 = 216 minutes, which is 3.6 hours, which is 3 hours 36 minutes. So 9 km at 2.5 km/h: 9 / 2.5 = 3.6 hours, which is 216 minutes. Correct.
2026-03-15 03:09:38,376 - INFO - Original token_logprobs: {'8': -1.004796028137207, '7': -1.254796028137207, '9': -1.629796028137207, '5': -2.754796028137207, '6': -2.754796028137207, '1': -4.754796028137207, '4': -5.129796028137207, '3': -5.754796028137207, '0': -6.004796028137207, '2': -6.567296028137207}
2026-03-15 03:09:38,377 - INFO - [Step 83] score 8, accepted!
2026-03-15 03:09:38,377 - INFO - [Step 83] final step_str: When she walks at 3 km/h, the walking time is 9 / 3 = 3 hours, which is 180 minutes. Adding t = 24 minutes, total time is 204 minutes.
2026-03-15 03:09:38,689 - INFO - Original token_logprobs: {'8': -0.9133188724517822, '7': -1.4133188724517822, '9': -1.5383188724517822, '5': -2.7883188724517822, '6': -2.9133188724517822, '1': -4.913318634033203, '4': -5.038318634033203, '3': -5.725818634033203, '0': -6.038318634033203, '2': -6.538318634033203}
2026-03-15 03:09:38,689 - INFO - [Step 84] score 8, accepted!
2026-03-15 03:09:38,689 - INFO - [Step 84] final step_str: But let me confirm if this is correct.
2026-03-15 03:09:39,039 - INFO - Original token_logprobs: {'8': -0.8051062822341919, '9': -1.555106282234192, '7': -1.555106282234192, '5': -2.9301061630249023, '6': -2.9301061630249023, '1': -4.930106163024902, '4': -5.055106163024902, '3': -5.930106163024902, '0': -6.367606163024902, '2': -6.805106163024902}
2026-03-15 03:09:39,039 - INFO - [Step 85] score 8, accepted!
2026-03-15 03:09:39,039 - INFO - [Step 85] final step_str: Alternatively, maybe we can approach it with another method, just to cross-verify.
2026-03-15 03:09:39,404 - INFO - Original token_logprobs: {'8': -0.9884517192840576, '7': -1.3634517192840576, '9': -1.7384517192840576, '5': -2.3634517192840576, '6': -2.6134517192840576, '4': -4.738451957702637, '1': -4.863451957702637, '3': -5.488451957702637, '0': -6.363451957702637, '2': -6.613451957702637}
2026-03-15 03:09:39,404 - INFO - [Step 86] score 8, accepted!
2026-03-15 03:09:39,404 - INFO - [Step 86] final step_str: Alternatively, we can express the walking time in minutes as (distance / speed) * 60.
2026-03-15 03:09:39,809 - INFO - Original token_logprobs: {'8': -1.1377778053283691, '7': -1.3877778053283691, '9': -1.6377778053283691, '5': -2.137777805328369, '6': -2.512777805328369, '4': -4.512777805328369, '1': -4.637777805328369, '3': -5.387777805328369, '0': -5.637777805328369, '2': -6.262777805328369}
2026-03-15 03:09:39,809 - INFO - [Step 87] score 8, accepted!
2026-03-15 03:09:39,809 - INFO - [Step 87] final step_str: So when speed is s = 2.5 km/h, walking time is (9 / 2.5) * 60 minutes.
2026-03-15 03:09:40,347 - INFO - Original token_logprobs: {'8': -1.0922977924346924, '7': -1.2172977924346924, '9': -1.5922977924346924, '5': -2.5922977924346924, '6': -2.8422977924346924, '1': -4.342297554016113, '4': -5.029797554016113, '3': -5.717297554016113, '0': -6.154797554016113, '2': -6.404797554016113}
2026-03-15 03:09:40,347 - INFO - [Step 88] score 8, accepted!
2026-03-15 03:09:40,347 - INFO - [Step 88] final step_str: Compute 9 / 2.5 = 3.6, then 3.6 * 60 = 216 minutes, which is 3 hours 36 minutes. Then add t = 24 minutes, total 240 minutes, which is 4 hours. Correct.
2026-03-15 03:09:40,830 - INFO - Original token_logprobs: {'8': -0.8448063731193542, '9': -1.469806432723999, '7': -1.469806432723999, '5': -2.969806432723999, '6': -3.219806432723999, '1': -4.96980619430542, '4': -5.46980619430542, '3': -6.15730619430542, '0': -6.46980619430542, '2': -6.84480619430542}
2026-03-15 03:09:40,830 - INFO - [Step 89] score 8, accepted!
2026-03-15 03:09:40,830 - INFO - [Step 89] final step_str: Similarly, when speed is 3 km/h, walking time is (9 / 3) * 60 = 180 minutes, which is 3 hours. Add t =24 minutes, total 204 minutes.
2026-03-15 03:09:41,152 - INFO - Original token_logprobs: {'8': -0.8677403926849365, '9': -1.3677403926849365, '7': -1.4927403926849365, '5': -3.1177403926849365, '6': -3.4927403926849365, '1': -4.492740631103516, '4': -5.367740631103516, '3': -5.930240631103516, '0': -6.305240631103516, '2': -6.492740631103516}
2026-03-15 03:09:41,153 - INFO - [Step 90] score 8, accepted!
2026-03-15 03:09:41,153 - INFO - [Step 90] final step_str: So, 204 minutes is the answer.
2026-03-15 03:09:41,525 - INFO - Original token_logprobs: {'8': -0.974951982498169, '9': -1.349951982498169, '7': -1.349951982498169, '5': -3.099951982498169, '6': -3.474951982498169, '1': -4.34995174407959, '4': -5.34995174407959, '3': -5.84995174407959, '2': -6.41245174407959, '0': -6.47495174407959}
2026-03-15 03:09:41,525 - INFO - [Step 91] score 8, accepted!
2026-03-15 03:09:41,525 - INFO - [Step 91] final step_str: But wait, 204 minutes is 3 hours 24 minutes. So that seems correct.
2026-03-15 03:09:41,892 - INFO - Original token_logprobs: {'8': -0.8217610120773315, '9': -1.3217610120773315, '7': -1.6967610120773315, '5': -3.071761131286621, '6': -3.196761131286621, '1': -4.946761131286621, '4': -5.321761131286621, '3': -5.884261131286621, '0': -6.009261131286621, '2': -6.696761131286621}
2026-03-15 03:09:41,893 - INFO - [Step 92] score 8, accepted!
2026-03-15 03:09:41,893 - INFO - [Step 92] final step_str: Alternatively, let's see if we can solve this problem using the equations without solving for s and t.
2026-03-15 03:09:42,177 - INFO - Original token_logprobs: {'8': -0.7523881196975708, '9': -1.2523881196975708, '7': -1.7523881196975708, '5': -3.6273880004882812, '6': -3.7523880004882812, '1': -4.877388000488281, '4': -5.877388000488281, '0': -6.189888000488281, '3': -6.502388000488281, ' ': -7.064888000488281}
2026-03-15 03:09:42,178 - INFO - [Step 93] score 8, accepted!
2026-03-15 03:09:42,178 - INFO - [Step 93] final step_str: We have:
2026-03-15 03:09:42,535 - INFO - Original token_logprobs: {'8': -1.170014500617981, '9': -1.295014500617981, '7': -1.545014500617981, '5': -2.2950143814086914, '6': -2.7950143814086914, '4': -4.295014381408691, '1': -5.045014381408691, '3': -5.045014381408691, '0': -5.295014381408691, '2': -6.232514381408691}
2026-03-15 03:09:42,536 - INFO - [Step 94] score 8, accepted!
2026-03-15 03:09:42,536 - INFO - [Step 94] final step_str: From the first equation: 540/s + t = 240
2026-03-15 03:09:42,914 - INFO - Original token_logprobs: {'9': -1.005813717842102, '8': -1.255813717842102, '7': -2.0058135986328125, '5': -2.1308135986328125, '6': -3.0058135986328125, '4': -4.2558135986328125, '0': -4.6308135986328125, '3': -4.8808135986328125, '1': -4.8808135986328125, '2': -5.8808135986328125}
2026-03-15 03:09:42,914 - INFO - [Step 95] score 9, accepted!
2026-03-15 03:09:42,915 - INFO - [Step 95] final step_str: From the second equation: 540/(s + 2) + t = 144
2026-03-15 03:09:43,250 - INFO - Original token_logprobs: {'8': -1.0301483869552612, '9': -1.0301483869552612, '7': -1.9051483869552612, '5': -2.655148506164551, '6': -3.280148506164551, '4': -4.780148506164551, '1': -5.030148506164551, '0': -5.405148506164551, '3': -5.655148506164551, '2': -6.717648506164551}
2026-03-15 03:09:43,250 - INFO - [Step 96] score 8, accepted!
2026-03-15 03:09:43,250 - INFO - [Step 96] final step_str: Subtracting the second equation from the first, we get:
2026-03-15 03:09:43,616 - INFO - Original token_logprobs: {'8': -1.0544888973236084, '7': -1.4294888973236084, '9': -1.5544888973236084, '5': -2.4294888973236084, '6': -2.5544888973236084, '4': -4.4294891357421875, '1': -4.9294891357421875, '3': -5.3044891357421875, '0': -5.4294891357421875, '2': -6.3044891357421875}
2026-03-15 03:09:43,616 - INFO - [Step 97] score 8, accepted!
2026-03-15 03:09:43,616 - INFO - [Step 97] final step_str: 540/s - 540/(s + 2) = 96
2026-03-15 03:09:43,918 - INFO - Original token_logprobs: {'8': -1.1188397407531738, '9': -1.2438397407531738, '7': -1.6188397407531738, '5': -2.243839740753174, '6': -2.993839740753174, '4': -4.618839740753174, '1': -5.118839740753174, '0': -5.243839740753174, '3': -5.618839740753174, '2': -6.743839740753174}
2026-03-15 03:09:43,919 - INFO - [Step 98] score 8, accepted!
2026-03-15 03:09:43,919 - INFO - [Step 98] final step_str: Which simplifies to:
2026-03-15 03:09:44,287 - INFO - Original token_logprobs: {'8': -1.117053747177124, '9': -1.492053747177124, '7': -1.492053747177124, '5': -2.242053747177124, '6': -2.617053747177124, '4': -4.242053985595703, '1': -4.742053985595703, '3': -4.992053985595703, '0': -5.117053985595703, '2': -5.867053985595703}
2026-03-15 03:09:44,287 - INFO - [Step 99] score 8, accepted!
2026-03-15 03:09:44,287 - INFO - [Step 99] final step_str: 540*(1/s - 1/(s + 2)) = 96
2026-03-15 03:09:44,654 - INFO - Original token_logprobs: {'7': -1.1480205059051514, '8': -1.2730205059051514, '5': -2.0230205059051514, '9': -2.0230205059051514, '6': -2.2730205059051514, '4': -4.2730207443237305, '1': -5.0230207443237305, '3': -5.2730207443237305, '0': -5.6480207443237305, '2': -6.3355207443237305}
2026-03-15 03:09:44,654 - INFO - [Step 100] score 7, accepted!
2026-03-15 03:09:44,655 - INFO - [Step 100] final step_str: Which is 540*(2)/(s(s + 2)) = 96
2026-03-15 03:09:44,936 - INFO - Original token_logprobs: {'8': -1.1618435382843018, '7': -1.2868435382843018, '9': -1.6618435382843018, '5': -2.1618435382843018, '6': -2.5368435382843018, '4': -4.661843299865723, '1': -5.161843299865723, '3': -5.661843299865723, '0': -5.661843299865723, '2': -6.661843299865723}
2026-03-15 03:09:44,936 - INFO - [Step 101] score 8, accepted!
2026-03-15 03:09:44,936 - INFO - [Step 101] final step_str: So,
2026-03-15 03:09:45,287 - INFO - Original token_logprobs: {'7': -1.1725478172302246, '8': -1.1725478172302246, '9': -1.7975478172302246, '5': -2.2975478172302246, '6': -2.4225478172302246, '4': -4.547547817230225, '1': -5.297547817230225, '3': -5.547547817230225, '0': -6.110047817230225, '2': -6.672547817230225}
2026-03-15 03:09:45,287 - INFO - [Step 102] score 7, accepted!
2026-03-15 03:09:45,288 - INFO - [Step 102] final step_str: 1080/(s(s + 2)) = 96
2026-03-15 03:09:45,569 - INFO - Original token_logprobs: {'8': -1.0876457691192627, '7': -1.3376457691192627, '9': -1.5876457691192627, '5': -2.3376457691192627, '6': -2.5876457691192627, '4': -4.837645530700684, '1': -5.212645530700684, '3': -5.587645530700684, '0': -5.837645530700684, '2': -6.712645530700684}
2026-03-15 03:09:45,569 - INFO - [Step 103] score 8, accepted!
2026-03-15 03:09:45,569 - INFO - [Step 103] final step_str: Thus,
2026-03-15 03:09:45,953 - INFO - Original token_logprobs: {'7': -1.2167819738388062, '8': -1.2167819738388062, '9': -1.8417819738388062, '5': -2.0917820930480957, '6': -2.3417820930480957, '4': -4.591782093048096, '1': -4.966782093048096, '3': -5.466782093048096, '0': -5.904282093048096, '2': -6.591782093048096}
2026-03-15 03:09:45,953 - INFO - [Step 104] score 7, accepted!
2026-03-15 03:09:45,953 - INFO - [Step 104] final step_str: s(s + 2) = 1080 / 96 = 11.25
2026-03-15 03:09:46,256 - INFO - Original token_logprobs: {'8': -1.0504355430603027, '7': -1.3004355430603027, '9': -1.6754355430603027, '5': -2.4254355430603027, '6': -2.6754355430603027, '1': -4.550435543060303, '4': -4.800435543060303, '3': -5.425435543060303, '0': -5.675435543060303, '2': -6.237935543060303}
2026-03-15 03:09:46,257 - INFO - [Step 105] score 8, accepted!
2026-03-15 03:09:46,257 - INFO - [Step 105] final step_str: Which is same as before.
2026-03-15 03:09:46,580 - INFO - Original token_logprobs: {'8': -0.9485849142074585, '9': -1.4485849142074585, '7': -1.4485849142074585, '5': -2.698585033416748, '6': -3.073585033416748, '1': -4.448585033416748, '4': -5.198585033416748, '3': -5.761085033416748, '0': -5.761085033416748, '2': -6.448585033416748}
2026-03-15 03:09:46,580 - INFO - [Step 106] score 8, accepted!
2026-03-15 03:09:46,580 - INFO - [Step 106] final step_str: So s = 2.5 km/h.
2026-03-15 03:09:46,906 - INFO - Original token_logprobs: {'8': -0.98568195104599, '9': -1.3606820106506348, '7': -1.4856820106506348, '5': -2.6106820106506348, '6': -3.2356820106506348, '1': -4.360682010650635, '4': -5.110682010650635, '3': -5.673182010650635, '0': -5.735682010650635, '2': -6.360682010650635}
2026-03-15 03:09:46,906 - INFO - [Step 107] score 8, accepted!
2026-03-15 03:09:46,906 - INFO - [Step 107] final step_str: Therefore, t = 24 minutes.
2026-03-15 03:09:47,302 - INFO - Original token_logprobs: {'8': -1.0764622688293457, '9': -1.3264622688293457, '7': -1.3264622688293457, '5': -2.7014622688293457, '6': -3.4514622688293457, '1': -4.451462268829346, '4': -5.201462268829346, '3': -5.638962268829346, '0': -5.638962268829346, '2': -6.326462268829346}
2026-03-15 03:09:47,303 - INFO - [Step 108] score 8, accepted!
2026-03-15 03:09:47,303 - INFO - [Step 108] final step_str: Hence, at 3 km/h, walking time is 180 minutes, total time is 204 minutes.
2026-03-15 03:09:47,633 - INFO - Original token_logprobs: {'8': -1.0351448059082031, '9': -1.2851448059082031, '7': -1.4101448059082031, '5': -2.785144805908203, '6': -3.535144805908203, '1': -4.285144805908203, '4': -5.160144805908203, '3': -5.597644805908203, '0': -5.597644805908203, '2': -6.222644805908203}
2026-03-15 03:09:47,634 - INFO - [Step 109] score 8, accepted!
2026-03-15 03:09:47,634 - INFO - [Step 109] final step_str: So, 204 minutes is the answer.
2026-03-15 03:09:48,003 - INFO - Original token_logprobs: {'9': -0.9687750339508057, '8': -1.2187750339508057, '7': -1.7187750339508057, '5': -2.5937750339508057, '6': -3.3437750339508057, '1': -4.468774795532227, '4': -4.968774795532227, '3': -5.343774795532227, '0': -5.343774795532227, '2': -6.031274795532227}
2026-03-15 03:09:48,003 - INFO - [Step 110] score 9, accepted!
2026-03-15 03:09:48,004 - INFO - [Step 110] final step_str: Alternatively, let me consider another approach. Let me compute the walking time in terms of s.
2026-03-15 03:09:48,450 - INFO - Original token_logprobs: {'8': -1.0848414897918701, '9': -1.2098414897918701, '7': -1.7098414897918701, '5': -2.33484148979187, '6': -3.08484148979187, '1': -4.459841728210449, '4': -4.709841728210449, '0': -5.084841728210449, '3': -5.209841728210449, '2': -5.959841728210449}
2026-03-15 03:09:48,451 - INFO - [Step 111] score 8, accepted!
2026-03-15 03:09:48,451 - INFO - [Step 111] final step_str: Wait, since walking time is distance / speed, which is 9 / s hours. Convert to minutes: 9 / s * 60 = 540 / s minutes.
2026-03-15 03:09:48,854 - INFO - Original token_logprobs: {'8': -1.048687219619751, '9': -1.298687219619751, '7': -1.673687219619751, '5': -2.298687219619751, '6': -2.923687219619751, '1': -4.673686981201172, '4': -4.798686981201172, '0': -5.173686981201172, '3': -5.298686981201172, '2': -6.111186981201172}
2026-03-15 03:09:48,854 - INFO - [Step 112] score 8, accepted!
2026-03-15 03:09:48,854 - INFO - [Step 112] final step_str: Similarly, when she walks at s + 2, walking time is 540 / (s + 2) minutes.
2026-03-15 03:09:49,236 - INFO - Original token_logprobs: {'9': -0.9822348356246948, '8': -1.2322348356246948, '7': -1.8572348356246948, '5': -2.3572349548339844, '6': -3.1072349548339844, '1': -4.482234954833984, '4': -4.857234954833984, '0': -5.107234954833984, '3': -5.169734954833984, '2': -5.857234954833984}
2026-03-15 03:09:49,237 - INFO - [Step 113] score 9, accepted!
2026-03-15 03:09:49,237 - INFO - [Step 113] final step_str: Given that when walking at s, total time is 240 minutes, which is walking time plus t.
2026-03-15 03:09:49,606 - INFO - Original token_logprobs: {'9': -0.9337817430496216, '8': -1.1837817430496216, '7': -1.9337817430496216, '5': -2.558781623840332, '6': -3.183781623840332, '1': -4.433781623840332, '4': -4.933781623840332, '0': -5.058781623840332, '3': -5.308781623840332, '2': -5.871281623840332}
2026-03-15 03:09:49,606 - INFO - [Step 114] score 9, accepted!
2026-03-15 03:09:49,607 - INFO - [Step 114] final step_str: Similarly, when walking at s + 2, total time is 144 minutes.
2026-03-15 03:09:49,961 - INFO - Original token_logprobs: {'9': -0.8709824085235596, '8': -1.4959824085235596, '5': -1.9959824085235596, '7': -1.9959824085235596, '6': -3.2459824085235596, '0': -4.3709821701049805, '1': -4.6209821701049805, '4': -4.6209821701049805, '3': -4.9959821701049805, '2': -5.8084821701049805}
2026-03-15 03:09:49,961 - INFO - [Step 115] score 9, accepted!
2026-03-15 03:09:49,961 - INFO - [Step 115] final step_str: So, 540/s + t = 240
2026-03-15 03:09:50,320 - INFO - Original token_logprobs: {'9': -0.771170973777771, '8': -1.396170973777771, '7': -2.0211710929870605, '5': -2.5211710929870605, '6': -3.1461710929870605, '1': -4.7711710929870605, '0': -4.8961710929870605, '4': -5.0211710929870605, '3': -5.3336710929870605, '2': -6.0836710929870605}
2026-03-15 03:09:50,320 - INFO - [Step 116] score 9, accepted!
2026-03-15 03:09:50,320 - INFO - [Step 116] final step_str: 540/(s + 2) + t = 144
2026-03-15 03:09:50,714 - INFO - Original token_logprobs: {'9': -1.006230354309082, '8': -1.256230354309082, '7': -1.756230354309082, '5': -2.381230354309082, '6': -3.006230354309082, '1': -4.756230354309082, '4': -4.756230354309082, '0': -5.006230354309082, '3': -5.256230354309082, '2': -6.006230354309082}
2026-03-15 03:09:50,715 - INFO - [Step 117] score 9, accepted!
2026-03-15 03:09:50,715 - INFO - [Step 117] final step_str: Subtracting gives 540/s - 540/(s + 2) = 96
2026-03-15 03:09:51,033 - INFO - Original token_logprobs: {'8': -1.1287180185317993, '9': -1.1287180185317993, '7': -1.6287180185317993, '5': -2.5037178993225098, '6': -3.2537178993225098, '1': -4.25371789932251, '4': -5.06621789932251, '3': -5.44121789932251, '0': -5.50371789932251, '2': -6.06621789932251}
2026-03-15 03:09:51,033 - INFO - [Step 118] score 8, accepted!
2026-03-15 03:09:51,034 - INFO - [Step 118] final step_str: Which is the same equation as before.
2026-03-15 03:09:51,339 - INFO - Original token_logprobs: {'8': -0.9643765687942505, '9': -1.3393765687942505, '7': -1.4643765687942505, '5': -2.839376449584961, '6': -3.339376449584961, '1': -4.339376449584961, '4': -5.339376449584961, '0': -5.464376449584961, '3': -5.839376449584961, '2': -6.339376449584961}
2026-03-15 03:09:51,339 - INFO - [Step 119] score 8, accepted!
2026-03-15 03:09:51,339 - INFO - [Step 119] final step_str: So, seems consistent.
2026-03-15 03:09:51,687 - INFO - Original token_logprobs: {'9': -0.9015471935272217, '8': -1.1515471935272217, '7': -1.9015471935272217, '5': -2.7765471935272217, '6': -3.2765471935272217, '1': -4.901547431945801, '4': -5.151547431945801, '0': -5.401547431945801, '3': -5.464047431945801, '2': -6.276547431945801}
2026-03-15 03:09:51,687 - INFO - [Step 120] score 9, accepted!
2026-03-15 03:09:51,688 - INFO - [Step 120] final step_str: Alternatively, let me think about the problem in terms of rates.
2026-03-15 03:09:52,053 - INFO - Original token_logprobs: {'9': -0.8706932067871094, '8': -1.2456932067871094, '7': -1.8706932067871094, '5': -2.6206932067871094, '6': -3.2456932067871094, '1': -4.870693206787109, '4': -5.120693206787109, '3': -5.558193206787109, '0': -5.620693206787109, '2': -6.370693206787109}
2026-03-15 03:09:52,053 - INFO - [Step 121] score 9, accepted!
2026-03-15 03:09:52,054 - INFO - [Step 121] final step_str: Wait, another way is to compute the walking time at s and s + 2.
2026-03-15 03:09:52,381 - INFO - Original token_logprobs: {'9': -0.9830853939056396, '8': -1.2330853939056396, '7': -1.7330853939056396, '5': -2.4830853939056396, '6': -3.2330853939056396, '1': -4.358085632324219, '4': -5.108085632324219, '3': -5.545585632324219, '0': -5.545585632324219, '2': -6.295585632324219}
2026-03-15 03:09:52,382 - INFO - [Step 122] score 9, accepted!
2026-03-15 03:09:52,382 - INFO - [Step 122] final step_str: But perhaps I'm overcomplicating.
2026-03-15 03:09:52,732 - INFO - Original token_logprobs: {'9': -0.900292694568634, '8': -1.1502926349639893, '7': -1.9002926349639893, '5': -2.7752926349639893, '6': -3.4002926349639893, '1': -4.525292873382568, '4': -5.212792873382568, '3': -5.587792873382568, '0': -5.650292873382568, '2': -6.212792873382568}
2026-03-15 03:09:52,732 - INFO - [Step 123] score 9, accepted!
2026-03-15 03:09:52,732 - INFO - [Step 123] final step_str: Alternatively, since we have two equations, solving for s is straightforward.
2026-03-15 03:09:53,066 - INFO - Original token_logprobs: {'9': -0.895100474357605, '8': -1.145100474357605, '7': -1.770100474357605, '5': -3.1451005935668945, '6': -3.6451005935668945, '1': -4.3951005935668945, '4': -5.2701005935668945, '3': -5.5201005935668945, '0': -5.5826005935668945, '2': -5.9576005935668945}
2026-03-15 03:09:53,066 - INFO - [Step 124] score 9, accepted!
2026-03-15 03:09:53,066 - INFO - [Step 124] final step_str: So, the answer is 204 minutes.
2026-03-15 03:09:53,491 - INFO - Original token_logprobs: {'8': -1.1272404193878174, '9': -1.1272404193878174, '7': -1.8772404193878174, '5': -2.3772404193878174, '0': -3.2522404193878174, '6': -3.5022404193878174, '1': -4.127240180969238, '4': -4.502240180969238, '3': -5.252240180969238, '2': -6.564740180969238}
2026-03-15 03:09:53,492 - INFO - [Step 125] score 8, accepted!
2026-03-15 03:09:53,492 - INFO - [Step 125] final step_str: **Final Answer**
The total time Aya takes when walking at \( s + \frac{1}{2} \) km/h is \boxed{204} minutes.

2026-03-15 03:09:53,492 - INFO - [Step 125] Found candidate answer \boxed{204}. Verifying with base model...
2026-03-15 03:09:53,906 - INFO - [Step 125] Base model rejected answer (NO). Continuing generation.
2026-03-15 03:09:54,205 - INFO - Original token_logprobs: {'8': -1.1272404193878174, '9': -1.1272404193878174, '7': -1.8772404193878174, '5': -2.3772404193878174, '0': -3.2522404193878174, '6': -3.5022404193878174, '1': -4.127240180969238, '4': -4.502240180969238, '3': -5.252240180969238, '2': -6.564740180969238}
2026-03-15 03:09:54,206 - INFO - [Step 126] score 8, accepted!
2026-03-15 03:09:54,206 - INFO - [Step 126] final step_str: \boxed{204}

2026-03-15 03:09:54,206 - INFO - [Step 126] Found candidate answer \boxed{204}. Verifying with base model...
2026-03-15 03:09:54,631 - INFO - [Step 126] Base model rejected answer (NO). Continuing generation.
2026-03-15 03:09:54,947 - INFO - Original token_logprobs: {'8': -1.1272404193878174, '9': -1.1272404193878174, '7': -1.8772404193878174, '5': -2.3772404193878174, '0': -3.2522404193878174, '6': -3.5022404193878174, '1': -4.127240180969238, '4': -4.502240180969238, '3': -5.252240180969238, '2': -6.564740180969238}
2026-03-15 03:09:54,947 - INFO - [Step 127] score 8, accepted!
2026-03-15 03:09:54,947 - INFO - [Step 127] final step_str: **Final Answer**
\boxed{204}

2026-03-15 03:09:54,947 - INFO - [Step 127] Found candidate answer \boxed{204}. Verifying with base model...
2026-03-15 03:09:55,374 - INFO - [Step 127] Base model rejected answer (NO). Continuing generation.
2026-03-15 03:09:55,692 - INFO - Original token_logprobs: {'8': -1.1272404193878174, '9': -1.1272404193878174, '7': -1.8772404193878174, '5': -2.3772404193878174, '0': -3.2522404193878174, '6': -3.5022404193878174, '1': -4.127240180969238, '4': -4.502240180969238, '3': -5.252240180969238, '2': -6.564740180969238}
2026-03-15 03:09:55,692 - INFO - [Step 128] score 8, accepted!
2026-03-15 03:09:55,692 - INFO - [Step 128] final step_str: **Final Answer**
\boxed{204}

2026-03-15 03:09:55,693 - INFO - [Step 128] Found candidate answer \boxed{204}. Verifying with base model...
2026-03-15 03:09:56,130 - INFO - [Step 128] Base model rejected answer (NO). Continuing generation.
