2026-03-15 03:10:02,318 - INFO - Original token_logprobs: {'9': -1.2311545610427856, '8': -1.4811545610427856, '5': -1.6061545610427856, '7': -2.106154441833496, '0': -3.106154441833496, '6': -3.231154441833496, '4': -3.731154441833496, '3': -3.856154441833496, '1': -3.981154441833496, '2': -5.106154441833496}
2026-03-15 03:10:02,318 - INFO - [Step 0] score 9, accepted!
2026-03-15 03:10:02,318 - INFO - [Step 0] final step_str: First, I'll define the variables and write down the given information.
2026-03-15 03:10:02,933 - INFO - Original token_logprobs: {'0': -1.713678240776062, '5': -1.838678240776062, '9': -1.963678240776062, '3': -2.2136783599853516, '1': -2.3386783599853516, '8': -2.3386783599853516, '7': -2.7136783599853516, '2': -2.7136783599853516, '4': -2.9636783599853516, '6': -3.4636783599853516}
2026-03-15 03:10:02,933 - INFO - [Step 1] score 0 rejected, falling back to base model
2026-03-15 03:10:03,867 - INFO - [Step 1] final step_str: Aya walks 9 kilometers each morning and then stops at a coffee shop. The total time she spends is the time walking plus the time spent in the coffee shop (t minutes). 
2026-03-15 03:10:04,450 - INFO - Original token_logprobs: {'5': -1.762193202972412, '9': -1.762193202972412, '8': -2.137193202972412, '3': -2.262193202972412, '1': -2.387193202972412, '7': -2.387193202972412, '2': -2.512193202972412, '0': -2.762193202972412, '4': -2.887193202972412, '6': -3.012193202972412}
2026-03-15 03:10:04,451 - INFO - [Step 2] score 5 rejected, falling back to base model
2026-03-15 03:10:05,761 - INFO - [Step 2] final step_str: Let me denote:
- \( s \) = her usual walking speed in km/h
- \( t \) = time spent in the coffee shop in minutes (this is constant in both scenarios)
- The distance of the walk is 9 km.
2026-03-15 03:10:06,155 - INFO - Original token_logprobs: {'9': -1.6963423490524292, '5': -1.8213423490524292, '0': -1.8213423490524292, '1': -2.0713424682617188, '8': -2.4463424682617188, '3': -2.4463424682617188, '2': -2.8213424682617188, '7': -2.8213424682617188, '4': -3.3213424682617188, '6': -3.3213424682617188}
2026-03-15 03:10:06,156 - INFO - [Step 3] score 9, accepted!
2026-03-15 03:10:06,156 - INFO - [Step 3] final step_str: When she walks at speed \( s \) km/h, the total time taken is 4 hours. This includes both the walking time and the coffee shop time.
2026-03-15 03:10:06,552 - INFO - Original token_logprobs: {'0': -1.8782410621643066, '5': -1.8782410621643066, '9': -1.8782410621643066, '3': -2.2532410621643066, '8': -2.2532410621643066, '7': -2.3782410621643066, '1': -2.6282410621643066, '2': -2.7532410621643066, '4': -2.8782410621643066, '6': -3.1282410621643066}
2026-03-15 03:10:06,553 - INFO - [Step 4] score 0 rejected, falling back to base model
2026-03-15 03:10:11,463 - INFO - [Step 4] final step_str: When she walks at \( s + 2 \) km/h, the total time is 2 hours and 24 minutes, which is 2.4 hours? Wait, 24 minutes is 24/60 = 0.4 hours, so total time is 2.4 hours? Wait, actually, 24 minutes is 0.4 hours? Wait, 24 divided by 60 is 0.4? Let me check: 24/60 = 0.4. Yes, that's right. So 2 hours 24 minutes is 2.4 hours.
2026-03-15 03:10:11,862 - INFO - Original token_logprobs: {'5': -1.403131365776062, '8': -1.653131365776062, '7': -1.653131365776062, '9': -2.0281314849853516, '6': -2.4031314849853516, '4': -3.1531314849853516, '1': -3.1531314849853516, '3': -3.6531314849853516, '0': -4.028131484985352, '2': -4.028131484985352}
2026-03-15 03:10:11,862 - INFO - [Step 5] score 5 rejected, falling back to base model
2026-03-15 03:10:13,919 - INFO - [Step 5] final step_str: But the problem says "including t minutes spent in the coffee shop" in both cases. So in both scenarios, the coffee shop time is the same t minutes, but the walking time changes depending on her speed.
2026-03-15 03:10:14,205 - INFO - Original token_logprobs: {'8': -1.3122854232788086, '7': -1.5622854232788086, '5': -1.9372854232788086, '9': -2.0622854232788086, '6': -2.5622854232788086, '4': -3.1872854232788086, '0': -3.3122854232788086, '3': -3.3122854232788086, '1': -3.4372854232788086, '2': -3.8122854232788086}
2026-03-15 03:10:14,205 - INFO - [Step 6] score 8, accepted!
2026-03-15 03:10:14,205 - INFO - [Step 6] final step_str: So, let's break it down.
2026-03-15 03:10:14,736 - INFO - Original token_logprobs: {'5': -1.4842944145202637, '7': -1.7342944145202637, '8': -1.8592944145202637, '6': -1.9842944145202637, '4': -2.6092944145202637, '9': -2.6092944145202637, '3': -2.8592944145202637, '1': -3.2342944145202637, '0': -3.4842944145202637, '2': -3.6092944145202637}
2026-03-15 03:10:14,736 - INFO - [Step 7] score 5 rejected, falling back to base model
2026-03-15 03:10:18,294 - INFO - [Step 7] final step_str: First scenario:
- Walking speed: s km/h
- Walking time: (9 / s) hours
- Coffee shop time: t minutes = (t / 60) hours
- Total time: 4 hours = walking time + coffee time
Thus:
9/s + t/60 = 4
2026-03-15 03:10:18,913 - INFO - Original token_logprobs: {'8': -0.8122358918190002, '9': -1.4372358322143555, '7': -1.5622358322143555, '5': -2.9372358322143555, '6': -3.3122358322143555, '1': -5.0622358322143555, '0': -5.4372358322143555, '4': -5.4372358322143555, '3': -6.1872358322143555, '2': -6.9997358322143555}
2026-03-15 03:10:18,914 - INFO - [Step 8] score 8, accepted!
2026-03-15 03:10:18,914 - INFO - [Step 8] final step_str: Second scenario:
- Walking speed: s + 2 km/h
- Walking time: (9 / (s + 2)) hours
- Coffee shop time: t minutes = (t / 60) hours
- Total time: 2.4 hours = walking time + coffee time
Thus:
9/(s + 2) + t/60 = 2.4
2026-03-15 03:10:19,348 - INFO - Original token_logprobs: {'8': -0.6195415258407593, '9': -1.6195415258407593, '7': -1.6195415258407593, '6': -3.494541645050049, '5': -3.869541645050049, '1': -5.119541645050049, '4': -5.869541645050049, '0': -5.994541645050049, '3': -6.744541645050049, '2': -7.682041645050049}
2026-03-15 03:10:19,348 - INFO - [Step 9] score 8, accepted!
2026-03-15 03:10:19,348 - INFO - [Step 9] final step_str: So, we have two equations:
1. 9/s + t/60 = 4
2. 9/(s + 2) + t/60 = 2.4
2026-03-15 03:10:19,651 - INFO - Original token_logprobs: {'8': -0.8211750388145447, '9': -1.3211750984191895, '7': -1.6961750984191895, '6': -3.0711750984191895, '5': -3.1961750984191895, '4': -4.9461750984191895, '1': -5.0711750984191895, '0': -5.6961750984191895, '3': -5.9461750984191895, '2': -6.6961750984191895}
2026-03-15 03:10:19,651 - INFO - [Step 10] score 8, accepted!
2026-03-15 03:10:19,651 - INFO - [Step 10] final step_str: I can solve these equations to find s and t.
2026-03-15 03:10:20,192 - INFO - Original token_logprobs: {'8': -1.0174343585968018, '9': -1.3924343585968018, '7': -1.3924343585968018, '5': -2.7674343585968018, '6': -2.8924343585968018, '1': -4.767434120178223, '4': -5.017434120178223, '3': -5.892434120178223, '0': -5.892434120178223, '2': -6.767434120178223}
2026-03-15 03:10:20,193 - INFO - [Step 11] score 8, accepted!
2026-03-15 03:10:20,193 - INFO - [Step 11] final step_str: First, subtract the second equation from the first to eliminate t/60:
(9/s + t/60) - (9/(s + 2) + t/60) = 4 - 2.4
Simplify:
9/s - 9/(s + 2) = 1.6
2026-03-15 03:10:20,686 - INFO - Original token_logprobs: {'8': -1.036928653717041, '7': -1.286928653717041, '9': -1.536928653717041, '5': -2.536928653717041, '6': -2.911928653717041, '1': -4.786928653717041, '4': -5.161928653717041, '3': -6.161928653717041, '0': -6.286928653717041, '2': -7.224428653717041}
2026-03-15 03:10:20,686 - INFO - [Step 12] score 8, accepted!
2026-03-15 03:10:20,686 - INFO - [Step 12] final step_str: Let me compute 9/s - 9/(s + 2):
= 9[(s + 2) - s]/[s(s + 2)]
= 9[2]/[s(s + 2)]
= 18/[s(s + 2)]
2026-03-15 03:10:21,027 - INFO - Original token_logprobs: {'8': -1.039504051208496, '9': -1.414504051208496, '7': -1.414504051208496, '5': -2.539504051208496, '6': -2.789504051208496, '1': -5.039504051208496, '4': -5.164504051208496, '0': -6.039504051208496, '3': -6.164504051208496, '2': -7.102004051208496}
2026-03-15 03:10:21,028 - INFO - [Step 13] score 8, accepted!
2026-03-15 03:10:21,028 - INFO - [Step 13] final step_str: So, 18/[s(s + 2)] = 1.6
2026-03-15 03:10:21,614 - INFO - Original token_logprobs: {'7': -0.9567625522613525, '8': -1.8317625522613525, '5': -1.9567625522613525, '6': -1.9567625522613525, '9': -2.2067625522613525, '4': -3.9567625522613525, '0': -4.206762313842773, '1': -4.206762313842773, '3': -4.831762313842773, '2': -5.706762313842773}
2026-03-15 03:10:21,614 - INFO - [Step 14] score 7, accepted!
2026-03-15 03:10:21,614 - INFO - [Step 14] final step_str: Now, solve for s:
18 = 1.6 * s(s + 2)
Divide both sides by 1.6:
s(s + 2) = 18 / 1.6
Calculate 18 / 1.6:
18 / 1.6 = 11.25
2026-03-15 03:10:21,962 - INFO - Original token_logprobs: {'7': -1.0013269186019897, '8': -1.5013269186019897, '6': -2.0013270378112793, '9': -2.1263270378112793, '5': -2.1263270378112793, '4': -4.501327037811279, '0': -4.626327037811279, '1': -5.001327037811279, '3': -5.501327037811279, '2': -6.563827037811279}
2026-03-15 03:10:21,962 - INFO - [Step 15] score 7, accepted!
2026-03-15 03:10:21,962 - INFO - [Step 15] final step_str: So, s^2 + 2s - 11.25 = 0
2026-03-15 03:10:22,277 - INFO - Original token_logprobs: {'7': -0.9582222700119019, '8': -1.3332222700119019, '9': -2.0832223892211914, '6': -2.2082223892211914, '5': -2.4582223892211914, '0': -4.708222389221191, '4': -4.708222389221191, '1': -4.958222389221191, '3': -5.708222389221191, '2': -6.645722389221191}
2026-03-15 03:10:22,277 - INFO - [Step 16] score 7, accepted!
2026-03-15 03:10:22,277 - INFO - [Step 16] final step_str: This is a quadratic equation in s. Let's solve it.
2026-03-15 03:10:22,732 - INFO - Original token_logprobs: {'7': -0.8817608952522278, '8': -1.631760835647583, '9': -2.006760835647583, '5': -2.256760835647583, '6': -2.256760835647583, '0': -4.256761074066162, '4': -4.256761074066162, '1': -4.881761074066162, '3': -5.256761074066162, '2': -6.444261074066162}
2026-03-15 03:10:22,732 - INFO - [Step 17] score 7, accepted!
2026-03-15 03:10:22,732 - INFO - [Step 17] final step_str: Using the quadratic formula:
s = [-2 ± sqrt(4 + 45)] / 2
= [-2 ± sqrt(49)] / 2
= [-2 ± 7] / 2
2026-03-15 03:10:23,177 - INFO - Original token_logprobs: {'7': -0.9843405485153198, '8': -1.4843405485153198, '9': -1.9843405485153198, '5': -2.2343406677246094, '6': -2.2343406677246094, '4': -4.109340667724609, '0': -4.234340667724609, '3': -5.109340667724609, '1': -5.109340667724609, '2': -6.359340667724609}
2026-03-15 03:10:23,178 - INFO - [Step 18] score 7, accepted!
2026-03-15 03:10:23,178 - INFO - [Step 18] final step_str: We have two solutions:
s = (-2 + 7)/2 = 5/2 = 2.5
s = (-2 - 7)/2 = -9/2 = -4.5
2026-03-15 03:10:23,502 - INFO - Original token_logprobs: {'7': -1.1541694402694702, '8': -1.5291694402694702, '6': -1.9041694402694702, '9': -1.9041694402694702, '5': -2.0291695594787598, '4': -4.15416955947876, '0': -4.90416955947876, '1': -5.02916955947876, '3': -5.27916955947876, '2': -6.52916955947876}
2026-03-15 03:10:23,502 - INFO - [Step 19] score 7, accepted!
2026-03-15 03:10:23,502 - INFO - [Step 19] final step_str: Since speed cannot be negative, s = 2.5 km/h
2026-03-15 03:10:23,778 - INFO - Original token_logprobs: {'7': -1.1987366676330566, '8': -1.4487366676330566, '5': -1.9487366676330566, '9': -1.9487366676330566, '6': -2.0737366676330566, '4': -4.073736667633057, '0': -4.448736667633057, '1': -4.448736667633057, '3': -5.073736667633057, '2': -5.948736667633057}
2026-03-15 03:10:23,779 - INFO - [Step 20] score 7, accepted!
2026-03-15 03:10:23,779 - INFO - [Step 20] final step_str: Now, find t.
2026-03-15 03:10:24,287 - INFO - Original token_logprobs: {'7': -1.0067096948623657, '8': -1.6317096948623657, '5': -2.006709575653076, '9': -2.006709575653076, '6': -2.256709575653076, '1': -4.006709575653076, '0': -4.006709575653076, '4': -4.256709575653076, '3': -4.881709575653076, '2': -5.631709575653076}
2026-03-15 03:10:24,287 - INFO - [Step 21] score 7, accepted!
2026-03-15 03:10:24,287 - INFO - [Step 21] final step_str: Using the first equation:
9/s + t/60 = 4
Plug s = 2.5:
9 / 2.5 + t / 60 = 4
Calculate 9 / 2.5:
9 / 2.5 = 3.6
2026-03-15 03:10:24,745 - INFO - Original token_logprobs: {'7': -0.9943674802780151, '9': -1.4943674802780151, '8': -1.6193674802780151, '5': -2.3693675994873047, '6': -2.4943675994873047, '1': -4.619367599487305, '4': -4.869367599487305, '0': -5.244367599487305, '3': -5.619367599487305, '2': -6.244367599487305}
2026-03-15 03:10:24,746 - INFO - [Step 22] score 7, accepted!
2026-03-15 03:10:24,746 - INFO - [Step 22] final step_str: So,
3.6 + t / 60 = 4
Subtract 3.6:
t / 60 = 0.4
Multiply both sides by 60:
t = 24 minutes
2026-03-15 03:10:25,172 - INFO - Original token_logprobs: {'7': -1.0967501401901245, '8': -1.3467501401901245, '9': -1.4717501401901245, '5': -2.471750259399414, '6': -2.846750259399414, '1': -4.596750259399414, '4': -4.721750259399414, '0': -5.221750259399414, '3': -5.471750259399414, '2': -6.221750259399414}
2026-03-15 03:10:25,172 - INFO - [Step 23] score 7, accepted!
2026-03-15 03:10:25,173 - INFO - [Step 23] final step_str: Now, the problem asks for the time when her walking speed is s + 1/2 km/h, which is 2.5 + 0.5 = 3 km/h.
2026-03-15 03:10:25,569 - INFO - Original token_logprobs: {'7': -0.9478280544281006, '9': -1.5728280544281006, '8': -1.5728280544281006, '5': -2.5728280544281006, '6': -2.5728280544281006, '0': -4.32282829284668, '4': -4.57282829284668, '1': -4.69782829284668, '3': -5.07282829284668, '2': -5.94782829284668}
2026-03-15 03:10:25,569 - INFO - [Step 24] score 7, accepted!
2026-03-15 03:10:25,569 - INFO - [Step 24] final step_str: Calculate the walking time:
Distance = 9 km, speed = 3 km/h
Walking time = 9 / 3 = 3 hours
2026-03-15 03:10:25,967 - INFO - Original token_logprobs: {'7': -0.8489335179328918, '8': -1.348933458328247, '9': -1.848933458328247, '5': -2.723933458328247, '6': -2.723933458328247, '1': -4.973933696746826, '4': -5.098933696746826, '0': -5.473933696746826, '3': -5.723933696746826, '2': -6.598933696746826}
2026-03-15 03:10:25,967 - INFO - [Step 25] score 7, accepted!
2026-03-15 03:10:25,967 - INFO - [Step 25] final step_str: Add the coffee shop time (24 minutes):
Total time = 3 hours + 24 minutes = 3 hours and 24 minutes
2026-03-15 03:10:26,402 - INFO - Original token_logprobs: {'7': -0.9759969711303711, '8': -1.350996971130371, '9': -1.600996971130371, '5': -2.725996971130371, '6': -2.725996971130371, '1': -4.600996971130371, '4': -4.850996971130371, '3': -5.475996971130371, '0': -5.475996971130371, '2': -6.100996971130371}
2026-03-15 03:10:26,403 - INFO - [Step 26] score 7, accepted!
2026-03-15 03:10:26,403 - INFO - [Step 26] final step_str: Convert 3 hours to minutes: 3 * 60 = 180 minutes
Add 24 minutes: 180 + 24 = 204 minutes
2026-03-15 03:10:26,729 - INFO - Original token_logprobs: {'8': -1.1272404193878174, '9': -1.1272404193878174, '7': -1.8772404193878174, '5': -2.3772404193878174, '0': -3.2522404193878174, '6': -3.5022404193878174, '1': -4.127240180969238, '4': -4.502240180969238, '3': -5.252240180969238, '2': -6.564740180969238}
2026-03-15 03:10:26,729 - INFO - [Step 27] score 8, accepted!
2026-03-15 03:10:26,730 - WARNING - Warning: step_str had a </think>, removing. So, the total time including the coffee shop is 204 minutes.
</think>
2026-03-15 03:10:26,730 - INFO - [Step 27] final step_str: So, the total time including the coffee shop is 204 minutes.

2026-03-15 03:10:27,120 - INFO - Original token_logprobs: {'8': -1.1272404193878174, '9': -1.1272404193878174, '7': -1.8772404193878174, '5': -2.3772404193878174, '0': -3.2522404193878174, '6': -3.5022404193878174, '1': -4.127240180969238, '4': -4.502240180969238, '3': -5.252240180969238, '2': -6.564740180969238}
2026-03-15 03:10:27,120 - INFO - [Step 28] score 8, accepted!
2026-03-15 03:10:27,120 - INFO - [Step 28] final step_str: **Final Answer**
The walk takes Aya \boxed{204} minutes, including the \( t \) minutes spent in the coffee shop.

2026-03-15 03:10:27,120 - INFO - [Step 28] Found candidate answer \boxed{204}. Verifying with base model...
2026-03-15 03:10:27,634 - INFO - [Step 28] Base model rejected answer (NO). Continuing generation.
2026-03-15 03:10:27,921 - INFO - Original token_logprobs: {'8': -1.1272404193878174, '9': -1.1272404193878174, '7': -1.8772404193878174, '5': -2.3772404193878174, '0': -3.2522404193878174, '6': -3.5022404193878174, '1': -4.127240180969238, '4': -4.502240180969238, '3': -5.252240180969238, '2': -6.564740180969238}
2026-03-15 03:10:27,922 - INFO - [Step 29] score 8, accepted!
2026-03-15 03:10:27,922 - INFO - [Step 29] final step_str: \boxed{204}

2026-03-15 03:10:27,922 - INFO - [Step 29] Found candidate answer \boxed{204}. Verifying with base model...
2026-03-15 03:10:28,654 - INFO - [Step 29] Base model rejected answer (NO). Continuing generation.
2026-03-15 03:10:28,876 - INFO - Original token_logprobs: {'8': -1.1272404193878174, '9': -1.1272404193878174, '7': -1.8772404193878174, '5': -2.3772404193878174, '0': -3.2522404193878174, '6': -3.5022404193878174, '1': -4.127240180969238, '4': -4.502240180969238, '3': -5.252240180969238, '2': -6.564740180969238}
2026-03-15 03:10:28,876 - INFO - [Step 30] score 8, accepted!
2026-03-15 03:10:28,877 - WARNING - Warning: step_str had a </think>, removing. </think>
2026-03-15 03:10:28,877 - INFO - [Step 30] final step_str: 
2026-03-15 03:10:29,250 - INFO - Original token_logprobs: {'8': -1.1272404193878174, '9': -1.1272404193878174, '7': -1.8772404193878174, '5': -2.3772404193878174, '0': -3.2522404193878174, '6': -3.5022404193878174, '1': -4.127240180969238, '4': -4.502240180969238, '3': -5.252240180969238, '2': -6.564740180969238}
2026-03-15 03:10:29,251 - INFO - [Step 31] score 8, accepted!
2026-03-15 03:10:29,251 - INFO - [Step 31] final step_str: The walk takes Aya \boxed{204} minutes, including the \( t \) minutes spent in the coffee shop.

2026-03-15 03:10:29,251 - INFO - [Step 31] Found candidate answer \boxed{204}. Verifying with base model...
2026-03-15 03:10:29,986 - INFO - [Step 31] Base model rejected answer (NO). Continuing generation.
2026-03-15 03:10:30,269 - INFO - Original token_logprobs: {'8': -1.1272404193878174, '9': -1.1272404193878174, '7': -1.8772404193878174, '5': -2.3772404193878174, '0': -3.2522404193878174, '6': -3.5022404193878174, '1': -4.127240180969238, '4': -4.502240180969238, '3': -5.252240180969238, '2': -6.564740180969238}
2026-03-15 03:10:30,269 - INFO - [Step 32] score 8, accepted!
2026-03-15 03:10:30,269 - INFO - [Step 32] final step_str: \boxed{204}

2026-03-15 03:10:30,269 - INFO - [Step 32] Found candidate answer \boxed{204}. Verifying with base model...
2026-03-15 03:10:31,065 - INFO - [Step 32] Base model rejected answer (NO). Continuing generation.
2026-03-15 03:10:31,448 - INFO - Original token_logprobs: {'9': -1.2576029300689697, '7': -1.3826029300689697, '8': -1.5076029300689697, '5': -1.8826029300689697, '6': -3.0076029300689697, '4': -4.257602691650391, '1': -4.882602691650391, '3': -4.882602691650391, '0': -5.007602691650391, '2': -5.882602691650391}
2026-03-15 03:10:31,448 - INFO - [Step 33] score 9, accepted!
2026-03-15 03:10:31,448 - INFO - [Step 33] final step_str: The walk takes Aya \boxed{204} minutes, including the \( t \) minutes spent in the coffee shop.
2026-03-15 03:10:31,448 - INFO - [Step 33] Found candidate answer \boxed{204}. Verifying with base model...
2026-03-15 03:10:32,149 - INFO - [Step 33] Base model rejected answer (NO). Continuing generation.
2026-03-15 03:10:32,439 - INFO - Original token_logprobs: {'7': -1.3121287822723389, '9': -1.4371287822723389, '8': -1.4371287822723389, '5': -1.8121287822723389, '6': -2.937128782272339, '4': -4.312129020690918, '0': -4.937129020690918, '3': -4.937129020690918, '1': -5.062129020690918, '2': -5.937129020690918}
2026-03-15 03:10:32,439 - INFO - [Step 34] score 7, accepted!
2026-03-15 03:10:32,439 - INFO - [Step 34] final step_str: \boxed{204}
2026-03-15 03:10:32,439 - INFO - [Step 34] Found candidate answer \boxed{204}. Verifying with base model...
2026-03-15 03:10:33,033 - INFO - [Step 34] Base model rejected answer (NO). Continuing generation.
2026-03-15 03:10:33,341 - INFO - Original token_logprobs: {'8': -1.1272404193878174, '9': -1.1272404193878174, '7': -1.8772404193878174, '5': -2.3772404193878174, '0': -3.2522404193878174, '6': -3.5022404193878174, '1': -4.127240180969238, '4': -4.502240180969238, '3': -5.252240180969238, '2': -6.564740180969238}
2026-03-15 03:10:33,341 - INFO - [Step 35] score 8, accepted!
2026-03-15 03:10:33,341 - INFO - [Step 35] final step_str: **Final Answer**
\boxed{204}

2026-03-15 03:10:33,341 - INFO - [Step 35] Found candidate answer \boxed{204}. Verifying with base model...
2026-03-15 03:10:33,813 - INFO - [Step 35] Base model rejected answer (NO). Continuing generation.
2026-03-15 03:10:34,202 - INFO - Original token_logprobs: {'9': -1.1801460981369019, '8': -1.4301460981369019, '7': -1.5551460981369019, '5': -1.8051460981369019, '6': -3.3051462173461914, '4': -4.430146217346191, '1': -4.805146217346191, '3': -4.930146217346191, '0': -4.930146217346191, '2': -5.805146217346191}
2026-03-15 03:10:34,203 - INFO - [Step 36] score 9, accepted!
2026-03-15 03:10:34,203 - INFO - [Step 36] final step_str: The walk takes Aya \boxed{204} minutes, including the \( t \) minutes spent in the coffee shop.
2026-03-15 03:10:34,203 - INFO - [Step 36] Found candidate answer \boxed{204}. Verifying with base model...
2026-03-15 03:10:35,106 - INFO - [Step 36] Base model rejected answer (NO). Continuing generation.
2026-03-15 03:10:35,394 - INFO - Original token_logprobs: {'7': -1.3189595937728882, '8': -1.3189595937728882, '9': -1.4439595937728882, '5': -1.9439595937728882, '6': -3.0689597129821777, '4': -4.443959712982178, '1': -4.818959712982178, '0': -4.943959712982178, '3': -5.068959712982178, '2': -5.943959712982178}
2026-03-15 03:10:35,395 - INFO - [Step 37] score 7, accepted!
2026-03-15 03:10:35,395 - INFO - [Step 37] final step_str: \boxed{204}
2026-03-15 03:10:35,395 - INFO - [Step 37] Found candidate answer \boxed{204}. Verifying with base model...
2026-03-15 03:10:36,311 - INFO - [Step 37] Base model rejected answer (NO). Continuing generation.
2026-03-15 03:10:36,601 - INFO - Original token_logprobs: {'9': -1.1641035079956055, '8': -1.2891035079956055, '7': -1.5391035079956055, '5': -2.1641035079956055, '6': -3.1641035079956055, '1': -4.6641035079956055, '4': -4.6641035079956055, '0': -4.7891035079956055, '3': -5.0391035079956055, '2': -5.9141035079956055}
2026-03-15 03:10:36,601 - INFO - [Step 38] score 9, accepted!
2026-03-15 03:10:36,601 - INFO - [Step 38] final step_str: \boxed{204}
2026-03-15 03:10:36,602 - INFO - [Step 38] Found candidate answer \boxed{204}. Verifying with base model...
2026-03-15 03:10:37,516 - INFO - [Step 38] Base model rejected answer (NO). Continuing generation.
